#
# There is insufficient memory for the Java Runtime Environment to continue.
# Native memory allocation (mmap) failed to map 123731968 bytes for G1 virtual space
# Possible reasons:
#   The system is out of physical RAM or swap space
#   The process is running with CompressedOops enabled, and the Java Heap may be blocking the growth of the native heap
# Possible solutions:
#   Reduce memory load on the system
#   Increase physical memory or swap space
#   Check if swap backing store is full
#   Decrease Java heap size (-Xmx/-Xms)
#   Decrease number of Java threads
#   Decrease Java thread stack sizes (-Xss)
#   Set larger code cache with -XX:ReservedCodeCacheSize=
#   JVM is running with Unscaled Compressed Oops mode in which the Java heap is
#     placed in the first 4GB address space. The Java Heap base address is the
#     maximum limit for the native heap growth. Please use -XX:HeapBaseMinAddress
#     to set the Java Heap base and to place the Java Heap above 4GB virtual address.
# This output file may be truncated or incomplete.
#
#  Out of Memory Error (os_windows.cpp:3769), pid=43188, tid=35584
#
# JRE version: OpenJDK Runtime Environment (17.0.6) (build 17.0.6+0-b2043.56-9586694)
# Java VM: OpenJDK 64-Bit Server VM (17.0.6+0-b2043.56-9586694, mixed mode, tiered, compressed oops, compressed class ptrs, g1 gc, windows-amd64)
# No core dump will be written. Minidumps are not enabled by default on client versions of Windows
#

---------------  S U M M A R Y ------------

Command Line: --add-opens=java.base/java.util=ALL-UNNAMED --add-opens=java.base/java.lang=ALL-UNNAMED --add-opens=java.base/java.lang.invoke=ALL-UNNAMED --add-opens=java.prefs/java.util.prefs=ALL-UNNAMED --add-opens=java.base/java.nio.charset=ALL-UNNAMED --add-opens=java.base/java.net=ALL-UNNAMED --add-opens=java.base/java.util.concurrent.atomic=ALL-UNNAMED -Xmx2048m -Dfile.encoding=UTF-8 -Duser.country=FR -Duser.language=fr -Duser.variant org.gradle.launcher.daemon.bootstrap.GradleDaemon 8.0

Host: 11th Gen Intel(R) Core(TM) i3-1115G4 @ 3.00GHz, 4 cores, 3G,  Windows 11 , 64 bit Build 22000 (10.0.22000.2003)
Time: Sat Jul  1 01:15:52 2023 Maroc (heure d64 bit Build 22000 (10.0.22000.2003) elapsed time: 21.232148 seconds (0d 0h 0m 21s)

---------------  T H R E A D  ---------------

Current thread (0x0000017565804640):  VMThread "VM Thread" [stack: 0x00000072aae00000,0x00000072aaf00000] [id=35584]

Stack: [0x00000072aae00000,0x00000072aaf00000]
Native frames: (J=compiled Java code, j=interpreted, Vv=VM code, C=native code)
V  [jvm.dll+0x683b4a]
V  [jvm.dll+0x842654]
V  [jvm.dll+0x843dfe]
V  [jvm.dll+0x844463]
V  [jvm.dll+0x249b75]
V  [jvm.dll+0x680a19]
V  [jvm.dll+0x674f0a]
V  [jvm.dll+0x309acb]
V  [jvm.dll+0x310f86]
V  [jvm.dll+0x3608ee]
V  [jvm.dll+0x360b1f]
V  [jvm.dll+0x2dfbf8]
V  [jvm.dll+0x2ddec4]
V  [jvm.dll+0x2dd4cc]
V  [jvm.dll+0x321f3b]
V  [jvm.dll+0x84893b]
V  [jvm.dll+0x849674]
V  [jvm.dll+0x849b8d]
V  [jvm.dll+0x849f64]
V  [jvm.dll+0x84a030]
V  [jvm.dll+0x7f25fa]
V  [jvm.dll+0x682985]
C  [ucrtbase.dll+0x26c0c]
C  [KERNEL32.DLL+0x155a0]
C  [ntdll.dll+0x485b]

VM_Operation (0x00000072ac4f6c30): G1CollectForAllocation, mode: safepoint, requested by thread 0x00000175670c5c60


---------------  P R O C E S S  ---------------

Threads class SMR info:
_java_thread_list=0x000001756b1fd8b0, length=81, elements={
0x000001754c26c210, 0x0000017565809110, 0x000001756580bcd0, 0x000001756640c1a0,
0x000001756640cb50, 0x000001756640d500, 0x000001756640deb0, 0x0000017566413150,
0x0000017566413bf0, 0x0000017565861010, 0x0000017566578830, 0x000001756657d120,
0x00000175676c66d0, 0x00000175676c7070, 0x00000175676c6ba0, 0x00000175676c5860,
0x00000175676c5d30, 0x00000175676c6200, 0x00000175670c5c60, 0x00000175670c4920,
0x00000175670c6130, 0x00000175670cb300, 0x00000175670c9af0, 0x00000175670c6600,
0x00000175670c6fa0, 0x00000175670c9fc0, 0x00000175670c7940, 0x00000175670c82e0,
0x00000175670cb7d0, 0x00000175670c6ad0, 0x00000175670cbca0, 0x00000175670c7470,
0x00000175670c9620, 0x00000175670c4450, 0x00000175670c7e10, 0x00000175670c8c80,
0x00000175670c9150, 0x00000175670ca490, 0x00000175670ca960, 0x00000175670c5790,
0x000001756a53e3f0, 0x000001756a53fc00, 0x000001756a53af00, 0x000001756a53bd70,
0x000001756a53f730, 0x000001756a53aa30, 0x000001756a53c710, 0x000001756a53b3d0,
0x000001756a5418e0, 0x000001756a53b8a0, 0x000001756a53c240, 0x000001756a53da50,
0x000001756a53f260, 0x000001756a53a090, 0x000001756a53d580, 0x000001756a5400d0,
0x000001756a5405a0, 0x000001756a540a70, 0x000001756a53cbe0, 0x000001756a53e8c0,
0x000001756a540f40, 0x000001756a53ed90, 0x000001756a541410, 0x000001756a53a560,
0x000001756a53df20, 0x000001756a53d0b0, 0x000001756b111620, 0x000001756b114170,
0x000001756b111150, 0x000001756b111af0, 0x000001756b10f940, 0x000001756b113300,
0x000001756b112490, 0x000001756b10e600, 0x000001756b115e50, 0x000001756b113ca0,
0x000001756b112960, 0x000001756b115980, 0x000001756b10ead0, 0x000001756b10efa0,
0x000001756b10fe10
}

Java Threads: ( => current thread )
  0x000001754c26c210 JavaThread "main" [_thread_blocked, id=49756, stack(0x00000072aa800000,0x00000072aa900000)]
  0x0000017565809110 JavaThread "Reference Handler" daemon [_thread_blocked, id=44836, stack(0x00000072aaf00000,0x00000072ab000000)]
  0x000001756580bcd0 JavaThread "Finalizer" daemon [_thread_blocked, id=45244, stack(0x00000072ab000000,0x00000072ab100000)]
  0x000001756640c1a0 JavaThread "Signal Dispatcher" daemon [_thread_blocked, id=42956, stack(0x00000072ab100000,0x00000072ab200000)]
  0x000001756640cb50 JavaThread "Attach Listener" daemon [_thread_blocked, id=46896, stack(0x00000072ab200000,0x00000072ab300000)]
  0x000001756640d500 JavaThread "Service Thread" daemon [_thread_blocked, id=48360, stack(0x00000072ab300000,0x00000072ab400000)]
  0x000001756640deb0 JavaThread "Monitor Deflation Thread" daemon [_thread_blocked, id=48536, stack(0x00000072ab400000,0x00000072ab500000)]
  0x0000017566413150 JavaThread "C2 CompilerThread0" daemon [_thread_blocked, id=49752, stack(0x00000072ab500000,0x00000072ab600000)]
  0x0000017566413bf0 JavaThread "C1 CompilerThread0" daemon [_thread_blocked, id=48532, stack(0x00000072ab600000,0x00000072ab700000)]
  0x0000017565861010 JavaThread "Sweeper thread" daemon [_thread_blocked, id=44828, stack(0x00000072ab700000,0x00000072ab800000)]
  0x0000017566578830 JavaThread "Common-Cleaner" daemon [_thread_blocked, id=49796, stack(0x00000072ab800000,0x00000072ab900000)]
  0x000001756657d120 JavaThread "Notification Thread" daemon [_thread_blocked, id=49348, stack(0x00000072ab900000,0x00000072aba00000)]
  0x00000175676c66d0 JavaThread "Daemon health stats" [_thread_blocked, id=47812, stack(0x00000072abe00000,0x00000072abf00000)]
  0x00000175676c7070 JavaThread "Incoming local TCP Connector on port 54152" [_thread_in_native, id=42564, stack(0x00000072abf00000,0x00000072ac000000)]
  0x00000175676c6ba0 JavaThread "Daemon periodic checks" [_thread_blocked, id=39700, stack(0x00000072ac000000,0x00000072ac100000)]
  0x00000175676c5860 JavaThread "Daemon" [_thread_blocked, id=48272, stack(0x00000072ac100000,0x00000072ac200000)]
  0x00000175676c5d30 JavaThread "Handler for socket connection from /127.0.0.1:54152 to /127.0.0.1:54153" [_thread_in_native, id=42520, stack(0x00000072ac200000,0x00000072ac300000)]
  0x00000175676c6200 JavaThread "Cancel handler" [_thread_blocked, id=48248, stack(0x00000072ac300000,0x00000072ac400000)]
  0x00000175670c5c60 JavaThread "Daemon worker" [_thread_blocked, id=44784, stack(0x00000072ac400000,0x00000072ac500000)]
  0x00000175670c4920 JavaThread "Asynchronous log dispatcher for DefaultDaemonConnection: socket connection from /127.0.0.1:54152 to /127.0.0.1:54153" [_thread_blocked, id=47048, stack(0x00000072ac500000,0x00000072ac600000)]
  0x00000175670c6130 JavaThread "Stdin handler" [_thread_blocked, id=49024, stack(0x00000072ac600000,0x00000072ac700000)]
  0x00000175670cb300 JavaThread "Daemon client event forwarder" [_thread_blocked, id=49744, stack(0x00000072ac700000,0x00000072ac800000)]
  0x00000175670c9af0 JavaThread "Cache worker for journal cache (C:\Users\lenovo\.gradle\caches\journal-1)" [_thread_blocked, id=48172, stack(0x00000072ac800000,0x00000072ac900000)]
  0x00000175670c6600 JavaThread "File lock request listener" [_thread_in_native, id=49336, stack(0x00000072ac900000,0x00000072aca00000)]
  0x00000175670c6fa0 JavaThread "Cache worker for file hash cache (C:\Users\lenovo\.gradle\caches\8.0\fileHashes)" [_thread_blocked, id=49096, stack(0x00000072aca00000,0x00000072acb00000)]
  0x00000175670c9fc0 JavaThread "File watcher server" daemon [_thread_in_native, id=49408, stack(0x00000072acb00000,0x00000072acc00000)]
  0x00000175670c7940 JavaThread "File watcher consumer" daemon [_thread_blocked, id=49776, stack(0x00000072acc00000,0x00000072acd00000)]
  0x00000175670c82e0 JavaThread "Cache worker for checksums cache (C:\Users\lenovo\AndroidStudioProjects\MyApplication\.gradle\8.0\checksums)" [_thread_blocked, id=49692, stack(0x00000072acd00000,0x00000072ace00000)]
  0x00000175670cb7d0 JavaThread "Cache worker for cache directory md-rule (C:\Users\lenovo\.gradle\caches\8.0\md-rule)" [_thread_blocked, id=48072, stack(0x00000072ace00000,0x00000072acf00000)]
  0x00000175670c6ad0 JavaThread "Cache worker for file content cache (C:\Users\lenovo\.gradle\caches\8.0\fileContent)" [_thread_blocked, id=32148, stack(0x00000072acf00000,0x00000072ad000000)]
  0x00000175670cbca0 JavaThread "Cache worker for file hash cache (C:\Users\lenovo\AndroidStudioProjects\MyApplication\.gradle\8.0\fileHashes)" [_thread_blocked, id=49604, stack(0x00000072ad000000,0x00000072ad100000)]
  0x00000175670c7470 JavaThread "Cache worker for cache directory md-supplier (C:\Users\lenovo\.gradle\caches\8.0\md-supplier)" [_thread_blocked, id=50104, stack(0x00000072ad100000,0x00000072ad200000)]
  0x00000175670c9620 JavaThread "Cache worker for execution history cache (C:\Users\lenovo\.gradle\caches\8.0\executionHistory)" [_thread_blocked, id=49612, stack(0x00000072ad200000,0x00000072ad300000)]
  0x00000175670c4450 JavaThread "jar transforms" [_thread_blocked, id=41004, stack(0x00000072ad400000,0x00000072ad500000)]
  0x00000175670c7e10 JavaThread "jar transforms Thread 2" [_thread_blocked, id=42208, stack(0x00000072ad500000,0x00000072ad600000)]
  0x00000175670c8c80 JavaThread "jar transforms Thread 3" [_thread_blocked, id=49584, stack(0x00000072ad600000,0x00000072ad700000)]
  0x00000175670c9150 JavaThread "jar transforms Thread 4" [_thread_blocked, id=35896, stack(0x00000072ad700000,0x00000072ad800000)]
  0x00000175670ca490 JavaThread "Cache worker for dependencies-accessors (C:\Users\lenovo\AndroidStudioProjects\MyApplication\.gradle\8.0\dependencies-accessors)" [_thread_blocked, id=47640, stack(0x00000072ad800000,0x00000072ad900000)]
  0x00000175670ca960 JavaThread "Cache worker for Build Output Cleanup Cache (C:\Users\lenovo\AndroidStudioProjects\MyApplication\.gradle\buildOutputCleanup)" [_thread_blocked, id=49216, stack(0x00000072ad900000,0x00000072ada00000)]
  0x00000175670c5790 JavaThread "Unconstrained build operations" [_thread_blocked, id=48772, stack(0x00000072ada00000,0x00000072adb00000)]
  0x000001756a53e3f0 JavaThread "Unconstrained build operations Thread 2" [_thread_blocked, id=48152, stack(0x00000072adb00000,0x00000072adc00000)]
  0x000001756a53fc00 JavaThread "Unconstrained build operations Thread 3" [_thread_blocked, id=46196, stack(0x00000072adc00000,0x00000072add00000)]
  0x000001756a53af00 JavaThread "Unconstrained build operations Thread 4" [_thread_blocked, id=45560, stack(0x00000072add00000,0x00000072ade00000)]
  0x000001756a53bd70 JavaThread "Unconstrained build operations Thread 5" [_thread_blocked, id=46728, stack(0x00000072ade00000,0x00000072adf00000)]
  0x000001756a53f730 JavaThread "Unconstrained build operations Thread 6" [_thread_blocked, id=45336, stack(0x00000072adf00000,0x00000072ae000000)]
  0x000001756a53aa30 JavaThread "Unconstrained build operations Thread 7" [_thread_blocked, id=19340, stack(0x00000072ae000000,0x00000072ae100000)]
  0x000001756a53c710 JavaThread "Unconstrained build operations Thread 8" [_thread_blocked, id=45180, stack(0x00000072ae100000,0x00000072ae200000)]
  0x000001756a53b3d0 JavaThread "Unconstrained build operations Thread 9" [_thread_blocked, id=49980, stack(0x00000072ae200000,0x00000072ae300000)]
  0x000001756a5418e0 JavaThread "Unconstrained build operations Thread 10" [_thread_blocked, id=47648, stack(0x00000072ae300000,0x00000072ae400000)]
  0x000001756a53b8a0 JavaThread "Unconstrained build operations Thread 11" [_thread_blocked, id=44096, stack(0x00000072ae400000,0x00000072ae500000)]
  0x000001756a53c240 JavaThread "Unconstrained build operations Thread 12" [_thread_blocked, id=49728, stack(0x00000072ae500000,0x00000072ae600000)]
  0x000001756a53da50 JavaThread "Unconstrained build operations Thread 13" [_thread_blocked, id=47672, stack(0x00000072ae600000,0x00000072ae700000)]
  0x000001756a53f260 JavaThread "Unconstrained build operations Thread 14" [_thread_blocked, id=42684, stack(0x00000072ae700000,0x00000072ae800000)]
  0x000001756a53a090 JavaThread "Unconstrained build operations Thread 15" [_thread_blocked, id=46252, stack(0x00000072ae800000,0x00000072ae900000)]
  0x000001756a53d580 JavaThread "Unconstrained build operations Thread 16" [_thread_blocked, id=45904, stack(0x00000072ae900000,0x00000072aea00000)]
  0x000001756a5400d0 JavaThread "Unconstrained build operations Thread 17" [_thread_blocked, id=34412, stack(0x00000072aea00000,0x00000072aeb00000)]
  0x000001756a5405a0 JavaThread "Unconstrained build operations Thread 18" [_thread_blocked, id=44872, stack(0x00000072aeb00000,0x00000072aec00000)]
  0x000001756a540a70 JavaThread "Unconstrained build operations Thread 19" [_thread_blocked, id=49912, stack(0x00000072aec00000,0x00000072aed00000)]
  0x000001756a53cbe0 JavaThread "Unconstrained build operations Thread 20" [_thread_blocked, id=46816, stack(0x00000072aed00000,0x00000072aee00000)]
  0x000001756a53e8c0 JavaThread "Unconstrained build operations Thread 21" [_thread_blocked, id=50124, stack(0x00000072aee00000,0x00000072aef00000)]
  0x000001756a540f40 JavaThread "Unconstrained build operations Thread 22" [_thread_blocked, id=47704, stack(0x00000072aef00000,0x00000072af000000)]
  0x000001756a53ed90 JavaThread "Unconstrained build operations Thread 23" [_thread_blocked, id=49900, stack(0x00000072af000000,0x00000072af100000)]
  0x000001756a541410 JavaThread "Unconstrained build operations Thread 24" [_thread_blocked, id=19252, stack(0x00000072af100000,0x00000072af200000)]
  0x000001756a53a560 JavaThread "Unconstrained build operations Thread 25" [_thread_blocked, id=46168, stack(0x00000072af200000,0x00000072af300000)]
  0x000001756a53df20 JavaThread "Unconstrained build operations Thread 26" [_thread_blocked, id=49396, stack(0x00000072af300000,0x00000072af400000)]
  0x000001756a53d0b0 JavaThread "Unconstrained build operations Thread 27" [_thread_blocked, id=46592, stack(0x00000072af400000,0x00000072af500000)]
  0x000001756b111620 JavaThread "Unconstrained build operations Thread 28" [_thread_blocked, id=45460, stack(0x00000072af500000,0x00000072af600000)]
  0x000001756b114170 JavaThread "Unconstrained build operations Thread 29" [_thread_blocked, id=42468, stack(0x00000072af600000,0x00000072af700000)]
  0x000001756b111150 JavaThread "Unconstrained build operations Thread 30" [_thread_blocked, id=43272, stack(0x00000072af700000,0x00000072af800000)]
  0x000001756b111af0 JavaThread "Unconstrained build operations Thread 31" [_thread_blocked, id=48936, stack(0x00000072af800000,0x00000072af900000)]
  0x000001756b10f940 JavaThread "Unconstrained build operations Thread 32" [_thread_blocked, id=44712, stack(0x00000072af900000,0x00000072afa00000)]
  0x000001756b113300 JavaThread "Unconstrained build operations Thread 33" [_thread_blocked, id=38372, stack(0x00000072afa00000,0x00000072afb00000)]
  0x000001756b112490 JavaThread "Unconstrained build operations Thread 34" [_thread_blocked, id=43572, stack(0x00000072afb00000,0x00000072afc00000)]
  0x000001756b10e600 JavaThread "Unconstrained build operations Thread 35" [_thread_blocked, id=48460, stack(0x00000072afc00000,0x00000072afd00000)]
  0x000001756b115e50 JavaThread "Unconstrained build operations Thread 36" [_thread_blocked, id=40244, stack(0x00000072afd00000,0x00000072afe00000)]
  0x000001756b113ca0 JavaThread "Unconstrained build operations Thread 37" [_thread_blocked, id=46940, stack(0x00000072afe00000,0x00000072aff00000)]
  0x000001756b112960 JavaThread "Unconstrained build operations Thread 38" [_thread_blocked, id=49232, stack(0x00000072aff00000,0x00000072b0000000)]
  0x000001756b115980 JavaThread "Unconstrained build operations Thread 39" [_thread_blocked, id=48340, stack(0x00000072b0000000,0x00000072b0100000)]
  0x000001756b10ead0 JavaThread "Unconstrained build operations Thread 40" [_thread_blocked, id=49840, stack(0x00000072b0100000,0x00000072b0200000)]
  0x000001756b10efa0 JavaThread "build event listener" [_thread_blocked, id=49992, stack(0x00000072b0200000,0x00000072b0300000)]
  0x000001756b10fe10 JavaThread "Memory manager" [_thread_blocked, id=48004, stack(0x00000072b0300000,0x00000072b0400000)]

Other Threads:
=>0x0000017565804640 VMThread "VM Thread" [stack: 0x00000072aae00000,0x00000072aaf00000] [id=35584]
  0x000001754c2e0dd0 WatcherThread [stack: 0x00000072aba00000,0x00000072abb00000] [id=49652]
  0x000001754c2c7680 GCTaskThread "GC Thread#0" [stack: 0x00000072aa900000,0x00000072aaa00000] [id=10076]
  0x00000175669e9530 GCTaskThread "GC Thread#1" [stack: 0x00000072abb00000,0x00000072abc00000] [id=46292]
  0x00000175669f32c0 GCTaskThread "GC Thread#2" [stack: 0x00000072abc00000,0x00000072abd00000] [id=47120]
  0x00000175669f4170 GCTaskThread "GC Thread#3" [stack: 0x00000072abd00000,0x00000072abe00000] [id=47616]
  0x000001754c2d8720 ConcurrentGCThread "G1 Main Marker" [stack: 0x00000072aaa00000,0x00000072aab00000] [id=40268]
  0x000001754c2d98d0 ConcurrentGCThread "G1 Conc#0" [stack: 0x00000072aab00000,0x00000072aac00000] [id=48316]
  0x000001754c326f40 ConcurrentGCThread "G1 Refine#0" [stack: 0x00000072aac00000,0x00000072aad00000] [id=46212]
  0x00000175670dea60 ConcurrentGCThread "G1 Refine#1" [stack: 0x00000072ad300000,0x00000072ad400000] [id=38536]
  0x000001754c327960 ConcurrentGCThread "G1 Service" [stack: 0x00000072aad00000,0x00000072aae00000] [id=49856]

Threads with active compile tasks:
C2 CompilerThread0    21383 8411       4       groovy.lang.MetaClassImpl$1MOPIter::methodNameAction (325 bytes)

VM state: at safepoint (normal execution)

VM Mutex/Monitor currently owned by a thread:  ([mutex/lock_event])
[0x000001754c267ef0] Threads_lock - owner thread: 0x0000017565804640
[0x000001754c267950] Heap_lock - owner thread: 0x00000175670c5c60

Heap address: 0x0000000080000000, size: 2048 MB, Compressed Oops mode: 32-bit

CDS archive(s) not mapped
Compressed class space mapped at: 0x0000000100000000-0x0000000140000000, reserved size: 1073741824
Narrow klass base: 0x0000000000000000, Narrow klass shift: 3, Narrow klass range: 0x140000000

GC Precious Log:
 CPUs: 4 total, 4 available
 Memory: 3895M
 Large Page Support: Disabled
 NUMA Support: Disabled
 Compressed Oops: Enabled (32-bit)
 Heap Region Size: 1M
 Heap Min Capacity: 8M
 Heap Initial Capacity: 62M
 Heap Max Capacity: 2G
 Pre-touch: Disabled
 Parallel Workers: 4
 Concurrent Workers: 1
 Concurrent Refinement Workers: 4
 Periodic GC: Disabled

Heap:
 garbage-first heap   total 114688K, used 65550K [0x0000000080000000, 0x0000000100000000)
  region size 1024K, 1 young (1024K), 1 survivors (1024K)
 Metaspace       used 81751K, committed 82368K, reserved 1122304K
  class space    used 11121K, committed 11392K, reserved 1048576K

Heap Regions: E=young(eden), S=young(survivor), O=old, HS=humongous(starts), HC=humongous(continues), CS=collection set, F=free, OA=open archive, CA=closed archive, TAMS=top-at-mark-start (previous, next)
|   0|0x0000000080000000, 0x0000000080100000, 0x0000000080100000|100%| O|  |TAMS 0x0000000080100000, 0x0000000080000000| Untracked 
|   1|0x0000000080100000, 0x0000000080200000, 0x0000000080200000|100%| O|  |TAMS 0x0000000080200000, 0x0000000080100000| Untracked 
|   2|0x0000000080200000, 0x0000000080300000, 0x0000000080300000|100%|HS|  |TAMS 0x0000000080300000, 0x0000000080200000| Complete 
|   3|0x0000000080300000, 0x0000000080400000, 0x0000000080400000|100%|HC|  |TAMS 0x0000000080400000, 0x0000000080300000| Complete 
|   4|0x0000000080400000, 0x0000000080500000, 0x0000000080500000|100%|HC|  |TAMS 0x0000000080500000, 0x0000000080400000| Complete 
|   5|0x0000000080500000, 0x0000000080600000, 0x0000000080600000|100%|HC|  |TAMS 0x0000000080600000, 0x0000000080500000| Complete 
|   6|0x0000000080600000, 0x0000000080700000, 0x0000000080700000|100%| O|  |TAMS 0x0000000080700000, 0x0000000080600000| Untracked 
|   7|0x0000000080700000, 0x0000000080800000, 0x0000000080800000|100%| O|  |TAMS 0x0000000080800000, 0x0000000080700000| Untracked 
|   8|0x0000000080800000, 0x0000000080900000, 0x0000000080900000|100%| O|  |TAMS 0x0000000080900000, 0x0000000080800000| Untracked 
|   9|0x0000000080900000, 0x0000000080a00000, 0x0000000080a00000|100%| O|  |TAMS 0x0000000080a00000, 0x0000000080900000| Untracked 
|  10|0x0000000080a00000, 0x0000000080b00000, 0x0000000080b00000|100%| O|  |TAMS 0x0000000080b00000, 0x0000000080a00000| Untracked 
|  11|0x0000000080b00000, 0x0000000080c00000, 0x0000000080c00000|100%| O|  |TAMS 0x0000000080c00000, 0x0000000080b00000| Untracked 
|  12|0x0000000080c00000, 0x0000000080d00000, 0x0000000080d00000|100%| O|  |TAMS 0x0000000080d00000, 0x0000000080c00000| Untracked 
|  13|0x0000000080d00000, 0x0000000080e00000, 0x0000000080e00000|100%| O|  |TAMS 0x0000000080e00000, 0x0000000080d00000| Untracked 
|  14|0x0000000080e00000, 0x0000000080f00000, 0x0000000080f00000|100%| O|  |TAMS 0x0000000080f00000, 0x0000000080e00000| Untracked 
|  15|0x0000000080f00000, 0x0000000081000000, 0x0000000081000000|100%| O|  |TAMS 0x0000000081000000, 0x0000000080f00000| Untracked 
|  16|0x0000000081000000, 0x0000000081100000, 0x0000000081100000|100%| O|  |TAMS 0x0000000081100000, 0x0000000081000000| Untracked 
|  17|0x0000000081100000, 0x0000000081200000, 0x0000000081200000|100%| O|  |TAMS 0x0000000081200000, 0x0000000081100000| Untracked 
|  18|0x0000000081200000, 0x0000000081300000, 0x0000000081300000|100%| O|  |TAMS 0x0000000081300000, 0x0000000081200000| Untracked 
|  19|0x0000000081300000, 0x0000000081400000, 0x0000000081400000|100%| O|  |TAMS 0x0000000081400000, 0x0000000081300000| Untracked 
|  20|0x0000000081400000, 0x0000000081500000, 0x0000000081500000|100%| O|  |TAMS 0x0000000081500000, 0x0000000081400000| Untracked 
|  21|0x0000000081500000, 0x0000000081600000, 0x0000000081600000|100%| O|  |TAMS 0x0000000081600000, 0x0000000081500000| Untracked 
|  22|0x0000000081600000, 0x0000000081700000, 0x0000000081700000|100%| O|  |TAMS 0x0000000081700000, 0x0000000081600000| Untracked 
|  23|0x0000000081700000, 0x0000000081800000, 0x0000000081800000|100%|HS|  |TAMS 0x0000000081800000, 0x0000000081700000| Complete 
|  24|0x0000000081800000, 0x0000000081900000, 0x0000000081900000|100%| O|  |TAMS 0x0000000081900000, 0x0000000081800000| Untracked 
|  25|0x0000000081900000, 0x0000000081a00000, 0x0000000081a00000|100%| O|  |TAMS 0x0000000081a00000, 0x0000000081900000| Untracked 
|  26|0x0000000081a00000, 0x0000000081b00000, 0x0000000081b00000|100%| O|  |TAMS 0x0000000081b00000, 0x0000000081a00000| Untracked 
|  27|0x0000000081b00000, 0x0000000081c00000, 0x0000000081c00000|100%| O|  |TAMS 0x0000000081c00000, 0x0000000081b00000| Untracked 
|  28|0x0000000081c00000, 0x0000000081d00000, 0x0000000081d00000|100%| O|  |TAMS 0x0000000081d00000, 0x0000000081c00000| Untracked 
|  29|0x0000000081d00000, 0x0000000081e00000, 0x0000000081e00000|100%| O|  |TAMS 0x0000000081e00000, 0x0000000081d00000| Untracked 
|  30|0x0000000081e00000, 0x0000000081f00000, 0x0000000081f00000|100%| O|  |TAMS 0x0000000081f00000, 0x0000000081e00000| Untracked 
|  31|0x0000000081f00000, 0x0000000082000000, 0x0000000082000000|100%| O|  |TAMS 0x0000000082000000, 0x0000000081f00000| Untracked 
|  32|0x0000000082000000, 0x0000000082000000, 0x0000000082100000|  0%| F|  |TAMS 0x0000000082000000, 0x0000000082000000| Untracked 
|  33|0x0000000082100000, 0x0000000082200000, 0x0000000082200000|100%|HS|  |TAMS 0x0000000082200000, 0x0000000082100000| Complete 
|  34|0x0000000082200000, 0x0000000082300000, 0x0000000082300000|100%| O|  |TAMS 0x0000000082300000, 0x0000000082200000| Untracked 
|  35|0x0000000082300000, 0x0000000082400000, 0x0000000082400000|100%| O|  |TAMS 0x0000000082400000, 0x0000000082300000| Untracked 
|  36|0x0000000082400000, 0x0000000082500000, 0x0000000082500000|100%| O|  |TAMS 0x0000000082500000, 0x0000000082400000| Untracked 
|  37|0x0000000082500000, 0x0000000082600000, 0x0000000082600000|100%| O|  |TAMS 0x0000000082600000, 0x0000000082500000| Untracked 
|  38|0x0000000082600000, 0x0000000082700000, 0x0000000082700000|100%| O|  |TAMS 0x0000000082700000, 0x0000000082600000| Untracked 
|  39|0x0000000082700000, 0x0000000082800000, 0x0000000082800000|100%| O|  |TAMS 0x0000000082800000, 0x0000000082700000| Untracked 
|  40|0x0000000082800000, 0x0000000082900000, 0x0000000082900000|100%| O|  |TAMS 0x0000000082900000, 0x0000000082800000| Untracked 
|  41|0x0000000082900000, 0x0000000082a00000, 0x0000000082a00000|100%| O|  |TAMS 0x0000000082a00000, 0x0000000082900000| Untracked 
|  42|0x0000000082a00000, 0x0000000082b00000, 0x0000000082b00000|100%| O|  |TAMS 0x0000000082b00000, 0x0000000082a00000| Untracked 
|  43|0x0000000082b00000, 0x0000000082c00000, 0x0000000082c00000|100%| O|  |TAMS 0x0000000082c00000, 0x0000000082b00000| Untracked 
|  44|0x0000000082c00000, 0x0000000082d00000, 0x0000000082d00000|100%| O|  |TAMS 0x0000000082d00000, 0x0000000082c00000| Untracked 
|  45|0x0000000082d00000, 0x0000000082e00000, 0x0000000082e00000|100%| O|  |TAMS 0x0000000082e00000, 0x0000000082d00000| Untracked 
|  46|0x0000000082e00000, 0x0000000082f00000, 0x0000000082f00000|100%| O|  |TAMS 0x0000000082f00000, 0x0000000082e00000| Untracked 
|  47|0x0000000082f00000, 0x0000000083000000, 0x0000000083000000|100%| O|  |TAMS 0x0000000083000000, 0x0000000082f00000| Untracked 
|  48|0x0000000083000000, 0x0000000083100000, 0x0000000083100000|100%| O|  |TAMS 0x0000000083100000, 0x0000000083000000| Untracked 
|  49|0x0000000083100000, 0x0000000083200000, 0x0000000083200000|100%| O|  |TAMS 0x0000000083200000, 0x0000000083100000| Untracked 
|  50|0x0000000083200000, 0x0000000083300000, 0x0000000083300000|100%| O|  |TAMS 0x0000000083300000, 0x0000000083200000| Untracked 
|  51|0x0000000083300000, 0x0000000083400000, 0x0000000083400000|100%| O|  |TAMS 0x0000000083400000, 0x0000000083300000| Untracked 
|  52|0x0000000083400000, 0x0000000083500000, 0x0000000083500000|100%| O|  |TAMS 0x0000000083500000, 0x0000000083400000| Untracked 
|  53|0x0000000083500000, 0x0000000083600000, 0x0000000083600000|100%| O|  |TAMS 0x00000000835c0c00, 0x0000000083500000| Untracked 
|  54|0x0000000083600000, 0x0000000083700000, 0x0000000083700000|100%| O|  |TAMS 0x0000000083600000, 0x0000000083600000| Untracked 
|  55|0x0000000083700000, 0x0000000083800000, 0x0000000083800000|100%| O|  |TAMS 0x0000000083700000, 0x0000000083700000| Untracked 
|  56|0x0000000083800000, 0x0000000083900000, 0x0000000083900000|100%| O|  |TAMS 0x0000000083800000, 0x0000000083800000| Untracked 
|  57|0x0000000083900000, 0x0000000083a00000, 0x0000000083a00000|100%| O|  |TAMS 0x0000000083900000, 0x0000000083900000| Untracked 
|  58|0x0000000083a00000, 0x0000000083b00000, 0x0000000083b00000|100%| O|  |TAMS 0x0000000083a00000, 0x0000000083a00000| Untracked 
|  59|0x0000000083b00000, 0x0000000083c00000, 0x0000000083c00000|100%| O|  |TAMS 0x0000000083b00000, 0x0000000083b00000| Untracked 
|  60|0x0000000083c00000, 0x0000000083d00000, 0x0000000083d00000|100%| O|  |TAMS 0x0000000083c00000, 0x0000000083c00000| Untracked 
|  61|0x0000000083d00000, 0x0000000083e00000, 0x0000000083e00000|100%| O|  |TAMS 0x0000000083d00000, 0x0000000083d00000| Untracked 
|  62|0x0000000083e00000, 0x0000000083f00000, 0x0000000083f00000|100%| O|  |TAMS 0x0000000083e00000, 0x0000000083e00000| Untracked 
|  63|0x0000000083f00000, 0x0000000084000000, 0x0000000084000000|100%| O|  |TAMS 0x0000000083f00000, 0x0000000083f00000| Untracked 
|  64|0x0000000084000000, 0x000000008402fe00, 0x0000000084100000| 18%| O|  |TAMS 0x0000000084000000, 0x0000000084000000| Untracked 
|  65|0x0000000084100000, 0x0000000084100000, 0x0000000084200000|  0%| F|  |TAMS 0x0000000084100000, 0x0000000084100000| Untracked 
|  66|0x0000000084200000, 0x0000000084200000, 0x0000000084300000|  0%| F|  |TAMS 0x0000000084200000, 0x0000000084200000| Untracked 
|  67|0x0000000084300000, 0x0000000084300000, 0x0000000084400000|  0%| F|  |TAMS 0x0000000084300000, 0x0000000084300000| Untracked 
|  68|0x0000000084400000, 0x0000000084400000, 0x0000000084500000|  0%| F|  |TAMS 0x0000000084400000, 0x0000000084400000| Untracked 
|  69|0x0000000084500000, 0x0000000084500000, 0x0000000084600000|  0%| F|  |TAMS 0x0000000084500000, 0x0000000084500000| Untracked 
|  70|0x0000000084600000, 0x0000000084600000, 0x0000000084700000|  0%| F|  |TAMS 0x0000000084600000, 0x0000000084600000| Untracked 
|  71|0x0000000084700000, 0x0000000084700000, 0x0000000084800000|  0%| F|  |TAMS 0x0000000084700000, 0x0000000084700000| Untracked 
|  72|0x0000000084800000, 0x0000000084800000, 0x0000000084900000|  0%| F|  |TAMS 0x0000000084800000, 0x0000000084800000| Untracked 
|  73|0x0000000084900000, 0x0000000084900000, 0x0000000084a00000|  0%| F|  |TAMS 0x0000000084900000, 0x0000000084900000| Untracked 
|  74|0x0000000084a00000, 0x0000000084a00000, 0x0000000084b00000|  0%| F|  |TAMS 0x0000000084a00000, 0x0000000084a00000| Untracked 
|  75|0x0000000084b00000, 0x0000000084b00000, 0x0000000084c00000|  0%| F|  |TAMS 0x0000000084b00000, 0x0000000084b00000| Untracked 
|  76|0x0000000084c00000, 0x0000000084c00000, 0x0000000084d00000|  0%| F|  |TAMS 0x0000000084c00000, 0x0000000084c00000| Untracked 
|  77|0x0000000084d00000, 0x0000000084d00000, 0x0000000084e00000|  0%| F|  |TAMS 0x0000000084d00000, 0x0000000084d00000| Untracked 
|  78|0x0000000084e00000, 0x0000000084e00000, 0x0000000084f00000|  0%| F|  |TAMS 0x0000000084e00000, 0x0000000084e00000| Untracked 
|  79|0x0000000084f00000, 0x0000000084f00000, 0x0000000085000000|  0%| F|  |TAMS 0x0000000084f00000, 0x0000000084f00000| Untracked 
|  80|0x0000000085000000, 0x0000000085000000, 0x0000000085100000|  0%| F|  |TAMS 0x0000000085000000, 0x0000000085000000| Untracked 
|  81|0x0000000085100000, 0x0000000085100000, 0x0000000085200000|  0%| F|  |TAMS 0x0000000085100000, 0x0000000085100000| Untracked 
|  82|0x0000000085200000, 0x0000000085200000, 0x0000000085300000|  0%| F|  |TAMS 0x0000000085200000, 0x0000000085200000| Untracked 
|  83|0x0000000085300000, 0x0000000085300000, 0x0000000085400000|  0%| F|  |TAMS 0x0000000085300000, 0x0000000085300000| Untracked 
|  84|0x0000000085400000, 0x0000000085400000, 0x0000000085500000|  0%| F|  |TAMS 0x0000000085400000, 0x0000000085400000| Untracked 
|  85|0x0000000085500000, 0x0000000085500000, 0x0000000085600000|  0%| F|  |TAMS 0x0000000085500000, 0x0000000085500000| Untracked 
|  86|0x0000000085600000, 0x0000000085600000, 0x0000000085700000|  0%| F|  |TAMS 0x0000000085600000, 0x0000000085600000| Untracked 
|  87|0x0000000085700000, 0x0000000085700000, 0x0000000085800000|  0%| F|  |TAMS 0x0000000085700000, 0x0000000085700000| Untracked 
|  88|0x0000000085800000, 0x0000000085800000, 0x0000000085900000|  0%| F|  |TAMS 0x0000000085800000, 0x0000000085800000| Untracked 
|  89|0x0000000085900000, 0x0000000085900000, 0x0000000085a00000|  0%| F|  |TAMS 0x0000000085900000, 0x0000000085900000| Untracked 
|  90|0x0000000085a00000, 0x0000000085a00000, 0x0000000085b00000|  0%| F|  |TAMS 0x0000000085a00000, 0x0000000085a00000| Untracked 
|  91|0x0000000085b00000, 0x0000000085b00000, 0x0000000085c00000|  0%| F|  |TAMS 0x0000000085b00000, 0x0000000085b00000| Untracked 
|  92|0x0000000085c00000, 0x0000000085c00000, 0x0000000085d00000|  0%| F|  |TAMS 0x0000000085c00000, 0x0000000085c00000| Untracked 
|  93|0x0000000085d00000, 0x0000000085d00000, 0x0000000085e00000|  0%| F|  |TAMS 0x0000000085d00000, 0x0000000085d00000| Untracked 
|  94|0x0000000085e00000, 0x0000000085e00000, 0x0000000085f00000|  0%| F|  |TAMS 0x0000000085e00000, 0x0000000085e00000| Untracked 
|  95|0x0000000085f00000, 0x0000000085f00000, 0x0000000086000000|  0%| F|  |TAMS 0x0000000085f00000, 0x0000000085f00000| Untracked 
|  96|0x0000000086000000, 0x0000000086000000, 0x0000000086100000|  0%| F|  |TAMS 0x0000000086000000, 0x0000000086000000| Untracked 
|  97|0x0000000086100000, 0x0000000086100000, 0x0000000086200000|  0%| F|  |TAMS 0x0000000086100000, 0x0000000086100000| Untracked 
|  98|0x0000000086200000, 0x0000000086200000, 0x0000000086300000|  0%| F|  |TAMS 0x0000000086200000, 0x0000000086200000| Untracked 
|  99|0x0000000086300000, 0x0000000086300000, 0x0000000086400000|  0%| F|  |TAMS 0x0000000086300000, 0x0000000086300000| Untracked 
| 100|0x0000000086400000, 0x0000000086400000, 0x0000000086500000|  0%| F|  |TAMS 0x0000000086400000, 0x0000000086400000| Untracked 
| 101|0x0000000086500000, 0x0000000086500000, 0x0000000086600000|  0%| F|  |TAMS 0x0000000086500000, 0x0000000086500000| Untracked 
| 102|0x0000000086600000, 0x0000000086600000, 0x0000000086700000|  0%| F|  |TAMS 0x0000000086600000, 0x0000000086600000| Untracked 
| 103|0x0000000086700000, 0x0000000086700000, 0x0000000086800000|  0%| F|  |TAMS 0x0000000086700000, 0x0000000086700000| Untracked 
| 104|0x0000000086800000, 0x0000000086800000, 0x0000000086900000|  0%| F|  |TAMS 0x0000000086800000, 0x0000000086800000| Untracked 
| 105|0x0000000086900000, 0x0000000086900000, 0x0000000086a00000|  0%| F|  |TAMS 0x0000000086900000, 0x0000000086900000| Untracked 
| 106|0x0000000086a00000, 0x0000000086a00000, 0x0000000086b00000|  0%| F|  |TAMS 0x0000000086a00000, 0x0000000086a00000| Untracked 
| 107|0x0000000086b00000, 0x0000000086b00000, 0x0000000086c00000|  0%| F|  |TAMS 0x0000000086b00000, 0x0000000086b00000| Untracked 
| 108|0x0000000086c00000, 0x0000000086c00000, 0x0000000086d00000|  0%| F|  |TAMS 0x0000000086c00000, 0x0000000086c00000| Untracked 
| 109|0x0000000086d00000, 0x0000000086d00000, 0x0000000086e00000|  0%| F|  |TAMS 0x0000000086d00000, 0x0000000086d00000| Untracked 
| 110|0x0000000086e00000, 0x0000000086ed3cc0, 0x0000000086f00000| 82%| S|CS|TAMS 0x0000000086e00000, 0x0000000086e00000| Complete 
| 111|0x0000000086f00000, 0x0000000086f00000, 0x0000000087000000|  0%| F|  |TAMS 0x0000000086f00000, 0x0000000086f00000| Untracked 

Card table byte_map: [0x000001755eb40000,0x000001755ef40000] _byte_map_base: 0x000001755e740000

Marking Bits (Prev, Next): (CMBitMap*) 0x000001754c2c7c90, (CMBitMap*) 0x000001754c2c7cd0
 Prev Bits: [0x000001755f340000, 0x0000017561340000)
 Next Bits: [0x0000017561340000, 0x0000017563340000)

Polling page: 0x000001754a3e0000

Metaspace:

Usage:
  Non-class:     68.97 MB used.
      Class:     10.86 MB used.
       Both:     79.84 MB used.

Virtual space:
  Non-class space:       72.00 MB reserved,      69.31 MB ( 96%) committed,  9 nodes.
      Class space:        1.00 GB reserved,      11.12 MB (  1%) committed,  1 nodes.
             Both:        1.07 GB reserved,      80.44 MB (  7%) committed. 

Chunk freelists:
   Non-Class:  1.28 MB
       Class:  912.00 KB
        Both:  2.17 MB

MaxMetaspaceSize: unlimited
CompressedClassSpaceSize: 1.00 GB
Initial GC threshold: 21.00 MB
Current GC threshold: 131.50 MB
CDS: off
MetaspaceReclaimPolicy: balanced
 - commit_granule_bytes: 65536.
 - commit_granule_words: 8192.
 - virtual_space_node_default_size: 1048576.
 - enlarge_chunks_in_place: 1.
 - new_chunks_are_fully_committed: 0.
 - uncommit_free_chunks: 1.
 - use_allocation_guard: 0.
 - handle_deallocations: 1.


Internal statistics:

num_allocs_failed_limit: 12.
num_arena_births: 728.
num_arena_deaths: 0.
num_vsnodes_births: 10.
num_vsnodes_deaths: 0.
num_space_committed: 1287.
num_space_uncommitted: 0.
num_chunks_returned_to_freelist: 12.
num_chunks_taken_from_freelist: 3593.
num_chunk_merges: 9.
num_chunk_splits: 2392.
num_chunks_enlarged: 1606.
num_purges: 0.
num_inconsistent_stats: 0.

CodeHeap 'non-profiled nmethods': size=120000Kb used=3954Kb max_used=3954Kb free=116046Kb
 bounds [0x0000017557210000, 0x00000175575f0000, 0x000001755e740000]
CodeHeap 'profiled nmethods': size=120000Kb used=14789Kb max_used=14789Kb free=105210Kb
 bounds [0x000001754f740000, 0x00000175505c0000, 0x0000017556c70000]
CodeHeap 'non-nmethods': size=5760Kb used=2371Kb max_used=2430Kb free=3388Kb
 bounds [0x0000017556c70000, 0x0000017556ee0000, 0x0000017557210000]
 total_blobs=8445 nmethods=7553 adapters=804
 compilation: enabled
              stopped_count=0, restarted_count=0
 full_count=0

Compilation events (20 events):
Event: 20.938 Thread 0x0000017566413150 nmethod 8399 0x00000175575ec510 code [0x00000175575ec680, 0x00000175575ec7b8]
Event: 20.940 Thread 0x0000017566413bf0 8410       3       java.util.ArrayList::<init> (63 bytes)
Event: 20.940 Thread 0x0000017566413bf0 nmethod 8410 0x00000175505a1190 code [0x00000175505a1380, 0x00000175505a18f8]
Event: 20.941 Thread 0x0000017566413150 8411       4       groovy.lang.MetaClassImpl$1MOPIter::methodNameAction (325 bytes)
Event: 20.949 Thread 0x0000017566413bf0 8416       3       com.sun.beans.util.Cache$Kind$Soft::isStale (14 bytes)
Event: 20.949 Thread 0x0000017566413bf0 nmethod 8416 0x00000175505a1a90 code [0x00000175505a1c40, 0x00000175505a1e48]
Event: 20.957 Thread 0x0000017566413bf0 8418       3       java.beans.Introspector::processPropertyDescriptors (964 bytes)
Event: 20.961 Thread 0x0000017566413bf0 nmethod 8418 0x00000175505a1f10 code [0x00000175505a2840, 0x00000175505a93b8]
Event: 20.978 Thread 0x0000017566413bf0 8420       3       com.sun.beans.introspect.MethodInfo::isThrow (42 bytes)
Event: 20.979 Thread 0x0000017566413bf0 nmethod 8420 0x00000175505aad90 code [0x00000175505aaf60, 0x00000175505ab3a8]
Event: 20.980 Thread 0x0000017566413bf0 8422       3       org.codehaus.groovy.util.ComplexKeyHashMap::resize (103 bytes)
Event: 20.981 Thread 0x0000017566413bf0 nmethod 8422 0x00000175505ab510 code [0x00000175505ab6e0, 0x00000175505abc98]
Event: 20.996 Thread 0x0000017566413bf0 8424       3       org.codehaus.groovy.reflection.CachedClass$3::initValue (194 bytes)
Event: 20.998 Thread 0x0000017566413bf0 nmethod 8424 0x00000175505abe90 code [0x00000175505ac260, 0x00000175505ae118]
Event: 20.998 Thread 0x0000017566413bf0 8423       3       org.codehaus.groovy.reflection.CachedClass$3::initValue (5 bytes)
Event: 20.998 Thread 0x0000017566413bf0 nmethod 8423 0x00000175505aed10 code [0x00000175505aeec0, 0x00000175505af008]
Event: 20.998 Thread 0x0000017566413bf0 8425       3       org.codehaus.groovy.reflection.CachedClass$3$$Lambda$405/0x000000010050d130::apply (5 bytes)
Event: 20.999 Thread 0x0000017566413bf0 nmethod 8425 0x00000175505af090 code [0x00000175505af220, 0x00000175505af418]
Event: 21.006 Thread 0x0000017566413bf0 8426       3       java.beans.Introspector::getTargetMethodInfo (250 bytes)
Event: 21.007 Thread 0x0000017566413bf0 nmethod 8426 0x00000175505af510 code [0x00000175505af8a0, 0x00000175505b1058]

GC Heap History (20 events):
Event: 14.787 GC heap after
{Heap after GC invocations=17 (full 0):
 garbage-first heap   total 95232K, used 45512K [0x0000000080000000, 0x0000000100000000)
  region size 1024K, 2 young (2048K), 2 survivors (2048K)
 Metaspace       used 58281K, committed 58816K, reserved 1105920K
  class space    used 7657K, committed 7872K, reserved 1048576K
}
Event: 15.022 GC heap before
{Heap before GC invocations=17 (full 0):
 garbage-first heap   total 95232K, used 52680K [0x0000000080000000, 0x0000000100000000)
  region size 1024K, 11 young (11264K), 2 survivors (2048K)
 Metaspace       used 60130K, committed 60608K, reserved 1105920K
  class space    used 7933K, committed 8192K, reserved 1048576K
}
Event: 15.027 GC heap after
{Heap after GC invocations=18 (full 0):
 garbage-first heap   total 95232K, used 45966K [0x0000000080000000, 0x0000000100000000)
  region size 1024K, 2 young (2048K), 2 survivors (2048K)
 Metaspace       used 60130K, committed 60608K, reserved 1105920K
  class space    used 7933K, committed 8192K, reserved 1048576K
}
Event: 15.495 GC heap before
{Heap before GC invocations=19 (full 0):
 garbage-first heap   total 95232K, used 80782K [0x0000000080000000, 0x0000000100000000)
  region size 1024K, 30 young (30720K), 2 survivors (2048K)
 Metaspace       used 63064K, committed 63552K, reserved 1105920K
  class space    used 8339K, committed 8576K, reserved 1048576K
}
Event: 15.504 GC heap after
{Heap after GC invocations=20 (full 0):
 garbage-first heap   total 95232K, used 49268K [0x0000000080000000, 0x0000000100000000)
  region size 1024K, 4 young (4096K), 4 survivors (4096K)
 Metaspace       used 63064K, committed 63552K, reserved 1105920K
  class space    used 8339K, committed 8576K, reserved 1048576K
}
Event: 15.517 GC heap before
{Heap before GC invocations=20 (full 0):
 garbage-first heap   total 95232K, used 49268K [0x0000000080000000, 0x0000000100000000)
  region size 1024K, 5 young (5120K), 4 survivors (4096K)
 Metaspace       used 63200K, committed 63680K, reserved 1105920K
  class space    used 8358K, committed 8576K, reserved 1048576K
}
Event: 15.527 GC heap after
{Heap after GC invocations=21 (full 0):
 garbage-first heap   total 114688K, used 49262K [0x0000000080000000, 0x0000000100000000)
  region size 1024K, 1 young (1024K), 1 survivors (1024K)
 Metaspace       used 63200K, committed 63680K, reserved 1105920K
  class space    used 8358K, committed 8576K, reserved 1048576K
}
Event: 16.329 GC heap before
{Heap before GC invocations=21 (full 0):
 garbage-first heap   total 114688K, used 90222K [0x0000000080000000, 0x0000000100000000)
  region size 1024K, 40 young (40960K), 1 survivors (1024K)
 Metaspace       used 66875K, committed 67392K, reserved 1114112K
  class space    used 8785K, committed 9024K, reserved 1048576K
}
Event: 16.336 GC heap after
{Heap after GC invocations=22 (full 0):
 garbage-first heap   total 114688K, used 52413K [0x0000000080000000, 0x0000000100000000)
  region size 1024K, 4 young (4096K), 4 survivors (4096K)
 Metaspace       used 66875K, committed 67392K, reserved 1114112K
  class space    used 8785K, committed 9024K, reserved 1048576K
}
Event: 16.729 GC heap before
{Heap before GC invocations=23 (full 0):
 garbage-first heap   total 114688K, used 90301K [0x0000000080000000, 0x0000000100000000)
  region size 1024K, 41 young (41984K), 4 survivors (4096K)
 Metaspace       used 67667K, committed 68224K, reserved 1114112K
  class space    used 8918K, committed 9152K, reserved 1048576K
}
Event: 16.739 GC heap after
{Heap after GC invocations=24 (full 0):
 garbage-first heap   total 114688K, used 54933K [0x0000000080000000, 0x0000000100000000)
  region size 1024K, 3 young (3072K), 3 survivors (3072K)
 Metaspace       used 67667K, committed 68224K, reserved 1114112K
  class space    used 8918K, committed 9152K, reserved 1048576K
}
Event: 17.408 GC heap before
{Heap before GC invocations=24 (full 0):
 garbage-first heap   total 114688K, used 90773K [0x0000000080000000, 0x0000000100000000)
  region size 1024K, 38 young (38912K), 3 survivors (3072K)
 Metaspace       used 71912K, committed 72512K, reserved 1114112K
  class space    used 9701K, committed 9984K, reserved 1048576K
}
Event: 17.418 GC heap after
{Heap after GC invocations=25 (full 0):
 garbage-first heap   total 114688K, used 57480K [0x0000000080000000, 0x0000000100000000)
  region size 1024K, 3 young (3072K), 3 survivors (3072K)
 Metaspace       used 71912K, committed 72512K, reserved 1114112K
  class space    used 9701K, committed 9984K, reserved 1048576K
}
Event: 18.516 GC heap before
{Heap before GC invocations=26 (full 0):
 garbage-first heap   total 114688K, used 91272K [0x0000000080000000, 0x0000000100000000)
  region size 1024K, 36 young (36864K), 3 survivors (3072K)
 Metaspace       used 75249K, committed 75840K, reserved 1122304K
  class space    used 10184K, committed 10432K, reserved 1048576K
}
Event: 18.532 GC heap after
{Heap after GC invocations=27 (full 0):
 garbage-first heap   total 114688K, used 60163K [0x0000000080000000, 0x0000000100000000)
  region size 1024K, 5 young (5120K), 5 survivors (5120K)
 Metaspace       used 75249K, committed 75840K, reserved 1122304K
  class space    used 10184K, committed 10432K, reserved 1048576K
}
Event: 19.632 GC heap before
{Heap before GC invocations=27 (full 0):
 garbage-first heap   total 114688K, used 92931K [0x0000000080000000, 0x0000000100000000)
  region size 1024K, 37 young (37888K), 5 survivors (5120K)
 Metaspace       used 79539K, committed 80064K, reserved 1122304K
  class space    used 10829K, committed 11072K, reserved 1048576K
}
Event: 19.686 GC heap after
{Heap after GC invocations=28 (full 0):
 garbage-first heap   total 114688K, used 62428K [0x0000000080000000, 0x0000000100000000)
  region size 1024K, 3 young (3072K), 3 survivors (3072K)
 Metaspace       used 79539K, committed 80064K, reserved 1122304K
  class space    used 10829K, committed 11072K, reserved 1048576K
}
Event: 20.962 GC heap before
{Heap before GC invocations=29 (full 0):
 garbage-first heap   total 114688K, used 93148K [0x0000000080000000, 0x0000000100000000)
  region size 1024K, 33 young (33792K), 3 survivors (3072K)
 Metaspace       used 81716K, committed 82304K, reserved 1122304K
  class space    used 11117K, committed 11392K, reserved 1048576K
}
Event: 20.977 GC heap after
{Heap after GC invocations=30 (full 0):
 garbage-first heap   total 114688K, used 65270K [0x0000000080000000, 0x0000000100000000)
  region size 1024K, 5 young (5120K), 5 survivors (5120K)
 Metaspace       used 81716K, committed 82304K, reserved 1122304K
  class space    used 11117K, committed 11392K, reserved 1048576K
}
Event: 21.107 GC heap before
{Heap before GC invocations=30 (full 0):
 garbage-first heap   total 114688K, used 66294K [0x0000000080000000, 0x0000000100000000)
  region size 1024K, 6 young (6144K), 5 survivors (5120K)
 Metaspace       used 81751K, committed 82368K, reserved 1122304K
  class space    used 11121K, committed 11392K, reserved 1048576K
}

Dll operation events (2 events):
Event: 0.089 Loaded shared library C:\Program Files\Android\Android Studio\jbr\bin\java.dll
Event: 2.391 Loaded shared library C:\Program Files\Android\Android Studio\jbr\bin\verify.dll

Deoptimization events (20 events):
Event: 20.259 Thread 0x00000175670c5c60 DEOPT PACKING pc=0x0000017550309bf6 sp=0x00000072ac4f91d0
Event: 20.259 Thread 0x00000175670c5c60 DEOPT UNPACKING pc=0x0000017556ccace3 sp=0x00000072ac4f8798 mode 0
Event: 20.339 Thread 0x00000175670c5c60 DEOPT PACKING pc=0x0000017550309bf6 sp=0x00000072ac4f7e80
Event: 20.339 Thread 0x00000175670c5c60 DEOPT UNPACKING pc=0x0000017556ccace3 sp=0x00000072ac4f7448 mode 0
Event: 20.553 Thread 0x00000175670c5c60 Uncommon trap: trap_request=0xffffff45 fr.pc=0x00000175574c670c relative=0x000000000000072c
Event: 20.553 Thread 0x00000175670c5c60 Uncommon trap: reason=unstable_if action=reinterpret pc=0x00000175574c670c method=java.util.HashMap.putVal(ILjava/lang/Object;Ljava/lang/Object;ZZ)Ljava/lang/Object; @ 109 c2
Event: 20.553 Thread 0x00000175670c5c60 DEOPT PACKING pc=0x00000175574c670c sp=0x00000072ac4f8e90
Event: 20.553 Thread 0x00000175670c5c60 DEOPT UNPACKING pc=0x0000017556cca1a3 sp=0x00000072ac4f8da8 mode 2
Event: 20.553 Thread 0x00000175670c5c60 Uncommon trap: trap_request=0xffffff45 fr.pc=0x0000017557312c90 relative=0x00000000000006b0
Event: 20.553 Thread 0x00000175670c5c60 Uncommon trap: reason=unstable_if action=reinterpret pc=0x0000017557312c90 method=java.util.HashMap.putVal(ILjava/lang/Object;Ljava/lang/Object;ZZ)Ljava/lang/Object; @ 109 c2
Event: 20.553 Thread 0x00000175670c5c60 DEOPT PACKING pc=0x0000017557312c90 sp=0x00000072ac4f8de0
Event: 20.553 Thread 0x00000175670c5c60 DEOPT UNPACKING pc=0x0000017556cca1a3 sp=0x00000072ac4f8d98 mode 2
Event: 20.846 Thread 0x00000175670c5c60 Uncommon trap: trap_request=0xffffff45 fr.pc=0x00000175575666e8 relative=0x0000000000000628
Event: 20.846 Thread 0x00000175670c5c60 Uncommon trap: reason=unstable_if action=reinterpret pc=0x00000175575666e8 method=java.util.HashMap$HashIterator.<init>(Ljava/util/HashMap;)V @ 45 c2
Event: 20.846 Thread 0x00000175670c5c60 DEOPT PACKING pc=0x00000175575666e8 sp=0x00000072ac4fbbb0
Event: 20.846 Thread 0x00000175670c5c60 DEOPT UNPACKING pc=0x0000017556cca1a3 sp=0x00000072ac4fba40 mode 2
Event: 20.853 Thread 0x00000175670c5c60 Uncommon trap: trap_request=0xffffffdc fr.pc=0x00000175575df1a0 relative=0x0000000000000280
Event: 20.853 Thread 0x00000175670c5c60 Uncommon trap: reason=class_check action=make_not_entrant pc=0x00000175575df1a0 method=java.util.ArrayList.toArray([Ljava/lang/Object;)[Ljava/lang/Object; @ 21 c2
Event: 20.853 Thread 0x00000175670c5c60 DEOPT PACKING pc=0x00000175575df1a0 sp=0x00000072ac4fb920
Event: 20.853 Thread 0x00000175670c5c60 DEOPT UNPACKING pc=0x0000017556cca1a3 sp=0x00000072ac4fb8f0 mode 2

Classes unloaded (0 events):
No events

Classes redefined (0 events):
No events

Internal exceptions (20 events):
Event: 20.943 Thread 0x00000175670c5c60 Exception <a 'java/lang/ClassNotFoundException'{0x0000000085336a38}: com/android/build/gradle/tasks/sync/ModuleVariantModelTaskBeanInfo> (0x0000000085336a38) 
thrown [s\src\hotspot\share\classfile\systemDictionary.cpp, line 256]
Event: 20.944 Thread 0x00000175670c5c60 Exception <a 'java/lang/ClassNotFoundException'{0x00000000853435e0}: com/android/build/gradle/tasks/sync/AbstractVariantModelTaskBeanInfo> (0x00000000853435e0) 
thrown [s\src\hotspot\share\classfile\systemDictionary.cpp, line 256]
Event: 20.944 Thread 0x00000175670c5c60 Exception <a 'java/lang/ClassNotFoundException'{0x0000000085350410}: com/android/build/gradle/internal/tasks/NonIncrementalTaskBeanInfo> (0x0000000085350410) 
thrown [s\src\hotspot\share\classfile\systemDictionary.cpp, line 256]
Event: 20.944 Thread 0x00000175670c5c60 Exception <a 'java/lang/ClassNotFoundException'{0x000000008535d240}: com/android/build/gradle/internal/tasks/AndroidVariantTaskBeanInfo> (0x000000008535d240) 
thrown [s\src\hotspot\share\classfile\systemDictionary.cpp, line 256]
Event: 20.945 Thread 0x00000175670c5c60 Exception <a 'java/lang/ClassNotFoundException'{0x0000000085369f38}: com/android/build/gradle/internal/tasks/BaseTaskBeanInfo> (0x0000000085369f38) 
thrown [s\src\hotspot\share\classfile\systemDictionary.cpp, line 256]
Event: 20.946 Thread 0x00000175670c5c60 Exception <a 'java/lang/ClassNotFoundException'{0x0000000085375328}: org/gradle/api/DefaultTaskBeanInfo> (0x0000000085375328) 
thrown [s\src\hotspot\share\classfile\systemDictionary.cpp, line 256]
Event: 20.946 Thread 0x00000175670c5c60 Exception <a 'java/lang/ClassNotFoundException'{0x0000000085380c10}: org/gradle/api/internal/AbstractTaskBeanInfo> (0x0000000085380c10) 
thrown [s\src\hotspot\share\classfile\systemDictionary.cpp, line 256]
Event: 20.946 Thread 0x00000175670c5c60 Exception <a 'java/lang/ClassNotFoundException'{0x000000008538c218}: org/gradle/api/internal/AbstractTaskCustomizer> (0x000000008538c218) 
thrown [s\src\hotspot\share\classfile\systemDictionary.cpp, line 256]
Event: 20.948 Thread 0x00000175670c5c60 Exception <a 'java/lang/ClassNotFoundException'{0x00000000853e8d08}: org/gradle/api/DefaultTaskCustomizer> (0x00000000853e8d08) 
thrown [s\src\hotspot\share\classfile\systemDictionary.cpp, line 256]
Event: 20.951 Thread 0x00000175670c5c60 Exception <a 'java/lang/ClassNotFoundException'{0x0000000085253330}: com/android/build/gradle/internal/tasks/BaseTaskCustomizer> (0x0000000085253330) 
thrown [s\src\hotspot\share\classfile\systemDictionary.cpp, line 256]
Event: 20.952 Thread 0x00000175670c5c60 Exception <a 'java/lang/ClassNotFoundException'{0x00000000852714c0}: com/android/build/gradle/internal/tasks/AndroidVariantTaskCustomizer> (0x00000000852714c0) 
thrown [s\src\hotspot\share\classfile\systemDictionary.cpp, line 256]
Event: 20.953 Thread 0x00000175670c5c60 Exception <a 'java/lang/ClassNotFoundException'{0x000000008528db08}: com/android/build/gradle/internal/tasks/NonIncrementalTaskCustomizer> (0x000000008528db08) 
thrown [s\src\hotspot\share\classfile\systemDictionary.cpp, line 256]
Event: 20.954 Thread 0x00000175670c5c60 Exception <a 'java/lang/ClassNotFoundException'{0x00000000852a8ed0}: com/android/build/gradle/tasks/sync/AbstractVariantModelTaskCustomizer> (0x00000000852a8ed0) 
thrown [s\src\hotspot\share\classfile\systemDictionary.cpp, line 256]
Event: 20.956 Thread 0x00000175670c5c60 Exception <a 'java/lang/ClassNotFoundException'{0x00000000852c4908}: com/android/build/gradle/tasks/sync/ModuleVariantModelTaskCustomizer> (0x00000000852c4908) 
thrown [s\src\hotspot\share\classfile\systemDictionary.cpp, line 256]
Event: 20.958 Thread 0x00000175670c5c60 Exception <a 'java/lang/ClassNotFoundException'{0x00000000852e0628}: com/android/build/gradle/tasks/sync/ApplicationVariantModelTaskCustomizer> (0x00000000852e0628) 
thrown [s\src\hotspot\share\classfile\systemDictionary.cpp, line 256]
Event: 20.960 Thread 0x00000175670c5c60 Exception <a 'java/lang/ClassNotFoundException'{0x00000000852fcd18}: com/android/build/gradle/tasks/sync/ApplicationVariantModelTask_DecoratedCustomizer> (0x00000000852fcd18) 
thrown [s\src\hotspot\share\classfile\systemDictionary.cpp, line 256]
Event: 21.006 Thread 0x00000175670c5c60 Exception <a 'java/lang/ClassNotFoundException'{0x0000000086fb9f00}: org/gradle/api/tasks/testing/AbstractTestTaskBeanInfo> (0x0000000086fb9f00) 
thrown [s\src\hotspot\share\classfile\systemDictionary.cpp, line 256]
Event: 21.006 Thread 0x00000175670c5c60 Exception <a 'java/lang/ClassNotFoundException'{0x0000000086fc47c8}: org/gradle/api/internal/ConventionTaskBeanInfo> (0x0000000086fc47c8) 
thrown [s\src\hotspot\share\classfile\systemDictionary.cpp, line 256]
Event: 21.006 Thread 0x00000175670c5c60 Exception <a 'java/lang/ClassNotFoundException'{0x0000000086fcf090}: org/gradle/api/internal/ConventionTaskCustomizer> (0x0000000086fcf090) 
thrown [s\src\hotspot\share\classfile\systemDictionary.cpp, line 256]
Event: 21.008 Thread 0x00000175670c5c60 Exception <a 'java/lang/ClassNotFoundException'{0x0000000086feb8d0}: org/gradle/api/tasks/testing/AbstractTestTaskCustomizer> (0x0000000086feb8d0) 
thrown [s\src\hotspot\share\classfile\systemDictionary.cpp, line 256]

VM Operations (20 events):
Event: 19.472 Executing VM operation: ICBufferFull done
Event: 19.627 Executing VM operation: HandshakeAllThreads
Event: 19.627 Executing VM operation: HandshakeAllThreads done
Event: 19.632 Executing VM operation: G1CollectForAllocation
Event: 19.686 Executing VM operation: G1CollectForAllocation done
Event: 19.802 Executing VM operation: HandshakeAllThreads
Event: 19.802 Executing VM operation: HandshakeAllThreads done
Event: 19.894 Executing VM operation: G1Concurrent
Event: 19.930 Executing VM operation: G1Concurrent done
Event: 19.975 Executing VM operation: G1Concurrent
Event: 19.977 Executing VM operation: G1Concurrent done
Event: 20.412 Executing VM operation: HandshakeAllThreads
Event: 20.412 Executing VM operation: HandshakeAllThreads done
Event: 20.889 Executing VM operation: ICBufferFull
Event: 20.889 Executing VM operation: ICBufferFull done
Event: 20.899 Executing VM operation: HandshakeAllThreads
Event: 20.900 Executing VM operation: HandshakeAllThreads done
Event: 20.961 Executing VM operation: G1CollectForAllocation
Event: 20.977 Executing VM operation: G1CollectForAllocation done
Event: 21.009 Executing VM operation: G1CollectForAllocation

Events (20 events):
Event: 19.746 loading class jdk/internal/reflect/UnsafeIntegerFieldAccessorImpl
Event: 19.747 loading class jdk/internal/reflect/UnsafeIntegerFieldAccessorImpl done
Event: 19.748 loading class com/sun/org/apache/xerces/internal/impl/io/MalformedByteSequenceException
Event: 19.749 loading class java/io/CharConversionException
Event: 19.749 loading class java/io/CharConversionException done
Event: 19.749 loading class com/sun/org/apache/xerces/internal/impl/io/MalformedByteSequenceException done
Event: 19.778 loading class java/util/EnumMap$EntrySet
Event: 19.778 loading class java/util/EnumMap$EntrySet done
Event: 19.779 loading class java/util/EnumMap$EntryIterator
Event: 19.779 loading class java/util/EnumMap$EnumMapIterator
Event: 19.779 loading class java/util/EnumMap$EnumMapIterator done
Event: 19.779 loading class java/util/EnumMap$EntryIterator done
Event: 19.779 loading class java/util/EnumMap$EntryIterator$Entry
Event: 19.779 loading class java/util/EnumMap$EntryIterator$Entry done
Event: 19.796 loading class jdk/internal/reflect/UnsafeBooleanFieldAccessorImpl
Event: 19.796 loading class jdk/internal/reflect/UnsafeBooleanFieldAccessorImpl done
Event: 20.824 loading class java/util/IdentityHashMap$KeyIterator
Event: 20.827 loading class java/util/IdentityHashMap$IdentityHashMapIterator
Event: 20.828 loading class java/util/IdentityHashMap$IdentityHashMapIterator done
Event: 20.828 loading class java/util/IdentityHashMap$KeyIterator done


Dynamic libraries:
0x00007ff6e9470000 - 0x00007ff6e947a000 	C:\Program Files\Android\Android Studio\jbr\bin\java.exe
0x00007ffba5c00000 - 0x00007ffba5e09000 	C:\Windows\SYSTEM32\ntdll.dll
0x00007ffba4300000 - 0x00007ffba43be000 	C:\Windows\System32\KERNEL32.DLL
0x00007ffba3490000 - 0x00007ffba3814000 	C:\Windows\System32\KERNELBASE.dll
0x00007ffba3940000 - 0x00007ffba3a51000 	C:\Windows\System32\ucrtbase.dll
0x00007ffb8f0d0000 - 0x00007ffb8f0e7000 	C:\Program Files\Android\Android Studio\jbr\bin\jli.dll
0x00007ffb8e0d0000 - 0x00007ffb8e0eb000 	C:\Program Files\Android\Android Studio\jbr\bin\VCRUNTIME140.dll
0x00007ffba5280000 - 0x00007ffba542d000 	C:\Windows\System32\USER32.dll
0x00007ffba31d0000 - 0x00007ffba31f6000 	C:\Windows\System32\win32u.dll
0x00007ffba5b90000 - 0x00007ffba5bba000 	C:\Windows\System32\GDI32.dll
0x00007ffba3820000 - 0x00007ffba393f000 	C:\Windows\System32\gdi32full.dll
0x00007ffb885e0000 - 0x00007ffb88885000 	C:\Windows\WinSxS\amd64_microsoft.windows.common-controls_6595b64144ccf1df_6.0.22000.120_none_9d947278b86cc467\COMCTL32.dll
0x00007ffba3200000 - 0x00007ffba329d000 	C:\Windows\System32\msvcp_win.dll
0x00007ffba4080000 - 0x00007ffba4123000 	C:\Windows\System32\msvcrt.dll
0x00007ffba3d10000 - 0x00007ffba3d41000 	C:\Windows\System32\IMM32.DLL
0x00007ffb95990000 - 0x00007ffb9599c000 	C:\Program Files\Android\Android Studio\jbr\bin\vcruntime140_1.dll
0x00007ffb83760000 - 0x00007ffb837ed000 	C:\Program Files\Android\Android Studio\jbr\bin\msvcp140.dll
0x00007ffb5b3e0000 - 0x00007ffb5c04d000 	C:\Program Files\Android\Android Studio\jbr\bin\server\jvm.dll
0x00007ffba43c0000 - 0x00007ffba446f000 	C:\Windows\System32\ADVAPI32.dll
0x00007ffba5430000 - 0x00007ffba54ce000 	C:\Windows\System32\sechost.dll
0x00007ffba4970000 - 0x00007ffba4a91000 	C:\Windows\System32\RPCRT4.dll
0x00007ffb986d0000 - 0x00007ffb98703000 	C:\Windows\SYSTEM32\WINMM.dll
0x00007ffb9c5d0000 - 0x00007ffb9c5da000 	C:\Windows\SYSTEM32\VERSION.dll
0x00007ffb9eb30000 - 0x00007ffb9eb39000 	C:\Windows\SYSTEM32\WSOCK32.dll
0x00007ffba5540000 - 0x00007ffba55af000 	C:\Windows\System32\WS2_32.dll
0x00007ffba2200000 - 0x00007ffba2218000 	C:\Windows\SYSTEM32\kernel.appcore.dll
0x00007ffb99090000 - 0x00007ffb9909a000 	C:\Program Files\Android\Android Studio\jbr\bin\jimage.dll
0x00007ffba0a20000 - 0x00007ffba0c41000 	C:\Windows\SYSTEM32\DBGHELP.DLL
0x00007ffb880f0000 - 0x00007ffb88121000 	C:\Windows\SYSTEM32\dbgcore.DLL
0x00007ffba3410000 - 0x00007ffba348f000 	C:\Windows\System32\bcryptPrimitives.dll
0x00007ffb91ca0000 - 0x00007ffb91cc5000 	C:\Program Files\Android\Android Studio\jbr\bin\java.dll
0x00007ffb964c0000 - 0x00007ffb964d8000 	C:\Program Files\Android\Android Studio\jbr\bin\zip.dll
0x00007ffba4aa0000 - 0x00007ffba5265000 	C:\Windows\System32\SHELL32.dll
0x00007ffba1170000 - 0x00007ffba19d4000 	C:\Windows\SYSTEM32\windows.storage.dll
0x00007ffba4570000 - 0x00007ffba48e6000 	C:\Windows\System32\combase.dll
0x00007ffba1000000 - 0x00007ffba1167000 	C:\Windows\SYSTEM32\wintypes.dll
0x00007ffba3c20000 - 0x00007ffba3d0a000 	C:\Windows\System32\SHCORE.dll
0x00007ffba54d0000 - 0x00007ffba552d000 	C:\Windows\System32\shlwapi.dll
0x00007ffba2fd0000 - 0x00007ffba2ff1000 	C:\Windows\SYSTEM32\profapi.dll
0x00007ffb91c80000 - 0x00007ffb91c99000 	C:\Program Files\Android\Android Studio\jbr\bin\net.dll
0x00007ffb9b5b0000 - 0x00007ffb9b6c3000 	C:\Windows\SYSTEM32\WINHTTP.dll
0x00007ffba26b0000 - 0x00007ffba2717000 	C:\Windows\system32\mswsock.dll
0x00007ffb915b0000 - 0x00007ffb915c6000 	C:\Program Files\Android\Android Studio\jbr\bin\nio.dll
0x00007ffb95a80000 - 0x00007ffb95a90000 	C:\Program Files\Android\Android Studio\jbr\bin\verify.dll
0x00007ffb88d30000 - 0x00007ffb88d57000 	C:\Users\lenovo\.gradle\native\68d5fa5c4cc2d200863cafc0d521ce42e7d3e7ee720ec0a83991735586a16f82\windows-amd64\native-platform.dll
0x00007ffb703e0000 - 0x00007ffb70524000 	C:\Users\lenovo\.gradle\native\e376f236ea51e6404a007f0833ffe2c6e607c4080706a723a18a27aeea778392\windows-amd64\native-platform-file-events.dll
0x00007ffb95c30000 - 0x00007ffb95c39000 	C:\Program Files\Android\Android Studio\jbr\bin\management.dll
0x00007ffb95c10000 - 0x00007ffb95c1b000 	C:\Program Files\Android\Android Studio\jbr\bin\management_ext.dll
0x00007ffba5530000 - 0x00007ffba5538000 	C:\Windows\System32\PSAPI.DLL
0x00007ffba2900000 - 0x00007ffba2918000 	C:\Windows\SYSTEM32\CRYPTSP.dll
0x00007ffba2160000 - 0x00007ffba2195000 	C:\Windows\system32\rsaenh.dll
0x00007ffba27b0000 - 0x00007ffba27d9000 	C:\Windows\SYSTEM32\USERENV.dll
0x00007ffba2a80000 - 0x00007ffba2aa7000 	C:\Windows\SYSTEM32\bcrypt.dll
0x00007ffba2920000 - 0x00007ffba292c000 	C:\Windows\SYSTEM32\CRYPTBASE.dll
0x00007ffba1d20000 - 0x00007ffba1d4d000 	C:\Windows\SYSTEM32\IPHLPAPI.DLL
0x00007ffba4070000 - 0x00007ffba4079000 	C:\Windows\System32\NSI.dll
0x00007ffb99a30000 - 0x00007ffb99a49000 	C:\Windows\SYSTEM32\dhcpcsvc6.DLL
0x00007ffb9b0e0000 - 0x00007ffb9b0fe000 	C:\Windows\SYSTEM32\dhcpcsvc.DLL
0x00007ffba1d50000 - 0x00007ffba1e37000 	C:\Windows\SYSTEM32\DNSAPI.dll
0x00007ffb95980000 - 0x00007ffb95988000 	C:\Windows\system32\wshunix.dll

dbghelp: loaded successfully - version: 4.0.5 - missing functions: none
symbol engine: initialized successfully - sym options: 0x614 - pdb path: .;C:\Program Files\Android\Android Studio\jbr\bin;C:\Windows\SYSTEM32;C:\Windows\WinSxS\amd64_microsoft.windows.common-controls_6595b64144ccf1df_6.0.22000.120_none_9d947278b86cc467;C:\Program Files\Android\Android Studio\jbr\bin\server;C:\Users\lenovo\.gradle\native\68d5fa5c4cc2d200863cafc0d521ce42e7d3e7ee720ec0a83991735586a16f82\windows-amd64;C:\Users\lenovo\.gradle\native\e376f236ea51e6404a007f0833ffe2c6e607c4080706a723a18a27aeea778392\windows-amd64

VM Arguments:
jvm_args: --add-opens=java.base/java.util=ALL-UNNAMED --add-opens=java.base/java.lang=ALL-UNNAMED --add-opens=java.base/java.lang.invoke=ALL-UNNAMED --add-opens=java.prefs/java.util.prefs=ALL-UNNAMED --add-opens=java.base/java.nio.charset=ALL-UNNAMED --add-opens=java.base/java.net=ALL-UNNAMED --add-opens=java.base/java.util.concurrent.atomic=ALL-UNNAMED -Xmx2048m -Dfile.encoding=UTF-8 -Duser.country=FR -Duser.language=fr -Duser.variant 
java_command: org.gradle.launcher.daemon.bootstrap.GradleDaemon 8.0
java_class_path (initial): C:\Users\lenovo\.gradle\wrapper\dists\gradle-8.0-bin\ca5e32bp14vu59qr306oxotwh\gradle-8.0\lib\gradle-launcher-8.0.jar
Launcher Type: SUN_STANDARD

[Global flags]
     intx CICompilerCount                          = 3                                         {product} {ergonomic}
     uint ConcGCThreads                            = 1                                         {product} {ergonomic}
     uint G1ConcRefinementThreads                  = 4                                         {product} {ergonomic}
   size_t G1HeapRegionSize                         = 1048576                                   {product} {ergonomic}
    uintx GCDrainStackTargetSize                   = 64                                        {product} {ergonomic}
   size_t InitialHeapSize                          = 65011712                                  {product} {ergonomic}
   size_t MarkStackSize                            = 4194304                                   {product} {ergonomic}
   size_t MaxHeapSize                              = 2147483648                                {product} {command line}
   size_t MaxNewSize                               = 1287651328                                {product} {ergonomic}
   size_t MinHeapDeltaBytes                        = 1048576                                   {product} {ergonomic}
   size_t MinHeapSize                              = 8388608                                   {product} {ergonomic}
    uintx NonNMethodCodeHeapSize                   = 5832780                                {pd product} {ergonomic}
    uintx NonProfiledCodeHeapSize                  = 122912730                              {pd product} {ergonomic}
    uintx ProfiledCodeHeapSize                     = 122912730                              {pd product} {ergonomic}
    uintx ReservedCodeCacheSize                    = 251658240                              {pd product} {ergonomic}
     bool SegmentedCodeCache                       = true                                      {product} {ergonomic}
   size_t SoftMaxHeapSize                          = 2147483648                             {manageable} {ergonomic}
     bool UseCompressedClassPointers               = true                           {product lp64_product} {ergonomic}
     bool UseCompressedOops                        = true                           {product lp64_product} {ergonomic}
     bool UseG1GC                                  = true                                      {product} {ergonomic}
     bool UseLargePagesIndividualAllocation        = false                                  {pd product} {ergonomic}

Logging:
Log output configuration:
 #0: stdout all=warning uptime,level,tags
 #1: stderr all=off uptime,level,tags

Environment Variables:
PATH=C:\Program Files (x86)\Common Files\Oracle\Java\javapath;C:\Windows\system32;C:\Windows;C:\Windows\System32\Wbem;C:\Windows\System32\WindowsPowerShell\v1.0\;C:\Windows\System32\OpenSSH\;C:\Program Files\Git\cmd;C:\Users\lenovo\AppData\Local\Microsoft\WindowsApps;
USERNAME=lenovo
OS=Windows_NT
PROCESSOR_IDENTIFIER=Intel64 Family 6 Model 140 Stepping 1, GenuineIntel
TMP=C:\Users\lenovo\AppData\Local\Temp
TEMP=C:\Users\lenovo\AppData\Local\Temp



---------------  S Y S T E M  ---------------

OS:
 Windows 11 , 64 bit Build 22000 (10.0.22000.2003)
OS uptime: 9 days 2:15 hours

CPU: total 4 (initial active 4) (2 cores per cpu, 2 threads per core) family 6 model 140 stepping 1 microcode 0x9a, cx8, cmov, fxsr, ht, mmx, 3dnowpref, sse, sse2, sse3, ssse3, sse4.1, sse4.2, popcnt, lzcnt, tsc, tscinvbit, avx, avx2, aes, erms, clmul, bmi1, bmi2, adx, avx512f, avx512dq, avx512cd, avx512bw, avx512vl, sha, fma, vzeroupper, avx512_vpopcntdq, avx512_vpclmulqdq, avx512_vaes, avx512_vnni, clflush, clflushopt, clwb, avx512_vbmi2, avx512_vbmi

Memory: 4k page, system-wide physical 3895M (43M free)
TotalPageFile size 15671M (AvailPageFile size 116M)
current process WorkingSet (physical memory assigned to process): 157M, peak: 218M
current process commit charge ("private bytes"): 336M, peak: 454M

vm_info: OpenJDK 64-Bit Server VM (17.0.6+0-b2043.56-9586694) for windows-amd64 JRE (17.0.6+0-b2043.56-9586694), built on Feb  9 2023 20:06:20 by "androidbuild" with MS VC++ 16.10 / 16.11 (VS2019)

END.
