#
# There is insufficient memory for the Java Runtime Environment to continue.
# Native memory allocation (malloc) failed to allocate 1921584 bytes for Chunk::new
# Possible reasons:
#   The system is out of physical RAM or swap space
#   The process is running with CompressedOops enabled, and the Java Heap may be blocking the growth of the native heap
# Possible solutions:
#   Reduce memory load on the system
#   Increase physical memory or swap space
#   Check if swap backing store is full
#   Decrease Java heap size (-Xmx/-Xms)
#   Decrease number of Java threads
#   Decrease Java thread stack sizes (-Xss)
#   Set larger code cache with -XX:ReservedCodeCacheSize=
#   JVM is running with Unscaled Compressed Oops mode in which the Java heap is
#     placed in the first 4GB address space. The Java Heap base address is the
#     maximum limit for the native heap growth. Please use -XX:HeapBaseMinAddress
#     to set the Java Heap base and to place the Java Heap above 4GB virtual address.
# This output file may be truncated or incomplete.
#
#  Out of Memory Error (arena.cpp:189), pid=18640, tid=49788
#
# JRE version: OpenJDK Runtime Environment (17.0.6) (build 17.0.6+0-b2043.56-9586694)
# Java VM: OpenJDK 64-Bit Server VM (17.0.6+0-b2043.56-9586694, mixed mode, tiered, compressed oops, compressed class ptrs, g1 gc, windows-amd64)
# No core dump will be written. Minidumps are not enabled by default on client versions of Windows
#

---------------  S U M M A R Y ------------

Command Line: --add-opens=java.base/java.util=ALL-UNNAMED --add-opens=java.base/java.lang=ALL-UNNAMED --add-opens=java.base/java.lang.invoke=ALL-UNNAMED --add-opens=java.prefs/java.util.prefs=ALL-UNNAMED --add-opens=java.base/java.nio.charset=ALL-UNNAMED --add-opens=java.base/java.net=ALL-UNNAMED --add-opens=java.base/java.util.concurrent.atomic=ALL-UNNAMED -Xmx2048m -Dfile.encoding=UTF-8 -Duser.country=FR -Duser.language=fr -Duser.variant org.gradle.launcher.daemon.bootstrap.GradleDaemon 8.0

Host: 11th Gen Intel(R) Core(TM) i3-1115G4 @ 3.00GHz, 4 cores, 3G,  Windows 11 , 64 bit Build 22000 (10.0.22000.2003)
Time: Sat Jul  1 01:14:19 2023 Maroc (heure d64 bit Build 22000 (10.0.22000.2003) elapsed time: 19.861116 seconds (0d 0h 0m 19s)

---------------  T H R E A D  ---------------

Current thread (0x000001b8a2d3ec40):  JavaThread "C2 CompilerThread0" daemon [_thread_in_native, id=49788, stack(0x0000007168e00000,0x0000007168f00000)]


Current CompileTask:
C2:  19861 8138       4       java.lang.Class::annotationData (44 bytes)

Stack: [0x0000007168e00000,0x0000007168f00000]
Native frames: (J=compiled Java code, j=interpreted, Vv=VM code, C=native code)
V  [jvm.dll+0x683b4a]
V  [jvm.dll+0x842654]
V  [jvm.dll+0x843dfe]
V  [jvm.dll+0x844463]
V  [jvm.dll+0x249b75]
V  [jvm.dll+0xabcac]
V  [jvm.dll+0xac27c]
V  [jvm.dll+0x368857]
V  [jvm.dll+0x332f31]
V  [jvm.dll+0x3323da]
V  [jvm.dll+0x21c201]
V  [jvm.dll+0x21b621]
V  [jvm.dll+0x1a4fdd]
V  [jvm.dll+0x22b098]
V  [jvm.dll+0x229159]
V  [jvm.dll+0x7f809c]
V  [jvm.dll+0x7f25fa]
V  [jvm.dll+0x682985]
C  [ucrtbase.dll+0x26c0c]
C  [KERNEL32.DLL+0x155a0]
C  [ntdll.dll+0x485b]


---------------  P R O C E S S  ---------------

Threads class SMR info:
_java_thread_list=0x000001b8a9ca1080, length=81, elements={
0x000001b888d9b8f0, 0x000001b8a235b270, 0x000001b8a235de30, 0x000001b8a2d3c1a0,
0x000001b8a2d3cb50, 0x000001b8a2d3d500, 0x000001b8a2d3deb0, 0x000001b8a2d3ec40,
0x000001b8a2d44200, 0x000001b8a23822a0, 0x000001b8a2e8fe70, 0x000001b8a2e94b80,
0x000001b8a44a2010, 0x000001b8a42358a0, 0x000001b8a3ed21f0, 0x000001b8a46535e0,
0x000001b8a462c830, 0x000001b8a4863120, 0x000001b8a55b76d0, 0x000001b8a55b5be0,
0x000001b8a55b60b0, 0x000001b8a55b6a50, 0x000001b8a55b6f20, 0x000001b8a55b6580,
0x000001b8a55b5710, 0x000001b8a475ad70, 0x000001b8a475dd90, 0x000001b8a475e260,
0x000001b8a4760db0, 0x000001b8a475fa70, 0x000001b8a475f5a0, 0x000001b8a475ca50,
0x000001b8a475cf20, 0x000001b8a475d3f0, 0x000001b8a475bbe0, 0x000001b8a475c0b0,
0x000001b8a4759f00, 0x000001b8a475c580, 0x000001b8a475d8c0, 0x000001b8a475f0d0,
0x000001b8a475ff40, 0x000001b8a4760410, 0x000001b8a47608e0, 0x000001b8a4759560,
0x000001b8a4759a30, 0x000001b8a475a3d0, 0x000001b8a475a8a0, 0x000001b8a7784a10,
0x000001b8a77853b0, 0x000001b8a7784ee0, 0x000001b8a7785880, 0x000001b8a7787560,
0x000001b8a7787090, 0x000001b8a7787a30, 0x000001b8a7785d50, 0x000001b8a7786220,
0x000001b8a77866f0, 0x000001b8a7786bc0, 0x000001b8a7784070, 0x000001b8a7784540,
0x000001b8a3006c80, 0x000001b8a3005470, 0x000001b8a3007150, 0x000001b8a30032c0,
0x000001b8a3002920, 0x000001b8a3007af0, 0x000001b8a3008e30, 0x000001b8a3008490,
0x000001b8a30062e0, 0x000001b8a3004600, 0x000001b8a3007fc0, 0x000001b8a3005e10,
0x000001b8a3004ad0, 0x000001b8a3008960, 0x000001b8a300a170, 0x000001b8a3007620,
0x000001b8a3009300, 0x000001b8a3003c60, 0x000001b8a3003790, 0x000001b8a3004fa0,
0x000001b8a3009ca0
}

Java Threads: ( => current thread )
  0x000001b888d9b8f0 JavaThread "main" [_thread_blocked, id=44776, stack(0x0000007168100000,0x0000007168200000)]
  0x000001b8a235b270 JavaThread "Reference Handler" daemon [_thread_blocked, id=39656, stack(0x0000007168800000,0x0000007168900000)]
  0x000001b8a235de30 JavaThread "Finalizer" daemon [_thread_blocked, id=49196, stack(0x0000007168900000,0x0000007168a00000)]
  0x000001b8a2d3c1a0 JavaThread "Signal Dispatcher" daemon [_thread_blocked, id=45124, stack(0x0000007168a00000,0x0000007168b00000)]
  0x000001b8a2d3cb50 JavaThread "Attach Listener" daemon [_thread_blocked, id=45696, stack(0x0000007168b00000,0x0000007168c00000)]
  0x000001b8a2d3d500 JavaThread "Service Thread" daemon [_thread_blocked, id=41288, stack(0x0000007168c00000,0x0000007168d00000)]
  0x000001b8a2d3deb0 JavaThread "Monitor Deflation Thread" daemon [_thread_blocked, id=40468, stack(0x0000007168d00000,0x0000007168e00000)]
=>0x000001b8a2d3ec40 JavaThread "C2 CompilerThread0" daemon [_thread_in_native, id=49788, stack(0x0000007168e00000,0x0000007168f00000)]
  0x000001b8a2d44200 JavaThread "C1 CompilerThread0" daemon [_thread_blocked, id=44292, stack(0x0000007168f00000,0x0000007169000000)]
  0x000001b8a23822a0 JavaThread "Sweeper thread" daemon [_thread_blocked, id=49160, stack(0x0000007169000000,0x0000007169100000)]
  0x000001b8a2e8fe70 JavaThread "Common-Cleaner" daemon [_thread_blocked, id=50056, stack(0x0000007169100000,0x0000007169200000)]
  0x000001b8a2e94b80 JavaThread "Notification Thread" daemon [_thread_blocked, id=49836, stack(0x0000007169200000,0x0000007169300000)]
  0x000001b8a44a2010 JavaThread "Daemon health stats" [_thread_blocked, id=43392, stack(0x0000007169700000,0x0000007169800000)]
  0x000001b8a42358a0 JavaThread "Incoming local TCP Connector on port 54108" [_thread_in_native, id=49212, stack(0x0000007169800000,0x0000007169900000)]
  0x000001b8a3ed21f0 JavaThread "Daemon periodic checks" [_thread_blocked, id=41928, stack(0x0000007169900000,0x0000007169a00000)]
  0x000001b8a46535e0 JavaThread "Daemon" [_thread_blocked, id=48348, stack(0x0000007169a00000,0x0000007169b00000)]
  0x000001b8a462c830 JavaThread "Handler for socket connection from /127.0.0.1:54108 to /127.0.0.1:54109" [_thread_in_native, id=50084, stack(0x0000007169b00000,0x0000007169c00000)]
  0x000001b8a4863120 JavaThread "Cancel handler" [_thread_blocked, id=49244, stack(0x0000007169c00000,0x0000007169d00000)]
  0x000001b8a55b76d0 JavaThread "Daemon worker" [_thread_in_vm, id=47556, stack(0x0000007169d00000,0x0000007169e00000)]
  0x000001b8a55b5be0 JavaThread "Asynchronous log dispatcher for DefaultDaemonConnection: socket connection from /127.0.0.1:54108 to /127.0.0.1:54109" [_thread_blocked, id=45512, stack(0x0000007169e00000,0x0000007169f00000)]
  0x000001b8a55b60b0 JavaThread "Stdin handler" [_thread_blocked, id=49084, stack(0x0000007169f00000,0x000000716a000000)]
  0x000001b8a55b6a50 JavaThread "Daemon client event forwarder" [_thread_blocked, id=45676, stack(0x000000716a000000,0x000000716a100000)]
  0x000001b8a55b6f20 JavaThread "Cache worker for journal cache (C:\Users\lenovo\.gradle\caches\journal-1)" [_thread_blocked, id=49168, stack(0x000000716a100000,0x000000716a200000)]
  0x000001b8a55b6580 JavaThread "File lock request listener" [_thread_in_native, id=42224, stack(0x000000716a200000,0x000000716a300000)]
  0x000001b8a55b5710 JavaThread "Cache worker for file hash cache (C:\Users\lenovo\.gradle\caches\8.0\fileHashes)" [_thread_blocked, id=49312, stack(0x000000716a300000,0x000000716a400000)]
  0x000001b8a475ad70 JavaThread "File watcher server" daemon [_thread_in_native, id=49936, stack(0x000000716a400000,0x000000716a500000)]
  0x000001b8a475dd90 JavaThread "File watcher consumer" daemon [_thread_blocked, id=50012, stack(0x000000716a500000,0x000000716a600000)]
  0x000001b8a475e260 JavaThread "Cache worker for checksums cache (C:\Users\lenovo\AndroidStudioProjects\MyApplication\.gradle\8.0\checksums)" [_thread_blocked, id=47536, stack(0x000000716a600000,0x000000716a700000)]
  0x000001b8a4760db0 JavaThread "Cache worker for cache directory md-rule (C:\Users\lenovo\.gradle\caches\8.0\md-rule)" [_thread_blocked, id=48320, stack(0x000000716a700000,0x000000716a800000)]
  0x000001b8a475fa70 JavaThread "Cache worker for file content cache (C:\Users\lenovo\.gradle\caches\8.0\fileContent)" [_thread_blocked, id=49780, stack(0x000000716a800000,0x000000716a900000)]
  0x000001b8a475f5a0 JavaThread "Cache worker for file hash cache (C:\Users\lenovo\AndroidStudioProjects\MyApplication\.gradle\8.0\fileHashes)" [_thread_blocked, id=46708, stack(0x000000716a900000,0x000000716aa00000)]
  0x000001b8a475ca50 JavaThread "Cache worker for cache directory md-supplier (C:\Users\lenovo\.gradle\caches\8.0\md-supplier)" [_thread_blocked, id=48520, stack(0x000000716aa00000,0x000000716ab00000)]
  0x000001b8a475cf20 JavaThread "Cache worker for execution history cache (C:\Users\lenovo\.gradle\caches\8.0\executionHistory)" [_thread_blocked, id=49268, stack(0x000000716ab00000,0x000000716ac00000)]
  0x000001b8a475d3f0 JavaThread "jar transforms" [_thread_blocked, id=40460, stack(0x000000716ad00000,0x000000716ae00000)]
  0x000001b8a475bbe0 JavaThread "jar transforms Thread 2" [_thread_blocked, id=46564, stack(0x000000716ae00000,0x000000716af00000)]
  0x000001b8a475c0b0 JavaThread "jar transforms Thread 3" [_thread_blocked, id=48780, stack(0x000000716af00000,0x000000716b000000)]
  0x000001b8a4759f00 JavaThread "jar transforms Thread 4" [_thread_blocked, id=15576, stack(0x000000716b000000,0x000000716b100000)]
  0x000001b8a475c580 JavaThread "Cache worker for dependencies-accessors (C:\Users\lenovo\AndroidStudioProjects\MyApplication\.gradle\8.0\dependencies-accessors)" [_thread_blocked, id=49964, stack(0x000000716b100000,0x000000716b200000)]
  0x000001b8a475d8c0 JavaThread "Cache worker for Build Output Cleanup Cache (C:\Users\lenovo\AndroidStudioProjects\MyApplication\.gradle\buildOutputCleanup)" [_thread_blocked, id=44184, stack(0x000000716b200000,0x000000716b300000)]
  0x000001b8a475f0d0 JavaThread "Unconstrained build operations" [_thread_blocked, id=48552, stack(0x000000716b300000,0x000000716b400000)]
  0x000001b8a475ff40 JavaThread "Unconstrained build operations Thread 2" [_thread_blocked, id=38336, stack(0x000000716b400000,0x000000716b500000)]
  0x000001b8a4760410 JavaThread "Unconstrained build operations Thread 3" [_thread_blocked, id=50100, stack(0x000000716b500000,0x000000716b600000)]
  0x000001b8a47608e0 JavaThread "Unconstrained build operations Thread 4" [_thread_blocked, id=33132, stack(0x000000716b600000,0x000000716b700000)]
  0x000001b8a4759560 JavaThread "Unconstrained build operations Thread 5" [_thread_blocked, id=44208, stack(0x000000716b700000,0x000000716b800000)]
  0x000001b8a4759a30 JavaThread "Unconstrained build operations Thread 6" [_thread_blocked, id=49960, stack(0x000000716b800000,0x000000716b900000)]
  0x000001b8a475a3d0 JavaThread "Unconstrained build operations Thread 7" [_thread_blocked, id=49988, stack(0x000000716b900000,0x000000716ba00000)]
  0x000001b8a475a8a0 JavaThread "Unconstrained build operations Thread 8" [_thread_blocked, id=50036, stack(0x000000716ba00000,0x000000716bb00000)]
  0x000001b8a7784a10 JavaThread "Unconstrained build operations Thread 9" [_thread_blocked, id=46892, stack(0x000000716bb00000,0x000000716bc00000)]
  0x000001b8a77853b0 JavaThread "Unconstrained build operations Thread 10" [_thread_blocked, id=47248, stack(0x000000716bc00000,0x000000716bd00000)]
  0x000001b8a7784ee0 JavaThread "Unconstrained build operations Thread 11" [_thread_blocked, id=48436, stack(0x000000716bd00000,0x000000716be00000)]
  0x000001b8a7785880 JavaThread "Unconstrained build operations Thread 12" [_thread_blocked, id=49320, stack(0x000000716be00000,0x000000716bf00000)]
  0x000001b8a7787560 JavaThread "Unconstrained build operations Thread 13" [_thread_blocked, id=48996, stack(0x000000716bf00000,0x000000716c000000)]
  0x000001b8a7787090 JavaThread "Unconstrained build operations Thread 14" [_thread_blocked, id=24904, stack(0x000000716c000000,0x000000716c100000)]
  0x000001b8a7787a30 JavaThread "Unconstrained build operations Thread 15" [_thread_blocked, id=46548, stack(0x000000716c100000,0x000000716c200000)]
  0x000001b8a7785d50 JavaThread "Unconstrained build operations Thread 16" [_thread_blocked, id=48524, stack(0x000000716c200000,0x000000716c300000)]
  0x000001b8a7786220 JavaThread "Unconstrained build operations Thread 17" [_thread_blocked, id=49800, stack(0x000000716c300000,0x000000716c400000)]
  0x000001b8a77866f0 JavaThread "Unconstrained build operations Thread 18" [_thread_blocked, id=39120, stack(0x000000716c400000,0x000000716c500000)]
  0x000001b8a7786bc0 JavaThread "Unconstrained build operations Thread 19" [_thread_blocked, id=48856, stack(0x000000716c500000,0x000000716c600000)]
  0x000001b8a7784070 JavaThread "Unconstrained build operations Thread 20" [_thread_blocked, id=50032, stack(0x000000716c600000,0x000000716c700000)]
  0x000001b8a7784540 JavaThread "Unconstrained build operations Thread 21" [_thread_blocked, id=49164, stack(0x000000716c700000,0x000000716c800000)]
  0x000001b8a3006c80 JavaThread "Unconstrained build operations Thread 22" [_thread_blocked, id=49088, stack(0x000000716c800000,0x000000716c900000)]
  0x000001b8a3005470 JavaThread "Unconstrained build operations Thread 23" [_thread_blocked, id=44756, stack(0x000000716c900000,0x000000716ca00000)]
  0x000001b8a3007150 JavaThread "Unconstrained build operations Thread 24" [_thread_blocked, id=4440, stack(0x000000716ca00000,0x000000716cb00000)]
  0x000001b8a30032c0 JavaThread "Unconstrained build operations Thread 25" [_thread_blocked, id=48684, stack(0x000000716cb00000,0x000000716cc00000)]
  0x000001b8a3002920 JavaThread "Unconstrained build operations Thread 26" [_thread_blocked, id=47852, stack(0x000000716cc00000,0x000000716cd00000)]
  0x000001b8a3007af0 JavaThread "Unconstrained build operations Thread 27" [_thread_blocked, id=43648, stack(0x000000716cd00000,0x000000716ce00000)]
  0x000001b8a3008e30 JavaThread "Unconstrained build operations Thread 28" [_thread_blocked, id=48904, stack(0x000000716ce00000,0x000000716cf00000)]
  0x000001b8a3008490 JavaThread "Unconstrained build operations Thread 29" [_thread_blocked, id=45424, stack(0x000000716cf00000,0x000000716d000000)]
  0x000001b8a30062e0 JavaThread "Unconstrained build operations Thread 30" [_thread_blocked, id=45816, stack(0x000000716d000000,0x000000716d100000)]
  0x000001b8a3004600 JavaThread "Unconstrained build operations Thread 31" [_thread_blocked, id=45280, stack(0x000000716d100000,0x000000716d200000)]
  0x000001b8a3007fc0 JavaThread "Unconstrained build operations Thread 32" [_thread_blocked, id=49208, stack(0x000000716d200000,0x000000716d300000)]
  0x000001b8a3005e10 JavaThread "Unconstrained build operations Thread 33" [_thread_blocked, id=46748, stack(0x000000716d300000,0x000000716d400000)]
  0x000001b8a3004ad0 JavaThread "Unconstrained build operations Thread 34" [_thread_blocked, id=48140, stack(0x000000716d400000,0x000000716d500000)]
  0x000001b8a3008960 JavaThread "Unconstrained build operations Thread 35" [_thread_blocked, id=48580, stack(0x000000716d500000,0x000000716d600000)]
  0x000001b8a300a170 JavaThread "Unconstrained build operations Thread 36" [_thread_blocked, id=43580, stack(0x000000716d600000,0x000000716d700000)]
  0x000001b8a3007620 JavaThread "Unconstrained build operations Thread 37" [_thread_blocked, id=50172, stack(0x000000716d700000,0x000000716d800000)]
  0x000001b8a3009300 JavaThread "Unconstrained build operations Thread 38" [_thread_blocked, id=50048, stack(0x000000716d800000,0x000000716d900000)]
  0x000001b8a3003c60 JavaThread "Unconstrained build operations Thread 39" [_thread_blocked, id=47724, stack(0x000000716d900000,0x000000716da00000)]
  0x000001b8a3003790 JavaThread "Unconstrained build operations Thread 40" [_thread_blocked, id=50072, stack(0x000000716da00000,0x000000716db00000)]
  0x000001b8a3004fa0 JavaThread "build event listener" [_thread_blocked, id=48872, stack(0x000000716db00000,0x000000716dc00000)]
  0x000001b8a3009ca0 JavaThread "Memory manager" [_thread_blocked, id=41856, stack(0x000000716dc00000,0x000000716dd00000)]

Other Threads:
  0x000001b8a22dd030 VMThread "VM Thread" [stack: 0x0000007168700000,0x0000007168800000] [id=47868]
  0x000001b8a2d51960 WatcherThread [stack: 0x0000007169300000,0x0000007169400000] [id=50132]
  0x000001b888df8fc0 GCTaskThread "GC Thread#0" [stack: 0x0000007168200000,0x0000007168300000] [id=49188]
  0x000001b8a35feb20 GCTaskThread "GC Thread#1" [stack: 0x0000007169400000,0x0000007169500000] [id=45744]
  0x000001b8a3792c70 GCTaskThread "GC Thread#2" [stack: 0x0000007169500000,0x0000007169600000] [id=36316]
  0x000001b8a37caad0 GCTaskThread "GC Thread#3" [stack: 0x0000007169600000,0x0000007169700000] [id=43516]
  0x000001b888e0a060 ConcurrentGCThread "G1 Main Marker" [stack: 0x0000007168300000,0x0000007168400000] [id=32420]
  0x000001b888e0b210 ConcurrentGCThread "G1 Conc#0" [stack: 0x0000007168400000,0x0000007168500000] [id=39308]
  0x000001b888e57e90 ConcurrentGCThread "G1 Refine#0" [stack: 0x0000007168500000,0x0000007168600000] [id=50080]
  0x000001b8a62f6800 ConcurrentGCThread "G1 Refine#1" [stack: 0x000000716ac00000,0x000000716ad00000] [id=45284]
  0x000001b888e588b0 ConcurrentGCThread "G1 Service" [stack: 0x0000007168600000,0x0000007168700000] [id=47328]

Threads with active compile tasks:
C2 CompilerThread0    19963 8138       4       java.lang.Class::annotationData (44 bytes)

VM state: not at safepoint (normal execution)

VM Mutex/Monitor currently owned by a thread: None

Heap address: 0x0000000080000000, size: 2048 MB, Compressed Oops mode: 32-bit

CDS archive(s) not mapped
Compressed class space mapped at: 0x0000000100000000-0x0000000140000000, reserved size: 1073741824
Narrow klass base: 0x0000000000000000, Narrow klass shift: 3, Narrow klass range: 0x140000000

GC Precious Log:
 CPUs: 4 total, 4 available
 Memory: 3895M
 Large Page Support: Disabled
 NUMA Support: Disabled
 Compressed Oops: Enabled (32-bit)
 Heap Region Size: 1M
 Heap Min Capacity: 8M
 Heap Initial Capacity: 62M
 Heap Max Capacity: 2G
 Pre-touch: Disabled
 Parallel Workers: 4
 Concurrent Workers: 1
 Concurrent Refinement Workers: 4
 Periodic GC: Disabled

Heap:
 garbage-first heap   total 179200K, used 69951K [0x0000000080000000, 0x0000000100000000)
  region size 1024K, 9 young (9216K), 2 survivors (2048K)
 Metaspace       used 80820K, committed 81408K, reserved 1122304K
  class space    used 10987K, committed 11264K, reserved 1048576K

Heap Regions: E=young(eden), S=young(survivor), O=old, HS=humongous(starts), HC=humongous(continues), CS=collection set, F=free, OA=open archive, CA=closed archive, TAMS=top-at-mark-start (previous, next)
|   0|0x0000000080000000, 0x0000000080100000, 0x0000000080100000|100%| O|  |TAMS 0x0000000080100000, 0x0000000080000000| Untracked 
|   1|0x0000000080100000, 0x0000000080200000, 0x0000000080200000|100%| O|  |TAMS 0x0000000080200000, 0x0000000080100000| Untracked 
|   2|0x0000000080200000, 0x0000000080300000, 0x0000000080300000|100%|HS|  |TAMS 0x0000000080300000, 0x0000000080200000| Complete 
|   3|0x0000000080300000, 0x0000000080400000, 0x0000000080400000|100%|HC|  |TAMS 0x0000000080400000, 0x0000000080300000| Complete 
|   4|0x0000000080400000, 0x0000000080500000, 0x0000000080500000|100%|HC|  |TAMS 0x0000000080500000, 0x0000000080400000| Complete 
|   5|0x0000000080500000, 0x0000000080600000, 0x0000000080600000|100%|HC|  |TAMS 0x0000000080600000, 0x0000000080500000| Complete 
|   6|0x0000000080600000, 0x0000000080700000, 0x0000000080700000|100%| O|  |TAMS 0x0000000080700000, 0x0000000080600000| Untracked 
|   7|0x0000000080700000, 0x0000000080800000, 0x0000000080800000|100%| O|  |TAMS 0x0000000080800000, 0x0000000080700000| Untracked 
|   8|0x0000000080800000, 0x0000000080900000, 0x0000000080900000|100%| O|  |TAMS 0x0000000080900000, 0x0000000080800000| Untracked 
|   9|0x0000000080900000, 0x0000000080a00000, 0x0000000080a00000|100%| O|  |TAMS 0x0000000080a00000, 0x0000000080900000| Untracked 
|  10|0x0000000080a00000, 0x0000000080b00000, 0x0000000080b00000|100%| O|  |TAMS 0x0000000080b00000, 0x0000000080a00000| Untracked 
|  11|0x0000000080b00000, 0x0000000080c00000, 0x0000000080c00000|100%| O|  |TAMS 0x0000000080c00000, 0x0000000080b00000| Untracked 
|  12|0x0000000080c00000, 0x0000000080d00000, 0x0000000080d00000|100%| O|  |TAMS 0x0000000080d00000, 0x0000000080c00000| Untracked 
|  13|0x0000000080d00000, 0x0000000080e00000, 0x0000000080e00000|100%| O|  |TAMS 0x0000000080e00000, 0x0000000080d00000| Untracked 
|  14|0x0000000080e00000, 0x0000000080f00000, 0x0000000080f00000|100%| O|  |TAMS 0x0000000080f00000, 0x0000000080e00000| Untracked 
|  15|0x0000000080f00000, 0x0000000081000000, 0x0000000081000000|100%| O|  |TAMS 0x0000000081000000, 0x0000000080f00000| Untracked 
|  16|0x0000000081000000, 0x0000000081100000, 0x0000000081100000|100%| O|  |TAMS 0x0000000081100000, 0x0000000081000000| Untracked 
|  17|0x0000000081100000, 0x0000000081200000, 0x0000000081200000|100%| O|  |TAMS 0x0000000081200000, 0x0000000081100000| Untracked 
|  18|0x0000000081200000, 0x0000000081300000, 0x0000000081300000|100%| O|  |TAMS 0x0000000081300000, 0x0000000081200000| Untracked 
|  19|0x0000000081300000, 0x0000000081400000, 0x0000000081400000|100%| O|  |TAMS 0x0000000081400000, 0x0000000081300000| Untracked 
|  20|0x0000000081400000, 0x0000000081500000, 0x0000000081500000|100%| O|  |TAMS 0x0000000081500000, 0x0000000081400000| Untracked 
|  21|0x0000000081500000, 0x0000000081600000, 0x0000000081600000|100%| O|  |TAMS 0x0000000081600000, 0x0000000081500000| Untracked 
|  22|0x0000000081600000, 0x0000000081700000, 0x0000000081700000|100%| O|  |TAMS 0x0000000081700000, 0x0000000081600000| Untracked 
|  23|0x0000000081700000, 0x0000000081800000, 0x0000000081800000|100%| O|  |TAMS 0x0000000081700000, 0x0000000081700000| Untracked 
|  24|0x0000000081800000, 0x0000000081900000, 0x0000000081900000|100%| O|  |TAMS 0x0000000081900000, 0x0000000081800000| Untracked 
|  25|0x0000000081900000, 0x0000000081a00000, 0x0000000081a00000|100%| O|  |TAMS 0x0000000081a00000, 0x0000000081900000| Untracked 
|  26|0x0000000081a00000, 0x0000000081b00000, 0x0000000081b00000|100%| O|  |TAMS 0x0000000081b00000, 0x0000000081a00000| Untracked 
|  27|0x0000000081b00000, 0x0000000081c00000, 0x0000000081c00000|100%| O|  |TAMS 0x0000000081c00000, 0x0000000081b00000| Untracked 
|  28|0x0000000081c00000, 0x0000000081d00000, 0x0000000081d00000|100%| O|  |TAMS 0x0000000081d00000, 0x0000000081c00000| Untracked 
|  29|0x0000000081d00000, 0x0000000081e00000, 0x0000000081e00000|100%| O|  |TAMS 0x0000000081e00000, 0x0000000081d00000| Untracked 
|  30|0x0000000081e00000, 0x0000000081f00000, 0x0000000081f00000|100%| O|  |TAMS 0x0000000081f00000, 0x0000000081e00000| Untracked 
|  31|0x0000000081f00000, 0x0000000082000000, 0x0000000082000000|100%| O|  |TAMS 0x0000000082000000, 0x0000000081f00000| Untracked 
|  32|0x0000000082000000, 0x0000000082100000, 0x0000000082100000|100%|HS|  |TAMS 0x0000000082100000, 0x0000000082000000| Complete 
|  33|0x0000000082100000, 0x0000000082200000, 0x0000000082200000|100%| O|  |TAMS 0x0000000082200000, 0x0000000082100000| Untracked 
|  34|0x0000000082200000, 0x0000000082300000, 0x0000000082300000|100%| O|  |TAMS 0x0000000082300000, 0x0000000082200000| Untracked 
|  35|0x0000000082300000, 0x0000000082400000, 0x0000000082400000|100%|HS|  |TAMS 0x0000000082400000, 0x0000000082300000| Complete 
|  36|0x0000000082400000, 0x0000000082500000, 0x0000000082500000|100%| O|  |TAMS 0x0000000082500000, 0x0000000082400000| Untracked 
|  37|0x0000000082500000, 0x0000000082600000, 0x0000000082600000|100%| O|  |TAMS 0x0000000082600000, 0x0000000082500000| Untracked 
|  38|0x0000000082600000, 0x0000000082700000, 0x0000000082700000|100%| O|  |TAMS 0x0000000082700000, 0x0000000082600000| Untracked 
|  39|0x0000000082700000, 0x0000000082800000, 0x0000000082800000|100%| O|  |TAMS 0x0000000082800000, 0x0000000082700000| Untracked 
|  40|0x0000000082800000, 0x0000000082900000, 0x0000000082900000|100%| O|  |TAMS 0x0000000082900000, 0x0000000082800000| Untracked 
|  41|0x0000000082900000, 0x0000000082a00000, 0x0000000082a00000|100%| O|  |TAMS 0x0000000082a00000, 0x0000000082900000| Untracked 
|  42|0x0000000082a00000, 0x0000000082b00000, 0x0000000082b00000|100%| O|  |TAMS 0x0000000082b00000, 0x0000000082a00000| Untracked 
|  43|0x0000000082b00000, 0x0000000082c00000, 0x0000000082c00000|100%| O|  |TAMS 0x0000000082c00000, 0x0000000082b00000| Untracked 
|  44|0x0000000082c00000, 0x0000000082d00000, 0x0000000082d00000|100%| O|  |TAMS 0x0000000082d00000, 0x0000000082c00000| Untracked 
|  45|0x0000000082d00000, 0x0000000082e00000, 0x0000000082e00000|100%| O|  |TAMS 0x0000000082e00000, 0x0000000082d00000| Untracked 
|  46|0x0000000082e00000, 0x0000000082f00000, 0x0000000082f00000|100%| O|  |TAMS 0x0000000082f00000, 0x0000000082e00000| Untracked 
|  47|0x0000000082f00000, 0x0000000083000000, 0x0000000083000000|100%| O|  |TAMS 0x0000000082f63600, 0x0000000082f00000| Untracked 
|  48|0x0000000083000000, 0x0000000083100000, 0x0000000083100000|100%| O|  |TAMS 0x0000000083000000, 0x0000000083000000| Untracked 
|  49|0x0000000083100000, 0x0000000083200000, 0x0000000083200000|100%| O|  |TAMS 0x0000000083100000, 0x0000000083100000| Untracked 
|  50|0x0000000083200000, 0x0000000083300000, 0x0000000083300000|100%| O|  |TAMS 0x0000000083200000, 0x0000000083200000| Untracked 
|  51|0x0000000083300000, 0x0000000083400000, 0x0000000083400000|100%| O|  |TAMS 0x0000000083300000, 0x0000000083300000| Untracked 
|  52|0x0000000083400000, 0x0000000083500000, 0x0000000083500000|100%| O|  |TAMS 0x0000000083500000, 0x0000000083400000| Untracked 
|  53|0x0000000083500000, 0x0000000083600000, 0x0000000083600000|100%| O|  |TAMS 0x0000000083600000, 0x0000000083500000| Untracked 
|  54|0x0000000083600000, 0x0000000083700000, 0x0000000083700000|100%| O|  |TAMS 0x0000000083600000, 0x0000000083600000| Untracked 
|  55|0x0000000083700000, 0x0000000083800000, 0x0000000083800000|100%| O|  |TAMS 0x0000000083700000, 0x0000000083700000| Untracked 
|  56|0x0000000083800000, 0x0000000083900000, 0x0000000083900000|100%| O|  |TAMS 0x0000000083800000, 0x0000000083800000| Untracked 
|  57|0x0000000083900000, 0x0000000083a00000, 0x0000000083a00000|100%| O|  |TAMS 0x0000000083900000, 0x0000000083900000| Untracked 
|  58|0x0000000083a00000, 0x0000000083b00000, 0x0000000083b00000|100%| O|  |TAMS 0x0000000083a00000, 0x0000000083a00000| Untracked 
|  59|0x0000000083b00000, 0x0000000083c00000, 0x0000000083c00000|100%| O|  |TAMS 0x0000000083b00000, 0x0000000083b00000| Untracked 
|  60|0x0000000083c00000, 0x0000000083c76600, 0x0000000083d00000| 46%| O|  |TAMS 0x0000000083c00000, 0x0000000083c00000| Untracked 
|  61|0x0000000083d00000, 0x0000000083d00000, 0x0000000083e00000|  0%| F|  |TAMS 0x0000000083d00000, 0x0000000083d00000| Untracked 
|  62|0x0000000083e00000, 0x0000000083e00000, 0x0000000083f00000|  0%| F|  |TAMS 0x0000000083e00000, 0x0000000083e00000| Untracked 
|  63|0x0000000083f00000, 0x0000000083f00000, 0x0000000084000000|  0%| F|  |TAMS 0x0000000083f00000, 0x0000000083f00000| Untracked 
|  64|0x0000000084000000, 0x0000000084000000, 0x0000000084100000|  0%| F|  |TAMS 0x0000000084000000, 0x0000000084000000| Untracked 
|  65|0x0000000084100000, 0x0000000084100000, 0x0000000084200000|  0%| F|  |TAMS 0x0000000084100000, 0x0000000084100000| Untracked 
|  66|0x0000000084200000, 0x0000000084200000, 0x0000000084300000|  0%| F|  |TAMS 0x0000000084200000, 0x0000000084200000| Untracked 
|  67|0x0000000084300000, 0x0000000084300000, 0x0000000084400000|  0%| F|  |TAMS 0x0000000084300000, 0x0000000084300000| Untracked 
|  68|0x0000000084400000, 0x0000000084400000, 0x0000000084500000|  0%| F|  |TAMS 0x0000000084400000, 0x0000000084400000| Untracked 
|  69|0x0000000084500000, 0x0000000084500000, 0x0000000084600000|  0%| F|  |TAMS 0x0000000084500000, 0x0000000084500000| Untracked 
|  70|0x0000000084600000, 0x0000000084600000, 0x0000000084700000|  0%| F|  |TAMS 0x0000000084600000, 0x0000000084600000| Untracked 
|  71|0x0000000084700000, 0x0000000084700000, 0x0000000084800000|  0%| F|  |TAMS 0x0000000084700000, 0x0000000084700000| Untracked 
|  72|0x0000000084800000, 0x0000000084800000, 0x0000000084900000|  0%| F|  |TAMS 0x0000000084800000, 0x0000000084800000| Untracked 
|  73|0x0000000084900000, 0x0000000084900000, 0x0000000084a00000|  0%| F|  |TAMS 0x0000000084900000, 0x0000000084900000| Untracked 
|  74|0x0000000084a00000, 0x0000000084a00000, 0x0000000084b00000|  0%| F|  |TAMS 0x0000000084a00000, 0x0000000084a00000| Untracked 
|  75|0x0000000084b00000, 0x0000000084b00000, 0x0000000084c00000|  0%| F|  |TAMS 0x0000000084b00000, 0x0000000084b00000| Untracked 
|  76|0x0000000084c00000, 0x0000000084c00000, 0x0000000084d00000|  0%| F|  |TAMS 0x0000000084c00000, 0x0000000084c00000| Untracked 
|  77|0x0000000084d00000, 0x0000000084d00000, 0x0000000084e00000|  0%| F|  |TAMS 0x0000000084d00000, 0x0000000084d00000| Untracked 
|  78|0x0000000084e00000, 0x0000000084e00000, 0x0000000084f00000|  0%| F|  |TAMS 0x0000000084e00000, 0x0000000084e00000| Untracked 
|  79|0x0000000084f00000, 0x0000000084f00000, 0x0000000085000000|  0%| F|  |TAMS 0x0000000084f00000, 0x0000000084f00000| Untracked 
|  80|0x0000000085000000, 0x0000000085000000, 0x0000000085100000|  0%| F|  |TAMS 0x0000000085000000, 0x0000000085000000| Untracked 
|  81|0x0000000085100000, 0x0000000085100000, 0x0000000085200000|  0%| F|  |TAMS 0x0000000085100000, 0x0000000085100000| Untracked 
|  82|0x0000000085200000, 0x0000000085200000, 0x0000000085300000|  0%| F|  |TAMS 0x0000000085200000, 0x0000000085200000| Untracked 
|  83|0x0000000085300000, 0x0000000085300000, 0x0000000085400000|  0%| F|  |TAMS 0x0000000085300000, 0x0000000085300000| Untracked 
|  84|0x0000000085400000, 0x0000000085400000, 0x0000000085500000|  0%| F|  |TAMS 0x0000000085400000, 0x0000000085400000| Untracked 
|  85|0x0000000085500000, 0x0000000085500000, 0x0000000085600000|  0%| F|  |TAMS 0x0000000085500000, 0x0000000085500000| Untracked 
|  86|0x0000000085600000, 0x0000000085600000, 0x0000000085700000|  0%| F|  |TAMS 0x0000000085600000, 0x0000000085600000| Untracked 
|  87|0x0000000085700000, 0x0000000085700000, 0x0000000085800000|  0%| F|  |TAMS 0x0000000085700000, 0x0000000085700000| Untracked 
|  88|0x0000000085800000, 0x0000000085800000, 0x0000000085900000|  0%| F|  |TAMS 0x0000000085800000, 0x0000000085800000| Untracked 
|  89|0x0000000085900000, 0x0000000085900000, 0x0000000085a00000|  0%| F|  |TAMS 0x0000000085900000, 0x0000000085900000| Untracked 
|  90|0x0000000085a00000, 0x0000000085a00000, 0x0000000085b00000|  0%| F|  |TAMS 0x0000000085a00000, 0x0000000085a00000| Untracked 
|  91|0x0000000085b00000, 0x0000000085b00000, 0x0000000085c00000|  0%| F|  |TAMS 0x0000000085b00000, 0x0000000085b00000| Untracked 
|  92|0x0000000085c00000, 0x0000000085c00000, 0x0000000085d00000|  0%| F|  |TAMS 0x0000000085c00000, 0x0000000085c00000| Untracked 
|  93|0x0000000085d00000, 0x0000000085d00000, 0x0000000085e00000|  0%| F|  |TAMS 0x0000000085d00000, 0x0000000085d00000| Untracked 
|  94|0x0000000085e00000, 0x0000000085e00000, 0x0000000085f00000|  0%| F|  |TAMS 0x0000000085e00000, 0x0000000085e00000| Untracked 
|  95|0x0000000085f00000, 0x0000000085f00000, 0x0000000086000000|  0%| F|  |TAMS 0x0000000085f00000, 0x0000000085f00000| Untracked 
|  96|0x0000000086000000, 0x0000000086000000, 0x0000000086100000|  0%| F|  |TAMS 0x0000000086000000, 0x0000000086000000| Untracked 
|  97|0x0000000086100000, 0x0000000086100000, 0x0000000086200000|  0%| F|  |TAMS 0x0000000086100000, 0x0000000086100000| Untracked 
|  98|0x0000000086200000, 0x0000000086200000, 0x0000000086300000|  0%| F|  |TAMS 0x0000000086200000, 0x0000000086200000| Untracked 
|  99|0x0000000086300000, 0x0000000086300000, 0x0000000086400000|  0%| F|  |TAMS 0x0000000086300000, 0x0000000086300000| Untracked 
| 100|0x0000000086400000, 0x0000000086400000, 0x0000000086500000|  0%| F|  |TAMS 0x0000000086400000, 0x0000000086400000| Untracked 
| 101|0x0000000086500000, 0x0000000086500000, 0x0000000086600000|  0%| F|  |TAMS 0x0000000086500000, 0x0000000086500000| Untracked 
| 102|0x0000000086600000, 0x0000000086600000, 0x0000000086700000|  0%| F|  |TAMS 0x0000000086600000, 0x0000000086600000| Untracked 
| 103|0x0000000086700000, 0x0000000086700000, 0x0000000086800000|  0%| F|  |TAMS 0x0000000086700000, 0x0000000086700000| Untracked 
| 104|0x0000000086800000, 0x0000000086800000, 0x0000000086900000|  0%| F|  |TAMS 0x0000000086800000, 0x0000000086800000| Untracked 
| 105|0x0000000086900000, 0x0000000086900000, 0x0000000086a00000|  0%| F|  |TAMS 0x0000000086900000, 0x0000000086900000| Untracked 
| 106|0x0000000086a00000, 0x0000000086a00000, 0x0000000086b00000|  0%| F|  |TAMS 0x0000000086a00000, 0x0000000086a00000| Untracked 
| 107|0x0000000086b00000, 0x0000000086b00000, 0x0000000086c00000|  0%| F|  |TAMS 0x0000000086b00000, 0x0000000086b00000| Untracked 
| 108|0x0000000086c00000, 0x0000000086c00000, 0x0000000086d00000|  0%| F|  |TAMS 0x0000000086c00000, 0x0000000086c00000| Untracked 
| 109|0x0000000086d00000, 0x0000000086d00000, 0x0000000086e00000|  0%| F|  |TAMS 0x0000000086d00000, 0x0000000086d00000| Untracked 
| 110|0x0000000086e00000, 0x0000000086e00000, 0x0000000086f00000|  0%| F|  |TAMS 0x0000000086e00000, 0x0000000086e00000| Untracked 
| 111|0x0000000086f00000, 0x0000000086f00000, 0x0000000087000000|  0%| F|  |TAMS 0x0000000086f00000, 0x0000000086f00000| Untracked 
| 112|0x0000000087000000, 0x0000000087000000, 0x0000000087100000|  0%| F|  |TAMS 0x0000000087000000, 0x0000000087000000| Untracked 
| 113|0x0000000087100000, 0x0000000087100000, 0x0000000087200000|  0%| F|  |TAMS 0x0000000087100000, 0x0000000087100000| Untracked 
| 114|0x0000000087200000, 0x0000000087200000, 0x0000000087300000|  0%| F|  |TAMS 0x0000000087200000, 0x0000000087200000| Untracked 
| 115|0x0000000087300000, 0x0000000087300000, 0x0000000087400000|  0%| F|  |TAMS 0x0000000087300000, 0x0000000087300000| Untracked 
| 116|0x0000000087400000, 0x0000000087400000, 0x0000000087500000|  0%| F|  |TAMS 0x0000000087400000, 0x0000000087400000| Untracked 
| 117|0x0000000087500000, 0x0000000087500000, 0x0000000087600000|  0%| F|  |TAMS 0x0000000087500000, 0x0000000087500000| Untracked 
| 118|0x0000000087600000, 0x0000000087600000, 0x0000000087700000|  0%| F|  |TAMS 0x0000000087600000, 0x0000000087600000| Untracked 
| 119|0x0000000087700000, 0x0000000087700000, 0x0000000087800000|  0%| F|  |TAMS 0x0000000087700000, 0x0000000087700000| Untracked 
| 120|0x0000000087800000, 0x0000000087800000, 0x0000000087900000|  0%| F|  |TAMS 0x0000000087800000, 0x0000000087800000| Untracked 
| 121|0x0000000087900000, 0x0000000087900000, 0x0000000087a00000|  0%| F|  |TAMS 0x0000000087900000, 0x0000000087900000| Untracked 
| 122|0x0000000087a00000, 0x0000000087a00000, 0x0000000087b00000|  0%| F|  |TAMS 0x0000000087a00000, 0x0000000087a00000| Untracked 
| 123|0x0000000087b00000, 0x0000000087b00000, 0x0000000087c00000|  0%| F|  |TAMS 0x0000000087b00000, 0x0000000087b00000| Untracked 
| 124|0x0000000087c00000, 0x0000000087c00000, 0x0000000087d00000|  0%| F|  |TAMS 0x0000000087c00000, 0x0000000087c00000| Untracked 
| 125|0x0000000087d00000, 0x0000000087d00000, 0x0000000087e00000|  0%| F|  |TAMS 0x0000000087d00000, 0x0000000087d00000| Untracked 
| 126|0x0000000087e00000, 0x0000000087e00000, 0x0000000087f00000|  0%| F|  |TAMS 0x0000000087e00000, 0x0000000087e00000| Untracked 
| 127|0x0000000087f00000, 0x0000000087f00000, 0x0000000088000000|  0%| F|  |TAMS 0x0000000087f00000, 0x0000000087f00000| Untracked 
| 128|0x0000000088000000, 0x0000000088000000, 0x0000000088100000|  0%| F|  |TAMS 0x0000000088000000, 0x0000000088000000| Untracked 
| 129|0x0000000088100000, 0x0000000088100000, 0x0000000088200000|  0%| F|  |TAMS 0x0000000088100000, 0x0000000088100000| Untracked 
| 130|0x0000000088200000, 0x0000000088200000, 0x0000000088300000|  0%| F|  |TAMS 0x0000000088200000, 0x0000000088200000| Untracked 
| 131|0x0000000088300000, 0x0000000088300000, 0x0000000088400000|  0%| F|  |TAMS 0x0000000088300000, 0x0000000088300000| Untracked 
| 132|0x0000000088400000, 0x0000000088400000, 0x0000000088500000|  0%| F|  |TAMS 0x0000000088400000, 0x0000000088400000| Untracked 
| 133|0x0000000088500000, 0x0000000088500000, 0x0000000088600000|  0%| F|  |TAMS 0x0000000088500000, 0x0000000088500000| Untracked 
| 134|0x0000000088600000, 0x0000000088600000, 0x0000000088700000|  0%| F|  |TAMS 0x0000000088600000, 0x0000000088600000| Untracked 
| 135|0x0000000088700000, 0x0000000088700000, 0x0000000088800000|  0%| F|  |TAMS 0x0000000088700000, 0x0000000088700000| Untracked 
| 136|0x0000000088800000, 0x0000000088800000, 0x0000000088900000|  0%| F|  |TAMS 0x0000000088800000, 0x0000000088800000| Untracked 
| 137|0x0000000088900000, 0x0000000088900000, 0x0000000088a00000|  0%| F|  |TAMS 0x0000000088900000, 0x0000000088900000| Untracked 
| 138|0x0000000088a00000, 0x0000000088a00000, 0x0000000088b00000|  0%| F|  |TAMS 0x0000000088a00000, 0x0000000088a00000| Untracked 
| 139|0x0000000088b00000, 0x0000000088b00000, 0x0000000088c00000|  0%| F|  |TAMS 0x0000000088b00000, 0x0000000088b00000| Untracked 
| 140|0x0000000088c00000, 0x0000000088c00000, 0x0000000088d00000|  0%| F|  |TAMS 0x0000000088c00000, 0x0000000088c00000| Untracked 
| 141|0x0000000088d00000, 0x0000000088d00000, 0x0000000088e00000|  0%| F|  |TAMS 0x0000000088d00000, 0x0000000088d00000| Untracked 
| 142|0x0000000088e00000, 0x0000000088e00000, 0x0000000088f00000|  0%| F|  |TAMS 0x0000000088e00000, 0x0000000088e00000| Untracked 
| 143|0x0000000088f00000, 0x0000000088f00000, 0x0000000089000000|  0%| F|  |TAMS 0x0000000088f00000, 0x0000000088f00000| Untracked 
| 144|0x0000000089000000, 0x0000000089000000, 0x0000000089100000|  0%| F|  |TAMS 0x0000000089000000, 0x0000000089000000| Untracked 
| 145|0x0000000089100000, 0x0000000089100000, 0x0000000089200000|  0%| F|  |TAMS 0x0000000089100000, 0x0000000089100000| Untracked 
| 146|0x0000000089200000, 0x0000000089200000, 0x0000000089300000|  0%| F|  |TAMS 0x0000000089200000, 0x0000000089200000| Untracked 
| 147|0x0000000089300000, 0x0000000089300000, 0x0000000089400000|  0%| F|  |TAMS 0x0000000089300000, 0x0000000089300000| Untracked 
| 148|0x0000000089400000, 0x0000000089400000, 0x0000000089500000|  0%| F|  |TAMS 0x0000000089400000, 0x0000000089400000| Untracked 
| 149|0x0000000089500000, 0x0000000089500000, 0x0000000089600000|  0%| F|  |TAMS 0x0000000089500000, 0x0000000089500000| Untracked 
| 150|0x0000000089600000, 0x0000000089600000, 0x0000000089700000|  0%| F|  |TAMS 0x0000000089600000, 0x0000000089600000| Untracked 
| 151|0x0000000089700000, 0x0000000089700000, 0x0000000089800000|  0%| F|  |TAMS 0x0000000089700000, 0x0000000089700000| Untracked 
| 152|0x0000000089800000, 0x0000000089800000, 0x0000000089900000|  0%| F|  |TAMS 0x0000000089800000, 0x0000000089800000| Untracked 
| 153|0x0000000089900000, 0x0000000089900000, 0x0000000089a00000|  0%| F|  |TAMS 0x0000000089900000, 0x0000000089900000| Untracked 
| 154|0x0000000089a00000, 0x0000000089a00000, 0x0000000089b00000|  0%| F|  |TAMS 0x0000000089a00000, 0x0000000089a00000| Untracked 
| 155|0x0000000089b00000, 0x0000000089b00000, 0x0000000089c00000|  0%| F|  |TAMS 0x0000000089b00000, 0x0000000089b00000| Untracked 
| 156|0x0000000089c00000, 0x0000000089c00000, 0x0000000089d00000|  0%| F|  |TAMS 0x0000000089c00000, 0x0000000089c00000| Untracked 
| 157|0x0000000089d00000, 0x0000000089d00000, 0x0000000089e00000|  0%| F|  |TAMS 0x0000000089d00000, 0x0000000089d00000| Untracked 
| 158|0x0000000089e00000, 0x0000000089e00000, 0x0000000089f00000|  0%| F|  |TAMS 0x0000000089e00000, 0x0000000089e00000| Untracked 
| 159|0x0000000089f00000, 0x0000000089f00000, 0x000000008a000000|  0%| F|  |TAMS 0x0000000089f00000, 0x0000000089f00000| Untracked 
| 160|0x000000008a000000, 0x000000008a000000, 0x000000008a100000|  0%| F|  |TAMS 0x000000008a000000, 0x000000008a000000| Untracked 
| 161|0x000000008a100000, 0x000000008a100000, 0x000000008a200000|  0%| F|  |TAMS 0x000000008a100000, 0x000000008a100000| Untracked 
| 162|0x000000008a200000, 0x000000008a200000, 0x000000008a300000|  0%| F|  |TAMS 0x000000008a200000, 0x000000008a200000| Untracked 
| 163|0x000000008a300000, 0x000000008a300000, 0x000000008a400000|  0%| F|  |TAMS 0x000000008a300000, 0x000000008a300000| Untracked 
| 164|0x000000008a400000, 0x000000008a400000, 0x000000008a500000|  0%| F|  |TAMS 0x000000008a400000, 0x000000008a400000| Untracked 
| 165|0x000000008a500000, 0x000000008a500000, 0x000000008a600000|  0%| F|  |TAMS 0x000000008a500000, 0x000000008a500000| Untracked 
| 166|0x000000008a600000, 0x000000008a6d99b0, 0x000000008a700000| 85%| S|CS|TAMS 0x000000008a600000, 0x000000008a600000| Complete 
| 167|0x000000008a700000, 0x000000008a800000, 0x000000008a800000|100%| S|CS|TAMS 0x000000008a700000, 0x000000008a700000| Complete 
| 168|0x000000008a800000, 0x000000008a900000, 0x000000008a900000|100%| E|  |TAMS 0x000000008a800000, 0x000000008a800000| Complete 
| 169|0x000000008a900000, 0x000000008aa00000, 0x000000008aa00000|100%| E|CS|TAMS 0x000000008a900000, 0x000000008a900000| Complete 
| 170|0x000000008aa00000, 0x000000008ab00000, 0x000000008ab00000|100%| E|CS|TAMS 0x000000008aa00000, 0x000000008aa00000| Complete 
| 171|0x000000008ab00000, 0x000000008ac00000, 0x000000008ac00000|100%| E|CS|TAMS 0x000000008ab00000, 0x000000008ab00000| Complete 
| 172|0x000000008ac00000, 0x000000008ad00000, 0x000000008ad00000|100%| E|CS|TAMS 0x000000008ac00000, 0x000000008ac00000| Complete 
| 173|0x000000008ad00000, 0x000000008ae00000, 0x000000008ae00000|100%| E|CS|TAMS 0x000000008ad00000, 0x000000008ad00000| Complete 
| 174|0x000000008ae00000, 0x000000008af00000, 0x000000008af00000|100%| E|CS|TAMS 0x000000008ae00000, 0x000000008ae00000| Complete 

Card table byte_map: [0x000001b89b670000,0x000001b89ba70000] _byte_map_base: 0x000001b89b270000

Marking Bits (Prev, Next): (CMBitMap*) 0x000001b888df9610, (CMBitMap*) 0x000001b888df95d0
 Prev Bits: [0x000001b89de70000, 0x000001b89fe70000)
 Next Bits: [0x000001b89be70000, 0x000001b89de70000)

Polling page: 0x000001b886ce0000

Metaspace:

Usage:
  Non-class:     68.20 MB used.
      Class:     10.73 MB used.
       Both:     78.93 MB used.

Virtual space:
  Non-class space:       72.00 MB reserved,      68.50 MB ( 95%) committed,  9 nodes.
      Class space:        1.00 GB reserved,      11.00 MB (  1%) committed,  1 nodes.
             Both:        1.07 GB reserved,      79.50 MB (  7%) committed. 

Chunk freelists:
   Non-Class:  3.34 MB
       Class:  1.02 MB
        Both:  4.36 MB

MaxMetaspaceSize: unlimited
CompressedClassSpaceSize: 1.00 GB
Initial GC threshold: 21.00 MB
Current GC threshold: 109.69 MB
CDS: off
MetaspaceReclaimPolicy: balanced
 - commit_granule_bytes: 65536.
 - commit_granule_words: 8192.
 - virtual_space_node_default_size: 1048576.
 - enlarge_chunks_in_place: 1.
 - new_chunks_are_fully_committed: 0.
 - uncommit_free_chunks: 1.
 - use_allocation_guard: 0.
 - handle_deallocations: 1.


Internal statistics:

num_allocs_failed_limit: 6.
num_arena_births: 722.
num_arena_deaths: 0.
num_vsnodes_births: 10.
num_vsnodes_deaths: 0.
num_space_committed: 1272.
num_space_uncommitted: 0.
num_chunks_returned_to_freelist: 6.
num_chunks_taken_from_freelist: 3519.
num_chunk_merges: 6.
num_chunk_splits: 2354.
num_chunks_enlarged: 1597.
num_purges: 0.
num_inconsistent_stats: 0.

CodeHeap 'non-profiled nmethods': size=120000Kb used=4007Kb max_used=4007Kb free=115992Kb
 bounds [0x000001b893d40000, 0x000001b894130000, 0x000001b89b270000]
CodeHeap 'profiled nmethods': size=120000Kb used=14473Kb max_used=14473Kb free=105526Kb
 bounds [0x000001b88c270000, 0x000001b88d0a0000, 0x000001b8937a0000]
CodeHeap 'non-nmethods': size=5760Kb used=2373Kb max_used=2434Kb free=3386Kb
 bounds [0x000001b8937a0000, 0x000001b893a10000, 0x000001b893d40000]
 total_blobs=8271 nmethods=7379 adapters=804
 compilation: enabled
              stopped_count=0, restarted_count=0
 full_count=0

Compilation events (20 events):
Event: 19.774 Thread 0x000001b8a2d44200 8169       3       org.gradle.api.internal.tasks.CachingTaskDependencyResolveContext$TaskGraphImpl::getNodeValues (172 bytes)
Event: 19.778 Thread 0x000001b8a2d44200 nmethod 8169 0x000001b88d06b710 code [0x000001b88d06bb20, 0x000001b88d06db18]
Event: 19.782 Thread 0x000001b8a2d44200 8171       1       org.gradle.api.internal.provider.ValueSupplier$Present::getWithoutSideEffect (5 bytes)
Event: 19.782 Thread 0x000001b8a2d44200 nmethod 8171 0x000001b894128f90 code [0x000001b894129120, 0x000001b8941291f8]
Event: 19.782 Thread 0x000001b8a2d44200 8172       3       java.util.ArrayDeque::toArray (99 bytes)
Event: 19.783 Thread 0x000001b8a2d44200 nmethod 8172 0x000001b88d06e490 code [0x000001b88d06e680, 0x000001b88d06ec58]
Event: 19.784 Thread 0x000001b8a2d44200 8173       3       org.gradle.internal.graph.CachingDirectedGraphWalker$GraphWithEmptyEdges::getEdgeValues (1 bytes)
Event: 19.784 Thread 0x000001b8a2d44200 nmethod 8173 0x000001b88d06ee10 code [0x000001b88d06efa0, 0x000001b88d06f0b8]
Event: 19.786 Thread 0x000001b8a2d44200 8174       3       java.util.ArrayDeque::copyElements (13 bytes)
Event: 19.787 Thread 0x000001b8a2d44200 nmethod 8174 0x000001b88d06f190 code [0x000001b88d06f3a0, 0x000001b88d06f9d8]
Event: 19.787 Thread 0x000001b8a2d44200 8175       3       java.util.ArrayDeque$$Lambda$636/0x00000001005772e0::<init> (10 bytes)
Event: 19.787 Thread 0x000001b8a2d44200 nmethod 8175 0x000001b88d06fc10 code [0x000001b88d06fda0, 0x000001b88d06ff58]
Event: 19.787 Thread 0x000001b8a2d44200 8176       3       java.util.ArrayDeque$$Lambda$636/0x00000001005772e0::accept (9 bytes)
Event: 19.787 Thread 0x000001b8a2d44200 nmethod 8176 0x000001b88d070010 code [0x000001b88d0701c0, 0x000001b88d070328]
Event: 19.791 Thread 0x000001b8a2d44200 8177       3       com.google.common.collect.RegularImmutableMap::createValues (9 bytes)
Event: 19.792 Thread 0x000001b8a2d44200 nmethod 8177 0x000001b88d070410 code [0x000001b88d0705e0, 0x000001b88d070978]
Event: 19.792 Thread 0x000001b8a2d44200 8179       3       org.gradle.internal.properties.annotations.DefaultTypeMetadataStore$DefaultTypeMetadata::getAnnotationHandlerFor (17 bytes)
Event: 19.792 Thread 0x000001b8a2d44200 nmethod 8179 0x000001b88d070b10 code [0x000001b88d070cc0, 0x000001b88d070fe8]
Event: 19.792 Thread 0x000001b8a2d44200 8178       3       com.google.common.collect.RegularImmutableMap$Values::<init> (10 bytes)
Event: 19.793 Thread 0x000001b8a2d44200 nmethod 8178 0x000001b88d071110 code [0x000001b88d0712c0, 0x000001b88d071598]

GC Heap History (20 events):
Event: 8.156 GC heap before
{Heap before GC invocations=24 (full 0):
 garbage-first heap   total 83968K, used 47510K [0x0000000080000000, 0x0000000100000000)
  region size 1024K, 4 young (4096K), 1 survivors (1024K)
 Metaspace       used 56665K, committed 57152K, reserved 1105920K
  class space    used 7461K, committed 7680K, reserved 1048576K
}
Event: 8.158 GC heap after
{Heap after GC invocations=25 (full 0):
 garbage-first heap   total 101376K, used 45160K [0x0000000080000000, 0x0000000100000000)
  region size 1024K, 1 young (1024K), 1 survivors (1024K)
 Metaspace       used 56665K, committed 57152K, reserved 1105920K
  class space    used 7461K, committed 7680K, reserved 1048576K
}
Event: 8.613 GC heap before
{Heap before GC invocations=25 (full 0):
 garbage-first heap   total 101376K, used 70760K [0x0000000080000000, 0x0000000100000000)
  region size 1024K, 26 young (26624K), 1 survivors (1024K)
 Metaspace       used 60981K, committed 61504K, reserved 1105920K
  class space    used 8083K, committed 8320K, reserved 1048576K
}
Event: 8.617 GC heap after
{Heap after GC invocations=26 (full 0):
 garbage-first heap   total 101376K, used 46375K [0x0000000080000000, 0x0000000100000000)
  region size 1024K, 2 young (2048K), 2 survivors (2048K)
 Metaspace       used 60981K, committed 61504K, reserved 1105920K
  class space    used 8083K, committed 8320K, reserved 1048576K
}
Event: 8.737 GC heap before
{Heap before GC invocations=26 (full 0):
 garbage-first heap   total 101376K, used 51495K [0x0000000080000000, 0x0000000100000000)
  region size 1024K, 8 young (8192K), 2 survivors (2048K)
 Metaspace       used 62513K, committed 62976K, reserved 1105920K
  class space    used 8255K, committed 8448K, reserved 1048576K
}
Event: 8.740 GC heap after
{Heap after GC invocations=27 (full 0):
 garbage-first heap   total 101376K, used 47603K [0x0000000080000000, 0x0000000100000000)
  region size 1024K, 4 young (4096K), 4 survivors (4096K)
 Metaspace       used 62513K, committed 62976K, reserved 1105920K
  class space    used 8255K, committed 8448K, reserved 1048576K
}
Event: 8.748 GC heap before
{Heap before GC invocations=27 (full 0):
 garbage-first heap   total 101376K, used 51699K [0x0000000080000000, 0x0000000100000000)
  region size 1024K, 8 young (8192K), 4 survivors (4096K)
 Metaspace       used 62513K, committed 62976K, reserved 1105920K
  class space    used 8255K, committed 8448K, reserved 1048576K
}
Event: 8.752 GC heap after
{Heap after GC invocations=28 (full 0):
 garbage-first heap   total 101376K, used 50475K [0x0000000080000000, 0x0000000100000000)
  region size 1024K, 4 young (4096K), 4 survivors (4096K)
 Metaspace       used 62513K, committed 62976K, reserved 1105920K
  class space    used 8255K, committed 8448K, reserved 1048576K
}
Event: 9.262 GC heap before
{Heap before GC invocations=29 (full 0):
 garbage-first heap   total 109568K, used 76075K [0x0000000080000000, 0x0000000100000000)
  region size 1024K, 24 young (24576K), 4 survivors (4096K)
 Metaspace       used 64122K, committed 64576K, reserved 1105920K
  class space    used 8451K, committed 8640K, reserved 1048576K
}
Event: 9.269 GC heap after
{Heap after GC invocations=30 (full 0):
 garbage-first heap   total 109568K, used 50115K [0x0000000080000000, 0x0000000100000000)
  region size 1024K, 2 young (2048K), 2 survivors (2048K)
 Metaspace       used 64122K, committed 64576K, reserved 1105920K
  class space    used 8451K, committed 8640K, reserved 1048576K
}
Event: 9.310 GC heap before
{Heap before GC invocations=30 (full 0):
 garbage-first heap   total 109568K, used 53187K [0x0000000080000000, 0x0000000100000000)
  region size 1024K, 5 young (5120K), 2 survivors (2048K)
 Metaspace       used 64441K, committed 64960K, reserved 1105920K
  class space    used 8497K, committed 8704K, reserved 1048576K
}
Event: 9.317 GC heap after
{Heap after GC invocations=31 (full 0):
 garbage-first heap   total 109568K, used 50019K [0x0000000080000000, 0x0000000100000000)
  region size 1024K, 1 young (1024K), 1 survivors (1024K)
 Metaspace       used 64441K, committed 64960K, reserved 1105920K
  class space    used 8497K, committed 8704K, reserved 1048576K
}
Event: 9.631 GC heap before
{Heap before GC invocations=31 (full 0):
 garbage-first heap   total 109568K, used 77667K [0x0000000080000000, 0x0000000100000000)
  region size 1024K, 28 young (28672K), 1 survivors (1024K)
 Metaspace       used 66694K, committed 67264K, reserved 1114112K
  class space    used 8768K, committed 9024K, reserved 1048576K
}
Event: 9.635 GC heap after
{Heap after GC invocations=32 (full 0):
 garbage-first heap   total 179200K, used 52354K [0x0000000080000000, 0x0000000100000000)
  region size 1024K, 3 young (3072K), 3 survivors (3072K)
 Metaspace       used 66694K, committed 67264K, reserved 1114112K
  class space    used 8768K, committed 9024K, reserved 1048576K
}
Event: 10.828 GC heap before
{Heap before GC invocations=33 (full 0):
 garbage-first heap   total 179200K, used 120962K [0x0000000080000000, 0x0000000100000000)
  region size 1024K, 69 young (70656K), 3 survivors (3072K)
 Metaspace       used 70784K, committed 71360K, reserved 1114112K
  class space    used 9469K, committed 9728K, reserved 1048576K
}
Event: 10.858 GC heap after
{Heap after GC invocations=34 (full 0):
 garbage-first heap   total 179200K, used 56822K [0x0000000080000000, 0x0000000100000000)
  region size 1024K, 8 young (8192K), 8 survivors (8192K)
 Metaspace       used 70784K, committed 71360K, reserved 1114112K
  class space    used 9469K, committed 9728K, reserved 1048576K
}
Event: 17.183 GC heap before
{Heap before GC invocations=34 (full 0):
 garbage-first heap   total 179200K, used 131574K [0x0000000080000000, 0x0000000100000000)
  region size 1024K, 81 young (82944K), 8 survivors (8192K)
 Metaspace       used 79931K, committed 80448K, reserved 1122304K
  class space    used 10876K, committed 11136K, reserved 1048576K
}
Event: 17.848 GC heap after
{Heap after GC invocations=35 (full 0):
 garbage-first heap   total 179200K, used 62169K [0x0000000080000000, 0x0000000100000000)
  region size 1024K, 10 young (10240K), 10 survivors (10240K)
 Metaspace       used 79931K, committed 80448K, reserved 1122304K
  class space    used 10876K, committed 11136K, reserved 1048576K
}
Event: 19.383 GC heap before
{Heap before GC invocations=35 (full 0):
 garbage-first heap   total 179200K, used 69337K [0x0000000080000000, 0x0000000100000000)
  region size 1024K, 17 young (17408K), 10 survivors (10240K)
 Metaspace       used 80515K, committed 81088K, reserved 1122304K
  class space    used 10949K, committed 11200K, reserved 1048576K
}
Event: 19.533 GC heap after
{Heap after GC invocations=36 (full 0):
 garbage-first heap   total 179200K, used 63807K [0x0000000080000000, 0x0000000100000000)
  region size 1024K, 2 young (2048K), 2 survivors (2048K)
 Metaspace       used 80515K, committed 81088K, reserved 1122304K
  class space    used 10949K, committed 11200K, reserved 1048576K
}

Dll operation events (2 events):
Event: 0.026 Loaded shared library C:\Program Files\Android\Android Studio\jbr\bin\java.dll
Event: 0.680 Loaded shared library C:\Program Files\Android\Android Studio\jbr\bin\verify.dll

Deoptimization events (20 events):
Event: 18.058 Thread 0x000001b8a55b76d0 Uncommon trap: trap_request=0xffffffc6 fr.pc=0x000001b89410a098 relative=0x00000000000003d8
Event: 18.058 Thread 0x000001b8a55b76d0 Uncommon trap: reason=bimorphic_or_optimized_type_check action=maybe_recompile pc=0x000001b89410a098 method=java.util.regex.Pattern$BmpCharPropertyGreedy.match(Ljava/util/regex/Matcher;ILjava/lang/CharSequence;)Z @ 26 c2
Event: 18.058 Thread 0x000001b8a55b76d0 DEOPT PACKING pc=0x000001b89410a098 sp=0x0000007169df8850
Event: 18.058 Thread 0x000001b8a55b76d0 DEOPT UNPACKING pc=0x000001b8937fa1a3 sp=0x0000007169df87d8 mode 2
Event: 18.058 Thread 0x000001b8a55b76d0 Uncommon trap: trap_request=0xffffffc6 fr.pc=0x000001b89410a098 relative=0x00000000000003d8
Event: 18.058 Thread 0x000001b8a55b76d0 Uncommon trap: reason=bimorphic_or_optimized_type_check action=maybe_recompile pc=0x000001b89410a098 method=java.util.regex.Pattern$BmpCharPropertyGreedy.match(Ljava/util/regex/Matcher;ILjava/lang/CharSequence;)Z @ 26 c2
Event: 18.058 Thread 0x000001b8a55b76d0 DEOPT PACKING pc=0x000001b89410a098 sp=0x0000007169df8600
Event: 18.058 Thread 0x000001b8a55b76d0 DEOPT UNPACKING pc=0x000001b8937fa1a3 sp=0x0000007169df8588 mode 2
Event: 18.247 Thread 0x000001b8a55b76d0 Uncommon trap: trap_request=0xffffff45 fr.pc=0x000001b89410b3fc relative=0x000000000000033c
Event: 18.247 Thread 0x000001b8a55b76d0 Uncommon trap: reason=unstable_if action=reinterpret pc=0x000001b89410b3fc method=java.util.regex.Pattern$BmpCharPropertyGreedy.match(Ljava/util/regex/Matcher;ILjava/lang/CharSequence;)Z @ 73 c2
Event: 18.247 Thread 0x000001b8a55b76d0 DEOPT PACKING pc=0x000001b89410b3fc sp=0x0000007169df98e0
Event: 18.247 Thread 0x000001b8a55b76d0 DEOPT UNPACKING pc=0x000001b8937fa1a3 sp=0x0000007169df9880 mode 2
Event: 18.275 Thread 0x000001b8a55b76d0 Uncommon trap: trap_request=0xffffff45 fr.pc=0x000001b893e09048 relative=0x00000000000000a8
Event: 18.275 Thread 0x000001b8a55b76d0 Uncommon trap: reason=unstable_if action=reinterpret pc=0x000001b893e09048 method=java.lang.CharacterDataLatin1.digit(II)I @ 12 c2
Event: 18.275 Thread 0x000001b8a55b76d0 DEOPT PACKING pc=0x000001b893e09048 sp=0x0000007169df9340
Event: 18.275 Thread 0x000001b8a55b76d0 DEOPT UNPACKING pc=0x000001b8937fa1a3 sp=0x0000007169df92b8 mode 2
Event: 19.340 Thread 0x000001b8a55b76d0 Uncommon trap: trap_request=0xffffffdc fr.pc=0x000001b8941210b0 relative=0x0000000000000290
Event: 19.340 Thread 0x000001b8a55b76d0 Uncommon trap: reason=class_check action=make_not_entrant pc=0x000001b8941210b0 method=java.util.ArrayList.toArray([Ljava/lang/Object;)[Ljava/lang/Object; @ 21 c2
Event: 19.340 Thread 0x000001b8a55b76d0 DEOPT PACKING pc=0x000001b8941210b0 sp=0x0000007169df9380
Event: 19.340 Thread 0x000001b8a55b76d0 DEOPT UNPACKING pc=0x000001b8937fa1a3 sp=0x0000007169df9350 mode 2

Classes unloaded (0 events):
No events

Classes redefined (0 events):
No events

Internal exceptions (20 events):
Event: 10.198 Thread 0x000001b8a55b76d0 Exception <a 'java/lang/ClassNotFoundException'{0x0000000088552800}: org/gradle/api/internal/artifacts/dsl/dependencies/DefaultDependencyHandlerBeanInfo> (0x0000000088552800) 
thrown [s\src\hotspot\share\classfile\systemDictionary.cpp, line 256]
Event: 10.198 Thread 0x000001b8a55b76d0 Exception <a 'java/lang/ClassNotFoundException'{0x0000000088569b38}: org/gradle/api/internal/artifacts/dsl/dependencies/DefaultDependencyHandlerCustomizer> (0x0000000088569b38) 
thrown [s\src\hotspot\share\classfile\systemDictionary.cpp, line 256]
Event: 10.199 Thread 0x000001b8a55b76d0 Exception <a 'java/lang/ClassNotFoundException'{0x00000000885a8358}: org/gradle/api/internal/artifacts/dsl/dependencies/DefaultDependencyHandler_DecoratedCustomizer> (0x00000000885a8358) 
thrown [s\src\hotspot\share\classfile\systemDictionary.cpp, line 256]
Event: 11.399 Thread 0x000001b8a55b76d0 Exception <a 'java/lang/NoSuchMethodError'{0x000000008a6ee2b0}: 'int java.lang.invoke.DirectMethodHandle$Holder.invokeSpecialIFC(java.lang.Object, java.lang.Object, java.lang.Object, java.lang.Object, java.lang.Object)'> (0x000000008a6ee2b0) 
thrown [s\src\hotspot\share\interpreter\linkResolver.cpp, line 771]
Event: 11.885 Thread 0x000001b8a55b76d0 Exception <a 'java/lang/ClassNotFoundException'{0x00000000899d94a8}: com/android/build/gradle/internal/api/ApkVariantOutputImpl_DecoratedBeanInfo> (0x00000000899d94a8) 
thrown [s\src\hotspot\share\classfile\systemDictionary.cpp, line 256]
Event: 11.886 Thread 0x000001b8a55b76d0 Exception <a 'java/lang/ClassNotFoundException'{0x00000000899e6038}: com/android/build/gradle/internal/api/ApkVariantOutputImplBeanInfo> (0x00000000899e6038) 
thrown [s\src\hotspot\share\classfile\systemDictionary.cpp, line 256]
Event: 11.886 Thread 0x000001b8a55b76d0 Exception <a 'java/lang/ClassNotFoundException'{0x00000000899f2bd8}: com/android/build/gradle/internal/api/BaseVariantOutputImplBeanInfo> (0x00000000899f2bd8) 
thrown [s\src\hotspot\share\classfile\systemDictionary.cpp, line 256]
Event: 11.887 Thread 0x000001b8a55b76d0 Exception <a 'java/lang/ClassNotFoundException'{0x00000000899ff9f8}: com/android/build/gradle/internal/api/BaseVariantOutputImplCustomizer> (0x00000000899ff9f8) 
thrown [s\src\hotspot\share\classfile\systemDictionary.cpp, line 256]
Event: 11.891 Thread 0x000001b8a55b76d0 Exception <a 'java/lang/ClassNotFoundException'{0x000000008981f490}: com/android/build/gradle/internal/api/ApkVariantOutputImplCustomizer> (0x000000008981f490) 
thrown [s\src\hotspot\share\classfile\systemDictionary.cpp, line 256]
Event: 11.892 Thread 0x000001b8a55b76d0 Exception <a 'java/lang/ClassNotFoundException'{0x0000000089838c40}: com/android/build/gradle/internal/api/ApkVariantOutputImpl_DecoratedCustomizer> (0x0000000089838c40) 
thrown [s\src\hotspot\share\classfile\systemDictionary.cpp, line 256]
Event: 11.904 Thread 0x000001b8a55b76d0 Exception <a 'java/lang/NoClassDefFoundError'{0x0000000089720250}: org/jetbrains/kotlin/gradle/plugin/KotlinBasePluginWrapper> (0x0000000089720250) 
thrown [s\src\hotspot\share\classfile\systemDictionary.cpp, line 245]
Event: 12.208 Thread 0x000001b8a55b76d0 Implicit null exception at 0x000001b893fa1112 to 0x000001b893fa1750
Event: 12.208 Thread 0x000001b8a55b76d0 Implicit null exception at 0x000001b893fa9194 to 0x000001b893fa97d8
Event: 14.277 Thread 0x000001b8a55b76d0 Implicit null exception at 0x000001b8940a89dc to 0x000001b8940b16a8
Event: 15.130 Thread 0x000001b8a55b76d0 Exception <a 'sun/nio/fs/WindowsException'{0x0000000087aa54e8}> (0x0000000087aa54e8) 
thrown [s\src\hotspot\share\prims\jni.cpp, line 517]
Event: 16.161 Thread 0x000001b8a55b76d0 Exception <a 'java/lang/NullPointerException'{0x00000000873d1fe0}> (0x00000000873d1fe0) 
thrown [s\src\hotspot\share\interpreter\linkResolver.cpp, line 1447]
Event: 18.126 Thread 0x000001b8a55b76d0 Exception <a 'sun/nio/fs/WindowsException'{0x000000008aeb6228}> (0x000000008aeb6228) 
thrown [s\src\hotspot\share\prims\jni.cpp, line 517]
Event: 18.140 Thread 0x000001b8a55b76d0 Exception <a 'sun/nio/fs/WindowsException'{0x000000008aeb75c8}> (0x000000008aeb75c8) 
thrown [s\src\hotspot\share\prims\jni.cpp, line 517]
Event: 18.141 Thread 0x000001b8a55b76d0 Exception <a 'sun/nio/fs/WindowsException'{0x000000008aeb89a0}> (0x000000008aeb89a0) 
thrown [s\src\hotspot\share\prims\jni.cpp, line 517]
Event: 18.142 Thread 0x000001b8a55b76d0 Exception <a 'sun/nio/fs/WindowsException'{0x000000008aeb9d78}> (0x000000008aeb9d78) 
thrown [s\src\hotspot\share\prims\jni.cpp, line 517]

VM Operations (20 events):
Event: 13.302 Executing VM operation: Cleanup
Event: 13.302 Executing VM operation: Cleanup done
Event: 14.308 Executing VM operation: Cleanup
Event: 14.309 Executing VM operation: Cleanup done
Event: 15.320 Executing VM operation: Cleanup
Event: 15.320 Executing VM operation: Cleanup done
Event: 16.001 Executing VM operation: HandshakeAllThreads
Event: 16.005 Executing VM operation: HandshakeAllThreads done
Event: 16.628 Executing VM operation: HandshakeAllThreads
Event: 16.630 Executing VM operation: HandshakeAllThreads done
Event: 16.630 Executing VM operation: Cleanup
Event: 16.631 Executing VM operation: Cleanup done
Event: 17.098 Executing VM operation: HandshakeAllThreads
Event: 17.099 Executing VM operation: HandshakeAllThreads done
Event: 17.182 Executing VM operation: G1CollectForAllocation
Event: 17.851 Executing VM operation: G1CollectForAllocation done
Event: 18.394 Executing VM operation: HandshakeAllThreads
Event: 18.406 Executing VM operation: HandshakeAllThreads done
Event: 19.381 Executing VM operation: G1CollectForAllocation
Event: 19.533 Executing VM operation: G1CollectForAllocation done

Events (20 events):
Event: 17.179 loading class java/util/regex/Pattern$Neg
Event: 17.179 loading class java/util/regex/Pattern$Neg done
Event: 17.992 loading class javax/xml/datatype/DatatypeConfigurationException
Event: 18.003 loading class javax/xml/datatype/DatatypeConfigurationException done
Event: 18.012 loading class jdk/internal/reflect/UnsafeIntegerFieldAccessorImpl
Event: 18.014 loading class jdk/internal/reflect/UnsafeIntegerFieldAccessorImpl done
Event: 18.029 loading class com/sun/org/apache/xerces/internal/impl/io/MalformedByteSequenceException
Event: 18.035 loading class java/io/CharConversionException
Event: 18.036 loading class java/io/CharConversionException done
Event: 18.036 loading class com/sun/org/apache/xerces/internal/impl/io/MalformedByteSequenceException done
Event: 18.144 loading class java/util/EnumMap$EntrySet
Event: 18.151 loading class java/util/EnumMap$EntrySet done
Event: 18.152 loading class java/util/EnumMap$EntryIterator
Event: 18.156 loading class java/util/EnumMap$EnumMapIterator
Event: 18.158 loading class java/util/EnumMap$EnumMapIterator done
Event: 18.158 loading class java/util/EnumMap$EntryIterator done
Event: 18.158 loading class java/util/EnumMap$EntryIterator$Entry
Event: 18.160 loading class java/util/EnumMap$EntryIterator$Entry done
Event: 18.278 loading class jdk/internal/reflect/UnsafeBooleanFieldAccessorImpl
Event: 18.280 loading class jdk/internal/reflect/UnsafeBooleanFieldAccessorImpl done


Dynamic libraries:
0x00007ff7f0080000 - 0x00007ff7f008a000 	C:\Program Files\Android\Android Studio\jbr\bin\java.exe
0x00007ffba5c00000 - 0x00007ffba5e09000 	C:\Windows\SYSTEM32\ntdll.dll
0x00007ffba4300000 - 0x00007ffba43be000 	C:\Windows\System32\KERNEL32.DLL
0x00007ffba3490000 - 0x00007ffba3814000 	C:\Windows\System32\KERNELBASE.dll
0x00007ffba3940000 - 0x00007ffba3a51000 	C:\Windows\System32\ucrtbase.dll
0x00007ffb8f0d0000 - 0x00007ffb8f0eb000 	C:\Program Files\Android\Android Studio\jbr\bin\VCRUNTIME140.dll
0x00007ffb8e0d0000 - 0x00007ffb8e0e7000 	C:\Program Files\Android\Android Studio\jbr\bin\jli.dll
0x00007ffba5280000 - 0x00007ffba542d000 	C:\Windows\System32\USER32.dll
0x00007ffba31d0000 - 0x00007ffba31f6000 	C:\Windows\System32\win32u.dll
0x00007ffba5b90000 - 0x00007ffba5bba000 	C:\Windows\System32\GDI32.dll
0x00007ffba3820000 - 0x00007ffba393f000 	C:\Windows\System32\gdi32full.dll
0x00007ffba3200000 - 0x00007ffba329d000 	C:\Windows\System32\msvcp_win.dll
0x00007ffb885e0000 - 0x00007ffb88885000 	C:\Windows\WinSxS\amd64_microsoft.windows.common-controls_6595b64144ccf1df_6.0.22000.120_none_9d947278b86cc467\COMCTL32.dll
0x00007ffba4080000 - 0x00007ffba4123000 	C:\Windows\System32\msvcrt.dll
0x00007ffba3d10000 - 0x00007ffba3d41000 	C:\Windows\System32\IMM32.DLL
0x00007ffb95990000 - 0x00007ffb9599c000 	C:\Program Files\Android\Android Studio\jbr\bin\vcruntime140_1.dll
0x00007ffb83760000 - 0x00007ffb837ed000 	C:\Program Files\Android\Android Studio\jbr\bin\msvcp140.dll
0x00007ffb5b3e0000 - 0x00007ffb5c04d000 	C:\Program Files\Android\Android Studio\jbr\bin\server\jvm.dll
0x00007ffba43c0000 - 0x00007ffba446f000 	C:\Windows\System32\ADVAPI32.dll
0x00007ffba5430000 - 0x00007ffba54ce000 	C:\Windows\System32\sechost.dll
0x00007ffba4970000 - 0x00007ffba4a91000 	C:\Windows\System32\RPCRT4.dll
0x00007ffb9eb30000 - 0x00007ffb9eb39000 	C:\Windows\SYSTEM32\WSOCK32.dll
0x00007ffb986d0000 - 0x00007ffb98703000 	C:\Windows\SYSTEM32\WINMM.dll
0x00007ffba5540000 - 0x00007ffba55af000 	C:\Windows\System32\WS2_32.dll
0x00007ffb9c5d0000 - 0x00007ffb9c5da000 	C:\Windows\SYSTEM32\VERSION.dll
0x00007ffba2200000 - 0x00007ffba2218000 	C:\Windows\SYSTEM32\kernel.appcore.dll
0x00007ffb99090000 - 0x00007ffb9909a000 	C:\Program Files\Android\Android Studio\jbr\bin\jimage.dll
0x00007ffba0a20000 - 0x00007ffba0c41000 	C:\Windows\SYSTEM32\DBGHELP.DLL
0x00007ffb880f0000 - 0x00007ffb88121000 	C:\Windows\SYSTEM32\dbgcore.DLL
0x00007ffba3410000 - 0x00007ffba348f000 	C:\Windows\System32\bcryptPrimitives.dll
0x00007ffb91ca0000 - 0x00007ffb91cc5000 	C:\Program Files\Android\Android Studio\jbr\bin\java.dll
0x00007ffb964c0000 - 0x00007ffb964d8000 	C:\Program Files\Android\Android Studio\jbr\bin\zip.dll
0x00007ffba4aa0000 - 0x00007ffba5265000 	C:\Windows\System32\SHELL32.dll
0x00007ffba1170000 - 0x00007ffba19d4000 	C:\Windows\SYSTEM32\windows.storage.dll
0x00007ffba4570000 - 0x00007ffba48e6000 	C:\Windows\System32\combase.dll
0x00007ffba1000000 - 0x00007ffba1167000 	C:\Windows\SYSTEM32\wintypes.dll
0x00007ffba3c20000 - 0x00007ffba3d0a000 	C:\Windows\System32\SHCORE.dll
0x00007ffba54d0000 - 0x00007ffba552d000 	C:\Windows\System32\shlwapi.dll
0x00007ffba2fd0000 - 0x00007ffba2ff1000 	C:\Windows\SYSTEM32\profapi.dll
0x00007ffb91c80000 - 0x00007ffb91c99000 	C:\Program Files\Android\Android Studio\jbr\bin\net.dll
0x00007ffb9b5b0000 - 0x00007ffb9b6c3000 	C:\Windows\SYSTEM32\WINHTTP.dll
0x00007ffba26b0000 - 0x00007ffba2717000 	C:\Windows\system32\mswsock.dll
0x00007ffb915b0000 - 0x00007ffb915c6000 	C:\Program Files\Android\Android Studio\jbr\bin\nio.dll
0x00007ffb95a80000 - 0x00007ffb95a90000 	C:\Program Files\Android\Android Studio\jbr\bin\verify.dll
0x00007ffb88d30000 - 0x00007ffb88d57000 	C:\Users\lenovo\.gradle\native\68d5fa5c4cc2d200863cafc0d521ce42e7d3e7ee720ec0a83991735586a16f82\windows-amd64\native-platform.dll
0x00007ffb5b110000 - 0x00007ffb5b254000 	C:\Users\lenovo\.gradle\native\e376f236ea51e6404a007f0833ffe2c6e607c4080706a723a18a27aeea778392\windows-amd64\native-platform-file-events.dll
0x00007ffb95c30000 - 0x00007ffb95c39000 	C:\Program Files\Android\Android Studio\jbr\bin\management.dll
0x00007ffb95c10000 - 0x00007ffb95c1b000 	C:\Program Files\Android\Android Studio\jbr\bin\management_ext.dll
0x00007ffba5530000 - 0x00007ffba5538000 	C:\Windows\System32\PSAPI.DLL
0x00007ffba2900000 - 0x00007ffba2918000 	C:\Windows\SYSTEM32\CRYPTSP.dll
0x00007ffba2160000 - 0x00007ffba2195000 	C:\Windows\system32\rsaenh.dll
0x00007ffba27b0000 - 0x00007ffba27d9000 	C:\Windows\SYSTEM32\USERENV.dll
0x00007ffba2a80000 - 0x00007ffba2aa7000 	C:\Windows\SYSTEM32\bcrypt.dll
0x00007ffba2920000 - 0x00007ffba292c000 	C:\Windows\SYSTEM32\CRYPTBASE.dll
0x00007ffba1d20000 - 0x00007ffba1d4d000 	C:\Windows\SYSTEM32\IPHLPAPI.DLL
0x00007ffba4070000 - 0x00007ffba4079000 	C:\Windows\System32\NSI.dll
0x00007ffb99a30000 - 0x00007ffb99a49000 	C:\Windows\SYSTEM32\dhcpcsvc6.DLL
0x00007ffb9b0e0000 - 0x00007ffb9b0fe000 	C:\Windows\SYSTEM32\dhcpcsvc.DLL
0x00007ffba1d50000 - 0x00007ffba1e37000 	C:\Windows\SYSTEM32\DNSAPI.dll
0x00007ffb95980000 - 0x00007ffb95988000 	C:\Windows\system32\wshunix.dll

dbghelp: loaded successfully - version: 4.0.5 - missing functions: none
symbol engine: initialized successfully - sym options: 0x614 - pdb path: .;C:\Program Files\Android\Android Studio\jbr\bin;C:\Windows\SYSTEM32;C:\Windows\WinSxS\amd64_microsoft.windows.common-controls_6595b64144ccf1df_6.0.22000.120_none_9d947278b86cc467;C:\Program Files\Android\Android Studio\jbr\bin\server;C:\Users\lenovo\.gradle\native\68d5fa5c4cc2d200863cafc0d521ce42e7d3e7ee720ec0a83991735586a16f82\windows-amd64;C:\Users\lenovo\.gradle\native\e376f236ea51e6404a007f0833ffe2c6e607c4080706a723a18a27aeea778392\windows-amd64

VM Arguments:
jvm_args: --add-opens=java.base/java.util=ALL-UNNAMED --add-opens=java.base/java.lang=ALL-UNNAMED --add-opens=java.base/java.lang.invoke=ALL-UNNAMED --add-opens=java.prefs/java.util.prefs=ALL-UNNAMED --add-opens=java.base/java.nio.charset=ALL-UNNAMED --add-opens=java.base/java.net=ALL-UNNAMED --add-opens=java.base/java.util.concurrent.atomic=ALL-UNNAMED -Xmx2048m -Dfile.encoding=UTF-8 -Duser.country=FR -Duser.language=fr -Duser.variant 
java_command: org.gradle.launcher.daemon.bootstrap.GradleDaemon 8.0
java_class_path (initial): C:\Users\lenovo\.gradle\wrapper\dists\gradle-8.0-bin\ca5e32bp14vu59qr306oxotwh\gradle-8.0\lib\gradle-launcher-8.0.jar
Launcher Type: SUN_STANDARD

[Global flags]
     intx CICompilerCount                          = 3                                         {product} {ergonomic}
     uint ConcGCThreads                            = 1                                         {product} {ergonomic}
     uint G1ConcRefinementThreads                  = 4                                         {product} {ergonomic}
   size_t G1HeapRegionSize                         = 1048576                                   {product} {ergonomic}
    uintx GCDrainStackTargetSize                   = 64                                        {product} {ergonomic}
   size_t InitialHeapSize                          = 65011712                                  {product} {ergonomic}
   size_t MarkStackSize                            = 4194304                                   {product} {ergonomic}
   size_t MaxHeapSize                              = 2147483648                                {product} {command line}
   size_t MaxNewSize                               = 1287651328                                {product} {ergonomic}
   size_t MinHeapDeltaBytes                        = 1048576                                   {product} {ergonomic}
   size_t MinHeapSize                              = 8388608                                   {product} {ergonomic}
    uintx NonNMethodCodeHeapSize                   = 5832780                                {pd product} {ergonomic}
    uintx NonProfiledCodeHeapSize                  = 122912730                              {pd product} {ergonomic}
    uintx ProfiledCodeHeapSize                     = 122912730                              {pd product} {ergonomic}
    uintx ReservedCodeCacheSize                    = 251658240                              {pd product} {ergonomic}
     bool SegmentedCodeCache                       = true                                      {product} {ergonomic}
   size_t SoftMaxHeapSize                          = 2147483648                             {manageable} {ergonomic}
     bool UseCompressedClassPointers               = true                           {product lp64_product} {ergonomic}
     bool UseCompressedOops                        = true                           {product lp64_product} {ergonomic}
     bool UseG1GC                                  = true                                      {product} {ergonomic}
     bool UseLargePagesIndividualAllocation        = false                                  {pd product} {ergonomic}

Logging:
Log output configuration:
 #0: stdout all=warning uptime,level,tags
 #1: stderr all=off uptime,level,tags

Environment Variables:
PATH=C:\Program Files (x86)\Common Files\Oracle\Java\javapath;C:\Windows\system32;C:\Windows;C:\Windows\System32\Wbem;C:\Windows\System32\WindowsPowerShell\v1.0\;C:\Windows\System32\OpenSSH\;C:\Program Files\Git\cmd;C:\Users\lenovo\AppData\Local\Microsoft\WindowsApps;
USERNAME=lenovo
OS=Windows_NT
PROCESSOR_IDENTIFIER=Intel64 Family 6 Model 140 Stepping 1, GenuineIntel
TMP=C:\Users\lenovo\AppData\Local\Temp
TEMP=C:\Users\lenovo\AppData\Local\Temp



---------------  S Y S T E M  ---------------

OS:
 Windows 11 , 64 bit Build 22000 (10.0.22000.2003)
OS uptime: 9 days 2:13 hours

CPU: total 4 (initial active 4) (2 cores per cpu, 2 threads per core) family 6 model 140 stepping 1 microcode 0x9a, cx8, cmov, fxsr, ht, mmx, 3dnowpref, sse, sse2, sse3, ssse3, sse4.1, sse4.2, popcnt, lzcnt, tsc, tscinvbit, avx, avx2, aes, erms, clmul, bmi1, bmi2, adx, avx512f, avx512dq, avx512cd, avx512bw, avx512vl, sha, fma, vzeroupper, avx512_vpopcntdq, avx512_vpclmulqdq, avx512_vaes, avx512_vnni, clflush, clflushopt, clwb, avx512_vbmi2, avx512_vbmi

Memory: 4k page, system-wide physical 3895M (19M free)
TotalPageFile size 15671M (AvailPageFile size 5M)
current process WorkingSet (physical memory assigned to process): 143M, peak: 259M
current process commit charge ("private bytes"): 424M, peak: 425M

vm_info: OpenJDK 64-Bit Server VM (17.0.6+0-b2043.56-9586694) for windows-amd64 JRE (17.0.6+0-b2043.56-9586694), built on Feb  9 2023 20:06:20 by "androidbuild" with MS VC++ 16.10 / 16.11 (VS2019)

END.
