#
# There is insufficient memory for the Java Runtime Environment to continue.
# Native memory allocation (mmap) failed to map 116391936 bytes for G1 virtual space
# Possible reasons:
#   The system is out of physical RAM or swap space
#   The process is running with CompressedOops enabled, and the Java Heap may be blocking the growth of the native heap
# Possible solutions:
#   Reduce memory load on the system
#   Increase physical memory or swap space
#   Check if swap backing store is full
#   Decrease Java heap size (-Xmx/-Xms)
#   Decrease number of Java threads
#   Decrease Java thread stack sizes (-Xss)
#   Set larger code cache with -XX:ReservedCodeCacheSize=
#   JVM is running with Unscaled Compressed Oops mode in which the Java heap is
#     placed in the first 4GB address space. The Java Heap base address is the
#     maximum limit for the native heap growth. Please use -XX:HeapBaseMinAddress
#     to set the Java Heap base and to place the Java Heap above 4GB virtual address.
# This output file may be truncated or incomplete.
#
#  Out of Memory Error (os_windows.cpp:3769), pid=49740, tid=44776
#
# JRE version: OpenJDK Runtime Environment (17.0.6) (build 17.0.6+0-b2043.56-9586694)
# Java VM: OpenJDK 64-Bit Server VM (17.0.6+0-b2043.56-9586694, mixed mode, tiered, compressed oops, compressed class ptrs, g1 gc, windows-amd64)
# No core dump will be written. Minidumps are not enabled by default on client versions of Windows
#

---------------  S U M M A R Y ------------

Command Line: --add-opens=java.base/java.util=ALL-UNNAMED --add-opens=java.base/java.lang=ALL-UNNAMED --add-opens=java.base/java.lang.invoke=ALL-UNNAMED --add-opens=java.prefs/java.util.prefs=ALL-UNNAMED --add-opens=java.base/java.nio.charset=ALL-UNNAMED --add-opens=java.base/java.net=ALL-UNNAMED --add-opens=java.base/java.util.concurrent.atomic=ALL-UNNAMED -Xmx2048m -Dfile.encoding=UTF-8 -Duser.country=FR -Duser.language=fr -Duser.variant org.gradle.launcher.daemon.bootstrap.GradleDaemon 8.0

Host: 11th Gen Intel(R) Core(TM) i3-1115G4 @ 3.00GHz, 4 cores, 3G,  Windows 11 , 64 bit Build 22000 (10.0.22000.2003)
Time: Sat Jul  1 01:16:21 2023 Maroc (heure d64 bit Build 22000 (10.0.22000.2003) elapsed time: 11.515892 seconds (0d 0h 0m 11s)

---------------  T H R E A D  ---------------

Current thread (0x000001fad94e0630):  VMThread "VM Thread" [stack: 0x00000091fa000000,0x00000091fa100000] [id=44776]

Stack: [0x00000091fa000000,0x00000091fa100000]
Native frames: (J=compiled Java code, j=interpreted, Vv=VM code, C=native code)
V  [jvm.dll+0x683b4a]
V  [jvm.dll+0x842654]
V  [jvm.dll+0x843dfe]
V  [jvm.dll+0x844463]
V  [jvm.dll+0x249b75]
V  [jvm.dll+0x680a19]
V  [jvm.dll+0x674f0a]
V  [jvm.dll+0x309acb]
V  [jvm.dll+0x310f86]
V  [jvm.dll+0x3608ee]
V  [jvm.dll+0x360b1f]
V  [jvm.dll+0x2dfbf8]
V  [jvm.dll+0x2ddec4]
V  [jvm.dll+0x2dd4cc]
V  [jvm.dll+0x321f3b]
V  [jvm.dll+0x84893b]
V  [jvm.dll+0x849674]
V  [jvm.dll+0x849b8d]
V  [jvm.dll+0x849f64]
V  [jvm.dll+0x84a030]
V  [jvm.dll+0x7f25fa]
V  [jvm.dll+0x682985]
C  [ucrtbase.dll+0x26c0c]
C  [KERNEL32.DLL+0x155a0]
C  [ntdll.dll+0x485b]

VM_Operation (0x00000091fb6f4e20): G1CollectForAllocation, mode: safepoint, requested by thread 0x000001fadb79b080


---------------  P R O C E S S  ---------------

Threads class SMR info:
_java_thread_list=0x000001fadac08be0, length=81, elements={
0x000001fabff485f0, 0x000001fad94e68b0, 0x000001fad94eb2a0, 0x000001fada00c1a0,
0x000001fada00cb50, 0x000001fada00d500, 0x000001fada00deb0, 0x000001fada014fd0,
0x000001fada015a70, 0x000001fad9531290, 0x000001fada17a680, 0x000001fada195380,
0x000001fadb6ffa00, 0x000001fadb6c0d40, 0x000001fadb4716d0, 0x000001fadb0d7cf0,
0x000001fadb8f1780, 0x000001fadc4565a0, 0x000001fadb79b080, 0x000001fadb8f2080,
0x000001fadb8f2a20, 0x000001fadb8f3890, 0x000001fadb8f2ef0, 0x000001fadb8f33c0,
0x000001fadc608cc0, 0x000001fadc609190, 0x000001fadc606fe0, 0x000001fadc607980,
0x000001fadc60bce0, 0x000001fadc6074b0, 0x000001fadc60de90, 0x000001fadc60c1b0,
0x000001fadc609660, 0x000001fadc60c680, 0x000001fadc607e50, 0x000001fadc60d4f0,
0x000001fadc60a4d0, 0x000001fadc606b10, 0x000001fadc60b340, 0x000001fadc60a000,
0x000001fadc60ae70, 0x000001fadcb0a370, 0x000001fadcb051a0, 0x000001fadcb069b0,
0x000001fadcb0c050, 0x000001fadcb05b40, 0x000001fadcb06010, 0x000001fadcb06e80,
0x000001fadcb07350, 0x000001fadcb07820, 0x000001fadcb081c0, 0x000001fadcb0bb80,
0x000001fadcb04cd0, 0x000001fadcb07cf0, 0x000001fadcb08690, 0x000001fadcb08b60,
0x000001fadcb05670, 0x000001fadcb064e0, 0x000001fadcb09030, 0x000001fadcb09500,
0x000001fadcb099d0, 0x000001fadcb0a840, 0x000001fadcb09ea0, 0x000001fadcb0ad10,
0x000001fadcb0b1e0, 0x000001fadcb0b6b0, 0x000001fadcb0c520, 0x000001fade892900,
0x000001fade88f8e0, 0x000001fade8915c0, 0x000001fade88ef40, 0x000001fade88ea70,
0x000001fade892430, 0x000001fade88f410, 0x000001fade891a90, 0x000001fade8932a0,
0x000001fade892dd0, 0x000001fade891f60, 0x000001fade88fdb0, 0x000001fade890280,
0x000001fade895450
}

Java Threads: ( => current thread )
  0x000001fabff485f0 JavaThread "main" [_thread_blocked, id=49160, stack(0x00000091f9a00000,0x00000091f9b00000)]
  0x000001fad94e68b0 JavaThread "Reference Handler" daemon [_thread_blocked, id=41928, stack(0x00000091fa100000,0x00000091fa200000)]
  0x000001fad94eb2a0 JavaThread "Finalizer" daemon [_thread_blocked, id=48348, stack(0x00000091fa200000,0x00000091fa300000)]
  0x000001fada00c1a0 JavaThread "Signal Dispatcher" daemon [_thread_blocked, id=50084, stack(0x00000091fa300000,0x00000091fa400000)]
  0x000001fada00cb50 JavaThread "Attach Listener" daemon [_thread_blocked, id=49244, stack(0x00000091fa400000,0x00000091fa500000)]
  0x000001fada00d500 JavaThread "Service Thread" daemon [_thread_blocked, id=47556, stack(0x00000091fa500000,0x00000091fa600000)]
  0x000001fada00deb0 JavaThread "Monitor Deflation Thread" daemon [_thread_blocked, id=49084, stack(0x00000091fa600000,0x00000091fa700000)]
  0x000001fada014fd0 JavaThread "C2 CompilerThread0" daemon [_thread_blocked, id=49168, stack(0x00000091fa700000,0x00000091fa800000)]
  0x000001fada015a70 JavaThread "C1 CompilerThread0" daemon [_thread_blocked, id=42224, stack(0x00000091fa800000,0x00000091fa900000)]
  0x000001fad9531290 JavaThread "Sweeper thread" daemon [_thread_blocked, id=45512, stack(0x00000091fa900000,0x00000091faa00000)]
  0x000001fada17a680 JavaThread "Common-Cleaner" daemon [_thread_blocked, id=50012, stack(0x00000091faa00000,0x00000091fab00000)]
  0x000001fada195380 JavaThread "Notification Thread" daemon [_thread_blocked, id=49780, stack(0x00000091fab00000,0x00000091fac00000)]
  0x000001fadb6ffa00 JavaThread "Daemon health stats" [_thread_blocked, id=41856, stack(0x00000091fb000000,0x00000091fb100000)]
  0x000001fadb6c0d40 JavaThread "Incoming local TCP Connector on port 54173" [_thread_in_native, id=48792, stack(0x00000091fb100000,0x00000091fb200000)]
  0x000001fadb4716d0 JavaThread "Daemon periodic checks" [_thread_blocked, id=45376, stack(0x00000091fb200000,0x00000091fb300000)]
  0x000001fadb0d7cf0 JavaThread "Daemon" [_thread_blocked, id=36364, stack(0x00000091fb300000,0x00000091fb400000)]
  0x000001fadb8f1780 JavaThread "Handler for socket connection from /127.0.0.1:54173 to /127.0.0.1:54174" [_thread_in_native, id=41464, stack(0x00000091fb400000,0x00000091fb500000)]
  0x000001fadc4565a0 JavaThread "Cancel handler" [_thread_blocked, id=49328, stack(0x00000091fb500000,0x00000091fb600000)]
  0x000001fadb79b080 JavaThread "Daemon worker" [_thread_blocked, id=48440, stack(0x00000091fb600000,0x00000091fb700000)]
  0x000001fadb8f2080 JavaThread "Asynchronous log dispatcher for DefaultDaemonConnection: socket connection from /127.0.0.1:54173 to /127.0.0.1:54174" [_thread_blocked, id=46900, stack(0x00000091fb700000,0x00000091fb800000)]
  0x000001fadb8f2a20 JavaThread "Stdin handler" [_thread_blocked, id=49824, stack(0x00000091fb800000,0x00000091fb900000)]
  0x000001fadb8f3890 JavaThread "Daemon client event forwarder" [_thread_blocked, id=36936, stack(0x00000091fb900000,0x00000091fba00000)]
  0x000001fadb8f2ef0 JavaThread "Cache worker for journal cache (C:\Users\lenovo\.gradle\caches\journal-1)" [_thread_blocked, id=49148, stack(0x00000091fba00000,0x00000091fbb00000)]
  0x000001fadb8f33c0 JavaThread "File lock request listener" [_thread_in_native, id=45556, stack(0x00000091fbb00000,0x00000091fbc00000)]
  0x000001fadc608cc0 JavaThread "Cache worker for file hash cache (C:\Users\lenovo\.gradle\caches\8.0\fileHashes)" [_thread_blocked, id=22500, stack(0x00000091fbc00000,0x00000091fbd00000)]
  0x000001fadc609190 JavaThread "File watcher server" daemon [_thread_in_native, id=36960, stack(0x00000091fbd00000,0x00000091fbe00000)]
  0x000001fadc606fe0 JavaThread "File watcher consumer" daemon [_thread_blocked, id=32444, stack(0x00000091fbe00000,0x00000091fbf00000)]
  0x000001fadc607980 JavaThread "Cache worker for checksums cache (C:\Users\lenovo\AndroidStudioProjects\MyApplication\.gradle\8.0\checksums)" [_thread_blocked, id=45772, stack(0x00000091fbf00000,0x00000091fc000000)]
  0x000001fadc60bce0 JavaThread "Cache worker for cache directory md-rule (C:\Users\lenovo\.gradle\caches\8.0\md-rule)" [_thread_blocked, id=50020, stack(0x00000091fc000000,0x00000091fc100000)]
  0x000001fadc6074b0 JavaThread "Cache worker for file content cache (C:\Users\lenovo\.gradle\caches\8.0\fileContent)" [_thread_blocked, id=46016, stack(0x00000091fc100000,0x00000091fc200000)]
  0x000001fadc60de90 JavaThread "Cache worker for file hash cache (C:\Users\lenovo\AndroidStudioProjects\MyApplication\.gradle\8.0\fileHashes)" [_thread_blocked, id=48928, stack(0x00000091fc200000,0x00000091fc300000)]
  0x000001fadc60c1b0 JavaThread "Cache worker for cache directory md-supplier (C:\Users\lenovo\.gradle\caches\8.0\md-supplier)" [_thread_blocked, id=49128, stack(0x00000091fc300000,0x00000091fc400000)]
  0x000001fadc609660 JavaThread "Cache worker for execution history cache (C:\Users\lenovo\.gradle\caches\8.0\executionHistory)" [_thread_blocked, id=49080, stack(0x00000091fc400000,0x00000091fc500000)]
  0x000001fadc60c680 JavaThread "jar transforms" [_thread_blocked, id=49124, stack(0x00000091fc500000,0x00000091fc600000)]
  0x000001fadc607e50 JavaThread "jar transforms Thread 2" [_thread_blocked, id=49120, stack(0x00000091fc600000,0x00000091fc700000)]
  0x000001fadc60d4f0 JavaThread "jar transforms Thread 3" [_thread_blocked, id=44876, stack(0x00000091fc700000,0x00000091fc800000)]
  0x000001fadc60a4d0 JavaThread "jar transforms Thread 4" [_thread_blocked, id=48336, stack(0x00000091fc800000,0x00000091fc900000)]
  0x000001fadc606b10 JavaThread "Cache worker for dependencies-accessors (C:\Users\lenovo\AndroidStudioProjects\MyApplication\.gradle\8.0\dependencies-accessors)" [_thread_blocked, id=45568, stack(0x00000091fc900000,0x00000091fca00000)]
  0x000001fadc60b340 JavaThread "Cache worker for Build Output Cleanup Cache (C:\Users\lenovo\AndroidStudioProjects\MyApplication\.gradle\buildOutputCleanup)" [_thread_blocked, id=50164, stack(0x00000091fca00000,0x00000091fcb00000)]
  0x000001fadc60a000 JavaThread "Unconstrained build operations" [_thread_blocked, id=32304, stack(0x00000091fcb00000,0x00000091fcc00000)]
  0x000001fadc60ae70 JavaThread "Unconstrained build operations Thread 2" [_thread_blocked, id=48664, stack(0x00000091fcc00000,0x00000091fcd00000)]
  0x000001fadcb0a370 JavaThread "Unconstrained build operations Thread 3" [_thread_blocked, id=49300, stack(0x00000091fcd00000,0x00000091fce00000)]
  0x000001fadcb051a0 JavaThread "Unconstrained build operations Thread 4" [_thread_blocked, id=49904, stack(0x00000091fce00000,0x00000091fcf00000)]
  0x000001fadcb069b0 JavaThread "Unconstrained build operations Thread 5" [_thread_blocked, id=46468, stack(0x00000091fcf00000,0x00000091fd000000)]
  0x000001fadcb0c050 JavaThread "Unconstrained build operations Thread 6" [_thread_blocked, id=42104, stack(0x00000091fd000000,0x00000091fd100000)]
  0x000001fadcb05b40 JavaThread "Unconstrained build operations Thread 7" [_thread_blocked, id=48260, stack(0x00000091fd100000,0x00000091fd200000)]
  0x000001fadcb06010 JavaThread "Unconstrained build operations Thread 8" [_thread_blocked, id=49764, stack(0x00000091fd200000,0x00000091fd300000)]
  0x000001fadcb06e80 JavaThread "Unconstrained build operations Thread 9" [_thread_blocked, id=46712, stack(0x00000091fd300000,0x00000091fd400000)]
  0x000001fadcb07350 JavaThread "Unconstrained build operations Thread 10" [_thread_blocked, id=49932, stack(0x00000091fd400000,0x00000091fd500000)]
  0x000001fadcb07820 JavaThread "Unconstrained build operations Thread 11" [_thread_blocked, id=47908, stack(0x00000091fd500000,0x00000091fd600000)]
  0x000001fadcb081c0 JavaThread "Unconstrained build operations Thread 12" [_thread_blocked, id=48860, stack(0x00000091fd600000,0x00000091fd700000)]
  0x000001fadcb0bb80 JavaThread "Unconstrained build operations Thread 13" [_thread_blocked, id=42192, stack(0x00000091fd700000,0x00000091fd800000)]
  0x000001fadcb04cd0 JavaThread "Unconstrained build operations Thread 14" [_thread_blocked, id=38948, stack(0x00000091fd800000,0x00000091fd900000)]
  0x000001fadcb07cf0 JavaThread "Unconstrained build operations Thread 15" [_thread_blocked, id=46268, stack(0x00000091fd900000,0x00000091fda00000)]
  0x000001fadcb08690 JavaThread "Unconstrained build operations Thread 16" [_thread_blocked, id=48564, stack(0x00000091fda00000,0x00000091fdb00000)]
  0x000001fadcb08b60 JavaThread "Unconstrained build operations Thread 17" [_thread_blocked, id=49852, stack(0x00000091fdb00000,0x00000091fdc00000)]
  0x000001fadcb05670 JavaThread "Unconstrained build operations Thread 18" [_thread_blocked, id=49972, stack(0x00000091fdc00000,0x00000091fdd00000)]
  0x000001fadcb064e0 JavaThread "Unconstrained build operations Thread 19" [_thread_blocked, id=48432, stack(0x00000091fdd00000,0x00000091fde00000)]
  0x000001fadcb09030 JavaThread "Unconstrained build operations Thread 20" [_thread_blocked, id=42344, stack(0x00000091fde00000,0x00000091fdf00000)]
  0x000001fadcb09500 JavaThread "Unconstrained build operations Thread 21" [_thread_blocked, id=49156, stack(0x00000091fdf00000,0x00000091fe000000)]
  0x000001fadcb099d0 JavaThread "Unconstrained build operations Thread 22" [_thread_blocked, id=45920, stack(0x00000091fe000000,0x00000091fe100000)]
  0x000001fadcb0a840 JavaThread "Unconstrained build operations Thread 23" [_thread_blocked, id=31016, stack(0x00000091fe100000,0x00000091fe200000)]
  0x000001fadcb09ea0 JavaThread "Unconstrained build operations Thread 24" [_thread_blocked, id=36544, stack(0x00000091fe200000,0x00000091fe300000)]
  0x000001fadcb0ad10 JavaThread "Unconstrained build operations Thread 25" [_thread_blocked, id=49400, stack(0x00000091fe300000,0x00000091fe400000)]
  0x000001fadcb0b1e0 JavaThread "Unconstrained build operations Thread 26" [_thread_blocked, id=39008, stack(0x00000091fe400000,0x00000091fe500000)]
  0x000001fadcb0b6b0 JavaThread "Unconstrained build operations Thread 27" [_thread_blocked, id=49384, stack(0x00000091fe500000,0x00000091fe600000)]
  0x000001fadcb0c520 JavaThread "Unconstrained build operations Thread 28" [_thread_blocked, id=43836, stack(0x00000091fe600000,0x00000091fe700000)]
  0x000001fade892900 JavaThread "Unconstrained build operations Thread 29" [_thread_blocked, id=49708, stack(0x00000091fe700000,0x00000091fe800000)]
  0x000001fade88f8e0 JavaThread "Unconstrained build operations Thread 30" [_thread_blocked, id=49292, stack(0x00000091fe800000,0x00000091fe900000)]
  0x000001fade8915c0 JavaThread "Unconstrained build operations Thread 31" [_thread_blocked, id=45312, stack(0x00000091fe900000,0x00000091fea00000)]
  0x000001fade88ef40 JavaThread "Unconstrained build operations Thread 32" [_thread_blocked, id=47484, stack(0x00000091fea00000,0x00000091feb00000)]
  0x000001fade88ea70 JavaThread "Unconstrained build operations Thread 33" [_thread_blocked, id=49560, stack(0x00000091feb00000,0x00000091fec00000)]
  0x000001fade892430 JavaThread "Unconstrained build operations Thread 34" [_thread_blocked, id=46868, stack(0x00000091fec00000,0x00000091fed00000)]
  0x000001fade88f410 JavaThread "Unconstrained build operations Thread 35" [_thread_blocked, id=48952, stack(0x00000091fed00000,0x00000091fee00000)]
  0x000001fade891a90 JavaThread "Unconstrained build operations Thread 36" [_thread_blocked, id=44408, stack(0x00000091fee00000,0x00000091fef00000)]
  0x000001fade8932a0 JavaThread "Unconstrained build operations Thread 37" [_thread_blocked, id=48752, stack(0x00000091fef00000,0x00000091ff000000)]
  0x000001fade892dd0 JavaThread "Unconstrained build operations Thread 38" [_thread_blocked, id=48256, stack(0x00000091ff000000,0x00000091ff100000)]
  0x000001fade891f60 JavaThread "Unconstrained build operations Thread 39" [_thread_blocked, id=49192, stack(0x00000091ff100000,0x00000091ff200000)]
  0x000001fade88fdb0 JavaThread "Unconstrained build operations Thread 40" [_thread_blocked, id=42356, stack(0x00000091ff200000,0x00000091ff300000)]
  0x000001fade890280 JavaThread "build event listener" [_thread_blocked, id=48644, stack(0x00000091ff300000,0x00000091ff400000)]
  0x000001fade895450 JavaThread "Memory manager" [_thread_blocked, id=47560, stack(0x00000091ff400000,0x00000091ff500000)]

Other Threads:
=>0x000001fad94e0630 VMThread "VM Thread" [stack: 0x00000091fa000000,0x00000091fa100000] [id=44776]
  0x000001fabffc9cc0 WatcherThread [stack: 0x00000091fac00000,0x00000091fad00000] [id=46708]
  0x000001fabffa79c0 GCTaskThread "GC Thread#0" [stack: 0x00000091f9b00000,0x00000091f9c00000] [id=50132]
  0x000001fada833560 GCTaskThread "GC Thread#1" [stack: 0x00000091fad00000,0x00000091fae00000] [id=39120]
  0x000001fada942c80 GCTaskThread "GC Thread#2" [stack: 0x00000091fae00000,0x00000091faf00000] [id=48856]
  0x000001fadad2f860 GCTaskThread "GC Thread#3" [stack: 0x00000091faf00000,0x00000091fb000000] [id=50172]
  0x000001fabffb9270 ConcurrentGCThread "G1 Main Marker" [stack: 0x00000091f9c00000,0x00000091f9d00000] [id=45744]
  0x000001fabffb9c80 ConcurrentGCThread "G1 Conc#0" [stack: 0x00000091f9d00000,0x00000091f9e00000] [id=36316]
  0x000001fac0008010 ConcurrentGCThread "G1 Refine#0" [stack: 0x00000091f9e00000,0x00000091f9f00000] [id=43516]
  0x000001fac0008a30 ConcurrentGCThread "G1 Service" [stack: 0x00000091f9f00000,0x00000091fa000000] [id=49212]

Threads with active compile tasks:
C2 CompilerThread0    11592 6466       4       groovy.lang.MetaClassImpl$1MOPIter::methodNameAction (325 bytes)

VM state: at safepoint (normal execution)

VM Mutex/Monitor currently owned by a thread:  ([mutex/lock_event])
[0x000001fabff43c70] Threads_lock - owner thread: 0x000001fad94e0630
[0x000001fabff43880] Heap_lock - owner thread: 0x000001fadb79b080

Heap address: 0x0000000080000000, size: 2048 MB, Compressed Oops mode: 32-bit

CDS archive(s) not mapped
Compressed class space mapped at: 0x0000000100000000-0x0000000140000000, reserved size: 1073741824
Narrow klass base: 0x0000000000000000, Narrow klass shift: 3, Narrow klass range: 0x140000000

GC Precious Log:
 CPUs: 4 total, 4 available
 Memory: 3895M
 Large Page Support: Disabled
 NUMA Support: Disabled
 Compressed Oops: Enabled (32-bit)
 Heap Region Size: 1M
 Heap Min Capacity: 8M
 Heap Initial Capacity: 62M
 Heap Max Capacity: 2G
 Pre-touch: Disabled
 Parallel Workers: 4
 Concurrent Workers: 1
 Concurrent Refinement Workers: 4
 Periodic GC: Disabled

Heap:
 garbage-first heap   total 102400K, used 50771K [0x0000000080000000, 0x0000000100000000)
  region size 1024K, 2 young (2048K), 2 survivors (2048K)
 Metaspace       used 65273K, committed 65792K, reserved 1105920K
  class space    used 8604K, committed 8832K, reserved 1048576K

Heap Regions: E=young(eden), S=young(survivor), O=old, HS=humongous(starts), HC=humongous(continues), CS=collection set, F=free, OA=open archive, CA=closed archive, TAMS=top-at-mark-start (previous, next)
|   0|0x0000000080000000, 0x0000000080100000, 0x0000000080100000|100%| O|  |TAMS 0x0000000080100000, 0x0000000080100000| Untracked 
|   1|0x0000000080100000, 0x0000000080200000, 0x0000000080200000|100%| O|  |TAMS 0x0000000080200000, 0x0000000080200000| Untracked 
|   2|0x0000000080200000, 0x0000000080300000, 0x0000000080300000|100%|HS|  |TAMS 0x0000000080300000, 0x0000000080300000| Complete 
|   3|0x0000000080300000, 0x0000000080400000, 0x0000000080400000|100%|HC|  |TAMS 0x0000000080400000, 0x0000000080400000| Complete 
|   4|0x0000000080400000, 0x0000000080500000, 0x0000000080500000|100%|HC|  |TAMS 0x0000000080500000, 0x0000000080500000| Complete 
|   5|0x0000000080500000, 0x0000000080600000, 0x0000000080600000|100%|HC|  |TAMS 0x0000000080600000, 0x0000000080600000| Complete 
|   6|0x0000000080600000, 0x0000000080700000, 0x0000000080700000|100%| O|  |TAMS 0x0000000080700000, 0x0000000080700000| Untracked 
|   7|0x0000000080700000, 0x0000000080800000, 0x0000000080800000|100%| O|  |TAMS 0x0000000080800000, 0x0000000080800000| Untracked 
|   8|0x0000000080800000, 0x0000000080900000, 0x0000000080900000|100%| O|  |TAMS 0x0000000080900000, 0x0000000080900000| Untracked 
|   9|0x0000000080900000, 0x0000000080a00000, 0x0000000080a00000|100%| O|  |TAMS 0x0000000080a00000, 0x0000000080a00000| Untracked 
|  10|0x0000000080a00000, 0x0000000080b00000, 0x0000000080b00000|100%| O|  |TAMS 0x0000000080b00000, 0x0000000080b00000| Untracked 
|  11|0x0000000080b00000, 0x0000000080c00000, 0x0000000080c00000|100%| O|  |TAMS 0x0000000080c00000, 0x0000000080c00000| Untracked 
|  12|0x0000000080c00000, 0x0000000080d00000, 0x0000000080d00000|100%| O|  |TAMS 0x0000000080d00000, 0x0000000080d00000| Untracked 
|  13|0x0000000080d00000, 0x0000000080e00000, 0x0000000080e00000|100%| O|  |TAMS 0x0000000080e00000, 0x0000000080e00000| Untracked 
|  14|0x0000000080e00000, 0x0000000080f00000, 0x0000000080f00000|100%| O|  |TAMS 0x0000000080f00000, 0x0000000080f00000| Untracked 
|  15|0x0000000080f00000, 0x0000000081000000, 0x0000000081000000|100%| O|  |TAMS 0x0000000081000000, 0x0000000081000000| Untracked 
|  16|0x0000000081000000, 0x0000000081100000, 0x0000000081100000|100%| O|  |TAMS 0x0000000081100000, 0x0000000081100000| Untracked 
|  17|0x0000000081100000, 0x0000000081200000, 0x0000000081200000|100%| O|  |TAMS 0x0000000081200000, 0x0000000081200000| Untracked 
|  18|0x0000000081200000, 0x0000000081300000, 0x0000000081300000|100%| O|  |TAMS 0x0000000081300000, 0x0000000081300000| Untracked 
|  19|0x0000000081300000, 0x0000000081400000, 0x0000000081400000|100%| O|  |TAMS 0x0000000081400000, 0x0000000081400000| Untracked 
|  20|0x0000000081400000, 0x0000000081500000, 0x0000000081500000|100%| O|  |TAMS 0x0000000081500000, 0x0000000081500000| Untracked 
|  21|0x0000000081500000, 0x0000000081600000, 0x0000000081600000|100%| O|  |TAMS 0x0000000081600000, 0x0000000081600000| Untracked 
|  22|0x0000000081600000, 0x0000000081700000, 0x0000000081700000|100%| O|  |TAMS 0x0000000081700000, 0x0000000081700000| Untracked 
|  23|0x0000000081700000, 0x0000000081800000, 0x0000000081800000|100%| O|  |TAMS 0x0000000081800000, 0x0000000081800000| Untracked 
|  24|0x0000000081800000, 0x0000000081900000, 0x0000000081900000|100%| O|  |TAMS 0x0000000081900000, 0x0000000081900000| Untracked 
|  25|0x0000000081900000, 0x0000000081a00000, 0x0000000081a00000|100%|HS|  |TAMS 0x0000000081a00000, 0x0000000081a00000| Complete 
|  26|0x0000000081a00000, 0x0000000081b00000, 0x0000000081b00000|100%| O|  |TAMS 0x0000000081b00000, 0x0000000081b00000| Untracked 
|  27|0x0000000081b00000, 0x0000000081c00000, 0x0000000081c00000|100%| O|  |TAMS 0x0000000081c00000, 0x0000000081c00000| Untracked 
|  28|0x0000000081c00000, 0x0000000081d00000, 0x0000000081d00000|100%| O|  |TAMS 0x0000000081d00000, 0x0000000081d00000| Untracked 
|  29|0x0000000081d00000, 0x0000000081e00000, 0x0000000081e00000|100%| O|  |TAMS 0x0000000081e00000, 0x0000000081e00000| Untracked 
|  30|0x0000000081e00000, 0x0000000081f00000, 0x0000000081f00000|100%| O|  |TAMS 0x0000000081f00000, 0x0000000081f00000| Untracked 
|  31|0x0000000081f00000, 0x0000000082000000, 0x0000000082000000|100%| O|  |TAMS 0x0000000082000000, 0x0000000082000000| Untracked 
|  32|0x0000000082000000, 0x0000000082100000, 0x0000000082100000|100%| O|  |TAMS 0x0000000082100000, 0x0000000082100000| Untracked 
|  33|0x0000000082100000, 0x0000000082200000, 0x0000000082200000|100%|HS|  |TAMS 0x0000000082200000, 0x0000000082200000| Complete 
|  34|0x0000000082200000, 0x0000000082300000, 0x0000000082300000|100%| O|  |TAMS 0x0000000082300000, 0x0000000082300000| Untracked 
|  35|0x0000000082300000, 0x0000000082400000, 0x0000000082400000|100%| O|  |TAMS 0x0000000082400000, 0x0000000082400000| Untracked 
|  36|0x0000000082400000, 0x0000000082500000, 0x0000000082500000|100%| O|  |TAMS 0x0000000082500000, 0x0000000082500000| Untracked 
|  37|0x0000000082500000, 0x0000000082500000, 0x0000000082600000|  0%| F|  |TAMS 0x0000000082500000, 0x0000000082500000| Untracked 
|  38|0x0000000082600000, 0x0000000082700000, 0x0000000082700000|100%| O|  |TAMS 0x0000000082700000, 0x0000000082700000| Untracked 
|  39|0x0000000082700000, 0x0000000082800000, 0x0000000082800000|100%| O|  |TAMS 0x0000000082800000, 0x0000000082800000| Untracked 
|  40|0x0000000082800000, 0x0000000082900000, 0x0000000082900000|100%| O|  |TAMS 0x0000000082900000, 0x0000000082900000| Untracked 
|  41|0x0000000082900000, 0x0000000082a00000, 0x0000000082a00000|100%| O|  |TAMS 0x0000000082900000, 0x0000000082a00000| Untracked 
|  42|0x0000000082a00000, 0x0000000082b00000, 0x0000000082b00000|100%| O|  |TAMS 0x0000000082b00000, 0x0000000082b00000| Untracked 
|  43|0x0000000082b00000, 0x0000000082c00000, 0x0000000082c00000|100%| O|  |TAMS 0x0000000082c00000, 0x0000000082c00000| Untracked 
|  44|0x0000000082c00000, 0x0000000082d00000, 0x0000000082d00000|100%| O|  |TAMS 0x0000000082d00000, 0x0000000082d00000| Untracked 
|  45|0x0000000082d00000, 0x0000000082e00000, 0x0000000082e00000|100%| O|  |TAMS 0x0000000082e00000, 0x0000000082e00000| Untracked 
|  46|0x0000000082e00000, 0x0000000082f00000, 0x0000000082f00000|100%| O|  |TAMS 0x0000000082e7a600, 0x0000000082f00000| Untracked 
|  47|0x0000000082f00000, 0x0000000083000000, 0x0000000083000000|100%| O|  |TAMS 0x0000000082f00000, 0x0000000083000000| Untracked 
|  48|0x0000000083000000, 0x0000000083099400, 0x0000000083100000| 59%| O|  |TAMS 0x0000000083000000, 0x0000000083099400| Untracked 
|  49|0x0000000083100000, 0x0000000083100000, 0x0000000083200000|  0%| F|  |TAMS 0x0000000083100000, 0x0000000083100000| Untracked 
|  50|0x0000000083200000, 0x0000000083200000, 0x0000000083300000|  0%| F|  |TAMS 0x0000000083200000, 0x0000000083200000| Untracked 
|  51|0x0000000083300000, 0x0000000083300000, 0x0000000083400000|  0%| F|  |TAMS 0x0000000083300000, 0x0000000083300000| Untracked 
|  52|0x0000000083400000, 0x0000000083400000, 0x0000000083500000|  0%| F|  |TAMS 0x0000000083400000, 0x0000000083400000| Untracked 
|  53|0x0000000083500000, 0x0000000083500000, 0x0000000083600000|  0%| F|  |TAMS 0x0000000083500000, 0x0000000083500000| Untracked 
|  54|0x0000000083600000, 0x0000000083600000, 0x0000000083700000|  0%| F|  |TAMS 0x0000000083600000, 0x0000000083600000| Untracked 
|  55|0x0000000083700000, 0x0000000083700000, 0x0000000083800000|  0%| F|  |TAMS 0x0000000083700000, 0x0000000083700000| Untracked 
|  56|0x0000000083800000, 0x0000000083800000, 0x0000000083900000|  0%| F|  |TAMS 0x0000000083800000, 0x0000000083800000| Untracked 
|  57|0x0000000083900000, 0x0000000083900000, 0x0000000083a00000|  0%| F|  |TAMS 0x0000000083900000, 0x0000000083900000| Untracked 
|  58|0x0000000083a00000, 0x0000000083a00000, 0x0000000083b00000|  0%| F|  |TAMS 0x0000000083a00000, 0x0000000083a00000| Untracked 
|  59|0x0000000083b00000, 0x0000000083b00000, 0x0000000083c00000|  0%| F|  |TAMS 0x0000000083b00000, 0x0000000083b00000| Untracked 
|  60|0x0000000083c00000, 0x0000000083c00000, 0x0000000083d00000|  0%| F|  |TAMS 0x0000000083c00000, 0x0000000083c00000| Untracked 
|  61|0x0000000083d00000, 0x0000000083d00000, 0x0000000083e00000|  0%| F|  |TAMS 0x0000000083d00000, 0x0000000083d00000| Untracked 
|  62|0x0000000083e00000, 0x0000000083e00000, 0x0000000083f00000|  0%| F|  |TAMS 0x0000000083e00000, 0x0000000083e00000| Untracked 
|  63|0x0000000083f00000, 0x0000000083f00000, 0x0000000084000000|  0%| F|  |TAMS 0x0000000083f00000, 0x0000000083f00000| Untracked 
|  64|0x0000000084000000, 0x0000000084000000, 0x0000000084100000|  0%| F|  |TAMS 0x0000000084000000, 0x0000000084000000| Untracked 
|  65|0x0000000084100000, 0x0000000084100000, 0x0000000084200000|  0%| F|  |TAMS 0x0000000084100000, 0x0000000084100000| Untracked 
|  66|0x0000000084200000, 0x0000000084200000, 0x0000000084300000|  0%| F|  |TAMS 0x0000000084200000, 0x0000000084200000| Untracked 
|  67|0x0000000084300000, 0x0000000084300000, 0x0000000084400000|  0%| F|  |TAMS 0x0000000084300000, 0x0000000084300000| Untracked 
|  68|0x0000000084400000, 0x0000000084400000, 0x0000000084500000|  0%| F|  |TAMS 0x0000000084400000, 0x0000000084400000| Untracked 
|  69|0x0000000084500000, 0x0000000084500000, 0x0000000084600000|  0%| F|  |TAMS 0x0000000084500000, 0x0000000084500000| Untracked 
|  70|0x0000000084600000, 0x0000000084600000, 0x0000000084700000|  0%| F|  |TAMS 0x0000000084600000, 0x0000000084600000| Untracked 
|  71|0x0000000084700000, 0x0000000084700000, 0x0000000084800000|  0%| F|  |TAMS 0x0000000084700000, 0x0000000084700000| Untracked 
|  72|0x0000000084800000, 0x0000000084800000, 0x0000000084900000|  0%| F|  |TAMS 0x0000000084800000, 0x0000000084800000| Untracked 
|  73|0x0000000084900000, 0x0000000084900000, 0x0000000084a00000|  0%| F|  |TAMS 0x0000000084900000, 0x0000000084900000| Untracked 
|  74|0x0000000084a00000, 0x0000000084a00000, 0x0000000084b00000|  0%| F|  |TAMS 0x0000000084a00000, 0x0000000084a00000| Untracked 
|  75|0x0000000084b00000, 0x0000000084b00000, 0x0000000084c00000|  0%| F|  |TAMS 0x0000000084b00000, 0x0000000084b00000| Untracked 
|  76|0x0000000084c00000, 0x0000000084cfba98, 0x0000000084d00000| 98%| S|CS|TAMS 0x0000000084c00000, 0x0000000084c00000| Complete 
|  77|0x0000000084d00000, 0x0000000084e00000, 0x0000000084e00000|100%| S|CS|TAMS 0x0000000084d00000, 0x0000000084d00000| Complete 
|  78|0x0000000084e00000, 0x0000000084e00000, 0x0000000084f00000|  0%| F|  |TAMS 0x0000000084e00000, 0x0000000084e00000| Untracked 
|  79|0x0000000084f00000, 0x0000000084f00000, 0x0000000085000000|  0%| F|  |TAMS 0x0000000084f00000, 0x0000000084f00000| Untracked 
|  80|0x0000000085000000, 0x0000000085000000, 0x0000000085100000|  0%| F|  |TAMS 0x0000000085000000, 0x0000000085000000| Untracked 
|  81|0x0000000085100000, 0x0000000085100000, 0x0000000085200000|  0%| F|  |TAMS 0x0000000085100000, 0x0000000085100000| Untracked 
|  82|0x0000000085200000, 0x0000000085200000, 0x0000000085300000|  0%| F|  |TAMS 0x0000000085200000, 0x0000000085200000| Untracked 
|  83|0x0000000085300000, 0x0000000085300000, 0x0000000085400000|  0%| F|  |TAMS 0x0000000085300000, 0x0000000085300000| Untracked 
|  84|0x0000000085400000, 0x0000000085400000, 0x0000000085500000|  0%| F|  |TAMS 0x0000000085400000, 0x0000000085400000| Untracked 
|  85|0x0000000085500000, 0x0000000085500000, 0x0000000085600000|  0%| F|  |TAMS 0x0000000085500000, 0x0000000085500000| Untracked 
|  86|0x0000000085600000, 0x0000000085600000, 0x0000000085700000|  0%| F|  |TAMS 0x0000000085600000, 0x0000000085600000| Untracked 
|  87|0x0000000085700000, 0x0000000085700000, 0x0000000085800000|  0%| F|  |TAMS 0x0000000085700000, 0x0000000085700000| Untracked 
|  88|0x0000000085800000, 0x0000000085800000, 0x0000000085900000|  0%| F|  |TAMS 0x0000000085800000, 0x0000000085800000| Untracked 
|  89|0x0000000085900000, 0x0000000085900000, 0x0000000085a00000|  0%| F|  |TAMS 0x0000000085900000, 0x0000000085900000| Untracked 
|  90|0x0000000085a00000, 0x0000000085a00000, 0x0000000085b00000|  0%| F|  |TAMS 0x0000000085a00000, 0x0000000085a00000| Untracked 
|  91|0x0000000085b00000, 0x0000000085b00000, 0x0000000085c00000|  0%| F|  |TAMS 0x0000000085b00000, 0x0000000085b00000| Untracked 
|  92|0x0000000085c00000, 0x0000000085c00000, 0x0000000085d00000|  0%| F|  |TAMS 0x0000000085c00000, 0x0000000085c00000| Untracked 
|  93|0x0000000085d00000, 0x0000000085d00000, 0x0000000085e00000|  0%| F|  |TAMS 0x0000000085d00000, 0x0000000085d00000| Untracked 
|  94|0x0000000085e00000, 0x0000000085e00000, 0x0000000085f00000|  0%| F|  |TAMS 0x0000000085e00000, 0x0000000085e00000| Untracked 
|  95|0x0000000085f00000, 0x0000000085f00000, 0x0000000086000000|  0%| F|  |TAMS 0x0000000085f00000, 0x0000000085f00000| Untracked 
|  96|0x0000000086000000, 0x0000000086000000, 0x0000000086100000|  0%| F|  |TAMS 0x0000000086000000, 0x0000000086000000| Untracked 
|  97|0x0000000086100000, 0x0000000086100000, 0x0000000086200000|  0%| F|  |TAMS 0x0000000086100000, 0x0000000086100000| Untracked 
|  98|0x0000000086200000, 0x0000000086200000, 0x0000000086300000|  0%| F|  |TAMS 0x0000000086200000, 0x0000000086200000| Untracked 
|  99|0x0000000086300000, 0x0000000086300000, 0x0000000086400000|  0%| F|  |TAMS 0x0000000086300000, 0x0000000086300000| Untracked 

Card table byte_map: [0x000001fad2820000,0x000001fad2c20000] _byte_map_base: 0x000001fad2420000

Marking Bits (Prev, Next): (CMBitMap*) 0x000001fabffa8010, (CMBitMap*) 0x000001fabffa7fd0
 Prev Bits: [0x000001fad5020000, 0x000001fad7020000)
 Next Bits: [0x000001fad3020000, 0x000001fad5020000)

Polling page: 0x000001fabdf00000

Metaspace:

Usage:
  Non-class:     55.34 MB used.
      Class:      8.40 MB used.
       Both:     63.74 MB used.

Virtual space:
  Non-class space:       56.00 MB reserved,      55.62 MB (>99%) committed,  7 nodes.
      Class space:        1.00 GB reserved,       8.62 MB ( <1%) committed,  1 nodes.
             Both:        1.05 GB reserved,      64.25 MB (  6%) committed. 

Chunk freelists:
   Non-Class:  32.00 KB
       Class:  3.23 MB
        Both:  3.27 MB

MaxMetaspaceSize: unlimited
CompressedClassSpaceSize: 1.00 GB
Initial GC threshold: 21.00 MB
Current GC threshold: 102.62 MB
CDS: off
MetaspaceReclaimPolicy: balanced
 - commit_granule_bytes: 65536.
 - commit_granule_words: 8192.
 - virtual_space_node_default_size: 1048576.
 - enlarge_chunks_in_place: 1.
 - new_chunks_are_fully_committed: 0.
 - uncommit_free_chunks: 1.
 - use_allocation_guard: 0.
 - handle_deallocations: 1.


Internal statistics:

num_allocs_failed_limit: 6.
num_arena_births: 612.
num_arena_deaths: 0.
num_vsnodes_births: 8.
num_vsnodes_deaths: 0.
num_space_committed: 1028.
num_space_uncommitted: 0.
num_chunks_returned_to_freelist: 6.
num_chunks_taken_from_freelist: 2699.
num_chunk_merges: 6.
num_chunk_splits: 1810.
num_chunks_enlarged: 1254.
num_purges: 0.
num_inconsistent_stats: 0.

CodeHeap 'non-profiled nmethods': size=120000Kb used=2887Kb max_used=3271Kb free=117112Kb
 bounds [0x000001facaef0000, 0x000001facb230000, 0x000001fad2420000]
CodeHeap 'profiled nmethods': size=120000Kb used=12022Kb max_used=13100Kb free=107977Kb
 bounds [0x000001fac3420000, 0x000001fac40f0000, 0x000001faca950000]
CodeHeap 'non-nmethods': size=5760Kb used=2357Kb max_used=2399Kb free=3402Kb
 bounds [0x000001faca950000, 0x000001facabc0000, 0x000001facaef0000]
 total_blobs=6903 nmethods=6033 adapters=782
 compilation: enabled
              stopped_count=0, restarted_count=0
 full_count=0

Compilation events (20 events):
Event: 11.466 Thread 0x000001fada015a70 6468       3       sun.reflect.generics.tree.SimpleClassTypeSignature::accept (8 bytes)
Event: 11.466 Thread 0x000001fada015a70 nmethod 6468 0x000001fac40ea610 code [0x000001fac40ea7e0, 0x000001fac40eaac8]
Event: 11.466 Thread 0x000001fada015a70 6469       3       sun.reflect.generics.visitor.Reifier::visitSimpleClassTypeSignature (18 bytes)
Event: 11.466 Thread 0x000001fada015a70 nmethod 6469 0x000001fac40eac90 code [0x000001fac40eae40, 0x000001fac40eb068]
Event: 11.469 Thread 0x000001fada014fd0 nmethod 6359 0x000001facb21a010 code [0x000001facb21a420, 0x000001facb21f3c0]
Event: 11.469 Thread 0x000001fada014fd0 6404       4       org.objectweb.asm.Frame::accept (264 bytes)
Event: 11.476 Thread 0x000001fada015a70 6470       3       java.beans.PropertyDescriptor::<init> (302 bytes)
Event: 11.478 Thread 0x000001fada015a70 nmethod 6470 0x000001fac345a510 code [0x000001fac345ac00, 0x000001fac345f7d8]
Event: 11.481 Thread 0x000001fada014fd0 nmethod 6404 0x000001facaf5d990 code [0x000001facaf5db60, 0x000001facaf5e8c8]
Event: 11.481 Thread 0x000001fada014fd0 6466       4       groovy.lang.MetaClassImpl$1MOPIter::methodNameAction (325 bytes)
Event: 11.482 Thread 0x000001fada015a70 6471       3       groovy.lang.MetaClassImpl::addFields (41 bytes)
Event: 11.482 Thread 0x000001fada015a70 nmethod 6471 0x000001fac3433290 code [0x000001fac3433480, 0x000001fac3433b78]
Event: 11.490 Thread 0x000001fada015a70 6472       3       groovy.lang.MetaMethod::equal (38 bytes)
Event: 11.490 Thread 0x000001fada015a70 nmethod 6472 0x000001fac344ea10 code [0x000001fac344ebc0, 0x000001fac344ee58]
Event: 11.491 Thread 0x000001fada015a70 6473       3       groovy.lang.MetaClassImpl::addMetaBeanProperty (119 bytes)
Event: 11.492 Thread 0x000001fada015a70 nmethod 6473 0x000001fac36e6510 code [0x000001fac36e67c0, 0x000001fac36e7e48]
Event: 11.492 Thread 0x000001fada015a70 6474       3       groovy.lang.MetaClassImpl$Index::put (10 bytes)
Event: 11.492 Thread 0x000001fada015a70 nmethod 6474 0x000001fac3471b10 code [0x000001fac3471cc0, 0x000001fac3471ee8]
Event: 11.492 Thread 0x000001fada015a70 6475       3       org.codehaus.groovy.reflection.CachedField::isStatic (8 bytes)
Event: 11.492 Thread 0x000001fada015a70 nmethod 6475 0x000001fac3578310 code [0x000001fac35784c0, 0x000001fac3578718]

GC Heap History (20 events):
Event: 9.095 GC heap after
{Heap after GC invocations=16 (full 0):
 garbage-first heap   total 76800K, used 36020K [0x0000000080000000, 0x0000000100000000)
  region size 1024K, 4 young (4096K), 4 survivors (4096K)
 Metaspace       used 51338K, committed 51776K, reserved 1097728K
  class space    used 6793K, committed 6976K, reserved 1048576K
}
Event: 9.484 GC heap before
{Heap before GC invocations=16 (full 0):
 garbage-first heap   total 76800K, used 56500K [0x0000000080000000, 0x0000000100000000)
  region size 1024K, 24 young (24576K), 4 survivors (4096K)
 Metaspace       used 51909K, committed 52352K, reserved 1097728K
  class space    used 6842K, committed 7040K, reserved 1048576K
}
Event: 9.491 GC heap after
{Heap after GC invocations=17 (full 0):
 garbage-first heap   total 76800K, used 42418K [0x0000000080000000, 0x0000000100000000)
  region size 1024K, 4 young (4096K), 4 survivors (4096K)
 Metaspace       used 51909K, committed 52352K, reserved 1097728K
  class space    used 6842K, committed 7040K, reserved 1048576K
}
Event: 9.795 GC heap before
{Heap before GC invocations=18 (full 0):
 garbage-first heap   total 76800K, used 59826K [0x0000000080000000, 0x0000000100000000)
  region size 1024K, 21 young (21504K), 4 survivors (4096K)
 Metaspace       used 53930K, committed 54400K, reserved 1097728K
  class space    used 7128K, committed 7360K, reserved 1048576K
}
Event: 9.800 GC heap after
{Heap after GC invocations=19 (full 0):
 garbage-first heap   total 76800K, used 45059K [0x0000000080000000, 0x0000000100000000)
  region size 1024K, 3 young (3072K), 3 survivors (3072K)
 Metaspace       used 53930K, committed 54400K, reserved 1097728K
  class space    used 7128K, committed 7360K, reserved 1048576K
}
Event: 9.815 GC heap before
{Heap before GC invocations=19 (full 0):
 garbage-first heap   total 76800K, used 46083K [0x0000000080000000, 0x0000000100000000)
  region size 1024K, 4 young (4096K), 3 survivors (3072K)
 Metaspace       used 54064K, committed 54528K, reserved 1097728K
  class space    used 7149K, committed 7360K, reserved 1048576K
}
Event: 9.821 GC heap after
{Heap after GC invocations=20 (full 0):
 garbage-first heap   total 93184K, used 44808K [0x0000000080000000, 0x0000000100000000)
  region size 1024K, 1 young (1024K), 1 survivors (1024K)
 Metaspace       used 54064K, committed 54528K, reserved 1097728K
  class space    used 7149K, committed 7360K, reserved 1048576K
}
Event: 10.476 GC heap before
{Heap before GC invocations=20 (full 0):
 garbage-first heap   total 93184K, used 67336K [0x0000000080000000, 0x0000000100000000)
  region size 1024K, 23 young (23552K), 1 survivors (1024K)
 Metaspace       used 57848K, committed 58368K, reserved 1105920K
  class space    used 7625K, committed 7872K, reserved 1048576K
}
Event: 10.481 GC heap after
{Heap after GC invocations=21 (full 0):
 garbage-first heap   total 93184K, used 45510K [0x0000000080000000, 0x0000000100000000)
  region size 1024K, 1 young (1024K), 1 survivors (1024K)
 Metaspace       used 57848K, committed 58368K, reserved 1105920K
  class space    used 7625K, committed 7872K, reserved 1048576K
}
Event: 10.980 GC heap before
{Heap before GC invocations=22 (full 0):
 garbage-first heap   total 93184K, used 69062K [0x0000000080000000, 0x0000000100000000)
  region size 1024K, 24 young (24576K), 1 survivors (1024K)
 Metaspace       used 62426K, committed 62976K, reserved 1105920K
  class space    used 8251K, committed 8512K, reserved 1048576K
}
Event: 10.984 GC heap after
{Heap after GC invocations=23 (full 0):
 garbage-first heap   total 93184K, used 47685K [0x0000000080000000, 0x0000000100000000)
  region size 1024K, 3 young (3072K), 3 survivors (3072K)
 Metaspace       used 62426K, committed 62976K, reserved 1105920K
  class space    used 8251K, committed 8512K, reserved 1048576K
}
Event: 11.015 GC heap before
{Heap before GC invocations=23 (full 0):
 garbage-first heap   total 93184K, used 48709K [0x0000000080000000, 0x0000000100000000)
  region size 1024K, 4 young (4096K), 3 survivors (3072K)
 Metaspace       used 62471K, committed 63040K, reserved 1105920K
  class space    used 8256K, committed 8512K, reserved 1048576K
}
Event: 11.020 GC heap after
{Heap after GC invocations=24 (full 0):
 garbage-first heap   total 93184K, used 47087K [0x0000000080000000, 0x0000000100000000)
  region size 1024K, 1 young (1024K), 1 survivors (1024K)
 Metaspace       used 62471K, committed 63040K, reserved 1105920K
  class space    used 8256K, committed 8512K, reserved 1048576K
}
Event: 11.024 GC heap before
{Heap before GC invocations=24 (full 0):
 garbage-first heap   total 93184K, used 47087K [0x0000000080000000, 0x0000000100000000)
  region size 1024K, 2 young (2048K), 1 survivors (1024K)
 Metaspace       used 62477K, committed 63040K, reserved 1105920K
  class space    used 8258K, committed 8512K, reserved 1048576K
}
Event: 11.025 GC heap after
{Heap after GC invocations=25 (full 0):
 garbage-first heap   total 93184K, used 47441K [0x0000000080000000, 0x0000000100000000)
  region size 1024K, 1 young (1024K), 1 survivors (1024K)
 Metaspace       used 62477K, committed 63040K, reserved 1105920K
  class space    used 8258K, committed 8512K, reserved 1048576K
}
Event: 11.205 GC heap before
{Heap before GC invocations=26 (full 0):
 garbage-first heap   total 102400K, used 70993K [0x0000000080000000, 0x0000000100000000)
  region size 1024K, 18 young (18432K), 1 survivors (1024K)
 Metaspace       used 63255K, committed 63744K, reserved 1105920K
  class space    used 8370K, committed 8576K, reserved 1048576K
}
Event: 11.209 GC heap after
{Heap after GC invocations=27 (full 0):
 garbage-first heap   total 102400K, used 49179K [0x0000000080000000, 0x0000000100000000)
  region size 1024K, 3 young (3072K), 3 survivors (3072K)
 Metaspace       used 63255K, committed 63744K, reserved 1105920K
  class space    used 8370K, committed 8576K, reserved 1048576K
}
Event: 11.242 GC heap before
{Heap before GC invocations=27 (full 0):
 garbage-first heap   total 102400K, used 50203K [0x0000000080000000, 0x0000000100000000)
  region size 1024K, 5 young (5120K), 3 survivors (3072K)
 Metaspace       used 63537K, committed 64064K, reserved 1105920K
  class space    used 8400K, committed 8640K, reserved 1048576K
}
Event: 11.246 GC heap after
{Heap after GC invocations=28 (full 0):
 garbage-first heap   total 102400K, used 49132K [0x0000000080000000, 0x0000000100000000)
  region size 1024K, 1 young (1024K), 1 survivors (1024K)
 Metaspace       used 63537K, committed 64064K, reserved 1105920K
  class space    used 8400K, committed 8640K, reserved 1048576K
}
Event: 11.497 GC heap before
{Heap before GC invocations=28 (full 0):
 garbage-first heap   total 102400K, used 70636K [0x0000000080000000, 0x0000000100000000)
  region size 1024K, 22 young (22528K), 1 survivors (1024K)
 Metaspace       used 65273K, committed 65792K, reserved 1105920K
  class space    used 8604K, committed 8832K, reserved 1048576K
}

Dll operation events (2 events):
Event: 0.103 Loaded shared library C:\Program Files\Android\Android Studio\jbr\bin\java.dll
Event: 1.309 Loaded shared library C:\Program Files\Android\Android Studio\jbr\bin\verify.dll

Deoptimization events (20 events):
Event: 11.022 Thread 0x000001fadb79b080 Uncommon trap: trap_request=0xffffff45 fr.pc=0x000001facb0ed35c relative=0x000000000000119c
Event: 11.022 Thread 0x000001fadb79b080 Uncommon trap: reason=unstable_if action=reinterpret pc=0x000001facb0ed35c method=java.security.CodeSource.getCertificates()[Ljava/security/cert/Certificate; @ 4 c2
Event: 11.022 Thread 0x000001fadb79b080 DEOPT PACKING pc=0x000001facb0ed35c sp=0x00000091fb6f1950
Event: 11.022 Thread 0x000001fadb79b080 DEOPT UNPACKING pc=0x000001faca9aa1a3 sp=0x00000091fb6f18d0 mode 2
Event: 11.022 Thread 0x000001fadb79b080 Uncommon trap: trap_request=0xffffff54 fr.pc=0x000001facb019a04 relative=0x0000000000000a24
Event: 11.022 Thread 0x000001fadb79b080 Uncommon trap: reason=speculate_null_assert action=make_not_entrant pc=0x000001facb019a04 method=java.util.jar.JarFile.getVersionedEntry(Ljava/lang/String;Ljava/util/jar/JarEntry;)Ljava/util/jar/JarEntry; @ 115 c2
Event: 11.022 Thread 0x000001fadb79b080 DEOPT PACKING pc=0x000001facb019a04 sp=0x00000091fb6f32a0
Event: 11.022 Thread 0x000001fadb79b080 DEOPT UNPACKING pc=0x000001faca9aa1a3 sp=0x00000091fb6f3268 mode 2
Event: 11.049 Thread 0x000001fadb79b080 Uncommon trap: trap_request=0xffffff45 fr.pc=0x000001facb166fc8 relative=0x00000000000002a8
Event: 11.049 Thread 0x000001fadb79b080 Uncommon trap: reason=unstable_if action=reinterpret pc=0x000001facb166fc8 method=java.util.LinkedHashMap.get(Ljava/lang/Object;)Ljava/lang/Object; @ 16 c2
Event: 11.049 Thread 0x000001fadb79b080 DEOPT PACKING pc=0x000001facb166fc8 sp=0x00000091fb6f2b00
Event: 11.049 Thread 0x000001fadb79b080 DEOPT UNPACKING pc=0x000001faca9aa1a3 sp=0x00000091fb6f2ab8 mode 2
Event: 11.427 Thread 0x000001fadb79b080 Uncommon trap: trap_request=0xffffffc6 fr.pc=0x000001facb09ff20 relative=0x0000000000003ac0
Event: 11.427 Thread 0x000001fadb79b080 Uncommon trap: reason=bimorphic_or_optimized_type_check action=maybe_recompile pc=0x000001facb09ff20 method=java.util.AbstractCollection.addAll(Ljava/util/Collection;)Z @ 29 c2
Event: 11.427 Thread 0x000001fadb79b080 DEOPT PACKING pc=0x000001facb09ff20 sp=0x00000091fb6f4e50
Event: 11.427 Thread 0x000001fadb79b080 DEOPT UNPACKING pc=0x000001faca9aa1a3 sp=0x00000091fb6f4e40 mode 2
Event: 11.427 Thread 0x000001fadb79b080 Uncommon trap: trap_request=0xffffffc6 fr.pc=0x000001facb09ff20 relative=0x0000000000003ac0
Event: 11.427 Thread 0x000001fadb79b080 Uncommon trap: reason=bimorphic_or_optimized_type_check action=maybe_recompile pc=0x000001facb09ff20 method=java.util.AbstractCollection.addAll(Ljava/util/Collection;)Z @ 29 c2
Event: 11.427 Thread 0x000001fadb79b080 DEOPT PACKING pc=0x000001facb09ff20 sp=0x00000091fb6f4e50
Event: 11.427 Thread 0x000001fadb79b080 DEOPT UNPACKING pc=0x000001faca9aa1a3 sp=0x00000091fb6f4e40 mode 2

Classes unloaded (0 events):
No events

Classes redefined (0 events):
No events

Internal exceptions (20 events):
Event: 9.341 Thread 0x000001fadb8f3890 Exception <a 'java/lang/NoSuchMethodError'{0x0000000083d0b1c0}: static Lorg/gradle/internal/build/event/types/DefaultScriptPluginIdentifier;.<clinit>()V> (0x0000000083d0b1c0) 
thrown [s\src\hotspot\share\prims\jni.cpp, line 1108]
Event: 9.350 Thread 0x000001fadb79b080 Exception <a 'java/lang/ClassNotFoundException'{0x0000000083da2208}: build_70w1ifk0m4pl6bblqrx9aghcfBeanInfo> (0x0000000083da2208) 
thrown [s\src\hotspot\share\classfile\systemDictionary.cpp, line 256]
Event: 9.350 Thread 0x000001fadb79b080 Exception <a 'java/lang/ClassNotFoundException'{0x0000000083da8a88}: build_70w1ifk0m4pl6bblqrx9aghcfCustomizer> (0x0000000083da8a88) 
thrown [s\src\hotspot\share\classfile\systemDictionary.cpp, line 256]
Event: 9.557 Thread 0x000001fadb79b080 Exception <a 'java/lang/ClassNotFoundException'{0x0000000084858f68}: org/gradle/api/internal/plugins/DefaultObjectConfigurationActionBeanInfo> (0x0000000084858f68) 
thrown [s\src\hotspot\share\classfile\systemDictionary.cpp, line 256]
Event: 9.557 Thread 0x000001fadb79b080 Exception <a 'java/lang/ClassNotFoundException'{0x000000008486b390}: org/gradle/api/internal/plugins/DefaultObjectConfigurationActionCustomizer> (0x000000008486b390) 
thrown [s\src\hotspot\share\classfile\systemDictionary.cpp, line 256]
Event: 9.712 Thread 0x000001fadb79b080 Exception <a 'java/lang/NoSuchMethodError'{0x0000000083d1cea0}: 'java.lang.Object java.lang.invoke.DirectMethodHandle$Holder.newInvokeSpecial(java.lang.Object, java.lang.Object, java.lang.Object, java.lang.Object, int)'> (0x0000000083d1cea0) 
thrown [s\src\hotspot\share\interpreter\linkResolver.cpp, line 771]
Event: 9.713 Thread 0x000001fadb79b080 Exception <a 'java/lang/NoSuchMethodError'{0x0000000083d22040}: 'java.lang.Object java.lang.invoke.DirectMethodHandle$Holder.invokeSpecial(java.lang.Object, java.lang.Object, java.lang.Object, java.lang.Object, java.lang.Object, int)'> (0x0000000083d22040) 
thrown [s\src\hotspot\share\interpreter\linkResolver.cpp, line 771]
Event: 9.713 Thread 0x000001fadb79b080 Exception <a 'java/lang/NoSuchMethodError'{0x0000000083d26b18}: 'java.lang.Object java.lang.invoke.Invokers$Holder.linkToTargetMethod(java.lang.Object, java.lang.Object, java.lang.Object, int, java.lang.Object)'> (0x0000000083d26b18) 
thrown [s\src\hotspot\share\interpreter\linkResolver.cpp, line 771]
Event: 10.254 Thread 0x000001fadb79b080 Exception <a 'java/lang/NoSuchMethodError'{0x0000000085115fc8}: 'int java.lang.invoke.DirectMethodHandle$Holder.invokeInterface(java.lang.Object, java.lang.Object, java.lang.Object, java.lang.Object)'> (0x0000000085115fc8) 
thrown [s\src\hotspot\share\interpreter\linkResolver.cpp, line 771]
Event: 10.753 Thread 0x000001fadb79b080 Exception <a 'java/lang/IncompatibleClassChangeError'{0x0000000084f60990}: Found class java.lang.Object, but interface was expected> (0x0000000084f60990) 
thrown [s\src\hotspot\share\interpreter\linkResolver.cpp, line 838]
Event: 10.947 Thread 0x000001fadb79b080 Implicit null exception at 0x000001facb07848c to 0x000001facb0785be
Event: 11.166 Thread 0x000001fadb79b080 Exception <a 'sun/nio/fs/WindowsException'{0x0000000085f20b70}> (0x0000000085f20b70) 
thrown [s\src\hotspot\share\prims\jni.cpp, line 517]
Event: 11.461 Thread 0x000001fadb79b080 Exception <a 'java/lang/ClassNotFoundException'{0x00000000850bb350}: org/gradle/api/internal/project/DefaultProject_DecoratedBeanInfo> (0x00000000850bb350) 
thrown [s\src\hotspot\share\classfile\systemDictionary.cpp, line 256]
Event: 11.462 Thread 0x000001fadb79b080 Exception <a 'java/lang/ClassNotFoundException'{0x00000000850d2c40}: org/gradle/api/internal/project/DefaultProjectBeanInfo> (0x00000000850d2c40) 
thrown [s\src\hotspot\share\classfile\systemDictionary.cpp, line 256]
Event: 11.463 Thread 0x000001fadb79b080 Exception <a 'java/lang/ClassNotFoundException'{0x00000000850ea6c8}: org/gradle/api/internal/project/DefaultProjectCustomizer> (0x00000000850ea6c8) 
thrown [s\src\hotspot\share\classfile\systemDictionary.cpp, line 256]
Event: 11.474 Thread 0x000001fadb79b080 Exception <a 'java/lang/ClassNotFoundException'{0x0000000084f9e928}: org/gradle/api/internal/project/DefaultProject_DecoratedCustomizer> (0x0000000084f9e928) 
thrown [s\src\hotspot\share\classfile\systemDictionary.cpp, line 256]
Event: 11.494 Thread 0x000001fadb79b080 Exception <a 'java/lang/ClassNotFoundException'{0x0000000084e894f8}: org/gradle/api/plugins/internal/DefaultBasePluginConvention_DecoratedBeanInfo> (0x0000000084e894f8) 
thrown [s\src\hotspot\share\classfile\systemDictionary.cpp, line 256]
Event: 11.495 Thread 0x000001fadb79b080 Exception <a 'java/lang/ClassNotFoundException'{0x0000000084ea4808}: org/gradle/api/plugins/internal/DefaultBasePluginConventionBeanInfo> (0x0000000084ea4808) 
thrown [s\src\hotspot\share\classfile\systemDictionary.cpp, line 256]
Event: 11.495 Thread 0x000001fadb79b080 Exception <a 'java/lang/ClassNotFoundException'{0x0000000084ebf150}: org/gradle/api/plugins/BasePluginConventionBeanInfo> (0x0000000084ebf150) 
thrown [s\src\hotspot\share\classfile\systemDictionary.cpp, line 256]
Event: 11.496 Thread 0x000001fadb79b080 Exception <a 'java/lang/ClassNotFoundException'{0x0000000084ed9ca8}: org/gradle/api/plugins/BasePluginConventionCustomizer> (0x0000000084ed9ca8) 
thrown [s\src\hotspot\share\classfile\systemDictionary.cpp, line 256]

VM Operations (20 events):
Event: 10.955 Executing VM operation: HandshakeAllThreads done
Event: 10.980 Executing VM operation: G1CollectForAllocation
Event: 10.984 Executing VM operation: G1CollectForAllocation done
Event: 11.015 Executing VM operation: G1CollectForAllocation
Event: 11.020 Executing VM operation: G1CollectForAllocation done
Event: 11.024 Executing VM operation: G1TryInitiateConcMark
Event: 11.025 Executing VM operation: G1TryInitiateConcMark done
Event: 11.080 Executing VM operation: G1Concurrent
Event: 11.084 Executing VM operation: G1Concurrent done
Event: 11.109 Executing VM operation: G1Concurrent
Event: 11.109 Executing VM operation: G1Concurrent done
Event: 11.205 Executing VM operation: G1CollectForAllocation
Event: 11.209 Executing VM operation: G1CollectForAllocation done
Event: 11.242 Executing VM operation: G1CollectForAllocation
Event: 11.247 Executing VM operation: G1CollectForAllocation done
Event: 11.427 Executing VM operation: HandshakeAllThreads
Event: 11.427 Executing VM operation: HandshakeAllThreads done
Event: 11.468 Executing VM operation: HandshakeAllThreads
Event: 11.469 Executing VM operation: HandshakeAllThreads done
Event: 11.497 Executing VM operation: G1CollectForAllocation

Events (20 events):
Event: 11.477 Thread 0x000001fad9531290 flushing nmethod 0x000001fac38e0290
Event: 11.477 Thread 0x000001fad9531290 flushing nmethod 0x000001fac38e2510
Event: 11.477 Thread 0x000001fad9531290 flushing nmethod 0x000001fac3944f90
Event: 11.478 Thread 0x000001fad9531290 flushing nmethod 0x000001fac395af90
Event: 11.478 Thread 0x000001fad9531290 flushing nmethod 0x000001fac3991b10
Event: 11.478 Thread 0x000001fad9531290 flushing nmethod 0x000001fac3992890
Event: 11.478 Thread 0x000001fad9531290 flushing nmethod 0x000001fac39edc10
Event: 11.478 Thread 0x000001fad9531290 flushing nmethod 0x000001fac39eea10
Event: 11.478 Thread 0x000001fad9531290 flushing nmethod 0x000001fac39ef790
Event: 11.478 Thread 0x000001fad9531290 flushing nmethod 0x000001fac3a1a690
Event: 11.478 Thread 0x000001fad9531290 flushing nmethod 0x000001fac3a32b10
Event: 11.478 Thread 0x000001fad9531290 flushing nmethod 0x000001fac3a33010
Event: 11.478 Thread 0x000001fad9531290 flushing nmethod 0x000001fac3a33b10
Event: 11.478 Thread 0x000001fad9531290 flushing nmethod 0x000001fac3a34210
Event: 11.483 loading class org/xml/sax/Locator
Event: 11.483 loading class org/xml/sax/Locator done
Event: 11.487 loading class org/xml/sax/SAXParseException
Event: 11.487 loading class org/xml/sax/SAXParseException done
Event: 11.487 loading class org/xml/sax/Attributes
Event: 11.488 loading class org/xml/sax/Attributes done


Dynamic libraries:
0x00007ff74c240000 - 0x00007ff74c24a000 	C:\Program Files\Android\Android Studio\jbr\bin\java.exe
0x00007ffba5c00000 - 0x00007ffba5e09000 	C:\Windows\SYSTEM32\ntdll.dll
0x00007ffba4300000 - 0x00007ffba43be000 	C:\Windows\System32\KERNEL32.DLL
0x00007ffba3490000 - 0x00007ffba3814000 	C:\Windows\System32\KERNELBASE.dll
0x00007ffba3940000 - 0x00007ffba3a51000 	C:\Windows\System32\ucrtbase.dll
0x00007ffb959b0000 - 0x00007ffb959c7000 	C:\Program Files\Android\Android Studio\jbr\bin\jli.dll
0x00007ffba5280000 - 0x00007ffba542d000 	C:\Windows\System32\USER32.dll
0x00007ffba31d0000 - 0x00007ffba31f6000 	C:\Windows\System32\win32u.dll
0x00007ffba5b90000 - 0x00007ffba5bba000 	C:\Windows\System32\GDI32.dll
0x00007ffb885e0000 - 0x00007ffb88885000 	C:\Windows\WinSxS\amd64_microsoft.windows.common-controls_6595b64144ccf1df_6.0.22000.120_none_9d947278b86cc467\COMCTL32.dll
0x00007ffb95990000 - 0x00007ffb959ab000 	C:\Program Files\Android\Android Studio\jbr\bin\VCRUNTIME140.dll
0x00007ffba3820000 - 0x00007ffba393f000 	C:\Windows\System32\gdi32full.dll
0x00007ffba3200000 - 0x00007ffba329d000 	C:\Windows\System32\msvcp_win.dll
0x00007ffba4080000 - 0x00007ffba4123000 	C:\Windows\System32\msvcrt.dll
0x00007ffba3d10000 - 0x00007ffba3d41000 	C:\Windows\System32\IMM32.DLL
0x00007ffb998e0000 - 0x00007ffb998ec000 	C:\Program Files\Android\Android Studio\jbr\bin\vcruntime140_1.dll
0x00007ffb83760000 - 0x00007ffb837ed000 	C:\Program Files\Android\Android Studio\jbr\bin\msvcp140.dll
0x00007ffb5b3e0000 - 0x00007ffb5c04d000 	C:\Program Files\Android\Android Studio\jbr\bin\server\jvm.dll
0x00007ffba43c0000 - 0x00007ffba446f000 	C:\Windows\System32\ADVAPI32.dll
0x00007ffba5430000 - 0x00007ffba54ce000 	C:\Windows\System32\sechost.dll
0x00007ffba4970000 - 0x00007ffba4a91000 	C:\Windows\System32\RPCRT4.dll
0x00007ffb9eb30000 - 0x00007ffb9eb39000 	C:\Windows\SYSTEM32\WSOCK32.dll
0x00007ffb9c5d0000 - 0x00007ffb9c5da000 	C:\Windows\SYSTEM32\VERSION.dll
0x00007ffba5540000 - 0x00007ffba55af000 	C:\Windows\System32\WS2_32.dll
0x00007ffb986d0000 - 0x00007ffb98703000 	C:\Windows\SYSTEM32\WINMM.dll
0x00007ffba2200000 - 0x00007ffba2218000 	C:\Windows\SYSTEM32\kernel.appcore.dll
0x00007ffb99090000 - 0x00007ffb9909a000 	C:\Program Files\Android\Android Studio\jbr\bin\jimage.dll
0x00007ffba0a20000 - 0x00007ffba0c41000 	C:\Windows\SYSTEM32\DBGHELP.DLL
0x00007ffb880f0000 - 0x00007ffb88121000 	C:\Windows\SYSTEM32\dbgcore.DLL
0x00007ffba3410000 - 0x00007ffba348f000 	C:\Windows\System32\bcryptPrimitives.dll
0x00007ffb91ca0000 - 0x00007ffb91cc5000 	C:\Program Files\Android\Android Studio\jbr\bin\java.dll
0x00007ffb964c0000 - 0x00007ffb964d8000 	C:\Program Files\Android\Android Studio\jbr\bin\zip.dll
0x00007ffba4aa0000 - 0x00007ffba5265000 	C:\Windows\System32\SHELL32.dll
0x00007ffba1170000 - 0x00007ffba19d4000 	C:\Windows\SYSTEM32\windows.storage.dll
0x00007ffba4570000 - 0x00007ffba48e6000 	C:\Windows\System32\combase.dll
0x00007ffba1000000 - 0x00007ffba1167000 	C:\Windows\SYSTEM32\wintypes.dll
0x00007ffba3c20000 - 0x00007ffba3d0a000 	C:\Windows\System32\SHCORE.dll
0x00007ffba54d0000 - 0x00007ffba552d000 	C:\Windows\System32\shlwapi.dll
0x00007ffba2fd0000 - 0x00007ffba2ff1000 	C:\Windows\SYSTEM32\profapi.dll
0x00007ffb91c80000 - 0x00007ffb91c99000 	C:\Program Files\Android\Android Studio\jbr\bin\net.dll
0x00007ffb9b5b0000 - 0x00007ffb9b6c3000 	C:\Windows\SYSTEM32\WINHTTP.dll
0x00007ffba26b0000 - 0x00007ffba2717000 	C:\Windows\system32\mswsock.dll
0x00007ffb915b0000 - 0x00007ffb915c6000 	C:\Program Files\Android\Android Studio\jbr\bin\nio.dll
0x00007ffb95a80000 - 0x00007ffb95a90000 	C:\Program Files\Android\Android Studio\jbr\bin\verify.dll
0x00007ffb88d30000 - 0x00007ffb88d57000 	C:\Users\lenovo\.gradle\native\68d5fa5c4cc2d200863cafc0d521ce42e7d3e7ee720ec0a83991735586a16f82\windows-amd64\native-platform.dll
0x00007ffb703e0000 - 0x00007ffb70524000 	C:\Users\lenovo\.gradle\native\e376f236ea51e6404a007f0833ffe2c6e607c4080706a723a18a27aeea778392\windows-amd64\native-platform-file-events.dll
0x00007ffb95c30000 - 0x00007ffb95c39000 	C:\Program Files\Android\Android Studio\jbr\bin\management.dll
0x00007ffb95c10000 - 0x00007ffb95c1b000 	C:\Program Files\Android\Android Studio\jbr\bin\management_ext.dll
0x00007ffba5530000 - 0x00007ffba5538000 	C:\Windows\System32\PSAPI.DLL
0x00007ffba2900000 - 0x00007ffba2918000 	C:\Windows\SYSTEM32\CRYPTSP.dll
0x00007ffba2160000 - 0x00007ffba2195000 	C:\Windows\system32\rsaenh.dll
0x00007ffba27b0000 - 0x00007ffba27d9000 	C:\Windows\SYSTEM32\USERENV.dll
0x00007ffba2a80000 - 0x00007ffba2aa7000 	C:\Windows\SYSTEM32\bcrypt.dll
0x00007ffba2920000 - 0x00007ffba292c000 	C:\Windows\SYSTEM32\CRYPTBASE.dll
0x00007ffba1d20000 - 0x00007ffba1d4d000 	C:\Windows\SYSTEM32\IPHLPAPI.DLL
0x00007ffba4070000 - 0x00007ffba4079000 	C:\Windows\System32\NSI.dll
0x00007ffb99a30000 - 0x00007ffb99a49000 	C:\Windows\SYSTEM32\dhcpcsvc6.DLL
0x00007ffb9b0e0000 - 0x00007ffb9b0fe000 	C:\Windows\SYSTEM32\dhcpcsvc.DLL
0x00007ffba1d50000 - 0x00007ffba1e37000 	C:\Windows\SYSTEM32\DNSAPI.dll
0x00007ffb95980000 - 0x00007ffb95988000 	C:\Windows\system32\wshunix.dll

dbghelp: loaded successfully - version: 4.0.5 - missing functions: none
symbol engine: initialized successfully - sym options: 0x614 - pdb path: .;C:\Program Files\Android\Android Studio\jbr\bin;C:\Windows\SYSTEM32;C:\Windows\WinSxS\amd64_microsoft.windows.common-controls_6595b64144ccf1df_6.0.22000.120_none_9d947278b86cc467;C:\Program Files\Android\Android Studio\jbr\bin\server;C:\Users\lenovo\.gradle\native\68d5fa5c4cc2d200863cafc0d521ce42e7d3e7ee720ec0a83991735586a16f82\windows-amd64;C:\Users\lenovo\.gradle\native\e376f236ea51e6404a007f0833ffe2c6e607c4080706a723a18a27aeea778392\windows-amd64

VM Arguments:
jvm_args: --add-opens=java.base/java.util=ALL-UNNAMED --add-opens=java.base/java.lang=ALL-UNNAMED --add-opens=java.base/java.lang.invoke=ALL-UNNAMED --add-opens=java.prefs/java.util.prefs=ALL-UNNAMED --add-opens=java.base/java.nio.charset=ALL-UNNAMED --add-opens=java.base/java.net=ALL-UNNAMED --add-opens=java.base/java.util.concurrent.atomic=ALL-UNNAMED -Xmx2048m -Dfile.encoding=UTF-8 -Duser.country=FR -Duser.language=fr -Duser.variant 
java_command: org.gradle.launcher.daemon.bootstrap.GradleDaemon 8.0
java_class_path (initial): C:\Users\lenovo\.gradle\wrapper\dists\gradle-8.0-bin\ca5e32bp14vu59qr306oxotwh\gradle-8.0\lib\gradle-launcher-8.0.jar
Launcher Type: SUN_STANDARD

[Global flags]
     intx CICompilerCount                          = 3                                         {product} {ergonomic}
     uint ConcGCThreads                            = 1                                         {product} {ergonomic}
     uint G1ConcRefinementThreads                  = 4                                         {product} {ergonomic}
   size_t G1HeapRegionSize                         = 1048576                                   {product} {ergonomic}
    uintx GCDrainStackTargetSize                   = 64                                        {product} {ergonomic}
   size_t InitialHeapSize                          = 65011712                                  {product} {ergonomic}
   size_t MarkStackSize                            = 4194304                                   {product} {ergonomic}
   size_t MaxHeapSize                              = 2147483648                                {product} {command line}
   size_t MaxNewSize                               = 1287651328                                {product} {ergonomic}
   size_t MinHeapDeltaBytes                        = 1048576                                   {product} {ergonomic}
   size_t MinHeapSize                              = 8388608                                   {product} {ergonomic}
    uintx NonNMethodCodeHeapSize                   = 5832780                                {pd product} {ergonomic}
    uintx NonProfiledCodeHeapSize                  = 122912730                              {pd product} {ergonomic}
    uintx ProfiledCodeHeapSize                     = 122912730                              {pd product} {ergonomic}
    uintx ReservedCodeCacheSize                    = 251658240                              {pd product} {ergonomic}
     bool SegmentedCodeCache                       = true                                      {product} {ergonomic}
   size_t SoftMaxHeapSize                          = 2147483648                             {manageable} {ergonomic}
     bool UseCompressedClassPointers               = true                           {product lp64_product} {ergonomic}
     bool UseCompressedOops                        = true                           {product lp64_product} {ergonomic}
     bool UseG1GC                                  = true                                      {product} {ergonomic}
     bool UseLargePagesIndividualAllocation        = false                                  {pd product} {ergonomic}

Logging:
Log output configuration:
 #0: stdout all=warning uptime,level,tags
 #1: stderr all=off uptime,level,tags

Environment Variables:
PATH=C:\Program Files (x86)\Common Files\Oracle\Java\javapath;C:\Windows\system32;C:\Windows;C:\Windows\System32\Wbem;C:\Windows\System32\WindowsPowerShell\v1.0\;C:\Windows\System32\OpenSSH\;C:\Program Files\Git\cmd;C:\Users\lenovo\AppData\Local\Microsoft\WindowsApps;
USERNAME=lenovo
OS=Windows_NT
PROCESSOR_IDENTIFIER=Intel64 Family 6 Model 140 Stepping 1, GenuineIntel
TMP=C:\Users\lenovo\AppData\Local\Temp
TEMP=C:\Users\lenovo\AppData\Local\Temp



---------------  S Y S T E M  ---------------

OS:
 Windows 11 , 64 bit Build 22000 (10.0.22000.2003)
OS uptime: 9 days 2:15 hours

CPU: total 4 (initial active 4) (2 cores per cpu, 2 threads per core) family 6 model 140 stepping 1 microcode 0x9a, cx8, cmov, fxsr, ht, mmx, 3dnowpref, sse, sse2, sse3, ssse3, sse4.1, sse4.2, popcnt, lzcnt, tsc, tscinvbit, avx, avx2, aes, erms, clmul, bmi1, bmi2, adx, avx512f, avx512dq, avx512cd, avx512bw, avx512vl, sha, fma, vzeroupper, avx512_vpopcntdq, avx512_vpclmulqdq, avx512_vaes, avx512_vnni, clflush, clflushopt, clwb, avx512_vbmi2, avx512_vbmi

Memory: 4k page, system-wide physical 3895M (34M free)
TotalPageFile size 15671M (AvailPageFile size 61M)
current process WorkingSet (physical memory assigned to process): 213M, peak: 213M
current process commit charge ("private bytes"): 307M, peak: 418M

vm_info: OpenJDK 64-Bit Server VM (17.0.6+0-b2043.56-9586694) for windows-amd64 JRE (17.0.6+0-b2043.56-9586694), built on Feb  9 2023 20:06:20 by "androidbuild" with MS VC++ 16.10 / 16.11 (VS2019)

END.
