#
# There is insufficient memory for the Java Runtime Environment to continue.
# Native memory allocation (malloc) failed to allocate 1070896 bytes for Chunk::new
# Possible reasons:
#   The system is out of physical RAM or swap space
#   The process is running with CompressedOops enabled, and the Java Heap may be blocking the growth of the native heap
# Possible solutions:
#   Reduce memory load on the system
#   Increase physical memory or swap space
#   Check if swap backing store is full
#   Decrease Java heap size (-Xmx/-Xms)
#   Decrease number of Java threads
#   Decrease Java thread stack sizes (-Xss)
#   Set larger code cache with -XX:ReservedCodeCacheSize=
#   JVM is running with Unscaled Compressed Oops mode in which the Java heap is
#     placed in the first 4GB address space. The Java Heap base address is the
#     maximum limit for the native heap growth. Please use -XX:HeapBaseMinAddress
#     to set the Java Heap base and to place the Java Heap above 4GB virtual address.
# This output file may be truncated or incomplete.
#
#  Out of Memory Error (arena.cpp:189), pid=46436, tid=48440
#
# JRE version: OpenJDK Runtime Environment (17.0.6) (build 17.0.6+0-b2043.56-9586694)
# Java VM: OpenJDK 64-Bit Server VM (17.0.6+0-b2043.56-9586694, mixed mode, tiered, compressed oops, compressed class ptrs, g1 gc, windows-amd64)
# No core dump will be written. Minidumps are not enabled by default on client versions of Windows
#

---------------  S U M M A R Y ------------

Command Line: --add-opens=java.base/java.util=ALL-UNNAMED --add-opens=java.base/java.lang=ALL-UNNAMED --add-opens=java.base/java.lang.invoke=ALL-UNNAMED --add-opens=java.prefs/java.util.prefs=ALL-UNNAMED --add-opens=java.base/java.nio.charset=ALL-UNNAMED --add-opens=java.base/java.net=ALL-UNNAMED --add-opens=java.base/java.util.concurrent.atomic=ALL-UNNAMED -Xmx2048m -Dfile.encoding=UTF-8 -Duser.country=FR -Duser.language=fr -Duser.variant org.gradle.launcher.daemon.bootstrap.GradleDaemon 8.0

Host: 11th Gen Intel(R) Core(TM) i3-1115G4 @ 3.00GHz, 4 cores, 3G,  Windows 11 , 64 bit Build 22000 (10.0.22000.2003)
Time: Sat Jul  1 01:02:51 2023 Maroc (heure d64 bit Build 22000 (10.0.22000.2003) elapsed time: 621.261645 seconds (0d 0h 10m 21s)

---------------  T H R E A D  ---------------

Current thread (0x000001bf60c0f3e0):  JavaThread "C2 CompilerThread0" daemon [_thread_in_native, id=48440, stack(0x00000076ee500000,0x00000076ee600000)]


Current CompileTask:
C2: 621261 21765       4       org.gradle.api.internal.artifacts.ivyservice.modulecache.ModuleMetadataSerializer$Reader::readMavenDependency (148 bytes)

Stack: [0x00000076ee500000,0x00000076ee600000]
Native frames: (J=compiled Java code, j=interpreted, Vv=VM code, C=native code)
V  [jvm.dll+0x683b4a]
V  [jvm.dll+0x842654]
V  [jvm.dll+0x843dfe]
V  [jvm.dll+0x844463]
V  [jvm.dll+0x249b75]
V  [jvm.dll+0xabcac]
V  [jvm.dll+0xac27c]
V  [jvm.dll+0x2b0eef]
V  [jvm.dll+0x58a207]
V  [jvm.dll+0x2243b2]
V  [jvm.dll+0x22478f]
V  [jvm.dll+0x21e055]
V  [jvm.dll+0x21b51b]
V  [jvm.dll+0x1a4fdd]
V  [jvm.dll+0x22b098]
V  [jvm.dll+0x229159]
V  [jvm.dll+0x7f809c]
V  [jvm.dll+0x7f25fa]
V  [jvm.dll+0x682985]
C  [ucrtbase.dll+0x26c0c]
C  [KERNEL32.DLL+0x155a0]
C  [ntdll.dll+0x485b]


---------------  P R O C E S S  ---------------

Threads class SMR info:
_java_thread_list=0x000001bf693f2350, length=85, elements={
0x000001bf46bec3d0, 0x000001bf60197ca0, 0x000001bf60198ff0, 0x000001bf60c0c1a0,
0x000001bf60c0cb50, 0x000001bf60c0d500, 0x000001bf60c0deb0, 0x000001bf60c0f3e0,
0x000001bf60c0fe80, 0x000001bf60c16040, 0x000001bf60d69ea0, 0x000001bf60d90aa0,
0x000001bf62493030, 0x000001bf6266b320, 0x000001bf62375300, 0x000001bf625d5f60,
0x000001bf625d8ab0, 0x000001bf625d8110, 0x000001bf625d72a0, 0x000001bf625d7770,
0x000001bf625d6900, 0x000001bf62516b80, 0x000001bf62519ba0, 0x000001bf6251b3b0,
0x000001bf62517050, 0x000001bf6251d090, 0x000001bf62679e20, 0x000001bf6267a7c0,
0x000001bf62676460, 0x000001bf626777a0, 0x000001bf625166b0, 0x000001bf6a181080,
0x000001bf6a180210, 0x000001bf6a181550, 0x000001bf6a17e060, 0x000001bf6a17e530,
0x000001bf6a17eed0, 0x000001bf6a1806e0, 0x000001bf6a17f3a0, 0x000001bf6567eec0,
0x000001bf6567e520, 0x000001bf6567f390, 0x000001bf656806d0, 0x000001bf6567e050,
0x000001bf656858a0, 0x000001bf6567e9f0, 0x000001bf65684090, 0x000001bf6567f860,
0x000001bf65681070, 0x000001bf65683bc0, 0x000001bf65681a10, 0x000001bf65681540,
0x000001bf656823b0, 0x000001bf65680ba0, 0x000001bf65682880, 0x000001bf65684560,
0x000001bf65682d50, 0x000001bf65683220, 0x000001bf656836f0, 0x000001bf65684a30,
0x000001bf65684f00, 0x000001bf65c67300, 0x000001bf65c66960, 0x000001bf65c63e10,
0x000001bf65c647b0, 0x000001bf65c60920, 0x000001bf65c62ad0, 0x000001bf65c61790,
0x000001bf65c66e30, 0x000001bf65c62fa0, 0x000001bf65c677d0, 0x000001bf65c63470,
0x000001bf65c60df0, 0x000001bf65c612c0, 0x000001bf65c65fc0, 0x000001bf65c65af0,
0x000001bf65c62130, 0x000001bf65c65150, 0x000001bf65c61c60, 0x000001bf65c65620,
0x000001bf62518d30, 0x000001bf625179f0, 0x000001bf62519200, 0x000001bf6251bd50,
0x000001bf6251a070
}

Java Threads: ( => current thread )
  0x000001bf46bec3d0 JavaThread "main" [_thread_blocked, id=47076, stack(0x00000076ed800000,0x00000076ed900000)]
  0x000001bf60197ca0 JavaThread "Reference Handler" daemon [_thread_blocked, id=46712, stack(0x00000076edf00000,0x00000076ee000000)]
  0x000001bf60198ff0 JavaThread "Finalizer" daemon [_thread_blocked, id=44928, stack(0x00000076ee000000,0x00000076ee100000)]
  0x000001bf60c0c1a0 JavaThread "Signal Dispatcher" daemon [_thread_blocked, id=49124, stack(0x00000076ee100000,0x00000076ee200000)]
  0x000001bf60c0cb50 JavaThread "Attach Listener" daemon [_thread_blocked, id=46116, stack(0x00000076ee200000,0x00000076ee300000)]
  0x000001bf60c0d500 JavaThread "Service Thread" daemon [_thread_blocked, id=47952, stack(0x00000076ee300000,0x00000076ee400000)]
  0x000001bf60c0deb0 JavaThread "Monitor Deflation Thread" daemon [_thread_blocked, id=47924, stack(0x00000076ee400000,0x00000076ee500000)]
=>0x000001bf60c0f3e0 JavaThread "C2 CompilerThread0" daemon [_thread_in_native, id=48440, stack(0x00000076ee500000,0x00000076ee600000)]
  0x000001bf60c0fe80 JavaThread "C1 CompilerThread0" daemon [_thread_in_vm, id=34704, stack(0x00000076ee600000,0x00000076ee700000)]
  0x000001bf60c16040 JavaThread "Sweeper thread" daemon [_thread_blocked, id=48596, stack(0x00000076ee700000,0x00000076ee800000)]
  0x000001bf60d69ea0 JavaThread "Common-Cleaner" daemon [_thread_blocked, id=48904, stack(0x00000076ee800000,0x00000076ee900000)]
  0x000001bf60d90aa0 JavaThread "Notification Thread" daemon [_thread_blocked, id=38924, stack(0x00000076ee900000,0x00000076eea00000)]
  0x000001bf62493030 JavaThread "Daemon health stats" [_thread_blocked, id=48992, stack(0x00000076eee00000,0x00000076eef00000)]
  0x000001bf6266b320 JavaThread "Incoming local TCP Connector on port 53335" [_thread_in_native, id=41672, stack(0x00000076eef00000,0x00000076ef000000)]
  0x000001bf62375300 JavaThread "Daemon periodic checks" [_thread_blocked, id=48420, stack(0x00000076ef000000,0x00000076ef100000)]
  0x000001bf625d5f60 JavaThread "Cache worker for journal cache (C:\Users\lenovo\.gradle\caches\journal-1)" [_thread_blocked, id=37372, stack(0x00000076ef800000,0x00000076ef900000)]
  0x000001bf625d8ab0 JavaThread "File lock request listener" [_thread_in_native, id=45888, stack(0x00000076ef900000,0x00000076efa00000)]
  0x000001bf625d8110 JavaThread "Cache worker for file hash cache (C:\Users\lenovo\.gradle\caches\8.0\fileHashes)" [_thread_blocked, id=48880, stack(0x00000076efa00000,0x00000076efb00000)]
  0x000001bf625d72a0 JavaThread "File watcher server" daemon [_thread_in_native, id=41928, stack(0x00000076efb00000,0x00000076efc00000)]
  0x000001bf625d7770 JavaThread "File watcher consumer" daemon [_thread_blocked, id=46748, stack(0x00000076efc00000,0x00000076efd00000)]
  0x000001bf625d6900 JavaThread "Cache worker for file content cache (C:\Users\lenovo\.gradle\caches\8.0\fileContent)" [_thread_blocked, id=43836, stack(0x00000076eff00000,0x00000076f0000000)]
  0x000001bf62516b80 JavaThread "Cache worker for execution history cache (C:\Users\lenovo\.gradle\caches\8.0\executionHistory)" [_thread_blocked, id=42932, stack(0x00000076f0200000,0x00000076f0300000)]
  0x000001bf62519ba0 JavaThread "jar transforms" [_thread_in_native, id=47048, stack(0x00000076f0400000,0x00000076f0500000)]
  0x000001bf6251b3b0 JavaThread "jar transforms Thread 2" [_thread_in_native, id=34744, stack(0x00000076f0500000,0x00000076f0600000)]
  0x000001bf62517050 JavaThread "jar transforms Thread 3" [_thread_in_native, id=45816, stack(0x00000076f0600000,0x00000076f0700000)]
  0x000001bf6251d090 JavaThread "jar transforms Thread 4" [_thread_in_native, id=45280, stack(0x00000076f0700000,0x00000076f0800000)]
  0x000001bf62679e20 JavaThread "Memory manager" [_thread_blocked, id=32444, stack(0x00000076f3400000,0x00000076f3500000)]
  0x000001bf6267a7c0 JavaThread "Cache worker for Java compile cache (C:\Users\lenovo\.gradle\caches\8.0\javaCompile)" [_thread_blocked, id=46592, stack(0x00000076f0900000,0x00000076f0a00000)]
  0x000001bf62676460 JavaThread "Daemon Thread 4" [_thread_blocked, id=41888, stack(0x00000076ed500000,0x00000076ed600000)]
  0x000001bf626777a0 JavaThread "Daemon worker Thread 4" [_thread_blocked, id=46820, stack(0x00000076ef100000,0x00000076ef200000)]
  0x000001bf625166b0 JavaThread "included builds" [_thread_blocked, id=48692, stack(0x00000076f3100000,0x00000076f3200000)]
  0x000001bf6a181080 JavaThread "ForkJoinPool.commonPool-worker-5" daemon [_thread_blocked, id=49320, stack(0x00000076f4200000,0x00000076f4300000)]
  0x000001bf6a180210 JavaThread "ForkJoinPool.commonPool-worker-6" daemon [_thread_blocked, id=49324, stack(0x00000076f4300000,0x00000076f4400000)]
  0x000001bf6a181550 JavaThread "ForkJoinPool.commonPool-worker-7" daemon [_thread_blocked, id=49328, stack(0x00000076f4400000,0x00000076f4500000)]
  0x000001bf6a17e060 JavaThread "Handler for socket connection from /127.0.0.1:53335 to /127.0.0.1:53724" [_thread_in_native, id=49568, stack(0x00000076ed600000,0x00000076ed700000)]
  0x000001bf6a17e530 JavaThread "Cancel handler" [_thread_blocked, id=49572, stack(0x00000076ed700000,0x00000076ed800000)]
  0x000001bf6a17eed0 JavaThread "Asynchronous log dispatcher for DefaultDaemonConnection: socket connection from /127.0.0.1:53335 to /127.0.0.1:53724" [_thread_blocked, id=49588, stack(0x00000076ef200000,0x00000076ef300000)]
  0x000001bf6a1806e0 JavaThread "Stdin handler" [_thread_blocked, id=49592, stack(0x00000076ef300000,0x00000076ef400000)]
  0x000001bf6a17f3a0 JavaThread "Daemon client event forwarder" [_thread_blocked, id=49596, stack(0x00000076ef400000,0x00000076ef500000)]
  0x000001bf6567eec0 JavaThread "Cache worker for checksums cache (C:\Users\lenovo\AndroidStudioProjects\MyApplication\.gradle\8.0\checksums)" [_thread_blocked, id=49608, stack(0x00000076ef500000,0x00000076ef600000)]
  0x000001bf6567e520 JavaThread "Cache worker for cache directory md-rule (C:\Users\lenovo\.gradle\caches\8.0\md-rule)" [_thread_blocked, id=49612, stack(0x00000076ef600000,0x00000076ef700000)]
  0x000001bf6567f390 JavaThread "Cache worker for file hash cache (C:\Users\lenovo\AndroidStudioProjects\MyApplication\.gradle\8.0\fileHashes)" [_thread_blocked, id=49616, stack(0x00000076ef700000,0x00000076ef800000)]
  0x000001bf656806d0 JavaThread "Cache worker for cache directory md-supplier (C:\Users\lenovo\.gradle\caches\8.0\md-supplier)" [_thread_blocked, id=49624, stack(0x00000076efd00000,0x00000076efe00000)]
  0x000001bf6567e050 JavaThread "Cache worker for dependencies-accessors (C:\Users\lenovo\AndroidStudioProjects\MyApplication\.gradle\8.0\dependencies-accessors)" [_thread_blocked, id=49644, stack(0x00000076efe00000,0x00000076eff00000)]
  0x000001bf656858a0 JavaThread "Cache worker for Build Output Cleanup Cache (C:\Users\lenovo\AndroidStudioProjects\MyApplication\.gradle\buildOutputCleanup)" [_thread_blocked, id=49664, stack(0x00000076f0000000,0x00000076f0100000)]
  0x000001bf6567e9f0 JavaThread "Unconstrained build operations" [_thread_blocked, id=49680, stack(0x00000076f0100000,0x00000076f0200000)]
  0x000001bf65684090 JavaThread "Unconstrained build operations Thread 2" [_thread_blocked, id=49684, stack(0x00000076f0800000,0x00000076f0900000)]
  0x000001bf6567f860 JavaThread "Unconstrained build operations Thread 3" [_thread_blocked, id=49688, stack(0x00000076f0a00000,0x00000076f0b00000)]
  0x000001bf65681070 JavaThread "Unconstrained build operations Thread 4" [_thread_blocked, id=49692, stack(0x00000076f0b00000,0x00000076f0c00000)]
  0x000001bf65683bc0 JavaThread "Unconstrained build operations Thread 5" [_thread_blocked, id=49696, stack(0x00000076f0c00000,0x00000076f0d00000)]
  0x000001bf65681a10 JavaThread "Unconstrained build operations Thread 6" [_thread_blocked, id=49700, stack(0x00000076f0d00000,0x00000076f0e00000)]
  0x000001bf65681540 JavaThread "Unconstrained build operations Thread 7" [_thread_blocked, id=49704, stack(0x00000076f0e00000,0x00000076f0f00000)]
  0x000001bf656823b0 JavaThread "Unconstrained build operations Thread 8" [_thread_blocked, id=49708, stack(0x00000076f0f00000,0x00000076f1000000)]
  0x000001bf65680ba0 JavaThread "Unconstrained build operations Thread 9" [_thread_blocked, id=49712, stack(0x00000076f1000000,0x00000076f1100000)]
  0x000001bf65682880 JavaThread "Unconstrained build operations Thread 10" [_thread_blocked, id=49716, stack(0x00000076f1100000,0x00000076f1200000)]
  0x000001bf65684560 JavaThread "Unconstrained build operations Thread 11" [_thread_blocked, id=49720, stack(0x00000076f1200000,0x00000076f1300000)]
  0x000001bf65682d50 JavaThread "Unconstrained build operations Thread 12" [_thread_blocked, id=49724, stack(0x00000076f1300000,0x00000076f1400000)]
  0x000001bf65683220 JavaThread "Unconstrained build operations Thread 13" [_thread_blocked, id=49728, stack(0x00000076f1400000,0x00000076f1500000)]
  0x000001bf656836f0 JavaThread "Unconstrained build operations Thread 14" [_thread_blocked, id=49732, stack(0x00000076f1500000,0x00000076f1600000)]
  0x000001bf65684a30 JavaThread "Unconstrained build operations Thread 15" [_thread_blocked, id=49736, stack(0x00000076f1600000,0x00000076f1700000)]
  0x000001bf65684f00 JavaThread "Unconstrained build operations Thread 16" [_thread_blocked, id=49740, stack(0x00000076f1700000,0x00000076f1800000)]
  0x000001bf65c67300 JavaThread "Unconstrained build operations Thread 17" [_thread_blocked, id=49744, stack(0x00000076f1800000,0x00000076f1900000)]
  0x000001bf65c66960 JavaThread "Unconstrained build operations Thread 18" [_thread_blocked, id=49748, stack(0x00000076f1900000,0x00000076f1a00000)]
  0x000001bf65c63e10 JavaThread "Unconstrained build operations Thread 19" [_thread_blocked, id=49752, stack(0x00000076f1a00000,0x00000076f1b00000)]
  0x000001bf65c647b0 JavaThread "Unconstrained build operations Thread 20" [_thread_blocked, id=49756, stack(0x00000076f1b00000,0x00000076f1c00000)]
  0x000001bf65c60920 JavaThread "Unconstrained build operations Thread 21" [_thread_blocked, id=49760, stack(0x00000076f1c00000,0x00000076f1d00000)]
  0x000001bf65c62ad0 JavaThread "Unconstrained build operations Thread 22" [_thread_blocked, id=49764, stack(0x00000076f1d00000,0x00000076f1e00000)]
  0x000001bf65c61790 JavaThread "Unconstrained build operations Thread 23" [_thread_blocked, id=49768, stack(0x00000076f1e00000,0x00000076f1f00000)]
  0x000001bf65c66e30 JavaThread "Unconstrained build operations Thread 24" [_thread_blocked, id=49772, stack(0x00000076f1f00000,0x00000076f2000000)]
  0x000001bf65c62fa0 JavaThread "Unconstrained build operations Thread 25" [_thread_blocked, id=49776, stack(0x00000076f2000000,0x00000076f2100000)]
  0x000001bf65c677d0 JavaThread "Unconstrained build operations Thread 26" [_thread_blocked, id=49780, stack(0x00000076f2100000,0x00000076f2200000)]
  0x000001bf65c63470 JavaThread "Unconstrained build operations Thread 27" [_thread_blocked, id=49784, stack(0x00000076f2200000,0x00000076f2300000)]
  0x000001bf65c60df0 JavaThread "Unconstrained build operations Thread 28" [_thread_blocked, id=49788, stack(0x00000076f2300000,0x00000076f2400000)]
  0x000001bf65c612c0 JavaThread "Unconstrained build operations Thread 29" [_thread_blocked, id=49792, stack(0x00000076f2400000,0x00000076f2500000)]
  0x000001bf65c65fc0 JavaThread "Unconstrained build operations Thread 30" [_thread_blocked, id=49796, stack(0x00000076f2500000,0x00000076f2600000)]
  0x000001bf65c65af0 JavaThread "Unconstrained build operations Thread 31" [_thread_blocked, id=49800, stack(0x00000076f2600000,0x00000076f2700000)]
  0x000001bf65c62130 JavaThread "Unconstrained build operations Thread 32" [_thread_blocked, id=49804, stack(0x00000076f2700000,0x00000076f2800000)]
  0x000001bf65c65150 JavaThread "Unconstrained build operations Thread 33" [_thread_blocked, id=49808, stack(0x00000076f2800000,0x00000076f2900000)]
  0x000001bf65c61c60 JavaThread "Unconstrained build operations Thread 34" [_thread_blocked, id=49812, stack(0x00000076f2900000,0x00000076f2a00000)]
  0x000001bf65c65620 JavaThread "Unconstrained build operations Thread 35" [_thread_blocked, id=49816, stack(0x00000076f2a00000,0x00000076f2b00000)]
  0x000001bf62518d30 JavaThread "Unconstrained build operations Thread 36" [_thread_blocked, id=49820, stack(0x00000076f2b00000,0x00000076f2c00000)]
  0x000001bf625179f0 JavaThread "Unconstrained build operations Thread 37" [_thread_blocked, id=49824, stack(0x00000076f2c00000,0x00000076f2d00000)]
  0x000001bf62519200 JavaThread "Unconstrained build operations Thread 38" [_thread_blocked, id=49828, stack(0x00000076f2d00000,0x00000076f2e00000)]
  0x000001bf6251bd50 JavaThread "Unconstrained build operations Thread 39" [_thread_blocked, id=49832, stack(0x00000076f2e00000,0x00000076f2f00000)]
  0x000001bf6251a070 JavaThread "Unconstrained build operations Thread 40" [_thread_blocked, id=49836, stack(0x00000076f2f00000,0x00000076f3000000)]

Other Threads:
  0x000001bf60191620 VMThread "VM Thread" [stack: 0x00000076ede00000,0x00000076edf00000] [id=32304]
  0x000001bf46c63350 WatcherThread [stack: 0x00000076eea00000,0x00000076eeb00000] [id=19340]
  0x000001bf46c47400 GCTaskThread "GC Thread#0" [stack: 0x00000076ed900000,0x00000076eda00000] [id=44784]
  0x000001bf6139afc0 GCTaskThread "GC Thread#1" [stack: 0x00000076eeb00000,0x00000076eec00000] [id=42404]
  0x000001bf612fcf70 GCTaskThread "GC Thread#2" [stack: 0x00000076eec00000,0x00000076eed00000] [id=48164]
  0x000001bf61c45730 GCTaskThread "GC Thread#3" [stack: 0x00000076eed00000,0x00000076eee00000] [id=47868]
  0x000001bf46c58c40 ConcurrentGCThread "G1 Main Marker" [stack: 0x00000076eda00000,0x00000076edb00000] [id=48864]
  0x000001bf46c59650 ConcurrentGCThread "G1 Conc#0" [stack: 0x00000076edb00000,0x00000076edc00000] [id=44040]
  0x000001bf46ca7760 ConcurrentGCThread "G1 Refine#0" [stack: 0x00000076edc00000,0x00000076edd00000] [id=47724]
  0x000001bf63492870 ConcurrentGCThread "G1 Refine#1" [stack: 0x00000076f0300000,0x00000076f0400000] [id=45224]
  0x000001bf46ca9030 ConcurrentGCThread "G1 Service" [stack: 0x00000076edd00000,0x00000076ede00000] [id=48464]

Threads with active compile tasks:
C2 CompilerThread0   621373 21765       4       org.gradle.api.internal.artifacts.ivyservice.modulecache.ModuleMetadataSerializer$Reader::readMavenDependency (148 bytes)
C1 CompilerThread0   621373 21781       3       org.gradle.internal.classpath.DefaultCachedClasspathTransformer::transformFile (29 bytes)

VM state: not at safepoint (normal execution)

VM Mutex/Monitor currently owned by a thread:  ([mutex/lock_event])
[0x000001bf44a34800] CodeCache_lock - owner thread: 0x0000000000000000

Heap address: 0x0000000080000000, size: 2048 MB, Compressed Oops mode: 32-bit

CDS archive(s) not mapped
Compressed class space mapped at: 0x0000000100000000-0x0000000140000000, reserved size: 1073741824
Narrow klass base: 0x0000000000000000, Narrow klass shift: 3, Narrow klass range: 0x140000000

GC Precious Log:
 CPUs: 4 total, 4 available
 Memory: 3895M
 Large Page Support: Disabled
 NUMA Support: Disabled
 Compressed Oops: Enabled (32-bit)
 Heap Region Size: 1M
 Heap Min Capacity: 8M
 Heap Initial Capacity: 62M
 Heap Max Capacity: 2G
 Pre-touch: Disabled
 Parallel Workers: 4
 Concurrent Workers: 1
 Concurrent Refinement Workers: 4
 Periodic GC: Disabled

Heap:
 garbage-first heap   total 249856K, used 165022K [0x0000000080000000, 0x0000000100000000)
  region size 1024K, 29 young (29696K), 5 survivors (5120K)
 Metaspace       used 129942K, committed 130880K, reserved 1163264K
  class space    used 17513K, committed 17984K, reserved 1048576K

Heap Regions: E=young(eden), S=young(survivor), O=old, HS=humongous(starts), HC=humongous(continues), CS=collection set, F=free, OA=open archive, CA=closed archive, TAMS=top-at-mark-start (previous, next)
|   0|0x0000000080000000, 0x0000000080100000, 0x0000000080100000|100%| O|  |TAMS 0x0000000080100000, 0x0000000080000000| Untracked 
|   1|0x0000000080100000, 0x0000000080200000, 0x0000000080200000|100%| O|  |TAMS 0x0000000080200000, 0x0000000080100000| Untracked 
|   2|0x0000000080200000, 0x0000000080300000, 0x0000000080300000|100%|HS|  |TAMS 0x0000000080300000, 0x0000000080200000| Complete 
|   3|0x0000000080300000, 0x0000000080400000, 0x0000000080400000|100%|HC|  |TAMS 0x0000000080400000, 0x0000000080300000| Complete 
|   4|0x0000000080400000, 0x0000000080500000, 0x0000000080500000|100%|HC|  |TAMS 0x0000000080500000, 0x0000000080400000| Complete 
|   5|0x0000000080500000, 0x0000000080600000, 0x0000000080600000|100%|HC|  |TAMS 0x0000000080600000, 0x0000000080500000| Complete 
|   6|0x0000000080600000, 0x0000000080700000, 0x0000000080700000|100%| O|  |TAMS 0x0000000080700000, 0x0000000080600000| Untracked 
|   7|0x0000000080700000, 0x0000000080800000, 0x0000000080800000|100%| O|  |TAMS 0x0000000080800000, 0x0000000080700000| Untracked 
|   8|0x0000000080800000, 0x0000000080900000, 0x0000000080900000|100%| O|  |TAMS 0x0000000080900000, 0x0000000080800000| Untracked 
|   9|0x0000000080900000, 0x0000000080a00000, 0x0000000080a00000|100%| O|  |TAMS 0x0000000080a00000, 0x0000000080900000| Untracked 
|  10|0x0000000080a00000, 0x0000000080b00000, 0x0000000080b00000|100%| O|  |TAMS 0x0000000080b00000, 0x0000000080a00000| Untracked 
|  11|0x0000000080b00000, 0x0000000080c00000, 0x0000000080c00000|100%| O|  |TAMS 0x0000000080c00000, 0x0000000080b00000| Untracked 
|  12|0x0000000080c00000, 0x0000000080d00000, 0x0000000080d00000|100%| O|  |TAMS 0x0000000080d00000, 0x0000000080c00000| Untracked 
|  13|0x0000000080d00000, 0x0000000080e00000, 0x0000000080e00000|100%| O|  |TAMS 0x0000000080e00000, 0x0000000080d00000| Untracked 
|  14|0x0000000080e00000, 0x0000000080f00000, 0x0000000080f00000|100%| O|  |TAMS 0x0000000080f00000, 0x0000000080e00000| Untracked 
|  15|0x0000000080f00000, 0x0000000081000000, 0x0000000081000000|100%| O|  |TAMS 0x0000000081000000, 0x0000000080f00000| Untracked 
|  16|0x0000000081000000, 0x0000000081100000, 0x0000000081100000|100%| O|  |TAMS 0x0000000081100000, 0x0000000081000000| Untracked 
|  17|0x0000000081100000, 0x0000000081200000, 0x0000000081200000|100%| O|  |TAMS 0x0000000081200000, 0x0000000081100000| Untracked 
|  18|0x0000000081200000, 0x0000000081300000, 0x0000000081300000|100%| O|  |TAMS 0x0000000081300000, 0x0000000081200000| Untracked 
|  19|0x0000000081300000, 0x0000000081400000, 0x0000000081400000|100%| O|  |TAMS 0x0000000081400000, 0x0000000081300000| Untracked 
|  20|0x0000000081400000, 0x0000000081500000, 0x0000000081500000|100%| O|  |TAMS 0x0000000081500000, 0x0000000081400000| Untracked 
|  21|0x0000000081500000, 0x0000000081600000, 0x0000000081600000|100%| O|  |TAMS 0x0000000081600000, 0x0000000081500000| Untracked 
|  22|0x0000000081600000, 0x0000000081700000, 0x0000000081700000|100%| O|  |TAMS 0x0000000081700000, 0x0000000081600000| Untracked 
|  23|0x0000000081700000, 0x0000000081800000, 0x0000000081800000|100%| O|  |TAMS 0x0000000081800000, 0x0000000081700000| Untracked 
|  24|0x0000000081800000, 0x0000000081900000, 0x0000000081900000|100%| O|  |TAMS 0x0000000081900000, 0x0000000081800000| Untracked 
|  25|0x0000000081900000, 0x0000000081a00000, 0x0000000081a00000|100%| O|  |TAMS 0x0000000081a00000, 0x0000000081900000| Untracked 
|  26|0x0000000081a00000, 0x0000000081b00000, 0x0000000081b00000|100%| O|  |TAMS 0x0000000081b00000, 0x0000000081a00000| Untracked 
|  27|0x0000000081b00000, 0x0000000081c00000, 0x0000000081c00000|100%| O|  |TAMS 0x0000000081c00000, 0x0000000081b00000| Untracked 
|  28|0x0000000081c00000, 0x0000000081d00000, 0x0000000081d00000|100%| O|  |TAMS 0x0000000081d00000, 0x0000000081c00000| Untracked 
|  29|0x0000000081d00000, 0x0000000081e00000, 0x0000000081e00000|100%| O|  |TAMS 0x0000000081e00000, 0x0000000081d00000| Untracked 
|  30|0x0000000081e00000, 0x0000000081f00000, 0x0000000081f00000|100%| O|  |TAMS 0x0000000081f00000, 0x0000000081e00000| Untracked 
|  31|0x0000000081f00000, 0x0000000082000000, 0x0000000082000000|100%| O|  |TAMS 0x0000000082000000, 0x0000000081f00000| Untracked 
|  32|0x0000000082000000, 0x0000000082100000, 0x0000000082100000|100%| O|  |TAMS 0x0000000082100000, 0x0000000082000000| Untracked 
|  33|0x0000000082100000, 0x0000000082200000, 0x0000000082200000|100%|HS|  |TAMS 0x0000000082200000, 0x0000000082100000| Complete 
|  34|0x0000000082200000, 0x0000000082300000, 0x0000000082300000|100%| O|  |TAMS 0x0000000082300000, 0x0000000082200000| Untracked 
|  35|0x0000000082300000, 0x0000000082400000, 0x0000000082400000|100%|HS|  |TAMS 0x0000000082400000, 0x0000000082300000| Complete 
|  36|0x0000000082400000, 0x0000000082500000, 0x0000000082500000|100%| O|  |TAMS 0x0000000082500000, 0x0000000082400000| Untracked 
|  37|0x0000000082500000, 0x0000000082600000, 0x0000000082600000|100%| O|  |TAMS 0x0000000082600000, 0x0000000082500000| Untracked 
|  38|0x0000000082600000, 0x0000000082700000, 0x0000000082700000|100%| O|  |TAMS 0x0000000082700000, 0x0000000082600000| Complete 
|  39|0x0000000082700000, 0x0000000082800000, 0x0000000082800000|100%| O|  |TAMS 0x0000000082800000, 0x0000000082700000| Untracked 
|  40|0x0000000082800000, 0x0000000082900000, 0x0000000082900000|100%| O|  |TAMS 0x0000000082900000, 0x0000000082800000| Untracked 
|  41|0x0000000082900000, 0x0000000082a00000, 0x0000000082a00000|100%| O|  |TAMS 0x0000000082a00000, 0x0000000082900000| Untracked 
|  42|0x0000000082a00000, 0x0000000082b00000, 0x0000000082b00000|100%| O|  |TAMS 0x0000000082b00000, 0x0000000082a00000| Untracked 
|  43|0x0000000082b00000, 0x0000000082c00000, 0x0000000082c00000|100%| O|  |TAMS 0x0000000082c00000, 0x0000000082b00000| Untracked 
|  44|0x0000000082c00000, 0x0000000082d00000, 0x0000000082d00000|100%| O|  |TAMS 0x0000000082d00000, 0x0000000082c00000| Untracked 
|  45|0x0000000082d00000, 0x0000000082e00000, 0x0000000082e00000|100%| O|  |TAMS 0x0000000082e00000, 0x0000000082d00000| Untracked 
|  46|0x0000000082e00000, 0x0000000082f00000, 0x0000000082f00000|100%| O|  |TAMS 0x0000000082f00000, 0x0000000082e00000| Untracked 
|  47|0x0000000082f00000, 0x0000000083000000, 0x0000000083000000|100%| O|  |TAMS 0x0000000083000000, 0x0000000082f00000| Untracked 
|  48|0x0000000083000000, 0x0000000083100000, 0x0000000083100000|100%| O|  |TAMS 0x0000000083100000, 0x0000000083000000| Untracked 
|  49|0x0000000083100000, 0x0000000083200000, 0x0000000083200000|100%| O|  |TAMS 0x0000000083200000, 0x0000000083100000| Untracked 
|  50|0x0000000083200000, 0x0000000083300000, 0x0000000083300000|100%| O|  |TAMS 0x0000000083300000, 0x0000000083200000| Untracked 
|  51|0x0000000083300000, 0x0000000083400000, 0x0000000083400000|100%| O|  |TAMS 0x0000000083400000, 0x0000000083300000| Untracked 
|  52|0x0000000083400000, 0x0000000083500000, 0x0000000083500000|100%| O|  |TAMS 0x0000000083500000, 0x0000000083400000| Untracked 
|  53|0x0000000083500000, 0x0000000083600000, 0x0000000083600000|100%| O|  |TAMS 0x0000000083600000, 0x0000000083500000| Untracked 
|  54|0x0000000083600000, 0x0000000083700000, 0x0000000083700000|100%| O|  |TAMS 0x0000000083700000, 0x0000000083600000| Untracked 
|  55|0x0000000083700000, 0x0000000083800000, 0x0000000083800000|100%| O|  |TAMS 0x0000000083800000, 0x0000000083700000| Untracked 
|  56|0x0000000083800000, 0x0000000083900000, 0x0000000083900000|100%| O|  |TAMS 0x0000000083900000, 0x0000000083800000| Untracked 
|  57|0x0000000083900000, 0x0000000083a00000, 0x0000000083a00000|100%| O|  |TAMS 0x0000000083a00000, 0x0000000083900000| Untracked 
|  58|0x0000000083a00000, 0x0000000083b00000, 0x0000000083b00000|100%| O|  |TAMS 0x0000000083b00000, 0x0000000083a00000| Untracked 
|  59|0x0000000083b00000, 0x0000000083c00000, 0x0000000083c00000|100%| O|  |TAMS 0x0000000083c00000, 0x0000000083b00000| Untracked 
|  60|0x0000000083c00000, 0x0000000083d00000, 0x0000000083d00000|100%| O|  |TAMS 0x0000000083d00000, 0x0000000083c00000| Untracked 
|  61|0x0000000083d00000, 0x0000000083e00000, 0x0000000083e00000|100%| O|  |TAMS 0x0000000083e00000, 0x0000000083d00000| Untracked 
|  62|0x0000000083e00000, 0x0000000083f00000, 0x0000000083f00000|100%| O|  |TAMS 0x0000000083f00000, 0x0000000083e00000| Untracked 
|  63|0x0000000083f00000, 0x0000000084000000, 0x0000000084000000|100%| O|  |TAMS 0x0000000084000000, 0x0000000083f00000| Untracked 
|  64|0x0000000084000000, 0x0000000084100000, 0x0000000084100000|100%| O|  |TAMS 0x0000000084100000, 0x0000000084000000| Untracked 
|  65|0x0000000084100000, 0x0000000084200000, 0x0000000084200000|100%| O|  |TAMS 0x0000000084200000, 0x0000000084100000| Untracked 
|  66|0x0000000084200000, 0x0000000084300000, 0x0000000084300000|100%| O|  |TAMS 0x0000000084300000, 0x0000000084200000| Untracked 
|  67|0x0000000084300000, 0x0000000084400000, 0x0000000084400000|100%| O|  |TAMS 0x0000000084400000, 0x0000000084300000| Untracked 
|  68|0x0000000084400000, 0x0000000084500000, 0x0000000084500000|100%| O|  |TAMS 0x0000000084500000, 0x0000000084400000| Untracked 
|  69|0x0000000084500000, 0x0000000084600000, 0x0000000084600000|100%| O|  |TAMS 0x0000000084600000, 0x0000000084500000| Untracked 
|  70|0x0000000084600000, 0x0000000084700000, 0x0000000084700000|100%| O|  |TAMS 0x0000000084700000, 0x0000000084600000| Untracked 
|  71|0x0000000084700000, 0x0000000084800000, 0x0000000084800000|100%| O|  |TAMS 0x0000000084800000, 0x0000000084700000| Untracked 
|  72|0x0000000084800000, 0x0000000084900000, 0x0000000084900000|100%| O|  |TAMS 0x0000000084900000, 0x0000000084800000| Untracked 
|  73|0x0000000084900000, 0x0000000084a00000, 0x0000000084a00000|100%| O|  |TAMS 0x0000000084a00000, 0x0000000084900000| Untracked 
|  74|0x0000000084a00000, 0x0000000084b00000, 0x0000000084b00000|100%|HS|  |TAMS 0x0000000084a00000, 0x0000000084a00000| Complete 
|  75|0x0000000084b00000, 0x0000000084c00000, 0x0000000084c00000|100%| O|  |TAMS 0x0000000084c00000, 0x0000000084b00000| Untracked 
|  76|0x0000000084c00000, 0x0000000084d00000, 0x0000000084d00000|100%| O|  |TAMS 0x0000000084d00000, 0x0000000084c00000| Untracked 
|  77|0x0000000084d00000, 0x0000000084e00000, 0x0000000084e00000|100%| O|  |TAMS 0x0000000084e00000, 0x0000000084d00000| Untracked 
|  78|0x0000000084e00000, 0x0000000084f00000, 0x0000000084f00000|100%| O|  |TAMS 0x0000000084f00000, 0x0000000084e00000| Untracked 
|  79|0x0000000084f00000, 0x0000000085000000, 0x0000000085000000|100%| O|  |TAMS 0x0000000085000000, 0x0000000084f00000| Untracked 
|  80|0x0000000085000000, 0x0000000085100000, 0x0000000085100000|100%| O|  |TAMS 0x0000000085100000, 0x0000000085000000| Complete 
|  81|0x0000000085100000, 0x0000000085200000, 0x0000000085200000|100%| O|  |TAMS 0x0000000085200000, 0x0000000085100000| Untracked 
|  82|0x0000000085200000, 0x0000000085300000, 0x0000000085300000|100%| O|  |TAMS 0x0000000085300000, 0x0000000085200000| Untracked 
|  83|0x0000000085300000, 0x0000000085300000, 0x0000000085400000|  0%| F|  |TAMS 0x0000000085300000, 0x0000000085300000| Untracked 
|  84|0x0000000085400000, 0x0000000085500000, 0x0000000085500000|100%| O|  |TAMS 0x0000000085500000, 0x0000000085400000| Untracked 
|  85|0x0000000085500000, 0x0000000085600000, 0x0000000085600000|100%| O|  |TAMS 0x0000000085600000, 0x0000000085500000| Untracked 
|  86|0x0000000085600000, 0x0000000085700000, 0x0000000085700000|100%| O|  |TAMS 0x0000000085700000, 0x0000000085600000| Untracked 
|  87|0x0000000085700000, 0x0000000085800000, 0x0000000085800000|100%| O|  |TAMS 0x0000000085800000, 0x0000000085700000| Untracked 
|  88|0x0000000085800000, 0x0000000085900000, 0x0000000085900000|100%| O|  |TAMS 0x0000000085900000, 0x0000000085800000| Untracked 
|  89|0x0000000085900000, 0x0000000085a00000, 0x0000000085a00000|100%| O|  |TAMS 0x0000000085a00000, 0x0000000085900000| Untracked 
|  90|0x0000000085a00000, 0x0000000085b00000, 0x0000000085b00000|100%| O|  |TAMS 0x0000000085b00000, 0x0000000085a00000| Untracked 
|  91|0x0000000085b00000, 0x0000000085c00000, 0x0000000085c00000|100%| O|  |TAMS 0x0000000085c00000, 0x0000000085b00000| Untracked 
|  92|0x0000000085c00000, 0x0000000085d00000, 0x0000000085d00000|100%| O|  |TAMS 0x0000000085d00000, 0x0000000085c00000| Untracked 
|  93|0x0000000085d00000, 0x0000000085d00000, 0x0000000085e00000|  0%| F|  |TAMS 0x0000000085d00000, 0x0000000085d00000| Untracked 
|  94|0x0000000085e00000, 0x0000000085f00000, 0x0000000085f00000|100%| O|  |TAMS 0x0000000085f00000, 0x0000000085e00000| Untracked 
|  95|0x0000000085f00000, 0x0000000086000000, 0x0000000086000000|100%| O|  |TAMS 0x0000000086000000, 0x0000000085f00000| Complete 
|  96|0x0000000086000000, 0x0000000086100000, 0x0000000086100000|100%| O|  |TAMS 0x0000000086100000, 0x0000000086000000| Complete 
|  97|0x0000000086100000, 0x00000000861ffff8, 0x0000000086200000| 99%| O|  |TAMS 0x00000000861ffff8, 0x0000000086100000| Untracked 
|  98|0x0000000086200000, 0x0000000086200000, 0x0000000086300000|  0%| F|  |TAMS 0x0000000086200000, 0x0000000086200000| Untracked 
|  99|0x0000000086300000, 0x0000000086400000, 0x0000000086400000|100%| O|  |TAMS 0x0000000086400000, 0x0000000086300000| Untracked 
| 100|0x0000000086400000, 0x0000000086500000, 0x0000000086500000|100%| O|  |TAMS 0x0000000086500000, 0x0000000086400000| Untracked 
| 101|0x0000000086500000, 0x0000000086600000, 0x0000000086600000|100%| O|  |TAMS 0x0000000086600000, 0x0000000086500000| Untracked 
| 102|0x0000000086600000, 0x0000000086700000, 0x0000000086700000|100%| O|  |TAMS 0x0000000086700000, 0x0000000086600000| Untracked 
| 103|0x0000000086700000, 0x0000000086800000, 0x0000000086800000|100%| O|  |TAMS 0x0000000086800000, 0x0000000086700000| Complete 
| 104|0x0000000086800000, 0x0000000086900000, 0x0000000086900000|100%| O|  |TAMS 0x0000000086900000, 0x0000000086800000| Complete 
| 105|0x0000000086900000, 0x0000000086a00000, 0x0000000086a00000|100%| O|  |TAMS 0x0000000086a00000, 0x0000000086900000| Complete 
| 106|0x0000000086a00000, 0x0000000086b00000, 0x0000000086b00000|100%| O|  |TAMS 0x0000000086b00000, 0x0000000086a00000| Complete 
| 107|0x0000000086b00000, 0x0000000086c00000, 0x0000000086c00000|100%| O|  |TAMS 0x0000000086c00000, 0x0000000086b00000| Complete 
| 108|0x0000000086c00000, 0x0000000086d00000, 0x0000000086d00000|100%| O|  |TAMS 0x0000000086d00000, 0x0000000086c00000| Complete 
| 109|0x0000000086d00000, 0x0000000086d00000, 0x0000000086e00000|  0%| F|  |TAMS 0x0000000086d00000, 0x0000000086d00000| Untracked 
| 110|0x0000000086e00000, 0x0000000086f00000, 0x0000000086f00000|100%| O|  |TAMS 0x0000000086f00000, 0x0000000086e00000| Complete 
| 111|0x0000000086f00000, 0x0000000087000000, 0x0000000087000000|100%| O|  |TAMS 0x0000000087000000, 0x0000000086f00000| Untracked 
| 112|0x0000000087000000, 0x0000000087100000, 0x0000000087100000|100%| O|  |TAMS 0x0000000087100000, 0x0000000087000000| Untracked 
| 113|0x0000000087100000, 0x0000000087200000, 0x0000000087200000|100%| O|  |TAMS 0x0000000087200000, 0x0000000087100000| Complete 
| 114|0x0000000087200000, 0x0000000087300000, 0x0000000087300000|100%| O|  |TAMS 0x0000000087300000, 0x0000000087200000| Complete 
| 115|0x0000000087300000, 0x0000000087400000, 0x0000000087400000|100%|HS|  |TAMS 0x0000000087400000, 0x0000000087300000| Complete 
| 116|0x0000000087400000, 0x0000000087500000, 0x0000000087500000|100%|HC|  |TAMS 0x0000000087500000, 0x0000000087400000| Complete 
| 117|0x0000000087500000, 0x0000000087600000, 0x0000000087600000|100%| O|  |TAMS 0x0000000087600000, 0x0000000087500000| Complete 
| 118|0x0000000087600000, 0x0000000087700000, 0x0000000087700000|100%| O|  |TAMS 0x0000000087700000, 0x0000000087600000| Untracked 
| 119|0x0000000087700000, 0x0000000087800000, 0x0000000087800000|100%| O|  |TAMS 0x0000000087800000, 0x0000000087700000| Untracked 
| 120|0x0000000087800000, 0x00000000878c2600, 0x0000000087900000| 75%| O|  |TAMS 0x00000000878c2600, 0x0000000087800000| Untracked 
| 121|0x0000000087900000, 0x0000000087a00000, 0x0000000087a00000|100%|HS|  |TAMS 0x0000000087900000, 0x0000000087900000| Complete 
| 122|0x0000000087a00000, 0x0000000087b00000, 0x0000000087b00000|100%|HC|  |TAMS 0x0000000087a00000, 0x0000000087a00000| Complete 
| 123|0x0000000087b00000, 0x0000000087c00000, 0x0000000087c00000|100%|HC|  |TAMS 0x0000000087b00000, 0x0000000087b00000| Complete 
| 124|0x0000000087c00000, 0x0000000087d00000, 0x0000000087d00000|100%|HC|  |TAMS 0x0000000087c00000, 0x0000000087c00000| Complete 
| 125|0x0000000087d00000, 0x0000000087e00000, 0x0000000087e00000|100%|HC|  |TAMS 0x0000000087d00000, 0x0000000087d00000| Complete 
| 126|0x0000000087e00000, 0x0000000087f00000, 0x0000000087f00000|100%|HC|  |TAMS 0x0000000087e00000, 0x0000000087e00000| Complete 
| 127|0x0000000087f00000, 0x0000000088000000, 0x0000000088000000|100%|HS|  |TAMS 0x0000000087f00000, 0x0000000087f00000| Complete 
| 128|0x0000000088000000, 0x0000000088100000, 0x0000000088100000|100%|HC|  |TAMS 0x0000000088000000, 0x0000000088000000| Complete 
| 129|0x0000000088100000, 0x0000000088200000, 0x0000000088200000|100%|HC|  |TAMS 0x0000000088100000, 0x0000000088100000| Complete 
| 130|0x0000000088200000, 0x0000000088300000, 0x0000000088300000|100%|HC|  |TAMS 0x0000000088200000, 0x0000000088200000| Complete 
| 131|0x0000000088300000, 0x0000000088400000, 0x0000000088400000|100%|HC|  |TAMS 0x0000000088300000, 0x0000000088300000| Complete 
| 132|0x0000000088400000, 0x0000000088500000, 0x0000000088500000|100%|HC|  |TAMS 0x0000000088400000, 0x0000000088400000| Complete 
| 133|0x0000000088500000, 0x0000000088600000, 0x0000000088600000|100%|HS|  |TAMS 0x0000000088500000, 0x0000000088500000| Complete 
| 134|0x0000000088600000, 0x0000000088700000, 0x0000000088700000|100%|HC|  |TAMS 0x0000000088600000, 0x0000000088600000| Complete 
| 135|0x0000000088700000, 0x0000000088800000, 0x0000000088800000|100%|HS|  |TAMS 0x0000000088700000, 0x0000000088700000| Complete 
| 136|0x0000000088800000, 0x0000000088900000, 0x0000000088900000|100%|HC|  |TAMS 0x0000000088800000, 0x0000000088800000| Complete 
| 137|0x0000000088900000, 0x0000000088a00000, 0x0000000088a00000|100%|HS|  |TAMS 0x0000000088900000, 0x0000000088900000| Complete 
| 138|0x0000000088a00000, 0x0000000088b00000, 0x0000000088b00000|100%|HC|  |TAMS 0x0000000088a00000, 0x0000000088a00000| Complete 
| 139|0x0000000088b00000, 0x0000000088b00000, 0x0000000088c00000|  0%| F|  |TAMS 0x0000000088b00000, 0x0000000088b00000| Untracked 
| 140|0x0000000088c00000, 0x0000000088c00000, 0x0000000088d00000|  0%| F|  |TAMS 0x0000000088c00000, 0x0000000088c00000| Untracked 
| 141|0x0000000088d00000, 0x0000000088d00000, 0x0000000088e00000|  0%| F|  |TAMS 0x0000000088d00000, 0x0000000088d00000| Untracked 
| 142|0x0000000088e00000, 0x0000000088e00000, 0x0000000088f00000|  0%| F|  |TAMS 0x0000000088e00000, 0x0000000088e00000| Untracked 
| 143|0x0000000088f00000, 0x0000000088f00000, 0x0000000089000000|  0%| F|  |TAMS 0x0000000088f00000, 0x0000000088f00000| Untracked 
| 144|0x0000000089000000, 0x0000000089000000, 0x0000000089100000|  0%| F|  |TAMS 0x0000000089000000, 0x0000000089000000| Untracked 
| 145|0x0000000089100000, 0x0000000089100000, 0x0000000089200000|  0%| F|  |TAMS 0x0000000089100000, 0x0000000089100000| Untracked 
| 146|0x0000000089200000, 0x0000000089200000, 0x0000000089300000|  0%| F|  |TAMS 0x0000000089200000, 0x0000000089200000| Untracked 
| 147|0x0000000089300000, 0x0000000089300000, 0x0000000089400000|  0%| F|  |TAMS 0x0000000089300000, 0x0000000089300000| Untracked 
| 148|0x0000000089400000, 0x0000000089400000, 0x0000000089500000|  0%| F|  |TAMS 0x0000000089400000, 0x0000000089400000| Untracked 
| 149|0x0000000089500000, 0x0000000089500000, 0x0000000089600000|  0%| F|  |TAMS 0x0000000089500000, 0x0000000089500000| Untracked 
| 150|0x0000000089600000, 0x0000000089600000, 0x0000000089700000|  0%| F|  |TAMS 0x0000000089600000, 0x0000000089600000| Untracked 
| 151|0x0000000089700000, 0x0000000089700000, 0x0000000089800000|  0%| F|  |TAMS 0x0000000089700000, 0x0000000089700000| Untracked 
| 152|0x0000000089800000, 0x0000000089800000, 0x0000000089900000|  0%| F|  |TAMS 0x0000000089800000, 0x0000000089800000| Untracked 
| 153|0x0000000089900000, 0x0000000089900000, 0x0000000089a00000|  0%| F|  |TAMS 0x0000000089900000, 0x0000000089900000| Untracked 
| 154|0x0000000089a00000, 0x0000000089a00000, 0x0000000089b00000|  0%| F|  |TAMS 0x0000000089a00000, 0x0000000089a00000| Untracked 
| 155|0x0000000089b00000, 0x0000000089b00000, 0x0000000089c00000|  0%| F|  |TAMS 0x0000000089b00000, 0x0000000089b00000| Untracked 
| 156|0x0000000089c00000, 0x0000000089c00000, 0x0000000089d00000|  0%| F|  |TAMS 0x0000000089c00000, 0x0000000089c00000| Untracked 
| 157|0x0000000089d00000, 0x0000000089d00000, 0x0000000089e00000|  0%| F|  |TAMS 0x0000000089d00000, 0x0000000089d00000| Untracked 
| 158|0x0000000089e00000, 0x0000000089e00000, 0x0000000089f00000|  0%| F|  |TAMS 0x0000000089e00000, 0x0000000089e00000| Untracked 
| 159|0x0000000089f00000, 0x0000000089f00000, 0x000000008a000000|  0%| F|  |TAMS 0x0000000089f00000, 0x0000000089f00000| Untracked 
| 160|0x000000008a000000, 0x000000008a000000, 0x000000008a100000|  0%| F|  |TAMS 0x000000008a000000, 0x000000008a000000| Untracked 
| 161|0x000000008a100000, 0x000000008a100000, 0x000000008a200000|  0%| F|  |TAMS 0x000000008a100000, 0x000000008a100000| Untracked 
| 162|0x000000008a200000, 0x000000008a200000, 0x000000008a300000|  0%| F|  |TAMS 0x000000008a200000, 0x000000008a200000| Untracked 
| 163|0x000000008a300000, 0x000000008a300000, 0x000000008a400000|  0%| F|  |TAMS 0x000000008a300000, 0x000000008a300000| Untracked 
| 164|0x000000008a400000, 0x000000008a400000, 0x000000008a500000|  0%| F|  |TAMS 0x000000008a400000, 0x000000008a400000| Untracked 
| 165|0x000000008a500000, 0x000000008a500000, 0x000000008a600000|  0%| F|  |TAMS 0x000000008a500000, 0x000000008a500000| Untracked 
| 166|0x000000008a600000, 0x000000008a600000, 0x000000008a700000|  0%| F|  |TAMS 0x000000008a600000, 0x000000008a600000| Untracked 
| 167|0x000000008a700000, 0x000000008a700000, 0x000000008a800000|  0%| F|  |TAMS 0x000000008a700000, 0x000000008a700000| Untracked 
| 168|0x000000008a800000, 0x000000008a800000, 0x000000008a900000|  0%| F|  |TAMS 0x000000008a800000, 0x000000008a800000| Untracked 
| 169|0x000000008a900000, 0x000000008a900000, 0x000000008aa00000|  0%| F|  |TAMS 0x000000008a900000, 0x000000008a900000| Untracked 
| 170|0x000000008aa00000, 0x000000008aa00000, 0x000000008ab00000|  0%| F|  |TAMS 0x000000008aa00000, 0x000000008aa00000| Untracked 
| 171|0x000000008ab00000, 0x000000008ab00000, 0x000000008ac00000|  0%| F|  |TAMS 0x000000008ab00000, 0x000000008ab00000| Untracked 
| 172|0x000000008ac00000, 0x000000008ac00000, 0x000000008ad00000|  0%| F|  |TAMS 0x000000008ac00000, 0x000000008ac00000| Untracked 
| 173|0x000000008ad00000, 0x000000008ad00000, 0x000000008ae00000|  0%| F|  |TAMS 0x000000008ad00000, 0x000000008ad00000| Untracked 
| 174|0x000000008ae00000, 0x000000008ae00000, 0x000000008af00000|  0%| F|  |TAMS 0x000000008ae00000, 0x000000008ae00000| Untracked 
| 175|0x000000008af00000, 0x000000008af00000, 0x000000008b000000|  0%| F|  |TAMS 0x000000008af00000, 0x000000008af00000| Untracked 
| 176|0x000000008b000000, 0x000000008b000000, 0x000000008b100000|  0%| F|  |TAMS 0x000000008b000000, 0x000000008b000000| Untracked 
| 177|0x000000008b100000, 0x000000008b100000, 0x000000008b200000|  0%| F|  |TAMS 0x000000008b100000, 0x000000008b100000| Untracked 
| 178|0x000000008b200000, 0x000000008b200000, 0x000000008b300000|  0%| F|  |TAMS 0x000000008b200000, 0x000000008b200000| Untracked 
| 179|0x000000008b300000, 0x000000008b300000, 0x000000008b400000|  0%| F|  |TAMS 0x000000008b300000, 0x000000008b300000| Untracked 
| 180|0x000000008b400000, 0x000000008b400000, 0x000000008b500000|  0%| F|  |TAMS 0x000000008b400000, 0x000000008b400000| Untracked 
| 181|0x000000008b500000, 0x000000008b500000, 0x000000008b600000|  0%| F|  |TAMS 0x000000008b500000, 0x000000008b500000| Untracked 
| 182|0x000000008b600000, 0x000000008b6655e0, 0x000000008b700000| 39%| S|CS|TAMS 0x000000008b600000, 0x000000008b600000| Complete 
| 183|0x000000008b700000, 0x000000008b800000, 0x000000008b800000|100%| S|CS|TAMS 0x000000008b700000, 0x000000008b700000| Complete 
| 184|0x000000008b800000, 0x000000008b900000, 0x000000008b900000|100%| S|CS|TAMS 0x000000008b800000, 0x000000008b800000| Complete 
| 185|0x000000008b900000, 0x000000008ba00000, 0x000000008ba00000|100%| S|CS|TAMS 0x000000008b900000, 0x000000008b900000| Complete 
| 186|0x000000008ba00000, 0x000000008bb00000, 0x000000008bb00000|100%| S|CS|TAMS 0x000000008ba00000, 0x000000008ba00000| Complete 
| 187|0x000000008bb00000, 0x000000008bb00000, 0x000000008bc00000|  0%| F|  |TAMS 0x000000008bb00000, 0x000000008bb00000| Untracked 
| 188|0x000000008bc00000, 0x000000008bc00000, 0x000000008bd00000|  0%| F|  |TAMS 0x000000008bc00000, 0x000000008bc00000| Untracked 
| 189|0x000000008bd00000, 0x000000008bd00000, 0x000000008be00000|  0%| F|  |TAMS 0x000000008bd00000, 0x000000008bd00000| Untracked 
| 190|0x000000008be00000, 0x000000008be00000, 0x000000008bf00000|  0%| F|  |TAMS 0x000000008be00000, 0x000000008be00000| Untracked 
| 191|0x000000008bf00000, 0x000000008bf00000, 0x000000008c000000|  0%| F|  |TAMS 0x000000008bf00000, 0x000000008bf00000| Untracked 
| 192|0x000000008c000000, 0x000000008c000000, 0x000000008c100000|  0%| F|  |TAMS 0x000000008c000000, 0x000000008c000000| Untracked 
| 193|0x000000008c100000, 0x000000008c100000, 0x000000008c200000|  0%| F|  |TAMS 0x000000008c100000, 0x000000008c100000| Untracked 
| 194|0x000000008c200000, 0x000000008c200000, 0x000000008c300000|  0%| F|  |TAMS 0x000000008c200000, 0x000000008c200000| Untracked 
| 195|0x000000008c300000, 0x000000008c300000, 0x000000008c400000|  0%| F|  |TAMS 0x000000008c300000, 0x000000008c300000| Untracked 
| 196|0x000000008c400000, 0x000000008c400000, 0x000000008c500000|  0%| F|  |TAMS 0x000000008c400000, 0x000000008c400000| Untracked 
| 197|0x000000008c500000, 0x000000008c500000, 0x000000008c600000|  0%| F|  |TAMS 0x000000008c500000, 0x000000008c500000| Untracked 
| 198|0x000000008c600000, 0x000000008c600000, 0x000000008c700000|  0%| F|  |TAMS 0x000000008c600000, 0x000000008c600000| Untracked 
| 199|0x000000008c700000, 0x000000008c700000, 0x000000008c800000|  0%| F|  |TAMS 0x000000008c700000, 0x000000008c700000| Untracked 
| 200|0x000000008c800000, 0x000000008c800000, 0x000000008c900000|  0%| F|  |TAMS 0x000000008c800000, 0x000000008c800000| Untracked 
| 201|0x000000008c900000, 0x000000008c900000, 0x000000008ca00000|  0%| F|  |TAMS 0x000000008c900000, 0x000000008c900000| Untracked 
| 202|0x000000008ca00000, 0x000000008ca00000, 0x000000008cb00000|  0%| F|  |TAMS 0x000000008ca00000, 0x000000008ca00000| Untracked 
| 203|0x000000008cb00000, 0x000000008cb00000, 0x000000008cc00000|  0%| F|  |TAMS 0x000000008cb00000, 0x000000008cb00000| Untracked 
| 204|0x000000008cc00000, 0x000000008cc00000, 0x000000008cd00000|  0%| F|  |TAMS 0x000000008cc00000, 0x000000008cc00000| Untracked 
| 205|0x000000008cd00000, 0x000000008cd00000, 0x000000008ce00000|  0%| F|  |TAMS 0x000000008cd00000, 0x000000008cd00000| Untracked 
| 206|0x000000008ce00000, 0x000000008ce00000, 0x000000008cf00000|  0%| F|  |TAMS 0x000000008ce00000, 0x000000008ce00000| Untracked 
| 207|0x000000008cf00000, 0x000000008cf00000, 0x000000008d000000|  0%| F|  |TAMS 0x000000008cf00000, 0x000000008cf00000| Untracked 
| 208|0x000000008d000000, 0x000000008d000000, 0x000000008d100000|  0%| F|  |TAMS 0x000000008d000000, 0x000000008d000000| Untracked 
| 209|0x000000008d100000, 0x000000008d100000, 0x000000008d200000|  0%| F|  |TAMS 0x000000008d100000, 0x000000008d100000| Untracked 
| 210|0x000000008d200000, 0x000000008d200000, 0x000000008d300000|  0%| F|  |TAMS 0x000000008d200000, 0x000000008d200000| Untracked 
| 211|0x000000008d300000, 0x000000008d300000, 0x000000008d400000|  0%| F|  |TAMS 0x000000008d300000, 0x000000008d300000| Untracked 
| 212|0x000000008d400000, 0x000000008d400000, 0x000000008d500000|  0%| F|  |TAMS 0x000000008d400000, 0x000000008d400000| Untracked 
| 213|0x000000008d500000, 0x000000008d500000, 0x000000008d600000|  0%| F|  |TAMS 0x000000008d500000, 0x000000008d500000| Untracked 
| 214|0x000000008d600000, 0x000000008d600000, 0x000000008d700000|  0%| F|  |TAMS 0x000000008d600000, 0x000000008d600000| Untracked 
| 215|0x000000008d700000, 0x000000008d700000, 0x000000008d800000|  0%| F|  |TAMS 0x000000008d700000, 0x000000008d700000| Untracked 
| 216|0x000000008d800000, 0x000000008d900000, 0x000000008d900000|100%| E|CS|TAMS 0x000000008d800000, 0x000000008d800000| Complete 
| 217|0x000000008d900000, 0x000000008da00000, 0x000000008da00000|100%| E|CS|TAMS 0x000000008d900000, 0x000000008d900000| Complete 
| 218|0x000000008da00000, 0x000000008db00000, 0x000000008db00000|100%| E|CS|TAMS 0x000000008da00000, 0x000000008da00000| Complete 
| 219|0x000000008db00000, 0x000000008dc00000, 0x000000008dc00000|100%| E|CS|TAMS 0x000000008db00000, 0x000000008db00000| Complete 
| 220|0x000000008dc00000, 0x000000008dd00000, 0x000000008dd00000|100%| E|CS|TAMS 0x000000008dc00000, 0x000000008dc00000| Complete 
| 221|0x000000008dd00000, 0x000000008de00000, 0x000000008de00000|100%| E|CS|TAMS 0x000000008dd00000, 0x000000008dd00000| Complete 
| 222|0x000000008de00000, 0x000000008de00000, 0x000000008df00000|  0%| F|  |TAMS 0x000000008de00000, 0x000000008de00000| Untracked 
| 223|0x000000008df00000, 0x000000008df00000, 0x000000008e000000|  0%| F|  |TAMS 0x000000008df00000, 0x000000008df00000| Untracked 
| 224|0x000000008e000000, 0x000000008e000000, 0x000000008e100000|  0%| F|  |TAMS 0x000000008e000000, 0x000000008e000000| Untracked 
| 225|0x000000008e100000, 0x000000008e14d9c8, 0x000000008e200000| 30%| E|  |TAMS 0x000000008e100000, 0x000000008e100000| Complete 
| 226|0x000000008e200000, 0x000000008e300000, 0x000000008e300000|100%| E|CS|TAMS 0x000000008e200000, 0x000000008e200000| Complete 
| 227|0x000000008e300000, 0x000000008e400000, 0x000000008e400000|100%| E|CS|TAMS 0x000000008e300000, 0x000000008e300000| Complete 
| 228|0x000000008e400000, 0x000000008e500000, 0x000000008e500000|100%| E|CS|TAMS 0x000000008e400000, 0x000000008e400000| Complete 
| 229|0x000000008e500000, 0x000000008e600000, 0x000000008e600000|100%| E|CS|TAMS 0x000000008e500000, 0x000000008e500000| Complete 
| 230|0x000000008e600000, 0x000000008e700000, 0x000000008e700000|100%| E|  |TAMS 0x000000008e600000, 0x000000008e600000| Complete 
| 231|0x000000008e700000, 0x000000008e800000, 0x000000008e800000|100%| E|CS|TAMS 0x000000008e700000, 0x000000008e700000| Complete 
| 232|0x000000008e800000, 0x000000008e900000, 0x000000008e900000|100%| E|CS|TAMS 0x000000008e800000, 0x000000008e800000| Complete 
| 233|0x000000008e900000, 0x000000008ea00000, 0x000000008ea00000|100%| E|CS|TAMS 0x000000008e900000, 0x000000008e900000| Complete 
| 234|0x000000008ea00000, 0x000000008eb00000, 0x000000008eb00000|100%| E|CS|TAMS 0x000000008ea00000, 0x000000008ea00000| Complete 
| 235|0x000000008eb00000, 0x000000008ec00000, 0x000000008ec00000|100%| E|CS|TAMS 0x000000008eb00000, 0x000000008eb00000| Complete 
| 236|0x000000008ec00000, 0x000000008ed00000, 0x000000008ed00000|100%| E|CS|TAMS 0x000000008ec00000, 0x000000008ec00000| Complete 
| 237|0x000000008ed00000, 0x000000008ee00000, 0x000000008ee00000|100%| E|CS|TAMS 0x000000008ed00000, 0x000000008ed00000| Complete 
| 238|0x000000008ee00000, 0x000000008ef00000, 0x000000008ef00000|100%| E|CS|TAMS 0x000000008ee00000, 0x000000008ee00000| Complete 
| 239|0x000000008ef00000, 0x000000008f000000, 0x000000008f000000|100%| E|CS|TAMS 0x000000008ef00000, 0x000000008ef00000| Complete 
| 240|0x000000008f000000, 0x000000008f100000, 0x000000008f100000|100%| E|CS|TAMS 0x000000008f000000, 0x000000008f000000| Complete 
| 241|0x000000008f100000, 0x000000008f200000, 0x000000008f200000|100%| E|CS|TAMS 0x000000008f100000, 0x000000008f100000| Complete 
| 242|0x000000008f200000, 0x000000008f300000, 0x000000008f300000|100%| E|CS|TAMS 0x000000008f200000, 0x000000008f200000| Complete 
| 243|0x000000008f300000, 0x000000008f400000, 0x000000008f400000|100%| E|CS|TAMS 0x000000008f300000, 0x000000008f300000| Complete 

Card table byte_map: [0x000001bf594c0000,0x000001bf598c0000] _byte_map_base: 0x000001bf590c0000

Marking Bits (Prev, Next): (CMBitMap*) 0x000001bf46c47a10, (CMBitMap*) 0x000001bf46c47a50
 Prev Bits: [0x000001bf59cc0000, 0x000001bf5bcc0000)
 Next Bits: [0x000001bf5bcc0000, 0x000001bf5dcc0000)

Polling page: 0x000001bf463c0000

Metaspace:

Usage:
  Non-class:    109.79 MB used.
      Class:     17.10 MB used.
       Both:    126.90 MB used.

Virtual space:
  Non-class space:      112.00 MB reserved,     110.25 MB ( 98%) committed,  14 nodes.
      Class space:        1.00 GB reserved,      17.56 MB (  2%) committed,  1 nodes.
             Both:        1.11 GB reserved,     127.81 MB ( 11%) committed. 

Chunk freelists:
   Non-Class:  1.50 MB
       Class:  2.41 MB
        Both:  3.91 MB

MaxMetaspaceSize: unlimited
CompressedClassSpaceSize: 1.00 GB
Initial GC threshold: 21.00 MB
Current GC threshold: 213.06 MB
CDS: off
MetaspaceReclaimPolicy: balanced
 - commit_granule_bytes: 65536.
 - commit_granule_words: 8192.
 - virtual_space_node_default_size: 1048576.
 - enlarge_chunks_in_place: 1.
 - new_chunks_are_fully_committed: 0.
 - uncommit_free_chunks: 1.
 - use_allocation_guard: 0.
 - handle_deallocations: 1.


Internal statistics:

num_allocs_failed_limit: 24.
num_arena_births: 1552.
num_arena_deaths: 26.
num_vsnodes_births: 15.
num_vsnodes_deaths: 0.
num_space_committed: 2045.
num_space_uncommitted: 0.
num_chunks_returned_to_freelist: 63.
num_chunks_taken_from_freelist: 6541.
num_chunk_merges: 28.
num_chunk_splits: 4302.
num_chunks_enlarged: 2840.
num_purges: 4.
num_inconsistent_stats: 0.

CodeHeap 'non-profiled nmethods': size=120000Kb used=11142Kb max_used=11142Kb free=108857Kb
 bounds [0x000001bf51b90000, 0x000001bf52680000, 0x000001bf590c0000]
CodeHeap 'profiled nmethods': size=120000Kb used=35428Kb max_used=35428Kb free=84571Kb
 bounds [0x000001bf4a0c0000, 0x000001bf4c360000, 0x000001bf515f0000]
CodeHeap 'non-nmethods': size=5760Kb used=2460Kb max_used=2509Kb free=3299Kb
 bounds [0x000001bf515f0000, 0x000001bf51880000, 0x000001bf51b90000]
 total_blobs=19140 nmethods=18148 adapters=903
 compilation: enabled
              stopped_count=0, restarted_count=0
 full_count=0

Compilation events (20 events):
Event: 620.835 Thread 0x000001bf60c0fe80 21762   !   2       org.gradle.cache.internal.LockOnDemandCrossProcessCacheAccess::incrementLockCount (193 bytes)
Event: 620.839 Thread 0x000001bf60c0f3e0 nmethod 21760 0x000001bf5266c490 code [0x000001bf5266c620, 0x000001bf5266c7a8]
Event: 620.839 Thread 0x000001bf60c0f3e0 21761       4       com.google.common.collect.Hashing::closedTableSize (37 bytes)
Event: 620.844 Thread 0x000001bf60c0f3e0 nmethod 21761 0x000001bf5266c990 code [0x000001bf5266cb00, 0x000001bf5266cbb8]
Event: 620.844 Thread 0x000001bf60c0f3e0 21764  s    4       org.gradle.internal.component.external.model.AbstractLazyModuleComponentResolveMetadata::getVariantsForGraphTraversal (20 bytes)
Event: 620.862 Thread 0x000001bf60c0fe80 nmethod 21762 0x000001bf4c355490 code [0x000001bf4c355740, 0x000001bf4c355ed8]
Event: 620.862 Thread 0x000001bf60c0fe80 21763       2       com.google.common.collect.ImmutableCollection::toArray (67 bytes)
Event: 620.865 Thread 0x000001bf60c0fe80 nmethod 21763 0x000001bf4c356710 code [0x000001bf4c356940, 0x000001bf4c356dc8]
Event: 620.868 Thread 0x000001bf60c0fe80 21767       3       org.gradle.api.internal.artifacts.ivyservice.resolveengine.graph.conflicts.VersionConflictResolutionDetails::<init> (20 bytes)
Event: 620.869 Thread 0x000001bf60c0fe80 nmethod 21767 0x000001bf4c357090 code [0x000001bf4c357240, 0x000001bf4c3574c8]
Event: 620.945 Thread 0x000001bf60c0fe80 21769       1       org.gradle.internal.component.local.model.DslOriginDependencyMetadataWrapper::getArtifacts (5 bytes)
Event: 620.946 Thread 0x000001bf60c0fe80 nmethod 21769 0x000001bf5266cc90 code [0x000001bf5266ce20, 0x000001bf5266cef8]
Event: 620.964 Thread 0x000001bf60c0fe80 21770       3       org.gradle.internal.logging.serializer.ProgressCompleteEventSerializer::write (44 bytes)
Event: 620.968 Thread 0x000001bf60c0fe80 nmethod 21770 0x000001bf4c357610 code [0x000001bf4c357800, 0x000001bf4c357cb8]
Event: 620.995 Thread 0x000001bf60c0fe80 21771       3       org.gradle.api.internal.initialization.DefaultScriptClassPathResolver::lambda$resolveClassPath$2 (37 bytes)
Event: 620.999 Thread 0x000001bf60c0fe80 nmethod 21771 0x000001bf4c357e10 code [0x000001bf4c357fe0, 0x000001bf4c358588]
Event: 620.999 Thread 0x000001bf60c0fe80 21772       3       org.gradle.internal.snapshot.impl.IntegerValueSnapshot::getValue (5 bytes)
Event: 621.000 Thread 0x000001bf60c0fe80 nmethod 21772 0x000001bf4c358690 code [0x000001bf4c358820, 0x000001bf4c358938]
Event: 621.059 Thread 0x000001bf60c0f3e0 nmethod 21764 0x000001bf5266d410 code [0x000001bf5266d760, 0x000001bf526701d0]
Event: 621.060 Thread 0x000001bf60c0f3e0 21765       4       org.gradle.api.internal.artifacts.ivyservice.modulecache.ModuleMetadataSerializer$Reader::readMavenDependency (148 bytes)

GC Heap History (20 events):
Event: 83.393 GC heap before
{Heap before GC invocations=49 (full 0):
 garbage-first heap   total 211968K, used 150309K [0x0000000080000000, 0x0000000100000000)
  region size 1024K, 49 young (50176K), 2 survivors (2048K)
 Metaspace       used 127608K, committed 128448K, reserved 1163264K
  class space    used 17405K, committed 17792K, reserved 1048576K
}
Event: 83.426 GC heap after
{Heap after GC invocations=50 (full 0):
 garbage-first heap   total 211968K, used 109894K [0x0000000080000000, 0x0000000100000000)
  region size 1024K, 8 young (8192K), 8 survivors (8192K)
 Metaspace       used 127608K, committed 128448K, reserved 1163264K
  class space    used 17405K, committed 17792K, reserved 1048576K
}
Event: 167.758 GC heap before
{Heap before GC invocations=51 (full 0):
 garbage-first heap   total 227328K, used 178502K [0x0000000080000000, 0x0000000100000000)
  region size 1024K, 68 young (69632K), 8 survivors (8192K)
 Metaspace       used 128179K, committed 129088K, reserved 1163264K
  class space    used 17423K, committed 17856K, reserved 1048576K
}
Event: 167.857 GC heap after
{Heap after GC invocations=52 (full 0):
 garbage-first heap   total 227328K, used 105485K [0x0000000080000000, 0x0000000100000000)
  region size 1024K, 3 young (3072K), 3 survivors (3072K)
 Metaspace       used 128179K, committed 129088K, reserved 1163264K
  class space    used 17423K, committed 17856K, reserved 1048576K
}
Event: 168.025 GC heap before
{Heap before GC invocations=52 (full 0):
 garbage-first heap   total 227328K, used 113677K [0x0000000080000000, 0x0000000100000000)
  region size 1024K, 11 young (11264K), 3 survivors (3072K)
 Metaspace       used 128217K, committed 129088K, reserved 1163264K
  class space    used 17423K, committed 17856K, reserved 1048576K
}
Event: 168.051 GC heap after
{Heap after GC invocations=53 (full 0):
 garbage-first heap   total 227328K, used 102786K [0x0000000080000000, 0x0000000100000000)
  region size 1024K, 1 young (1024K), 1 survivors (1024K)
 Metaspace       used 128217K, committed 129088K, reserved 1163264K
  class space    used 17423K, committed 17856K, reserved 1048576K
}
Event: 169.228 GC heap before
{Heap before GC invocations=53 (full 0):
 garbage-first heap   total 227328K, used 127362K [0x0000000080000000, 0x0000000100000000)
  region size 1024K, 26 young (26624K), 1 survivors (1024K)
 Metaspace       used 128451K, committed 129344K, reserved 1163264K
  class space    used 17428K, committed 17856K, reserved 1048576K
}
Event: 169.247 GC heap after
{Heap after GC invocations=54 (full 0):
 garbage-first heap   total 227328K, used 106465K [0x0000000080000000, 0x0000000100000000)
  region size 1024K, 5 young (5120K), 5 survivors (5120K)
 Metaspace       used 128451K, committed 129344K, reserved 1163264K
  class space    used 17428K, committed 17856K, reserved 1048576K
}
Event: 172.426 GC heap before
{Heap before GC invocations=55 (full 0):
 garbage-first heap   total 227328K, used 200673K [0x0000000080000000, 0x0000000100000000)
  region size 1024K, 81 young (82944K), 5 survivors (5120K)
 Metaspace       used 128668K, committed 129472K, reserved 1163264K
  class space    used 17445K, committed 17856K, reserved 1048576K
}
Event: 172.463 GC heap after
{Heap after GC invocations=56 (full 0):
 garbage-first heap   total 227328K, used 112754K [0x0000000080000000, 0x0000000100000000)
  region size 1024K, 11 young (11264K), 11 survivors (11264K)
 Metaspace       used 128668K, committed 129472K, reserved 1163264K
  class space    used 17445K, committed 17856K, reserved 1048576K
}
Event: 172.464 GC heap before
{Heap before GC invocations=56 (full 0):
 garbage-first heap   total 227328K, used 112754K [0x0000000080000000, 0x0000000100000000)
  region size 1024K, 12 young (12288K), 11 survivors (11264K)
 Metaspace       used 128668K, committed 129472K, reserved 1163264K
  class space    used 17445K, committed 17856K, reserved 1048576K
}
Event: 172.491 GC heap after
{Heap after GC invocations=57 (full 0):
 garbage-first heap   total 227328K, used 107485K [0x0000000080000000, 0x0000000100000000)
  region size 1024K, 1 young (1024K), 1 survivors (1024K)
 Metaspace       used 128668K, committed 129472K, reserved 1163264K
  class space    used 17445K, committed 17856K, reserved 1048576K
}
Event: 172.679 GC heap before
{Heap before GC invocations=57 (full 0):
 garbage-first heap   total 227328K, used 119773K [0x0000000080000000, 0x0000000100000000)
  region size 1024K, 14 young (14336K), 1 survivors (1024K)
 Metaspace       used 128716K, committed 129600K, reserved 1163264K
  class space    used 17446K, committed 17856K, reserved 1048576K
}
Event: 172.685 GC heap after
{Heap after GC invocations=58 (full 0):
 garbage-first heap   total 227328K, used 107485K [0x0000000080000000, 0x0000000100000000)
  region size 1024K, 1 young (1024K), 1 survivors (1024K)
 Metaspace       used 128716K, committed 129600K, reserved 1163264K
  class space    used 17446K, committed 17856K, reserved 1048576K
}
Event: 598.825 GC heap before
{Heap before GC invocations=59 (full 0):
 garbage-first heap   total 227328K, used 196573K [0x0000000080000000, 0x0000000100000000)
  region size 1024K, 79 young (80896K), 1 survivors (1024K)
 Metaspace       used 129228K, committed 130240K, reserved 1163264K
  class space    used 17490K, committed 17984K, reserved 1048576K
}
Event: 598.952 GC heap after
{Heap after GC invocations=60 (full 0):
 garbage-first heap   total 227328K, used 120935K [0x0000000080000000, 0x0000000100000000)
  region size 1024K, 10 young (10240K), 10 survivors (10240K)
 Metaspace       used 129228K, committed 130240K, reserved 1163264K
  class space    used 17490K, committed 17984K, reserved 1048576K
}
Event: 599.059 GC heap before
{Heap before GC invocations=60 (full 0):
 garbage-first heap   total 227328K, used 121959K [0x0000000080000000, 0x0000000100000000)
  region size 1024K, 11 young (11264K), 10 survivors (10240K)
 Metaspace       used 129230K, committed 130240K, reserved 1163264K
  class space    used 17490K, committed 17984K, reserved 1048576K
}
Event: 599.191 GC heap after
{Heap after GC invocations=61 (full 0):
 garbage-first heap   total 227328K, used 119926K [0x0000000080000000, 0x0000000100000000)
  region size 1024K, 2 young (2048K), 2 survivors (2048K)
 Metaspace       used 129230K, committed 130240K, reserved 1163264K
  class space    used 17490K, committed 17984K, reserved 1048576K
}
Event: 606.702 GC heap before
{Heap before GC invocations=61 (full 0):
 garbage-first heap   total 227328K, used 151670K [0x0000000080000000, 0x0000000100000000)
  region size 1024K, 35 young (35840K), 2 survivors (2048K)
 Metaspace       used 129813K, committed 130752K, reserved 1163264K
  class space    used 17507K, committed 17984K, reserved 1048576K
}
Event: 606.767 GC heap after
{Heap after GC invocations=62 (full 0):
 garbage-first heap   total 227328K, used 123038K [0x0000000080000000, 0x0000000100000000)
  region size 1024K, 5 young (5120K), 5 survivors (5120K)
 Metaspace       used 129813K, committed 130752K, reserved 1163264K
  class space    used 17507K, committed 17984K, reserved 1048576K
}

Dll operation events (2 events):
Event: 0.026 Loaded shared library C:\Program Files\Android\Android Studio\jbr\bin\java.dll
Event: 0.629 Loaded shared library C:\Program Files\Android\Android Studio\jbr\bin\verify.dll

Deoptimization events (20 events):
Event: 619.381 Thread 0x000001bf626777a0 Uncommon trap: trap_request=0xffffffde fr.pc=0x000001bf52602f4c relative=0x000000000000012c
Event: 619.381 Thread 0x000001bf626777a0 Uncommon trap: reason=class_check action=maybe_recompile pc=0x000001bf52602f4c method=com.google.common.base.CharMatcher$Or.matches(C)Z @ 5 c2
Event: 619.382 Thread 0x000001bf626777a0 DEOPT PACKING pc=0x000001bf52602f4c sp=0x00000076ef1f7f00
Event: 619.385 Thread 0x000001bf626777a0 DEOPT UNPACKING pc=0x000001bf5164a1a3 sp=0x00000076ef1f7e98 mode 2
Event: 619.386 Thread 0x000001bf626777a0 Uncommon trap: trap_request=0xffffffde fr.pc=0x000001bf52602f4c relative=0x000000000000012c
Event: 619.386 Thread 0x000001bf626777a0 Uncommon trap: reason=class_check action=maybe_recompile pc=0x000001bf52602f4c method=com.google.common.base.CharMatcher$Or.matches(C)Z @ 5 c2
Event: 619.386 Thread 0x000001bf626777a0 DEOPT PACKING pc=0x000001bf52602f4c sp=0x00000076ef1f7e80
Event: 619.388 Thread 0x000001bf626777a0 DEOPT UNPACKING pc=0x000001bf5164a1a3 sp=0x00000076ef1f7e28 mode 2
Event: 619.388 Thread 0x000001bf626777a0 Uncommon trap: trap_request=0xffffffde fr.pc=0x000001bf52602f4c relative=0x000000000000012c
Event: 619.388 Thread 0x000001bf626777a0 Uncommon trap: reason=class_check action=maybe_recompile pc=0x000001bf52602f4c method=com.google.common.base.CharMatcher$Or.matches(C)Z @ 5 c2
Event: 619.388 Thread 0x000001bf626777a0 DEOPT PACKING pc=0x000001bf52602f4c sp=0x00000076ef1f7e10
Event: 619.388 Thread 0x000001bf626777a0 DEOPT UNPACKING pc=0x000001bf5164a1a3 sp=0x00000076ef1f7db8 mode 2
Event: 619.388 Thread 0x000001bf626777a0 Uncommon trap: trap_request=0xffffffde fr.pc=0x000001bf52602f4c relative=0x000000000000012c
Event: 619.388 Thread 0x000001bf626777a0 Uncommon trap: reason=class_check action=maybe_recompile pc=0x000001bf52602f4c method=com.google.common.base.CharMatcher$Or.matches(C)Z @ 5 c2
Event: 619.388 Thread 0x000001bf626777a0 DEOPT PACKING pc=0x000001bf52602f4c sp=0x00000076ef1f7f00
Event: 619.388 Thread 0x000001bf626777a0 DEOPT UNPACKING pc=0x000001bf5164a1a3 sp=0x00000076ef1f7e98 mode 2
Event: 619.854 Thread 0x000001bf626777a0 Uncommon trap: trap_request=0xffffffde fr.pc=0x000001bf5219ca90 relative=0x0000000000000650
Event: 619.857 Thread 0x000001bf626777a0 Uncommon trap: reason=class_check action=maybe_recompile pc=0x000001bf5219ca90 method=org.gradle.cache.internal.LockOnDemandCrossProcessCacheAccess.incrementLockCount()V @ 97 c2
Event: 619.857 Thread 0x000001bf626777a0 DEOPT PACKING pc=0x000001bf5219ca90 sp=0x00000076ef1f7470
Event: 619.902 Thread 0x000001bf626777a0 DEOPT UNPACKING pc=0x000001bf5164a1a3 sp=0x00000076ef1f7420 mode 2

Classes unloaded (13 events):
Event: 18.711 Thread 0x000001bf60191620 Unloading class 0x0000000100b79800 'java/lang/invoke/LambdaForm$DMH+0x0000000100b79800'
Event: 83.841 Thread 0x000001bf60191620 Unloading class 0x0000000101128400 'java/lang/invoke/LambdaForm$DMH+0x0000000101128400'
Event: 83.842 Thread 0x000001bf60191620 Unloading class 0x000000010104cc00 'java/lang/invoke/LambdaForm$DMH+0x000000010104cc00'
Event: 83.842 Thread 0x000001bf60191620 Unloading class 0x000000010104c800 'java/lang/invoke/LambdaForm$DMH+0x000000010104c800'
Event: 83.842 Thread 0x000001bf60191620 Unloading class 0x000000010104c400 'java/lang/invoke/LambdaForm$DMH+0x000000010104c400'
Event: 83.842 Thread 0x000001bf60191620 Unloading class 0x0000000101028400 'java/lang/invoke/LambdaForm$DMH+0x0000000101028400'
Event: 83.842 Thread 0x000001bf60191620 Unloading class 0x0000000100fa1400 'java/lang/invoke/LambdaForm$DMH+0x0000000100fa1400'
Event: 83.843 Thread 0x000001bf60191620 Unloading class 0x0000000100fa0800 'java/lang/invoke/LambdaForm$DMH+0x0000000100fa0800'
Event: 83.843 Thread 0x000001bf60191620 Unloading class 0x0000000100fa0c00 'java/lang/invoke/LambdaForm$DMH+0x0000000100fa0c00'
Event: 83.843 Thread 0x000001bf60191620 Unloading class 0x0000000100fa0400 'java/lang/invoke/LambdaForm$DMH+0x0000000100fa0400'
Event: 83.843 Thread 0x000001bf60191620 Unloading class 0x0000000100eab000 'jdk/internal/reflect/GeneratedSerializationConstructorAccessor99'
Event: 83.843 Thread 0x000001bf60191620 Unloading class 0x0000000100eaac00 'jdk/internal/reflect/GeneratedSerializationConstructorAccessor98'
Event: 83.843 Thread 0x000001bf60191620 Unloading class 0x0000000100eaa800 'jdk/internal/reflect/GeneratedSerializationConstructorAccessor97'

Classes redefined (0 events):
No events

Internal exceptions (20 events):
Event: 605.128 Thread 0x000001bf6251aa10 Exception <a 'sun/nio/fs/WindowsException'{0x000000008c778e90}> (0x000000008c778e90) 
thrown [s\src\hotspot\share\prims\jni.cpp, line 517]
Event: 605.382 Thread 0x000001bf6251a540 Exception <a 'sun/nio/fs/WindowsException'{0x000000008c463e78}> (0x000000008c463e78) 
thrown [s\src\hotspot\share\prims\jni.cpp, line 517]
Event: 605.581 Thread 0x000001bf6251a540 Exception <a 'sun/nio/fs/WindowsException'{0x000000008c350748}> (0x000000008c350748) 
thrown [s\src\hotspot\share\prims\jni.cpp, line 517]
Event: 605.692 Thread 0x000001bf6251aa10 Exception <a 'sun/nio/fs/WindowsException'{0x000000008c26f448}> (0x000000008c26f448) 
thrown [s\src\hotspot\share\prims\jni.cpp, line 517]
Event: 605.742 Thread 0x000001bf6251aa10 Exception <a 'sun/nio/fs/WindowsException'{0x000000008c2fb5d8}> (0x000000008c2fb5d8) 
thrown [s\src\hotspot\share\prims\jni.cpp, line 517]
Event: 605.824 Thread 0x000001bf6251c220 Exception <a 'sun/nio/fs/WindowsException'{0x000000008c1cfd08}> (0x000000008c1cfd08) 
thrown [s\src\hotspot\share\prims\jni.cpp, line 517]
Event: 605.856 Thread 0x000001bf6251aee0 Exception <a 'sun/nio/fs/WindowsException'{0x000000008c01e6f8}> (0x000000008c01e6f8) 
thrown [s\src\hotspot\share\prims\jni.cpp, line 517]
Event: 605.856 Thread 0x000001bf6251aee0 Exception <a 'sun/nio/fs/WindowsException'{0x000000008c01eb00}> (0x000000008c01eb00) 
thrown [s\src\hotspot\share\prims\jni.cpp, line 517]
Event: 605.866 Thread 0x000001bf6251c220 Exception <a 'sun/nio/fs/WindowsException'{0x000000008c08d968}> (0x000000008c08d968) 
thrown [s\src\hotspot\share\prims\jni.cpp, line 517]
Event: 605.867 Thread 0x000001bf6251a070 Exception <a 'sun/nio/fs/WindowsException'{0x000000008c0a98e8}> (0x000000008c0a98e8) 
thrown [s\src\hotspot\share\prims\jni.cpp, line 517]
Event: 605.925 Thread 0x000001bf6251a070 Exception <a 'sun/nio/fs/WindowsException'{0x000000008bfd35e8}> (0x000000008bfd35e8) 
thrown [s\src\hotspot\share\prims\jni.cpp, line 517]
Event: 606.487 Thread 0x000001bf6251bd50 Exception <a 'sun/nio/fs/WindowsException'{0x000000008be09f68}> (0x000000008be09f68) 
thrown [s\src\hotspot\share\prims\jni.cpp, line 517]
Event: 606.487 Thread 0x000001bf6251bd50 Exception <a 'sun/nio/fs/WindowsException'{0x000000008be0adf8}> (0x000000008be0adf8) 
thrown [s\src\hotspot\share\prims\jni.cpp, line 517]
Event: 606.487 Thread 0x000001bf6251bd50 Exception <a 'sun/nio/fs/WindowsException'{0x000000008be0ae68}> (0x000000008be0ae68) 
thrown [s\src\hotspot\share\prims\jni.cpp, line 517]
Event: 606.487 Thread 0x000001bf6251bd50 Exception <a 'sun/nio/fs/WindowsException'{0x000000008be0b218}> (0x000000008be0b218) 
thrown [s\src\hotspot\share\prims\jni.cpp, line 517]
Event: 606.693 Thread 0x000001bf6a1806e0 Exception <a 'sun/nio/fs/WindowsException'{0x000000008bb06710}> (0x000000008bb06710) 
thrown [s\src\hotspot\share\prims\jni.cpp, line 517]
Event: 606.693 Thread 0x000001bf6a1806e0 Exception <a 'sun/nio/fs/WindowsException'{0x000000008bb06ab8}> (0x000000008bb06ab8) 
thrown [s\src\hotspot\share\prims\jni.cpp, line 517]
Event: 607.653 Thread 0x000001bf626777a0 Exception <a 'sun/nio/fs/WindowsException'{0x000000008da49458}> (0x000000008da49458) 
thrown [s\src\hotspot\share\prims\jni.cpp, line 517]
Event: 607.653 Thread 0x000001bf626777a0 Exception <a 'sun/nio/fs/WindowsException'{0x000000008da49848}> (0x000000008da49848) 
thrown [s\src\hotspot\share\prims\jni.cpp, line 517]
Event: 607.654 Thread 0x000001bf626777a0 Exception <a 'sun/nio/fs/WindowsException'{0x000000008da4b720}> (0x000000008da4b720) 
thrown [s\src\hotspot\share\prims\jni.cpp, line 517]

VM Operations (20 events):
Event: 606.602 Executing VM operation: Cleanup
Event: 606.602 Executing VM operation: Cleanup done
Event: 606.700 Executing VM operation: G1TryInitiateConcMark
Event: 606.768 Executing VM operation: G1TryInitiateConcMark done
Event: 607.758 Executing VM operation: G1Concurrent
Event: 607.851 Executing VM operation: G1Concurrent done
Event: 607.950 Executing VM operation: G1Concurrent
Event: 607.952 Executing VM operation: G1Concurrent done
Event: 608.959 Executing VM operation: Cleanup
Event: 608.959 Executing VM operation: Cleanup done
Event: 617.021 Executing VM operation: Cleanup
Event: 617.027 Executing VM operation: Cleanup done
Event: 618.040 Executing VM operation: Cleanup
Event: 618.041 Executing VM operation: Cleanup done
Event: 619.045 Executing VM operation: Cleanup
Event: 619.064 Executing VM operation: Cleanup done
Event: 620.067 Executing VM operation: Cleanup
Event: 620.068 Executing VM operation: Cleanup done
Event: 621.071 Executing VM operation: Cleanup
Event: 621.071 Executing VM operation: Cleanup done

Events (20 events):
Event: 621.019 Thread 0x000001bf65c60920 Thread added: 0x000001bf65c60920
Event: 621.019 Thread 0x000001bf65c62ad0 Thread added: 0x000001bf65c62ad0
Event: 621.019 Thread 0x000001bf65c61790 Thread added: 0x000001bf65c61790
Event: 621.019 Thread 0x000001bf65c66e30 Thread added: 0x000001bf65c66e30
Event: 621.020 Thread 0x000001bf65c62fa0 Thread added: 0x000001bf65c62fa0
Event: 621.020 Thread 0x000001bf65c677d0 Thread added: 0x000001bf65c677d0
Event: 621.021 Thread 0x000001bf65c63470 Thread added: 0x000001bf65c63470
Event: 621.021 Thread 0x000001bf65c60df0 Thread added: 0x000001bf65c60df0
Event: 621.022 Thread 0x000001bf65c612c0 Thread added: 0x000001bf65c612c0
Event: 621.022 Thread 0x000001bf65c65fc0 Thread added: 0x000001bf65c65fc0
Event: 621.022 Thread 0x000001bf65c65af0 Thread added: 0x000001bf65c65af0
Event: 621.023 Thread 0x000001bf65c62130 Thread added: 0x000001bf65c62130
Event: 621.023 Thread 0x000001bf65c65150 Thread added: 0x000001bf65c65150
Event: 621.023 Thread 0x000001bf65c61c60 Thread added: 0x000001bf65c61c60
Event: 621.025 Thread 0x000001bf65c65620 Thread added: 0x000001bf65c65620
Event: 621.032 Thread 0x000001bf62518d30 Thread added: 0x000001bf62518d30
Event: 621.033 Thread 0x000001bf625179f0 Thread added: 0x000001bf625179f0
Event: 621.034 Thread 0x000001bf62519200 Thread added: 0x000001bf62519200
Event: 621.034 Thread 0x000001bf6251bd50 Thread added: 0x000001bf6251bd50
Event: 621.037 Thread 0x000001bf6251a070 Thread added: 0x000001bf6251a070


Dynamic libraries:
0x00007ff66fe70000 - 0x00007ff66fe7a000 	C:\Program Files\Android\Android Studio\jbr\bin\java.exe
0x00007ffba5c00000 - 0x00007ffba5e09000 	C:\Windows\SYSTEM32\ntdll.dll
0x00007ffba4300000 - 0x00007ffba43be000 	C:\Windows\System32\KERNEL32.DLL
0x00007ffba3490000 - 0x00007ffba3814000 	C:\Windows\System32\KERNELBASE.dll
0x00007ffba3940000 - 0x00007ffba3a51000 	C:\Windows\System32\ucrtbase.dll
0x00007ffb959b0000 - 0x00007ffb959c7000 	C:\Program Files\Android\Android Studio\jbr\bin\jli.dll
0x00007ffb95990000 - 0x00007ffb959ab000 	C:\Program Files\Android\Android Studio\jbr\bin\VCRUNTIME140.dll
0x00007ffba5280000 - 0x00007ffba542d000 	C:\Windows\System32\USER32.dll
0x00007ffba31d0000 - 0x00007ffba31f6000 	C:\Windows\System32\win32u.dll
0x00007ffba5b90000 - 0x00007ffba5bba000 	C:\Windows\System32\GDI32.dll
0x00007ffba3820000 - 0x00007ffba393f000 	C:\Windows\System32\gdi32full.dll
0x00007ffba3200000 - 0x00007ffba329d000 	C:\Windows\System32\msvcp_win.dll
0x00007ffb885e0000 - 0x00007ffb88885000 	C:\Windows\WinSxS\amd64_microsoft.windows.common-controls_6595b64144ccf1df_6.0.22000.120_none_9d947278b86cc467\COMCTL32.dll
0x00007ffba4080000 - 0x00007ffba4123000 	C:\Windows\System32\msvcrt.dll
0x00007ffba3d10000 - 0x00007ffba3d41000 	C:\Windows\System32\IMM32.DLL
0x00007ffb998e0000 - 0x00007ffb998ec000 	C:\Program Files\Android\Android Studio\jbr\bin\vcruntime140_1.dll
0x00007ffb83760000 - 0x00007ffb837ed000 	C:\Program Files\Android\Android Studio\jbr\bin\msvcp140.dll
0x00007ffb5b3e0000 - 0x00007ffb5c04d000 	C:\Program Files\Android\Android Studio\jbr\bin\server\jvm.dll
0x00007ffba43c0000 - 0x00007ffba446f000 	C:\Windows\System32\ADVAPI32.dll
0x00007ffba5430000 - 0x00007ffba54ce000 	C:\Windows\System32\sechost.dll
0x00007ffba4970000 - 0x00007ffba4a91000 	C:\Windows\System32\RPCRT4.dll
0x00007ffb9eb30000 - 0x00007ffb9eb39000 	C:\Windows\SYSTEM32\WSOCK32.dll
0x00007ffb986d0000 - 0x00007ffb98703000 	C:\Windows\SYSTEM32\WINMM.dll
0x00007ffb9c5d0000 - 0x00007ffb9c5da000 	C:\Windows\SYSTEM32\VERSION.dll
0x00007ffba5540000 - 0x00007ffba55af000 	C:\Windows\System32\WS2_32.dll
0x00007ffba2200000 - 0x00007ffba2218000 	C:\Windows\SYSTEM32\kernel.appcore.dll
0x00007ffb99090000 - 0x00007ffb9909a000 	C:\Program Files\Android\Android Studio\jbr\bin\jimage.dll
0x00007ffba0a20000 - 0x00007ffba0c41000 	C:\Windows\SYSTEM32\DBGHELP.DLL
0x00007ffb880f0000 - 0x00007ffb88121000 	C:\Windows\SYSTEM32\dbgcore.DLL
0x00007ffba3410000 - 0x00007ffba348f000 	C:\Windows\System32\bcryptPrimitives.dll
0x00007ffb91ca0000 - 0x00007ffb91cc5000 	C:\Program Files\Android\Android Studio\jbr\bin\java.dll
0x00007ffb964c0000 - 0x00007ffb964d8000 	C:\Program Files\Android\Android Studio\jbr\bin\zip.dll
0x00007ffba4aa0000 - 0x00007ffba5265000 	C:\Windows\System32\SHELL32.dll
0x00007ffba1170000 - 0x00007ffba19d4000 	C:\Windows\SYSTEM32\windows.storage.dll
0x00007ffba4570000 - 0x00007ffba48e6000 	C:\Windows\System32\combase.dll
0x00007ffba1000000 - 0x00007ffba1167000 	C:\Windows\SYSTEM32\wintypes.dll
0x00007ffba3c20000 - 0x00007ffba3d0a000 	C:\Windows\System32\SHCORE.dll
0x00007ffba54d0000 - 0x00007ffba552d000 	C:\Windows\System32\shlwapi.dll
0x00007ffba2fd0000 - 0x00007ffba2ff1000 	C:\Windows\SYSTEM32\profapi.dll
0x00007ffb91c80000 - 0x00007ffb91c99000 	C:\Program Files\Android\Android Studio\jbr\bin\net.dll
0x00007ffb9b5b0000 - 0x00007ffb9b6c3000 	C:\Windows\SYSTEM32\WINHTTP.dll
0x00007ffba26b0000 - 0x00007ffba2717000 	C:\Windows\system32\mswsock.dll
0x00007ffb915b0000 - 0x00007ffb915c6000 	C:\Program Files\Android\Android Studio\jbr\bin\nio.dll
0x00007ffb95a80000 - 0x00007ffb95a90000 	C:\Program Files\Android\Android Studio\jbr\bin\verify.dll
0x00007ffb88d30000 - 0x00007ffb88d57000 	C:\Users\lenovo\.gradle\native\68d5fa5c4cc2d200863cafc0d521ce42e7d3e7ee720ec0a83991735586a16f82\windows-amd64\native-platform.dll
0x00007ffb68240000 - 0x00007ffb68384000 	C:\Users\lenovo\.gradle\native\e376f236ea51e6404a007f0833ffe2c6e607c4080706a723a18a27aeea778392\windows-amd64\native-platform-file-events.dll
0x00007ffb95c30000 - 0x00007ffb95c39000 	C:\Program Files\Android\Android Studio\jbr\bin\management.dll
0x00007ffb95c10000 - 0x00007ffb95c1b000 	C:\Program Files\Android\Android Studio\jbr\bin\management_ext.dll
0x00007ffba5530000 - 0x00007ffba5538000 	C:\Windows\System32\PSAPI.DLL
0x00007ffba2900000 - 0x00007ffba2918000 	C:\Windows\SYSTEM32\CRYPTSP.dll
0x00007ffba2160000 - 0x00007ffba2195000 	C:\Windows\system32\rsaenh.dll
0x00007ffba27b0000 - 0x00007ffba27d9000 	C:\Windows\SYSTEM32\USERENV.dll
0x00007ffba2a80000 - 0x00007ffba2aa7000 	C:\Windows\SYSTEM32\bcrypt.dll
0x00007ffba2920000 - 0x00007ffba292c000 	C:\Windows\SYSTEM32\CRYPTBASE.dll
0x00007ffba1d20000 - 0x00007ffba1d4d000 	C:\Windows\SYSTEM32\IPHLPAPI.DLL
0x00007ffba4070000 - 0x00007ffba4079000 	C:\Windows\System32\NSI.dll
0x00007ffb99a30000 - 0x00007ffb99a49000 	C:\Windows\SYSTEM32\dhcpcsvc6.DLL
0x00007ffb9b0e0000 - 0x00007ffb9b0fe000 	C:\Windows\SYSTEM32\dhcpcsvc.DLL
0x00007ffba1d50000 - 0x00007ffba1e37000 	C:\Windows\SYSTEM32\DNSAPI.dll
0x00007ffb95980000 - 0x00007ffb95988000 	C:\Windows\system32\wshunix.dll
0x00007ffba2220000 - 0x00007ffba2254000 	C:\Windows\SYSTEM32\ntmarta.dll

dbghelp: loaded successfully - version: 4.0.5 - missing functions: none
symbol engine: initialized successfully - sym options: 0x614 - pdb path: .;C:\Program Files\Android\Android Studio\jbr\bin;C:\Windows\SYSTEM32;C:\Windows\WinSxS\amd64_microsoft.windows.common-controls_6595b64144ccf1df_6.0.22000.120_none_9d947278b86cc467;C:\Program Files\Android\Android Studio\jbr\bin\server;C:\Users\lenovo\.gradle\native\68d5fa5c4cc2d200863cafc0d521ce42e7d3e7ee720ec0a83991735586a16f82\windows-amd64;C:\Users\lenovo\.gradle\native\e376f236ea51e6404a007f0833ffe2c6e607c4080706a723a18a27aeea778392\windows-amd64

VM Arguments:
jvm_args: --add-opens=java.base/java.util=ALL-UNNAMED --add-opens=java.base/java.lang=ALL-UNNAMED --add-opens=java.base/java.lang.invoke=ALL-UNNAMED --add-opens=java.prefs/java.util.prefs=ALL-UNNAMED --add-opens=java.base/java.nio.charset=ALL-UNNAMED --add-opens=java.base/java.net=ALL-UNNAMED --add-opens=java.base/java.util.concurrent.atomic=ALL-UNNAMED -Xmx2048m -Dfile.encoding=UTF-8 -Duser.country=FR -Duser.language=fr -Duser.variant 
java_command: org.gradle.launcher.daemon.bootstrap.GradleDaemon 8.0
java_class_path (initial): C:\Users\lenovo\.gradle\wrapper\dists\gradle-8.0-bin\ca5e32bp14vu59qr306oxotwh\gradle-8.0\lib\gradle-launcher-8.0.jar
Launcher Type: SUN_STANDARD

[Global flags]
     intx CICompilerCount                          = 3                                         {product} {ergonomic}
     uint ConcGCThreads                            = 1                                         {product} {ergonomic}
     uint G1ConcRefinementThreads                  = 4                                         {product} {ergonomic}
   size_t G1HeapRegionSize                         = 1048576                                   {product} {ergonomic}
    uintx GCDrainStackTargetSize                   = 64                                        {product} {ergonomic}
   size_t InitialHeapSize                          = 65011712                                  {product} {ergonomic}
   size_t MarkStackSize                            = 4194304                                   {product} {ergonomic}
   size_t MaxHeapSize                              = 2147483648                                {product} {command line}
   size_t MaxNewSize                               = 1287651328                                {product} {ergonomic}
   size_t MinHeapDeltaBytes                        = 1048576                                   {product} {ergonomic}
   size_t MinHeapSize                              = 8388608                                   {product} {ergonomic}
    uintx NonNMethodCodeHeapSize                   = 5832780                                {pd product} {ergonomic}
    uintx NonProfiledCodeHeapSize                  = 122912730                              {pd product} {ergonomic}
    uintx ProfiledCodeHeapSize                     = 122912730                              {pd product} {ergonomic}
    uintx ReservedCodeCacheSize                    = 251658240                              {pd product} {ergonomic}
     bool SegmentedCodeCache                       = true                                      {product} {ergonomic}
   size_t SoftMaxHeapSize                          = 2147483648                             {manageable} {ergonomic}
     bool UseCompressedClassPointers               = true                           {product lp64_product} {ergonomic}
     bool UseCompressedOops                        = true                           {product lp64_product} {ergonomic}
     bool UseG1GC                                  = true                                      {product} {ergonomic}
     bool UseLargePagesIndividualAllocation        = false                                  {pd product} {ergonomic}

Logging:
Log output configuration:
 #0: stdout all=warning uptime,level,tags
 #1: stderr all=off uptime,level,tags

Environment Variables:
PATH=C:\Program Files (x86)\Common Files\Oracle\Java\javapath;C:\Windows\system32;C:\Windows;C:\Windows\System32\Wbem;C:\Windows\System32\WindowsPowerShell\v1.0\;C:\Windows\System32\OpenSSH\;C:\Program Files\Git\cmd;C:\Users\lenovo\AppData\Local\Microsoft\WindowsApps;
USERNAME=lenovo
OS=Windows_NT
PROCESSOR_IDENTIFIER=Intel64 Family 6 Model 140 Stepping 1, GenuineIntel
TMP=C:\Users\lenovo\AppData\Local\Temp
TEMP=C:\Users\lenovo\AppData\Local\Temp



---------------  S Y S T E M  ---------------

OS:
 Windows 11 , 64 bit Build 22000 (10.0.22000.2003)
OS uptime: 9 days 2:02 hours

CPU: total 4 (initial active 4) (2 cores per cpu, 2 threads per core) family 6 model 140 stepping 1 microcode 0x9a, cx8, cmov, fxsr, ht, mmx, 3dnowpref, sse, sse2, sse3, ssse3, sse4.1, sse4.2, popcnt, lzcnt, tsc, tscinvbit, avx, avx2, aes, erms, clmul, bmi1, bmi2, adx, avx512f, avx512dq, avx512cd, avx512bw, avx512vl, sha, fma, vzeroupper, avx512_vpopcntdq, avx512_vpclmulqdq, avx512_vaes, avx512_vnni, clflush, clflushopt, clwb, avx512_vbmi2, avx512_vbmi

Memory: 4k page, system-wide physical 3895M (10M free)
TotalPageFile size 15671M (AvailPageFile size 5M)
current process WorkingSet (physical memory assigned to process): 90M, peak: 456M
current process commit charge ("private bytes"): 581M, peak: 582M

vm_info: OpenJDK 64-Bit Server VM (17.0.6+0-b2043.56-9586694) for windows-amd64 JRE (17.0.6+0-b2043.56-9586694), built on Feb  9 2023 20:06:20 by "androidbuild" with MS VC++ 16.10 / 16.11 (VS2019)

END.
