#
# There is insufficient memory for the Java Runtime Environment to continue.
# Native memory allocation (mmap) failed to map 225443840 bytes for G1 virtual space
# Possible reasons:
#   The system is out of physical RAM or swap space
#   The process is running with CompressedOops enabled, and the Java Heap may be blocking the growth of the native heap
# Possible solutions:
#   Reduce memory load on the system
#   Increase physical memory or swap space
#   Check if swap backing store is full
#   Decrease Java heap size (-Xmx/-Xms)
#   Decrease number of Java threads
#   Decrease Java thread stack sizes (-Xss)
#   Set larger code cache with -XX:ReservedCodeCacheSize=
#   JVM is running with Unscaled Compressed Oops mode in which the Java heap is
#     placed in the first 4GB address space. The Java Heap base address is the
#     maximum limit for the native heap growth. Please use -XX:HeapBaseMinAddress
#     to set the Java Heap base and to place the Java Heap above 4GB virtual address.
# This output file may be truncated or incomplete.
#
#  Out of Memory Error (os_windows.cpp:3769), pid=45648, tid=49944
#
# JRE version: OpenJDK Runtime Environment (17.0.6) (build 17.0.6+0-b2043.56-9586694)
# Java VM: OpenJDK 64-Bit Server VM (17.0.6+0-b2043.56-9586694, mixed mode, tiered, compressed oops, compressed class ptrs, g1 gc, windows-amd64)
# No core dump will be written. Minidumps are not enabled by default on client versions of Windows
#

---------------  S U M M A R Y ------------

Command Line: --add-opens=java.base/java.util=ALL-UNNAMED --add-opens=java.base/java.lang=ALL-UNNAMED --add-opens=java.base/java.lang.invoke=ALL-UNNAMED --add-opens=java.prefs/java.util.prefs=ALL-UNNAMED --add-opens=java.base/java.nio.charset=ALL-UNNAMED --add-opens=java.base/java.net=ALL-UNNAMED --add-opens=java.base/java.util.concurrent.atomic=ALL-UNNAMED -Xmx2048m -Dfile.encoding=UTF-8 -Duser.country=FR -Duser.language=fr -Duser.variant org.gradle.launcher.daemon.bootstrap.GradleDaemon 8.0

Host: 11th Gen Intel(R) Core(TM) i3-1115G4 @ 3.00GHz, 4 cores, 3G,  Windows 11 , 64 bit Build 22000 (10.0.22000.2003)
Time: Sat Jul  1 01:07:04 2023 Maroc (heure d64 bit Build 22000 (10.0.22000.2003) elapsed time: 39.350480 seconds (0d 0h 0m 39s)

---------------  T H R E A D  ---------------

Current thread (0x000001edff29ee00):  VMThread "VM Thread" [stack: 0x0000004693c00000,0x0000004693d00000] [id=49944]

Stack: [0x0000004693c00000,0x0000004693d00000]
Native frames: (J=compiled Java code, j=interpreted, Vv=VM code, C=native code)
V  [jvm.dll+0x683b4a]
V  [jvm.dll+0x842654]
V  [jvm.dll+0x843dfe]
V  [jvm.dll+0x844463]
V  [jvm.dll+0x249b75]
V  [jvm.dll+0x680a19]
V  [jvm.dll+0x674f0a]
V  [jvm.dll+0x309acb]
V  [jvm.dll+0x310f86]
V  [jvm.dll+0x3608ee]
V  [jvm.dll+0x360b1f]
V  [jvm.dll+0x2dfbf8]
V  [jvm.dll+0x2ddec4]
V  [jvm.dll+0x2dd4cc]
V  [jvm.dll+0x321f3b]
V  [jvm.dll+0x84893b]
V  [jvm.dll+0x849674]
V  [jvm.dll+0x849b8d]
V  [jvm.dll+0x849f64]
V  [jvm.dll+0x84a030]
V  [jvm.dll+0x7f25fa]
V  [jvm.dll+0x682985]
C  [ucrtbase.dll+0x26c0c]
C  [KERNEL32.DLL+0x155a0]
C  [ntdll.dll+0x485b]

VM_Operation (0x0000004699bfc910): G1CollectForAllocation, mode: safepoint, requested by thread 0x000001ed95b018d0


---------------  P R O C E S S  ---------------

Threads class SMR info:
_java_thread_list=0x000001ed92a62a40, length=90, elements={
0x000001edf4de96b0, 0x000001edff303dc0, 0x000001edff306980, 0x000001ed9100c1a0,
0x000001ed9100cb50, 0x000001ed9100d500, 0x000001ed9100deb0, 0x000001edff338340,
0x000001edff33c2e0, 0x000001edff3500c0, 0x000001ed91191030, 0x000001ed91199ae0,
0x000001ed91d07b30, 0x000001ed92bb9ae0, 0x000001ed92701200, 0x000001ed925955f0,
0x000001ed93673950, 0x000001ed923464a0, 0x000001ed93613420, 0x000001ed93589d40,
0x000001ed9358a6e0, 0x000001ed9358a210, 0x000001ed935893a0, 0x000001ed9358b080,
0x000001ed93588ed0, 0x000001ed9358ba20, 0x000001ed93589870, 0x000001ed93588a00,
0x000001ed93588530, 0x000001ed9358abb0, 0x000001ed93588060, 0x000001ed9420abd0,
0x000001ed94208550, 0x000001ed94208080, 0x000001ed94209890, 0x000001ed94207bb0,
0x000001ed94205a00, 0x000001ed9420c3e0, 0x000001ed94208ef0, 0x000001ed9420a700,
0x000001ed9420b570, 0x000001ed9420ba40, 0x000001ed9420bf10, 0x000001ed94205060,
0x000001ed94205530, 0x000001ed94205ed0, 0x000001ed942063a0, 0x000001ed94206d40,
0x000001ed94207210, 0x000001ed942076e0, 0x000001ed956d32b0, 0x000001ed956d62d0,
0x000001ed956d3c50, 0x000001ed956cef50, 0x000001ed956d3780, 0x000001ed956d1aa0,
0x000001ed956d1f70, 0x000001ed956d4120, 0x000001ed956d2440, 0x000001ed956d0290,
0x000001ed956d2910, 0x000001ed956d5e00, 0x000001ed956cf420, 0x000001ed956d0760,
0x000001ed956cfdc0, 0x000001ed956d5930, 0x000001ed956d45f0, 0x000001ed956d67a0,
0x000001ed956cf8f0, 0x000001ed956d0c30, 0x000001ed956d1100, 0x000001ed956d4ac0,
0x000001ed956d2de0, 0x000001ed956d4f90, 0x000001ed956d5460, 0x000001ed956d15d0,
0x000001ed95affbf0, 0x000001ed95b00a60, 0x000001ed95b00f30, 0x000001ed95afed80,
0x000001ed95afc700, 0x000001ed95afaef0, 0x000001ed95afdf10, 0x000001ed95afb3c0,
0x000001ed95aff250, 0x000001ed95afe3e0, 0x000001ed95b000c0, 0x000001ed95b00590,
0x000001ed95b018d0, 0x000001ed95afa080
}

Java Threads: ( => current thread )
  0x000001edf4de96b0 JavaThread "main" [_thread_blocked, id=49812, stack(0x0000004693600000,0x0000004693700000)]
  0x000001edff303dc0 JavaThread "Reference Handler" daemon [_thread_blocked, id=49620, stack(0x0000004693d00000,0x0000004693e00000)]
  0x000001edff306980 JavaThread "Finalizer" daemon [_thread_blocked, id=47864, stack(0x0000004693e00000,0x0000004693f00000)]
  0x000001ed9100c1a0 JavaThread "Signal Dispatcher" daemon [_thread_blocked, id=48912, stack(0x0000004693f00000,0x0000004694000000)]
  0x000001ed9100cb50 JavaThread "Attach Listener" daemon [_thread_blocked, id=48400, stack(0x0000004694000000,0x0000004694100000)]
  0x000001ed9100d500 JavaThread "Service Thread" daemon [_thread_blocked, id=47140, stack(0x0000004694100000,0x0000004694200000)]
  0x000001ed9100deb0 JavaThread "Monitor Deflation Thread" daemon [_thread_blocked, id=43384, stack(0x0000004694200000,0x0000004694300000)]
  0x000001edff338340 JavaThread "C2 CompilerThread0" daemon [_thread_blocked, id=47536, stack(0x0000004694300000,0x0000004694400000)]
  0x000001edff33c2e0 JavaThread "C1 CompilerThread0" daemon [_thread_blocked, id=46728, stack(0x0000004694400000,0x0000004694500000)]
  0x000001edff3500c0 JavaThread "Sweeper thread" daemon [_thread_blocked, id=47044, stack(0x0000004694500000,0x0000004694600000)]
  0x000001ed91191030 JavaThread "Common-Cleaner" daemon [_thread_blocked, id=42684, stack(0x0000004694600000,0x0000004694700000)]
  0x000001ed91199ae0 JavaThread "Notification Thread" daemon [_thread_blocked, id=46512, stack(0x0000004694700000,0x0000004694800000)]
  0x000001ed91d07b30 JavaThread "Daemon health stats" [_thread_blocked, id=45420, stack(0x0000004694c00000,0x0000004694d00000)]
  0x000001ed92bb9ae0 JavaThread "Incoming local TCP Connector on port 53851" [_thread_in_native, id=40048, stack(0x0000004694d00000,0x0000004694e00000)]
  0x000001ed92701200 JavaThread "Daemon periodic checks" [_thread_blocked, id=48952, stack(0x0000004694e00000,0x0000004694f00000)]
  0x000001ed925955f0 JavaThread "Daemon" [_thread_blocked, id=49588, stack(0x0000004694f00000,0x0000004695000000)]
  0x000001ed93673950 JavaThread "Handler for socket connection from /127.0.0.1:53851 to /127.0.0.1:53852" [_thread_in_native, id=49032, stack(0x0000004695000000,0x0000004695100000)]
  0x000001ed923464a0 JavaThread "Cancel handler" [_thread_blocked, id=33132, stack(0x0000004695100000,0x0000004695200000)]
  0x000001ed93613420 JavaThread "Daemon worker" [_thread_blocked, id=49948, stack(0x0000004695200000,0x0000004695300000)]
  0x000001ed93589d40 JavaThread "Asynchronous log dispatcher for DefaultDaemonConnection: socket connection from /127.0.0.1:53851 to /127.0.0.1:53852" [_thread_blocked, id=49888, stack(0x0000004695300000,0x0000004695400000)]
  0x000001ed9358a6e0 JavaThread "Stdin handler" [_thread_blocked, id=49936, stack(0x0000004695400000,0x0000004695500000)]
  0x000001ed9358a210 JavaThread "Daemon client event forwarder" [_thread_blocked, id=49772, stack(0x0000004695500000,0x0000004695600000)]
  0x000001ed935893a0 JavaThread "Cache worker for journal cache (C:\Users\lenovo\.gradle\caches\journal-1)" [_thread_blocked, id=44556, stack(0x0000004695600000,0x0000004695700000)]
  0x000001ed9358b080 JavaThread "File lock request listener" [_thread_in_native, id=42224, stack(0x0000004695700000,0x0000004695800000)]
  0x000001ed93588ed0 JavaThread "Cache worker for file hash cache (C:\Users\lenovo\.gradle\caches\8.0\fileHashes)" [_thread_blocked, id=46816, stack(0x0000004695800000,0x0000004695900000)]
  0x000001ed9358ba20 JavaThread "File watcher server" daemon [_thread_blocked, id=49840, stack(0x0000004695900000,0x0000004695a00000)]
  0x000001ed93589870 JavaThread "File watcher consumer" daemon [_thread_blocked, id=36296, stack(0x0000004695a00000,0x0000004695b00000)]
  0x000001ed93588a00 JavaThread "Cache worker for checksums cache (C:\Users\lenovo\AndroidStudioProjects\MyApplication\.gradle\8.0\checksums)" [_thread_blocked, id=50124, stack(0x0000004695b00000,0x0000004695c00000)]
  0x000001ed93588530 JavaThread "Cache worker for cache directory md-rule (C:\Users\lenovo\.gradle\caches\8.0\md-rule)" [_thread_blocked, id=49824, stack(0x0000004695c00000,0x0000004695d00000)]
  0x000001ed9358abb0 JavaThread "Cache worker for file content cache (C:\Users\lenovo\.gradle\caches\8.0\fileContent)" [_thread_blocked, id=50164, stack(0x0000004695d00000,0x0000004695e00000)]
  0x000001ed93588060 JavaThread "Cache worker for file hash cache (C:\Users\lenovo\AndroidStudioProjects\MyApplication\.gradle\8.0\fileHashes)" [_thread_blocked, id=47896, stack(0x0000004695e00000,0x0000004695f00000)]
  0x000001ed9420abd0 JavaThread "Cache worker for cache directory md-supplier (C:\Users\lenovo\.gradle\caches\8.0\md-supplier)" [_thread_blocked, id=45968, stack(0x0000004695f00000,0x0000004696000000)]
  0x000001ed94208550 JavaThread "Cache worker for execution history cache (C:\Users\lenovo\.gradle\caches\8.0\executionHistory)" [_thread_blocked, id=48412, stack(0x0000004696000000,0x0000004696100000)]
  0x000001ed94208080 JavaThread "jar transforms" [_thread_blocked, id=46868, stack(0x0000004696100000,0x0000004696200000)]
  0x000001ed94209890 JavaThread "jar transforms Thread 2" [_thread_blocked, id=42020, stack(0x0000004696200000,0x0000004696300000)]
  0x000001ed94207bb0 JavaThread "jar transforms Thread 3" [_thread_blocked, id=22500, stack(0x0000004696300000,0x0000004696400000)]
  0x000001ed94205a00 JavaThread "jar transforms Thread 4" [_thread_blocked, id=49612, stack(0x0000004696400000,0x0000004696500000)]
  0x000001ed9420c3e0 JavaThread "Cache worker for dependencies-accessors (C:\Users\lenovo\AndroidStudioProjects\MyApplication\.gradle\8.0\dependencies-accessors)" [_thread_blocked, id=36184, stack(0x0000004696500000,0x0000004696600000)]
  0x000001ed94208ef0 JavaThread "Cache worker for Build Output Cleanup Cache (C:\Users\lenovo\AndroidStudioProjects\MyApplication\.gradle\buildOutputCleanup)" [_thread_blocked, id=48876, stack(0x0000004696600000,0x0000004696700000)]
  0x000001ed9420a700 JavaThread "Unconstrained build operations" [_thread_blocked, id=49976, stack(0x0000004696700000,0x0000004696800000)]
  0x000001ed9420b570 JavaThread "Unconstrained build operations Thread 2" [_thread_blocked, id=48500, stack(0x0000004696800000,0x0000004696900000)]
  0x000001ed9420ba40 JavaThread "Unconstrained build operations Thread 3" [_thread_blocked, id=47664, stack(0x0000004696900000,0x0000004696a00000)]
  0x000001ed9420bf10 JavaThread "Unconstrained build operations Thread 4" [_thread_blocked, id=32452, stack(0x0000004696a00000,0x0000004696b00000)]
  0x000001ed94205060 JavaThread "Unconstrained build operations Thread 5" [_thread_blocked, id=19340, stack(0x0000004696b00000,0x0000004696c00000)]
  0x000001ed94205530 JavaThread "Unconstrained build operations Thread 6" [_thread_blocked, id=49384, stack(0x0000004696c00000,0x0000004696d00000)]
  0x000001ed94205ed0 JavaThread "Unconstrained build operations Thread 7" [_thread_blocked, id=31016, stack(0x0000004696d00000,0x0000004696e00000)]
  0x000001ed942063a0 JavaThread "Unconstrained build operations Thread 8" [_thread_blocked, id=46168, stack(0x0000004696e00000,0x0000004696f00000)]
  0x000001ed94206d40 JavaThread "Unconstrained build operations Thread 9" [_thread_blocked, id=48364, stack(0x0000004696f00000,0x0000004697000000)]
  0x000001ed94207210 JavaThread "Unconstrained build operations Thread 10" [_thread_blocked, id=49192, stack(0x0000004697000000,0x0000004697100000)]
  0x000001ed942076e0 JavaThread "Unconstrained build operations Thread 11" [_thread_blocked, id=39416, stack(0x0000004697100000,0x0000004697200000)]
  0x000001ed956d32b0 JavaThread "Unconstrained build operations Thread 12" [_thread_blocked, id=40580, stack(0x0000004697200000,0x0000004697300000)]
  0x000001ed956d62d0 JavaThread "Unconstrained build operations Thread 13" [_thread_blocked, id=44604, stack(0x0000004697300000,0x0000004697400000)]
  0x000001ed956d3c50 JavaThread "Unconstrained build operations Thread 14" [_thread_blocked, id=47848, stack(0x0000004697400000,0x0000004697500000)]
  0x000001ed956cef50 JavaThread "Unconstrained build operations Thread 15" [_thread_blocked, id=47084, stack(0x0000004697500000,0x0000004697600000)]
  0x000001ed956d3780 JavaThread "Unconstrained build operations Thread 16" [_thread_blocked, id=46600, stack(0x0000004697600000,0x0000004697700000)]
  0x000001ed956d1aa0 JavaThread "Unconstrained build operations Thread 17" [_thread_blocked, id=43188, stack(0x0000004697700000,0x0000004697800000)]
  0x000001ed956d1f70 JavaThread "Unconstrained build operations Thread 18" [_thread_blocked, id=44408, stack(0x0000004697800000,0x0000004697900000)]
  0x000001ed956d4120 JavaThread "Unconstrained build operations Thread 19" [_thread_blocked, id=49308, stack(0x0000004697900000,0x0000004697a00000)]
  0x000001ed956d2440 JavaThread "Unconstrained build operations Thread 20" [_thread_blocked, id=49556, stack(0x0000004697a00000,0x0000004697b00000)]
  0x000001ed956d0290 JavaThread "Unconstrained build operations Thread 21" [_thread_blocked, id=49356, stack(0x0000004697b00000,0x0000004697c00000)]
  0x000001ed956d2910 JavaThread "Unconstrained build operations Thread 22" [_thread_blocked, id=41284, stack(0x0000004697c00000,0x0000004697d00000)]
  0x000001ed956d5e00 JavaThread "Unconstrained build operations Thread 23" [_thread_blocked, id=47328, stack(0x0000004697d00000,0x0000004697e00000)]
  0x000001ed956cf420 JavaThread "Unconstrained build operations Thread 24" [_thread_blocked, id=49808, stack(0x0000004697e00000,0x0000004697f00000)]
  0x000001ed956d0760 JavaThread "Unconstrained build operations Thread 25" [_thread_blocked, id=49624, stack(0x0000004697f00000,0x0000004698000000)]
  0x000001ed956cfdc0 JavaThread "Unconstrained build operations Thread 26" [_thread_blocked, id=32344, stack(0x0000004698000000,0x0000004698100000)]
  0x000001ed956d5930 JavaThread "Unconstrained build operations Thread 27" [_thread_blocked, id=41020, stack(0x0000004698100000,0x0000004698200000)]
  0x000001ed956d45f0 JavaThread "Unconstrained build operations Thread 28" [_thread_blocked, id=39656, stack(0x0000004698200000,0x0000004698300000)]
  0x000001ed956d67a0 JavaThread "Unconstrained build operations Thread 29" [_thread_blocked, id=46268, stack(0x0000004698300000,0x0000004698400000)]
  0x000001ed956cf8f0 JavaThread "Unconstrained build operations Thread 30" [_thread_blocked, id=47776, stack(0x0000004698400000,0x0000004698500000)]
  0x000001ed956d0c30 JavaThread "Unconstrained build operations Thread 31" [_thread_blocked, id=35584, stack(0x0000004698500000,0x0000004698600000)]
  0x000001ed956d1100 JavaThread "Unconstrained build operations Thread 32" [_thread_blocked, id=4440, stack(0x0000004698600000,0x0000004698700000)]
  0x000001ed956d4ac0 JavaThread "Unconstrained build operations Thread 33" [_thread_blocked, id=48808, stack(0x0000004698700000,0x0000004698800000)]
  0x000001ed956d2de0 JavaThread "Unconstrained build operations Thread 34" [_thread_blocked, id=49756, stack(0x0000004698800000,0x0000004698900000)]
  0x000001ed956d4f90 JavaThread "Unconstrained build operations Thread 35" [_thread_blocked, id=47372, stack(0x0000004698900000,0x0000004698a00000)]
  0x000001ed956d5460 JavaThread "Unconstrained build operations Thread 36" [_thread_blocked, id=46548, stack(0x0000004698a00000,0x0000004698b00000)]
  0x000001ed956d15d0 JavaThread "Unconstrained build operations Thread 37" [_thread_blocked, id=48304, stack(0x0000004698b00000,0x0000004698c00000)]
  0x000001ed95affbf0 JavaThread "Unconstrained build operations Thread 38" [_thread_blocked, id=42296, stack(0x0000004698c00000,0x0000004698d00000)]
  0x000001ed95b00a60 JavaThread "Unconstrained build operations Thread 39" [_thread_blocked, id=48660, stack(0x0000004698d00000,0x0000004698e00000)]
  0x000001ed95b00f30 JavaThread "Unconstrained build operations Thread 40" [_thread_blocked, id=49892, stack(0x0000004698e00000,0x0000004698f00000)]
  0x000001ed95afed80 JavaThread "build event listener" [_thread_blocked, id=46344, stack(0x0000004699000000,0x0000004699100000)]
  0x000001ed95afc700 JavaThread "Memory manager" [_thread_blocked, id=47344, stack(0x0000004699100000,0x0000004699200000)]
  0x000001ed95afaef0 JavaThread "included builds" [_thread_blocked, id=48316, stack(0x0000004699200000,0x0000004699300000)]
  0x000001ed95afdf10 JavaThread "Execution worker" [_thread_blocked, id=46300, stack(0x0000004699300000,0x0000004699400000)]
  0x000001ed95afb3c0 JavaThread "Execution worker Thread 2" [_thread_blocked, id=45344, stack(0x0000004699400000,0x0000004699500000)]
  0x000001ed95aff250 JavaThread "Execution worker Thread 3" [_thread_blocked, id=38908, stack(0x0000004699500000,0x0000004699600000)]
  0x000001ed95afe3e0 JavaThread "Cache worker for execution history cache (C:\Users\lenovo\AndroidStudioProjects\MyApplication\.gradle\8.0\executionHistory)" [_thread_blocked, id=48440, stack(0x0000004699600000,0x0000004699700000)]
  0x000001ed95b000c0 JavaThread "WorkerExecutor Queue" [_thread_blocked, id=49328, stack(0x0000004699700000,0x0000004699800000)]
  0x000001ed95b00590 JavaThread "WorkerExecutor Queue Thread 2" [_thread_blocked, id=49260, stack(0x0000004699800000,0x0000004699900000)]
  0x000001ed95b018d0 JavaThread "WorkerExecutor Queue Thread 3" [_thread_blocked, id=50016, stack(0x0000004699b00000,0x0000004699c00000)]
  0x000001ed95afa080 JavaThread "WorkerExecutor Queue Thread 4" [_thread_blocked, id=29588, stack(0x0000004699c00000,0x0000004699d00000)]

Other Threads:
=>0x000001edff29ee00 VMThread "VM Thread" [stack: 0x0000004693c00000,0x0000004693d00000] [id=49944]
  0x000001ed9119a1c0 WatcherThread [stack: 0x0000004694800000,0x0000004694900000] [id=48616]
  0x000001edf4e46d10 GCTaskThread "GC Thread#0" [stack: 0x0000004693700000,0x0000004693800000] [id=48144]
  0x000001ed9169ade0 GCTaskThread "GC Thread#1" [stack: 0x0000004694900000,0x0000004694a00000] [id=49884]
  0x000001ed919bc270 GCTaskThread "GC Thread#2" [stack: 0x0000004694a00000,0x0000004694b00000] [id=43528]
  0x000001ed91652ce0 GCTaskThread "GC Thread#3" [stack: 0x0000004694b00000,0x0000004694c00000] [id=49920]
  0x000001edf4e57db0 ConcurrentGCThread "G1 Main Marker" [stack: 0x0000004693800000,0x0000004693900000] [id=48300]
  0x000001edf4e58f60 ConcurrentGCThread "G1 Conc#0" [stack: 0x0000004693900000,0x0000004693a00000] [id=45312]
  0x000001edf4eabb20 ConcurrentGCThread "G1 Refine#0" [stack: 0x0000004693a00000,0x0000004693b00000] [id=50168]
  0x000001ed94212a70 ConcurrentGCThread "G1 Refine#1" [stack: 0x0000004698f00000,0x0000004699000000] [id=48328]
  0x000001ed97e23ef0 ConcurrentGCThread "G1 Refine#2" [stack: 0x0000004699900000,0x0000004699a00000] [id=48108]
  0x000001ed97e21990 ConcurrentGCThread "G1 Refine#3" [stack: 0x0000004699a00000,0x0000004699b00000] [id=48464]
  0x000001edf4eac540 ConcurrentGCThread "G1 Service" [stack: 0x0000004693b00000,0x0000004693c00000] [id=49928]

Threads with active compile tasks:
C2 CompilerThread0    39597 12555       4       com.android.aapt.Resources$Item::getSerializedSize (189 bytes)

VM state: at safepoint (normal execution)

VM Mutex/Monitor currently owned by a thread:  ([mutex/lock_event])
[0x000001edf4de4730] Threads_lock - owner thread: 0x000001edff29ee00
[0x000001edf4de5420] Heap_lock - owner thread: 0x000001ed95b018d0

Heap address: 0x0000000080000000, size: 2048 MB, Compressed Oops mode: 32-bit

CDS archive(s) not mapped
Compressed class space mapped at: 0x0000000100000000-0x0000000140000000, reserved size: 1073741824
Narrow klass base: 0x0000000000000000, Narrow klass shift: 3, Narrow klass range: 0x140000000

GC Precious Log:
 CPUs: 4 total, 4 available
 Memory: 3895M
 Large Page Support: Disabled
 NUMA Support: Disabled
 Compressed Oops: Enabled (32-bit)
 Heap Region Size: 1M
 Heap Min Capacity: 8M
 Heap Initial Capacity: 62M
 Heap Max Capacity: 2G
 Pre-touch: Disabled
 Parallel Workers: 4
 Concurrent Workers: 1
 Concurrent Refinement Workers: 4
 Periodic GC: Disabled

Heap:
 garbage-first heap   total 232448K, used 113785K [0x0000000080000000, 0x0000000100000000)
  region size 1024K, 3 young (3072K), 3 survivors (3072K)
 Metaspace       used 94504K, committed 95232K, reserved 1138688K
  class space    used 12532K, committed 12864K, reserved 1048576K

Heap Regions: E=young(eden), S=young(survivor), O=old, HS=humongous(starts), HC=humongous(continues), CS=collection set, F=free, OA=open archive, CA=closed archive, TAMS=top-at-mark-start (previous, next)
|   0|0x0000000080000000, 0x0000000080100000, 0x0000000080100000|100%| O|  |TAMS 0x0000000080100000, 0x0000000080100000| Untracked 
|   1|0x0000000080100000, 0x0000000080200000, 0x0000000080200000|100%| O|  |TAMS 0x0000000080200000, 0x0000000080200000| Untracked 
|   2|0x0000000080200000, 0x0000000080300000, 0x0000000080300000|100%|HS|  |TAMS 0x0000000080300000, 0x0000000080300000| Complete 
|   3|0x0000000080300000, 0x0000000080400000, 0x0000000080400000|100%|HC|  |TAMS 0x0000000080400000, 0x0000000080400000| Complete 
|   4|0x0000000080400000, 0x0000000080500000, 0x0000000080500000|100%|HC|  |TAMS 0x0000000080500000, 0x0000000080500000| Complete 
|   5|0x0000000080500000, 0x0000000080600000, 0x0000000080600000|100%|HC|  |TAMS 0x0000000080600000, 0x0000000080600000| Complete 
|   6|0x0000000080600000, 0x0000000080700000, 0x0000000080700000|100%| O|  |TAMS 0x0000000080700000, 0x0000000080700000| Untracked 
|   7|0x0000000080700000, 0x0000000080800000, 0x0000000080800000|100%| O|  |TAMS 0x0000000080800000, 0x0000000080800000| Untracked 
|   8|0x0000000080800000, 0x0000000080900000, 0x0000000080900000|100%| O|  |TAMS 0x0000000080900000, 0x0000000080900000| Untracked 
|   9|0x0000000080900000, 0x0000000080a00000, 0x0000000080a00000|100%| O|  |TAMS 0x0000000080a00000, 0x0000000080a00000| Untracked 
|  10|0x0000000080a00000, 0x0000000080b00000, 0x0000000080b00000|100%| O|  |TAMS 0x0000000080b00000, 0x0000000080b00000| Untracked 
|  11|0x0000000080b00000, 0x0000000080c00000, 0x0000000080c00000|100%| O|  |TAMS 0x0000000080c00000, 0x0000000080c00000| Untracked 
|  12|0x0000000080c00000, 0x0000000080d00000, 0x0000000080d00000|100%| O|  |TAMS 0x0000000080d00000, 0x0000000080d00000| Untracked 
|  13|0x0000000080d00000, 0x0000000080e00000, 0x0000000080e00000|100%| O|  |TAMS 0x0000000080e00000, 0x0000000080e00000| Untracked 
|  14|0x0000000080e00000, 0x0000000080f00000, 0x0000000080f00000|100%| O|  |TAMS 0x0000000080f00000, 0x0000000080f00000| Untracked 
|  15|0x0000000080f00000, 0x0000000081000000, 0x0000000081000000|100%| O|  |TAMS 0x0000000081000000, 0x0000000081000000| Untracked 
|  16|0x0000000081000000, 0x0000000081100000, 0x0000000081100000|100%| O|  |TAMS 0x0000000081100000, 0x0000000081100000| Untracked 
|  17|0x0000000081100000, 0x0000000081200000, 0x0000000081200000|100%| O|  |TAMS 0x0000000081200000, 0x0000000081200000| Untracked 
|  18|0x0000000081200000, 0x0000000081300000, 0x0000000081300000|100%| O|  |TAMS 0x0000000081300000, 0x0000000081300000| Untracked 
|  19|0x0000000081300000, 0x0000000081400000, 0x0000000081400000|100%| O|  |TAMS 0x0000000081400000, 0x0000000081400000| Untracked 
|  20|0x0000000081400000, 0x0000000081500000, 0x0000000081500000|100%| O|  |TAMS 0x0000000081500000, 0x0000000081500000| Untracked 
|  21|0x0000000081500000, 0x0000000081600000, 0x0000000081600000|100%| O|  |TAMS 0x0000000081600000, 0x0000000081600000| Untracked 
|  22|0x0000000081600000, 0x0000000081700000, 0x0000000081700000|100%| O|  |TAMS 0x0000000081700000, 0x0000000081700000| Untracked 
|  23|0x0000000081700000, 0x0000000081800000, 0x0000000081800000|100%| O|  |TAMS 0x0000000081800000, 0x0000000081800000| Untracked 
|  24|0x0000000081800000, 0x0000000081900000, 0x0000000081900000|100%|HS|  |TAMS 0x0000000081900000, 0x0000000081900000| Complete 
|  25|0x0000000081900000, 0x0000000081a00000, 0x0000000081a00000|100%|HS|  |TAMS 0x0000000081a00000, 0x0000000081a00000| Complete 
|  26|0x0000000081a00000, 0x0000000081b00000, 0x0000000081b00000|100%| O|  |TAMS 0x0000000081b00000, 0x0000000081b00000| Untracked 
|  27|0x0000000081b00000, 0x0000000081c00000, 0x0000000081c00000|100%| O|  |TAMS 0x0000000081c00000, 0x0000000081c00000| Untracked 
|  28|0x0000000081c00000, 0x0000000081d00000, 0x0000000081d00000|100%| O|  |TAMS 0x0000000081d00000, 0x0000000081d00000| Untracked 
|  29|0x0000000081d00000, 0x0000000081e00000, 0x0000000081e00000|100%| O|  |TAMS 0x0000000081e00000, 0x0000000081e00000| Untracked 
|  30|0x0000000081e00000, 0x0000000081f00000, 0x0000000081f00000|100%| O|  |TAMS 0x0000000081f00000, 0x0000000081f00000| Untracked 
|  31|0x0000000081f00000, 0x0000000082000000, 0x0000000082000000|100%| O|  |TAMS 0x0000000082000000, 0x0000000082000000| Untracked 
|  32|0x0000000082000000, 0x0000000082100000, 0x0000000082100000|100%| O|  |TAMS 0x0000000082100000, 0x0000000082100000| Untracked 
|  33|0x0000000082100000, 0x0000000082200000, 0x0000000082200000|100%| O|  |TAMS 0x0000000082200000, 0x0000000082200000| Untracked 
|  34|0x0000000082200000, 0x0000000082300000, 0x0000000082300000|100%| O|  |TAMS 0x0000000082300000, 0x0000000082300000| Untracked 
|  35|0x0000000082300000, 0x0000000082400000, 0x0000000082400000|100%| O|  |TAMS 0x0000000082400000, 0x0000000082400000| Untracked 
|  36|0x0000000082400000, 0x0000000082500000, 0x0000000082500000|100%| O|  |TAMS 0x0000000082500000, 0x0000000082500000| Untracked 
|  37|0x0000000082500000, 0x0000000082600000, 0x0000000082600000|100%| O|  |TAMS 0x0000000082600000, 0x0000000082600000| Untracked 
|  38|0x0000000082600000, 0x0000000082700000, 0x0000000082700000|100%| O|  |TAMS 0x0000000082700000, 0x0000000082700000| Untracked 
|  39|0x0000000082700000, 0x0000000082800000, 0x0000000082800000|100%| O|  |TAMS 0x0000000082800000, 0x0000000082800000| Untracked 
|  40|0x0000000082800000, 0x0000000082900000, 0x0000000082900000|100%| O|  |TAMS 0x0000000082900000, 0x0000000082900000| Untracked 
|  41|0x0000000082900000, 0x0000000082a00000, 0x0000000082a00000|100%| O|  |TAMS 0x0000000082a00000, 0x0000000082a00000| Untracked 
|  42|0x0000000082a00000, 0x0000000082b00000, 0x0000000082b00000|100%| O|  |TAMS 0x0000000082b00000, 0x0000000082b00000| Untracked 
|  43|0x0000000082b00000, 0x0000000082c00000, 0x0000000082c00000|100%| O|  |TAMS 0x0000000082c00000, 0x0000000082c00000| Untracked 
|  44|0x0000000082c00000, 0x0000000082d00000, 0x0000000082d00000|100%| O|  |TAMS 0x0000000082d00000, 0x0000000082d00000| Untracked 
|  45|0x0000000082d00000, 0x0000000082e00000, 0x0000000082e00000|100%| O|  |TAMS 0x0000000082e00000, 0x0000000082e00000| Untracked 
|  46|0x0000000082e00000, 0x0000000082f00000, 0x0000000082f00000|100%| O|  |TAMS 0x0000000082f00000, 0x0000000082f00000| Untracked 
|  47|0x0000000082f00000, 0x0000000083000000, 0x0000000083000000|100%| O|  |TAMS 0x0000000083000000, 0x0000000083000000| Untracked 
|  48|0x0000000083000000, 0x0000000083100000, 0x0000000083100000|100%| O|  |TAMS 0x0000000083100000, 0x0000000083100000| Untracked 
|  49|0x0000000083100000, 0x0000000083200000, 0x0000000083200000|100%| O|  |TAMS 0x0000000083200000, 0x0000000083200000| Untracked 
|  50|0x0000000083200000, 0x0000000083300000, 0x0000000083300000|100%| O|  |TAMS 0x0000000083300000, 0x0000000083300000| Untracked 
|  51|0x0000000083300000, 0x0000000083400000, 0x0000000083400000|100%| O|  |TAMS 0x0000000083400000, 0x0000000083400000| Untracked 
|  52|0x0000000083400000, 0x0000000083500000, 0x0000000083500000|100%| O|  |TAMS 0x0000000083500000, 0x0000000083500000| Untracked 
|  53|0x0000000083500000, 0x0000000083600000, 0x0000000083600000|100%| O|  |TAMS 0x0000000083600000, 0x0000000083600000| Untracked 
|  54|0x0000000083600000, 0x0000000083700000, 0x0000000083700000|100%| O|  |TAMS 0x0000000083700000, 0x0000000083700000| Untracked 
|  55|0x0000000083700000, 0x0000000083800000, 0x0000000083800000|100%| O|  |TAMS 0x0000000083800000, 0x0000000083800000| Untracked 
|  56|0x0000000083800000, 0x0000000083900000, 0x0000000083900000|100%| O|  |TAMS 0x0000000083900000, 0x0000000083900000| Untracked 
|  57|0x0000000083900000, 0x0000000083a00000, 0x0000000083a00000|100%| O|  |TAMS 0x0000000083a00000, 0x0000000083a00000| Untracked 
|  58|0x0000000083a00000, 0x0000000083b00000, 0x0000000083b00000|100%| O|  |TAMS 0x0000000083b00000, 0x0000000083b00000| Untracked 
|  59|0x0000000083b00000, 0x0000000083c00000, 0x0000000083c00000|100%| O|  |TAMS 0x0000000083c00000, 0x0000000083c00000| Untracked 
|  60|0x0000000083c00000, 0x0000000083d00000, 0x0000000083d00000|100%| O|  |TAMS 0x0000000083d00000, 0x0000000083d00000| Untracked 
|  61|0x0000000083d00000, 0x0000000083e00000, 0x0000000083e00000|100%| O|  |TAMS 0x0000000083e00000, 0x0000000083e00000| Untracked 
|  62|0x0000000083e00000, 0x0000000083f00000, 0x0000000083f00000|100%| O|  |TAMS 0x0000000083f00000, 0x0000000083f00000| Untracked 
|  63|0x0000000083f00000, 0x0000000084000000, 0x0000000084000000|100%| O|  |TAMS 0x0000000084000000, 0x0000000084000000| Untracked 
|  64|0x0000000084000000, 0x0000000084100000, 0x0000000084100000|100%| O|  |TAMS 0x0000000084100000, 0x0000000084100000| Untracked 
|  65|0x0000000084100000, 0x0000000084200000, 0x0000000084200000|100%| O|  |TAMS 0x0000000084200000, 0x0000000084200000| Untracked 
|  66|0x0000000084200000, 0x0000000084300000, 0x0000000084300000|100%| O|  |TAMS 0x0000000084300000, 0x0000000084300000| Untracked 
|  67|0x0000000084300000, 0x0000000084400000, 0x0000000084400000|100%| O|  |TAMS 0x0000000084400000, 0x0000000084400000| Untracked 
|  68|0x0000000084400000, 0x0000000084500000, 0x0000000084500000|100%| O|  |TAMS 0x0000000084500000, 0x0000000084500000| Untracked 
|  69|0x0000000084500000, 0x0000000084500000, 0x0000000084600000|  0%| F|  |TAMS 0x0000000084500000, 0x0000000084500000| Untracked 
|  70|0x0000000084600000, 0x0000000084700000, 0x0000000084700000|100%| O|  |TAMS 0x0000000084700000, 0x0000000084700000| Untracked 
|  71|0x0000000084700000, 0x0000000084800000, 0x0000000084800000|100%| O|  |TAMS 0x0000000084700000, 0x0000000084800000| Untracked 
|  72|0x0000000084800000, 0x0000000084900000, 0x0000000084900000|100%| O|  |TAMS 0x0000000084900000, 0x0000000084900000| Untracked 
|  73|0x0000000084900000, 0x0000000084a00000, 0x0000000084a00000|100%| O|  |TAMS 0x0000000084a00000, 0x0000000084a00000| Untracked 
|  74|0x0000000084a00000, 0x0000000084b00000, 0x0000000084b00000|100%| O|  |TAMS 0x0000000084b00000, 0x0000000084b00000| Untracked 
|  75|0x0000000084b00000, 0x0000000084c00000, 0x0000000084c00000|100%| O|  |TAMS 0x0000000084c00000, 0x0000000084c00000| Untracked 
|  76|0x0000000084c00000, 0x0000000084d00000, 0x0000000084d00000|100%| O|  |TAMS 0x0000000084d00000, 0x0000000084d00000| Untracked 
|  77|0x0000000084d00000, 0x0000000084e00000, 0x0000000084e00000|100%| O|  |TAMS 0x0000000084e00000, 0x0000000084e00000| Untracked 
|  78|0x0000000084e00000, 0x0000000084f00000, 0x0000000084f00000|100%|HS|  |TAMS 0x0000000084f00000, 0x0000000084f00000| Complete 
|  79|0x0000000084f00000, 0x0000000085000000, 0x0000000085000000|100%| O|  |TAMS 0x0000000084f00000, 0x0000000085000000| Untracked 
|  80|0x0000000085000000, 0x0000000085100000, 0x0000000085100000|100%| O|  |TAMS 0x0000000085000000, 0x0000000085100000| Untracked 
|  81|0x0000000085100000, 0x0000000085200000, 0x0000000085200000|100%| O|  |TAMS 0x0000000085100000, 0x0000000085200000| Untracked 
|  82|0x0000000085200000, 0x0000000085300000, 0x0000000085300000|100%| O|  |TAMS 0x0000000085200000, 0x0000000085300000| Untracked 
|  83|0x0000000085300000, 0x0000000085400000, 0x0000000085400000|100%| O|  |TAMS 0x0000000085300000, 0x0000000085400000| Untracked 
|  84|0x0000000085400000, 0x0000000085500000, 0x0000000085500000|100%| O|  |TAMS 0x0000000085400000, 0x0000000085500000| Untracked 
|  85|0x0000000085500000, 0x0000000085600000, 0x0000000085600000|100%| O|  |TAMS 0x0000000085500000, 0x0000000085600000| Untracked 
|  86|0x0000000085600000, 0x0000000085700000, 0x0000000085700000|100%| O|  |TAMS 0x0000000085600000, 0x0000000085700000| Untracked 
|  87|0x0000000085700000, 0x0000000085800000, 0x0000000085800000|100%| O|  |TAMS 0x0000000085800000, 0x0000000085800000| Untracked 
|  88|0x0000000085800000, 0x0000000085900000, 0x0000000085900000|100%| O|  |TAMS 0x0000000085900000, 0x0000000085900000| Untracked 
|  89|0x0000000085900000, 0x0000000085a00000, 0x0000000085a00000|100%| O|  |TAMS 0x0000000085a00000, 0x0000000085a00000| Untracked 
|  90|0x0000000085a00000, 0x0000000085b00000, 0x0000000085b00000|100%| O|  |TAMS 0x0000000085b00000, 0x0000000085b00000| Untracked 
|  91|0x0000000085b00000, 0x0000000085c00000, 0x0000000085c00000|100%| O|  |TAMS 0x0000000085c00000, 0x0000000085c00000| Untracked 
|  92|0x0000000085c00000, 0x0000000085d00000, 0x0000000085d00000|100%| O|  |TAMS 0x0000000085d00000, 0x0000000085d00000| Untracked 
|  93|0x0000000085d00000, 0x0000000085e00000, 0x0000000085e00000|100%| O|  |TAMS 0x0000000085e00000, 0x0000000085e00000| Untracked 
|  94|0x0000000085e00000, 0x0000000085f00000, 0x0000000085f00000|100%| O|  |TAMS 0x0000000085f00000, 0x0000000085f00000| Untracked 
|  95|0x0000000085f00000, 0x0000000086000000, 0x0000000086000000|100%| O|  |TAMS 0x0000000086000000, 0x0000000086000000| Untracked 
|  96|0x0000000086000000, 0x0000000086100000, 0x0000000086100000|100%| O|  |TAMS 0x0000000086100000, 0x0000000086100000| Untracked 
|  97|0x0000000086100000, 0x0000000086200000, 0x0000000086200000|100%| O|  |TAMS 0x0000000086200000, 0x0000000086200000| Untracked 
|  98|0x0000000086200000, 0x0000000086300000, 0x0000000086300000|100%| O|  |TAMS 0x0000000086200000, 0x0000000086300000| Untracked 
|  99|0x0000000086300000, 0x0000000086400000, 0x0000000086400000|100%| O|  |TAMS 0x0000000086300000, 0x0000000086400000| Untracked 
| 100|0x0000000086400000, 0x0000000086500000, 0x0000000086500000|100%| O|  |TAMS 0x0000000086500000, 0x0000000086500000| Untracked 
| 101|0x0000000086500000, 0x0000000086600000, 0x0000000086600000|100%| O|  |TAMS 0x0000000086600000, 0x0000000086600000| Untracked 
| 102|0x0000000086600000, 0x0000000086700000, 0x0000000086700000|100%| O|  |TAMS 0x0000000086700000, 0x0000000086700000| Untracked 
| 103|0x0000000086700000, 0x0000000086800000, 0x0000000086800000|100%| O|  |TAMS 0x0000000086700000, 0x0000000086800000| Untracked 
| 104|0x0000000086800000, 0x0000000086900000, 0x0000000086900000|100%| O|  |TAMS 0x0000000086800000, 0x0000000086900000| Untracked 
| 105|0x0000000086900000, 0x0000000086a00000, 0x0000000086a00000|100%| O|  |TAMS 0x0000000086900000, 0x0000000086a00000| Untracked 
| 106|0x0000000086a00000, 0x0000000086b00000, 0x0000000086b00000|100%| O|  |TAMS 0x0000000086a00000, 0x0000000086b00000| Untracked 
| 107|0x0000000086b00000, 0x0000000086c00000, 0x0000000086c00000|100%| O|  |TAMS 0x0000000086b00000, 0x0000000086c00000| Untracked 
| 108|0x0000000086c00000, 0x0000000086d00000, 0x0000000086d00000|100%| O|  |TAMS 0x0000000086c00000, 0x0000000086d00000| Untracked 
| 109|0x0000000086d00000, 0x0000000086d1e400, 0x0000000086e00000| 11%| O|  |TAMS 0x0000000086d00000, 0x0000000086d1e400| Untracked 
| 110|0x0000000086e00000, 0x0000000086e00000, 0x0000000086f00000|  0%| F|  |TAMS 0x0000000086e00000, 0x0000000086e00000| Untracked 
| 111|0x0000000086f00000, 0x0000000086f00000, 0x0000000087000000|  0%| F|  |TAMS 0x0000000086f00000, 0x0000000086f00000| Untracked 
| 112|0x0000000087000000, 0x0000000087000000, 0x0000000087100000|  0%| F|  |TAMS 0x0000000087000000, 0x0000000087000000| Untracked 
| 113|0x0000000087100000, 0x0000000087100000, 0x0000000087200000|  0%| F|  |TAMS 0x0000000087100000, 0x0000000087100000| Untracked 
| 114|0x0000000087200000, 0x0000000087200000, 0x0000000087300000|  0%| F|  |TAMS 0x0000000087200000, 0x0000000087200000| Untracked 
| 115|0x0000000087300000, 0x0000000087300000, 0x0000000087400000|  0%| F|  |TAMS 0x0000000087300000, 0x0000000087300000| Untracked 
| 116|0x0000000087400000, 0x0000000087400000, 0x0000000087500000|  0%| F|  |TAMS 0x0000000087400000, 0x0000000087400000| Untracked 
| 117|0x0000000087500000, 0x0000000087500000, 0x0000000087600000|  0%| F|  |TAMS 0x0000000087500000, 0x0000000087500000| Untracked 
| 118|0x0000000087600000, 0x0000000087600000, 0x0000000087700000|  0%| F|  |TAMS 0x0000000087600000, 0x0000000087600000| Untracked 
| 119|0x0000000087700000, 0x0000000087700000, 0x0000000087800000|  0%| F|  |TAMS 0x0000000087700000, 0x0000000087700000| Untracked 
| 120|0x0000000087800000, 0x0000000087800000, 0x0000000087900000|  0%| F|  |TAMS 0x0000000087800000, 0x0000000087800000| Untracked 
| 121|0x0000000087900000, 0x0000000087900000, 0x0000000087a00000|  0%| F|  |TAMS 0x0000000087900000, 0x0000000087900000| Untracked 
| 122|0x0000000087a00000, 0x0000000087a00000, 0x0000000087b00000|  0%| F|  |TAMS 0x0000000087a00000, 0x0000000087a00000| Untracked 
| 123|0x0000000087b00000, 0x0000000087b00000, 0x0000000087c00000|  0%| F|  |TAMS 0x0000000087b00000, 0x0000000087b00000| Untracked 
| 124|0x0000000087c00000, 0x0000000087c00000, 0x0000000087d00000|  0%| F|  |TAMS 0x0000000087c00000, 0x0000000087c00000| Untracked 
| 125|0x0000000087d00000, 0x0000000087d00000, 0x0000000087e00000|  0%| F|  |TAMS 0x0000000087d00000, 0x0000000087d00000| Untracked 
| 126|0x0000000087e00000, 0x0000000087e00000, 0x0000000087f00000|  0%| F|  |TAMS 0x0000000087e00000, 0x0000000087e00000| Untracked 
| 127|0x0000000087f00000, 0x0000000087f00000, 0x0000000088000000|  0%| F|  |TAMS 0x0000000087f00000, 0x0000000087f00000| Untracked 
| 128|0x0000000088000000, 0x0000000088000000, 0x0000000088100000|  0%| F|  |TAMS 0x0000000088000000, 0x0000000088000000| Untracked 
| 129|0x0000000088100000, 0x0000000088100000, 0x0000000088200000|  0%| F|  |TAMS 0x0000000088100000, 0x0000000088100000| Untracked 
| 130|0x0000000088200000, 0x0000000088200000, 0x0000000088300000|  0%| F|  |TAMS 0x0000000088200000, 0x0000000088200000| Untracked 
| 131|0x0000000088300000, 0x0000000088300000, 0x0000000088400000|  0%| F|  |TAMS 0x0000000088300000, 0x0000000088300000| Untracked 
| 132|0x0000000088400000, 0x0000000088400000, 0x0000000088500000|  0%| F|  |TAMS 0x0000000088400000, 0x0000000088400000| Untracked 
| 133|0x0000000088500000, 0x0000000088500000, 0x0000000088600000|  0%| F|  |TAMS 0x0000000088500000, 0x0000000088500000| Untracked 
| 134|0x0000000088600000, 0x0000000088600000, 0x0000000088700000|  0%| F|  |TAMS 0x0000000088600000, 0x0000000088600000| Untracked 
| 135|0x0000000088700000, 0x0000000088700000, 0x0000000088800000|  0%| F|  |TAMS 0x0000000088700000, 0x0000000088700000| Untracked 
| 136|0x0000000088800000, 0x0000000088800000, 0x0000000088900000|  0%| F|  |TAMS 0x0000000088800000, 0x0000000088800000| Untracked 
| 137|0x0000000088900000, 0x0000000088900000, 0x0000000088a00000|  0%| F|  |TAMS 0x0000000088900000, 0x0000000088900000| Untracked 
| 138|0x0000000088a00000, 0x0000000088a00000, 0x0000000088b00000|  0%| F|  |TAMS 0x0000000088a00000, 0x0000000088a00000| Untracked 
| 139|0x0000000088b00000, 0x0000000088b00000, 0x0000000088c00000|  0%| F|  |TAMS 0x0000000088b00000, 0x0000000088b00000| Untracked 
| 140|0x0000000088c00000, 0x0000000088c00000, 0x0000000088d00000|  0%| F|  |TAMS 0x0000000088c00000, 0x0000000088c00000| Untracked 
| 141|0x0000000088d00000, 0x0000000088d00000, 0x0000000088e00000|  0%| F|  |TAMS 0x0000000088d00000, 0x0000000088d00000| Untracked 
| 142|0x0000000088e00000, 0x0000000088e00000, 0x0000000088f00000|  0%| F|  |TAMS 0x0000000088e00000, 0x0000000088e00000| Untracked 
| 143|0x0000000088f00000, 0x0000000088f00000, 0x0000000089000000|  0%| F|  |TAMS 0x0000000088f00000, 0x0000000088f00000| Untracked 
| 144|0x0000000089000000, 0x0000000089000000, 0x0000000089100000|  0%| F|  |TAMS 0x0000000089000000, 0x0000000089000000| Untracked 
| 145|0x0000000089100000, 0x0000000089100000, 0x0000000089200000|  0%| F|  |TAMS 0x0000000089100000, 0x0000000089100000| Untracked 
| 146|0x0000000089200000, 0x0000000089200000, 0x0000000089300000|  0%| F|  |TAMS 0x0000000089200000, 0x0000000089200000| Untracked 
| 147|0x0000000089300000, 0x0000000089300000, 0x0000000089400000|  0%| F|  |TAMS 0x0000000089300000, 0x0000000089300000| Untracked 
| 148|0x0000000089400000, 0x0000000089400000, 0x0000000089500000|  0%| F|  |TAMS 0x0000000089400000, 0x0000000089400000| Untracked 
| 149|0x0000000089500000, 0x0000000089500000, 0x0000000089600000|  0%| F|  |TAMS 0x0000000089500000, 0x0000000089500000| Untracked 
| 150|0x0000000089600000, 0x0000000089600000, 0x0000000089700000|  0%| F|  |TAMS 0x0000000089600000, 0x0000000089600000| Untracked 
| 151|0x0000000089700000, 0x0000000089700000, 0x0000000089800000|  0%| F|  |TAMS 0x0000000089700000, 0x0000000089700000| Untracked 
| 152|0x0000000089800000, 0x0000000089800000, 0x0000000089900000|  0%| F|  |TAMS 0x0000000089800000, 0x0000000089800000| Untracked 
| 153|0x0000000089900000, 0x0000000089900000, 0x0000000089a00000|  0%| F|  |TAMS 0x0000000089900000, 0x0000000089900000| Untracked 
| 154|0x0000000089a00000, 0x0000000089a00000, 0x0000000089b00000|  0%| F|  |TAMS 0x0000000089a00000, 0x0000000089a00000| Untracked 
| 155|0x0000000089b00000, 0x0000000089b00000, 0x0000000089c00000|  0%| F|  |TAMS 0x0000000089b00000, 0x0000000089b00000| Untracked 
| 156|0x0000000089c00000, 0x0000000089c00000, 0x0000000089d00000|  0%| F|  |TAMS 0x0000000089c00000, 0x0000000089c00000| Untracked 
| 157|0x0000000089d00000, 0x0000000089d00000, 0x0000000089e00000|  0%| F|  |TAMS 0x0000000089d00000, 0x0000000089d00000| Untracked 
| 158|0x0000000089e00000, 0x0000000089e00000, 0x0000000089f00000|  0%| F|  |TAMS 0x0000000089e00000, 0x0000000089e00000| Untracked 
| 159|0x0000000089f00000, 0x0000000089f00000, 0x000000008a000000|  0%| F|  |TAMS 0x0000000089f00000, 0x0000000089f00000| Untracked 
| 160|0x000000008a000000, 0x000000008a000000, 0x000000008a100000|  0%| F|  |TAMS 0x000000008a000000, 0x000000008a000000| Untracked 
| 161|0x000000008a100000, 0x000000008a100000, 0x000000008a200000|  0%| F|  |TAMS 0x000000008a100000, 0x000000008a100000| Untracked 
| 162|0x000000008a200000, 0x000000008a200000, 0x000000008a300000|  0%| F|  |TAMS 0x000000008a200000, 0x000000008a200000| Untracked 
| 163|0x000000008a300000, 0x000000008a300000, 0x000000008a400000|  0%| F|  |TAMS 0x000000008a300000, 0x000000008a300000| Untracked 
| 164|0x000000008a400000, 0x000000008a400000, 0x000000008a500000|  0%| F|  |TAMS 0x000000008a400000, 0x000000008a400000| Untracked 
| 165|0x000000008a500000, 0x000000008a500000, 0x000000008a600000|  0%| F|  |TAMS 0x000000008a500000, 0x000000008a500000| Untracked 
| 166|0x000000008a600000, 0x000000008a600000, 0x000000008a700000|  0%| F|  |TAMS 0x000000008a600000, 0x000000008a600000| Untracked 
| 167|0x000000008a700000, 0x000000008a800000, 0x000000008a800000|100%| S|CS|TAMS 0x000000008a700000, 0x000000008a700000| Complete 
| 168|0x000000008a800000, 0x000000008a900000, 0x000000008a900000|100%| S|CS|TAMS 0x000000008a800000, 0x000000008a800000| Complete 
| 169|0x000000008a900000, 0x000000008aa00000, 0x000000008aa00000|100%| S|CS|TAMS 0x000000008a900000, 0x000000008a900000| Complete 
| 170|0x000000008aa00000, 0x000000008aa00000, 0x000000008ab00000|  0%| F|  |TAMS 0x000000008aa00000, 0x000000008aa00000| Untracked 
| 171|0x000000008ab00000, 0x000000008ab00000, 0x000000008ac00000|  0%| F|  |TAMS 0x000000008ab00000, 0x000000008ab00000| Untracked 
| 172|0x000000008ac00000, 0x000000008ac00000, 0x000000008ad00000|  0%| F|  |TAMS 0x000000008ac00000, 0x000000008ac00000| Untracked 
| 173|0x000000008ad00000, 0x000000008ad00000, 0x000000008ae00000|  0%| F|  |TAMS 0x000000008ad00000, 0x000000008ad00000| Untracked 
| 174|0x000000008ae00000, 0x000000008ae00000, 0x000000008af00000|  0%| F|  |TAMS 0x000000008ae00000, 0x000000008ae00000| Untracked 
| 175|0x000000008af00000, 0x000000008af00000, 0x000000008b000000|  0%| F|  |TAMS 0x000000008af00000, 0x000000008af00000| Untracked 
| 176|0x000000008b000000, 0x000000008b000000, 0x000000008b100000|  0%| F|  |TAMS 0x000000008b000000, 0x000000008b000000| Untracked 
| 177|0x000000008b100000, 0x000000008b100000, 0x000000008b200000|  0%| F|  |TAMS 0x000000008b100000, 0x000000008b100000| Untracked 
| 178|0x000000008b200000, 0x000000008b200000, 0x000000008b300000|  0%| F|  |TAMS 0x000000008b200000, 0x000000008b200000| Untracked 
| 179|0x000000008b300000, 0x000000008b300000, 0x000000008b400000|  0%| F|  |TAMS 0x000000008b300000, 0x000000008b300000| Untracked 
| 180|0x000000008b400000, 0x000000008b400000, 0x000000008b500000|  0%| F|  |TAMS 0x000000008b400000, 0x000000008b400000| Untracked 
| 181|0x000000008b500000, 0x000000008b500000, 0x000000008b600000|  0%| F|  |TAMS 0x000000008b500000, 0x000000008b500000| Untracked 
| 182|0x000000008b600000, 0x000000008b600000, 0x000000008b700000|  0%| F|  |TAMS 0x000000008b600000, 0x000000008b600000| Untracked 
| 183|0x000000008b700000, 0x000000008b700000, 0x000000008b800000|  0%| F|  |TAMS 0x000000008b700000, 0x000000008b700000| Untracked 
| 184|0x000000008b800000, 0x000000008b800000, 0x000000008b900000|  0%| F|  |TAMS 0x000000008b800000, 0x000000008b800000| Untracked 
| 185|0x000000008b900000, 0x000000008b900000, 0x000000008ba00000|  0%| F|  |TAMS 0x000000008b900000, 0x000000008b900000| Untracked 
| 186|0x000000008ba00000, 0x000000008ba00000, 0x000000008bb00000|  0%| F|  |TAMS 0x000000008ba00000, 0x000000008ba00000| Untracked 
| 187|0x000000008bb00000, 0x000000008bb00000, 0x000000008bc00000|  0%| F|  |TAMS 0x000000008bb00000, 0x000000008bb00000| Untracked 
| 188|0x000000008bc00000, 0x000000008bc00000, 0x000000008bd00000|  0%| F|  |TAMS 0x000000008bc00000, 0x000000008bc00000| Untracked 
| 189|0x000000008bd00000, 0x000000008bd00000, 0x000000008be00000|  0%| F|  |TAMS 0x000000008bd00000, 0x000000008bd00000| Untracked 
| 190|0x000000008be00000, 0x000000008be00000, 0x000000008bf00000|  0%| F|  |TAMS 0x000000008be00000, 0x000000008be00000| Untracked 
| 191|0x000000008bf00000, 0x000000008bf00000, 0x000000008c000000|  0%| F|  |TAMS 0x000000008bf00000, 0x000000008bf00000| Untracked 
| 192|0x000000008c000000, 0x000000008c000000, 0x000000008c100000|  0%| F|  |TAMS 0x000000008c000000, 0x000000008c000000| Untracked 
| 193|0x000000008c100000, 0x000000008c100000, 0x000000008c200000|  0%| F|  |TAMS 0x000000008c100000, 0x000000008c100000| Untracked 
| 194|0x000000008c200000, 0x000000008c200000, 0x000000008c300000|  0%| F|  |TAMS 0x000000008c200000, 0x000000008c200000| Untracked 
| 195|0x000000008c300000, 0x000000008c300000, 0x000000008c400000|  0%| F|  |TAMS 0x000000008c300000, 0x000000008c300000| Untracked 
| 196|0x000000008c400000, 0x000000008c400000, 0x000000008c500000|  0%| F|  |TAMS 0x000000008c400000, 0x000000008c400000| Untracked 
| 197|0x000000008c500000, 0x000000008c500000, 0x000000008c600000|  0%| F|  |TAMS 0x000000008c500000, 0x000000008c500000| Untracked 
| 198|0x000000008c600000, 0x000000008c600000, 0x000000008c700000|  0%| F|  |TAMS 0x000000008c600000, 0x000000008c600000| Untracked 
| 199|0x000000008c700000, 0x000000008c700000, 0x000000008c800000|  0%| F|  |TAMS 0x000000008c700000, 0x000000008c700000| Untracked 
| 200|0x000000008c800000, 0x000000008c800000, 0x000000008c900000|  0%| F|  |TAMS 0x000000008c800000, 0x000000008c800000| Untracked 
| 201|0x000000008c900000, 0x000000008c900000, 0x000000008ca00000|  0%| F|  |TAMS 0x000000008c900000, 0x000000008c900000| Untracked 
| 202|0x000000008ca00000, 0x000000008ca00000, 0x000000008cb00000|  0%| F|  |TAMS 0x000000008ca00000, 0x000000008ca00000| Untracked 
| 203|0x000000008cb00000, 0x000000008cb00000, 0x000000008cc00000|  0%| F|  |TAMS 0x000000008cb00000, 0x000000008cb00000| Untracked 
| 204|0x000000008cc00000, 0x000000008cc00000, 0x000000008cd00000|  0%| F|  |TAMS 0x000000008cc00000, 0x000000008cc00000| Untracked 
| 205|0x000000008cd00000, 0x000000008cd00000, 0x000000008ce00000|  0%| F|  |TAMS 0x000000008cd00000, 0x000000008cd00000| Untracked 
| 206|0x000000008ce00000, 0x000000008ce00000, 0x000000008cf00000|  0%| F|  |TAMS 0x000000008ce00000, 0x000000008ce00000| Untracked 
| 207|0x000000008cf00000, 0x000000008cf00000, 0x000000008d000000|  0%| F|  |TAMS 0x000000008cf00000, 0x000000008cf00000| Untracked 
| 208|0x000000008d000000, 0x000000008d000000, 0x000000008d100000|  0%| F|  |TAMS 0x000000008d000000, 0x000000008d000000| Untracked 
| 209|0x000000008d100000, 0x000000008d100000, 0x000000008d200000|  0%| F|  |TAMS 0x000000008d100000, 0x000000008d100000| Untracked 
| 210|0x000000008d200000, 0x000000008d200000, 0x000000008d300000|  0%| F|  |TAMS 0x000000008d200000, 0x000000008d200000| Untracked 
| 211|0x000000008d300000, 0x000000008d300000, 0x000000008d400000|  0%| F|  |TAMS 0x000000008d300000, 0x000000008d300000| Untracked 
| 212|0x000000008d400000, 0x000000008d400000, 0x000000008d500000|  0%| F|  |TAMS 0x000000008d400000, 0x000000008d400000| Untracked 
| 213|0x000000008d500000, 0x000000008d500000, 0x000000008d600000|  0%| F|  |TAMS 0x000000008d500000, 0x000000008d500000| Untracked 
| 214|0x000000008d600000, 0x000000008d600000, 0x000000008d700000|  0%| F|  |TAMS 0x000000008d600000, 0x000000008d600000| Untracked 
| 215|0x000000008d700000, 0x000000008d700000, 0x000000008d800000|  0%| F|  |TAMS 0x000000008d700000, 0x000000008d700000| Untracked 
| 216|0x000000008d800000, 0x000000008d800000, 0x000000008d900000|  0%| F|  |TAMS 0x000000008d800000, 0x000000008d800000| Untracked 
| 217|0x000000008d900000, 0x000000008d900000, 0x000000008da00000|  0%| F|  |TAMS 0x000000008d900000, 0x000000008d900000| Untracked 
| 218|0x000000008da00000, 0x000000008da00000, 0x000000008db00000|  0%| F|  |TAMS 0x000000008da00000, 0x000000008da00000| Untracked 
| 219|0x000000008db00000, 0x000000008db00000, 0x000000008dc00000|  0%| F|  |TAMS 0x000000008db00000, 0x000000008db00000| Untracked 
| 220|0x000000008dc00000, 0x000000008dc00000, 0x000000008dd00000|  0%| F|  |TAMS 0x000000008dc00000, 0x000000008dc00000| Untracked 
| 221|0x000000008dd00000, 0x000000008dd00000, 0x000000008de00000|  0%| F|  |TAMS 0x000000008dd00000, 0x000000008dd00000| Untracked 
| 222|0x000000008de00000, 0x000000008de00000, 0x000000008df00000|  0%| F|  |TAMS 0x000000008de00000, 0x000000008de00000| Untracked 
| 223|0x000000008df00000, 0x000000008df00000, 0x000000008e000000|  0%| F|  |TAMS 0x000000008df00000, 0x000000008df00000| Untracked 
| 224|0x000000008e000000, 0x000000008e000000, 0x000000008e100000|  0%| F|  |TAMS 0x000000008e000000, 0x000000008e000000| Untracked 
| 225|0x000000008e100000, 0x000000008e100000, 0x000000008e200000|  0%| F|  |TAMS 0x000000008e100000, 0x000000008e100000| Untracked 
| 226|0x000000008e200000, 0x000000008e200000, 0x000000008e300000|  0%| F|  |TAMS 0x000000008e200000, 0x000000008e200000| Untracked 

Card table byte_map: [0x000001edfa520000,0x000001edfa920000] _byte_map_base: 0x000001edfa120000

Marking Bits (Prev, Next): (CMBitMap*) 0x000001edf4e47360, (CMBitMap*) 0x000001edf4e47320
 Prev Bits: [0x000001edfcd20000, 0x000001edfed20000)
 Next Bits: [0x000001edfad20000, 0x000001edfcd20000)

Polling page: 0x000001edf4ec0000

Metaspace:

Usage:
  Non-class:     80.05 MB used.
      Class:     12.24 MB used.
       Both:     92.29 MB used.

Virtual space:
  Non-class space:       88.00 MB reserved,      80.44 MB ( 91%) committed,  11 nodes.
      Class space:        1.00 GB reserved,      12.56 MB (  1%) committed,  1 nodes.
             Both:        1.09 GB reserved,      93.00 MB (  8%) committed. 

Chunk freelists:
   Non-Class:  3.53 MB
       Class:  3.28 MB
        Both:  6.81 MB

MaxMetaspaceSize: unlimited
CompressedClassSpaceSize: 1.00 GB
Initial GC threshold: 21.00 MB
Current GC threshold: 148.56 MB
CDS: off
MetaspaceReclaimPolicy: balanced
 - commit_granule_bytes: 65536.
 - commit_granule_words: 8192.
 - virtual_space_node_default_size: 1048576.
 - enlarge_chunks_in_place: 1.
 - new_chunks_are_fully_committed: 0.
 - uncommit_free_chunks: 1.
 - use_allocation_guard: 0.
 - handle_deallocations: 1.


Internal statistics:

num_allocs_failed_limit: 12.
num_arena_births: 924.
num_arena_deaths: 6.
num_vsnodes_births: 12.
num_vsnodes_deaths: 0.
num_space_committed: 1487.
num_space_uncommitted: 0.
num_chunks_returned_to_freelist: 19.
num_chunks_taken_from_freelist: 4335.
num_chunk_merges: 8.
num_chunk_splits: 2866.
num_chunks_enlarged: 1927.
num_purges: 2.
num_inconsistent_stats: 0.

CodeHeap 'non-profiled nmethods': size=120000Kb used=6814Kb max_used=6814Kb free=113185Kb
 bounds [0x000001ed87ad0000, 0x000001ed88180000, 0x000001ed8f000000]
CodeHeap 'profiled nmethods': size=120000Kb used=21670Kb max_used=21753Kb free=98329Kb
 bounds [0x000001ed80000000, 0x000001ed81540000, 0x000001ed87530000]
CodeHeap 'non-nmethods': size=5760Kb used=2388Kb max_used=2443Kb free=3371Kb
 bounds [0x000001ed87530000, 0x000001ed877a0000, 0x000001ed87ad0000]
 total_blobs=11705 nmethods=10793 adapters=824
 compilation: enabled
              stopped_count=0, restarted_count=0
 full_count=0

Compilation events (20 events):
Event: 38.996 Thread 0x000001edff338340 nmethod 12544 0x000001ed8816bb10 code [0x000001ed8816bcc0, 0x000001ed8816c068]
Event: 38.996 Thread 0x000001edff338340 12554       4       com.android.aaptcompiler.android.ResTableConfig::<init> (363 bytes)
Event: 39.005 Thread 0x000001edff33c2e0 12557       3       com.android.aapt.Resources$Source::writeTo (41 bytes)
Event: 39.006 Thread 0x000001edff33c2e0 nmethod 12557 0x000001ed8120fd90 code [0x000001ed81210040, 0x000001ed81210cf8]
Event: 39.007 Thread 0x000001edff338340 nmethod 12554 0x000001ed8816c510 code [0x000001ed8816c700, 0x000001ed8816d948]
Event: 39.007 Thread 0x000001edff338340 12556       4       com.android.aapt.Resources$Entry::getSerializedSize (185 bytes)
Event: 39.038 Thread 0x000001edff338340 nmethod 12556 0x000001ed8816e710 code [0x000001ed8816e9a0, 0x000001ed8816fbc0]
Event: 39.039 Thread 0x000001edff338340 12558       4       com.sun.xml.internal.stream.events.XMLEventAllocatorImpl::fillAttributes (103 bytes)
Event: 39.039 Thread 0x000001edff33c2e0 12559       3       com.android.aapt.Resources$SourcePosition::writeTo (41 bytes)
Event: 39.039 Thread 0x000001edff33c2e0 nmethod 12559 0x000001ed812a4090 code [0x000001ed812a42e0, 0x000001ed812a4be8]
Event: 39.126 Thread 0x000001edff338340 nmethod 12558 0x000001ed88170990 code [0x000001ed88170c60, 0x000001ed88173f10]
Event: 39.127 Thread 0x000001edff338340 12561       4       com.sun.xml.internal.stream.events.CharacterEvent::checkWhiteSpace (64 bytes)
Event: 39.130 Thread 0x000001edff338340 nmethod 12561 0x000001ed88175a10 code [0x000001ed88175ba0, 0x000001ed88175d98]
Event: 39.130 Thread 0x000001edff338340 12565       4       com.sun.xml.internal.stream.events.XMLEventAllocatorImpl::fillNamespaceAttributes (80 bytes)
Event: 39.137 Thread 0x000001edff338340 nmethod 12565 0x000001ed88175f10 code [0x000001ed88176100, 0x000001ed88176830]
Event: 39.137 Thread 0x000001edff338340 12560       4       com.sun.org.apache.xerces.internal.impl.XMLEntityScanner::arrangeCapacity (227 bytes)
Event: 39.144 Thread 0x000001edff33c2e0 12574       2       com.google.protobuf.CodedOutputStream$AbstractBufferedEncoder::bufferFixed32NoTag (108 bytes)
Event: 39.145 Thread 0x000001edff33c2e0 nmethod 12574 0x000001ed812a8c90 code [0x000001ed812a8e20, 0x000001ed812a8ff8]
Event: 39.146 Thread 0x000001edff338340 nmethod 12560 0x000001ed88176d10 code [0x000001ed88176f00, 0x000001ed88177568]
Event: 39.146 Thread 0x000001edff338340 12555       4       com.android.aapt.Resources$Item::getSerializedSize (189 bytes)

GC Heap History (20 events):
Event: 16.448 GC heap after
{Heap after GC invocations=21 (full 0):
 garbage-first heap   total 126976K, used 54341K [0x0000000080000000, 0x0000000100000000)
  region size 1024K, 4 young (4096K), 4 survivors (4096K)
 Metaspace       used 67711K, committed 68352K, reserved 1114112K
  class space    used 8927K, committed 9216K, reserved 1048576K
}
Event: 17.276 GC heap before
{Heap before GC invocations=21 (full 0):
 garbage-first heap   total 126976K, used 99397K [0x0000000080000000, 0x0000000100000000)
  region size 1024K, 48 young (49152K), 4 survivors (4096K)
 Metaspace       used 72183K, committed 72768K, reserved 1114112K
  class space    used 9753K, committed 10048K, reserved 1048576K
}
Event: 17.293 GC heap after
{Heap after GC invocations=22 (full 0):
 garbage-first heap   total 164864K, used 57596K [0x0000000080000000, 0x0000000100000000)
  region size 1024K, 3 young (3072K), 3 survivors (3072K)
 Metaspace       used 72183K, committed 72768K, reserved 1114112K
  class space    used 9753K, committed 10048K, reserved 1048576K
}
Event: 19.188 GC heap before
{Heap before GC invocations=22 (full 0):
 garbage-first heap   total 164864K, used 125180K [0x0000000080000000, 0x0000000100000000)
  region size 1024K, 69 young (70656K), 3 survivors (3072K)
 Metaspace       used 80229K, committed 80832K, reserved 1122304K
  class space    used 10909K, committed 11200K, reserved 1048576K
}
Event: 19.279 GC heap after
{Heap after GC invocations=23 (full 0):
 garbage-first heap   total 164864K, used 62716K [0x0000000080000000, 0x0000000100000000)
  region size 1024K, 8 young (8192K), 8 survivors (8192K)
 Metaspace       used 80229K, committed 80832K, reserved 1122304K
  class space    used 10909K, committed 11200K, reserved 1048576K
}
Event: 21.221 GC heap before
{Heap before GC invocations=23 (full 0):
 garbage-first heap   total 164864K, used 128252K [0x0000000080000000, 0x0000000100000000)
  region size 1024K, 72 young (73728K), 8 survivors (8192K)
 Metaspace       used 82321K, committed 82944K, reserved 1122304K
  class space    used 11221K, committed 11520K, reserved 1048576K
}
Event: 21.321 GC heap after
{Heap after GC invocations=24 (full 0):
 garbage-first heap   total 164864K, used 71605K [0x0000000080000000, 0x0000000100000000)
  region size 1024K, 9 young (9216K), 9 survivors (9216K)
 Metaspace       used 82321K, committed 82944K, reserved 1122304K
  class space    used 11221K, committed 11520K, reserved 1048576K
}
Event: 24.467 GC heap before
{Heap before GC invocations=24 (full 0):
 garbage-first heap   total 164864K, used 127925K [0x0000000080000000, 0x0000000100000000)
  region size 1024K, 65 young (66560K), 9 survivors (9216K)
 Metaspace       used 86415K, committed 87104K, reserved 1130496K
  class space    used 11787K, committed 12096K, reserved 1048576K
}
Event: 24.609 GC heap after
{Heap after GC invocations=25 (full 0):
 garbage-first heap   total 164864K, used 76898K [0x0000000080000000, 0x0000000100000000)
  region size 1024K, 5 young (5120K), 5 survivors (5120K)
 Metaspace       used 86415K, committed 87104K, reserved 1130496K
  class space    used 11787K, committed 12096K, reserved 1048576K
}
Event: 27.554 GC heap before
{Heap before GC invocations=25 (full 0):
 garbage-first heap   total 164864K, used 127074K [0x0000000080000000, 0x0000000100000000)
  region size 1024K, 55 young (56320K), 5 survivors (5120K)
 Metaspace       used 89507K, committed 90112K, reserved 1130496K
  class space    used 12129K, committed 12416K, reserved 1048576K
}
Event: 27.812 GC heap after
{Heap after GC invocations=26 (full 0):
 garbage-first heap   total 222208K, used 86824K [0x0000000080000000, 0x0000000100000000)
  region size 1024K, 8 young (8192K), 8 survivors (8192K)
 Metaspace       used 89507K, committed 90112K, reserved 1130496K
  class space    used 12129K, committed 12416K, reserved 1048576K
}
Event: 31.190 GC heap before
{Heap before GC invocations=26 (full 0):
 garbage-first heap   total 222208K, used 152360K [0x0000000080000000, 0x0000000100000000)
  region size 1024K, 63 young (64512K), 8 survivors (8192K)
 Metaspace       used 90184K, committed 90880K, reserved 1130496K
  class space    used 12182K, committed 12544K, reserved 1048576K
}
Event: 31.301 GC heap after
{Heap after GC invocations=27 (full 0):
 garbage-first heap   total 222208K, used 102400K [0x0000000080000000, 0x0000000100000000)
  region size 1024K, 8 young (8192K), 8 survivors (8192K)
 Metaspace       used 90184K, committed 90880K, reserved 1130496K
  class space    used 12182K, committed 12544K, reserved 1048576K
}
Event: 31.440 GC heap before
{Heap before GC invocations=27 (full 0):
 garbage-first heap   total 222208K, used 112640K [0x0000000080000000, 0x0000000100000000)
  region size 1024K, 16 young (16384K), 8 survivors (8192K)
 Metaspace       used 90207K, committed 90944K, reserved 1130496K
  class space    used 12184K, committed 12544K, reserved 1048576K
}
Event: 31.482 GC heap after
{Heap after GC invocations=28 (full 0):
 garbage-first heap   total 222208K, used 111104K [0x0000000080000000, 0x0000000100000000)
  region size 1024K, 5 young (5120K), 5 survivors (5120K)
 Metaspace       used 90207K, committed 90944K, reserved 1130496K
  class space    used 12184K, committed 12544K, reserved 1048576K
}
Event: 36.571 GC heap before
{Heap before GC invocations=29 (full 0):
 garbage-first heap   total 232448K, used 165376K [0x0000000080000000, 0x0000000100000000)
  region size 1024K, 47 young (48128K), 5 survivors (5120K)
 Metaspace       used 93537K, committed 94208K, reserved 1130496K
  class space    used 12467K, committed 12800K, reserved 1048576K
}
Event: 36.748 GC heap after
{Heap after GC invocations=30 (full 0):
 garbage-first heap   total 232448K, used 111501K [0x0000000080000000, 0x0000000100000000)
  region size 1024K, 6 young (6144K), 6 survivors (6144K)
 Metaspace       used 93537K, committed 94208K, reserved 1130496K
  class space    used 12467K, committed 12800K, reserved 1048576K
}
Event: 37.116 GC heap before
{Heap before GC invocations=30 (full 0):
 garbage-first heap   total 232448K, used 116621K [0x0000000080000000, 0x0000000100000000)
  region size 1024K, 11 young (11264K), 6 survivors (6144K)
 Metaspace       used 93653K, committed 94336K, reserved 1130496K
  class space    used 12474K, committed 12800K, reserved 1048576K
}
Event: 37.159 GC heap after
{Heap after GC invocations=31 (full 0):
 garbage-first heap   total 232448K, used 112283K [0x0000000080000000, 0x0000000100000000)
  region size 1024K, 2 young (2048K), 2 survivors (2048K)
 Metaspace       used 93653K, committed 94336K, reserved 1130496K
  class space    used 12474K, committed 12800K, reserved 1048576K
}
Event: 39.182 GC heap before
{Heap before GC invocations=31 (full 0):
 garbage-first heap   total 232448K, used 168603K [0x0000000080000000, 0x0000000100000000)
  region size 1024K, 57 young (58368K), 2 survivors (2048K)
 Metaspace       used 94504K, committed 95232K, reserved 1138688K
  class space    used 12532K, committed 12864K, reserved 1048576K
}

Dll operation events (2 events):
Event: 0.093 Loaded shared library C:\Program Files\Android\Android Studio\jbr\bin\java.dll
Event: 1.658 Loaded shared library C:\Program Files\Android\Android Studio\jbr\bin\verify.dll

Deoptimization events (20 events):
Event: 37.557 Thread 0x000001ed95b000c0 DEOPT PACKING pc=0x000001ed880f090c sp=0x00000046997fda30
Event: 37.557 Thread 0x000001ed95b000c0 DEOPT UNPACKING pc=0x000001ed8758a1a3 sp=0x00000046997fd960 mode 2
Event: 37.666 Thread 0x000001ed95b000c0 DEOPT PACKING pc=0x000001ed814d4960 sp=0x00000046997fd9c0
Event: 37.666 Thread 0x000001ed95b000c0 DEOPT UNPACKING pc=0x000001ed8758ace3 sp=0x00000046997fce60 mode 0
Event: 37.720 Thread 0x000001ed95b018d0 DEOPT PACKING pc=0x000001ed814d4960 sp=0x0000004699bfdc20
Event: 37.720 Thread 0x000001ed95b018d0 DEOPT UNPACKING pc=0x000001ed8758ace3 sp=0x0000004699bfd0c0 mode 0
Event: 37.852 Thread 0x000001ed95b018d0 DEOPT PACKING pc=0x000001ed814d482e sp=0x0000004699bfdc20
Event: 37.863 Thread 0x000001ed95b018d0 DEOPT UNPACKING pc=0x000001ed8758ace3 sp=0x0000004699bfd0c0 mode 0
Event: 38.126 Thread 0x000001ed9358a210 Uncommon trap: trap_request=0xffffff45 fr.pc=0x000001ed87f2d458 relative=0x00000000000004b8
Event: 38.126 Thread 0x000001ed9358a210 Uncommon trap: reason=unstable_if action=reinterpret pc=0x000001ed87f2d458 method=java.io.ObjectOutputStream$BlockDataOutputStream.writeBytes(Ljava/lang/String;)V @ 22 c2
Event: 38.126 Thread 0x000001ed9358a210 DEOPT PACKING pc=0x000001ed87f2d458 sp=0x00000046955fe8f0
Event: 38.126 Thread 0x000001ed9358a210 DEOPT UNPACKING pc=0x000001ed8758a1a3 sp=0x00000046955fe878 mode 2
Event: 38.214 Thread 0x000001ed95b018d0 Uncommon trap: trap_request=0xffffff45 fr.pc=0x000001ed88147a04 relative=0x0000000000004464
Event: 38.214 Thread 0x000001ed95b018d0 Uncommon trap: reason=unstable_if action=reinterpret pc=0x000001ed88147a04 method=com.android.aapt.Resources$Source$Builder.maybeForceBuilderInitialization()V @ 3 c2
Event: 38.214 Thread 0x000001ed95b018d0 DEOPT PACKING pc=0x000001ed88147a04 sp=0x0000004699bfdb20
Event: 38.219 Thread 0x000001ed95b018d0 DEOPT UNPACKING pc=0x000001ed8758a1a3 sp=0x0000004699bfd9c0 mode 2
Event: 38.370 Thread 0x000001ed95b018d0 Uncommon trap: trap_request=0xffffff45 fr.pc=0x000001ed8812b588 relative=0x0000000000000408
Event: 38.370 Thread 0x000001ed95b018d0 Uncommon trap: reason=unstable_if action=reinterpret pc=0x000001ed8812b588 method=kotlin.jvm.internal.FunctionReference.<init>(ILjava/lang/Object;Ljava/lang/Class;Ljava/lang/String;Ljava/lang/String;I)V @ 12 c2
Event: 38.370 Thread 0x000001ed95b018d0 DEOPT PACKING pc=0x000001ed8812b588 sp=0x0000004699bfd420
Event: 38.370 Thread 0x000001ed95b018d0 DEOPT UNPACKING pc=0x000001ed8758a1a3 sp=0x0000004699bfd3d0 mode 2

Classes unloaded (3 events):
Event: 33.372 Thread 0x000001edff29ee00 Unloading class 0x0000000100bbcc00 'java/lang/invoke/LambdaForm$DMH+0x0000000100bbcc00'
Event: 33.373 Thread 0x000001edff29ee00 Unloading class 0x0000000100bbc800 'java/lang/invoke/LambdaForm$DMH+0x0000000100bbc800'
Event: 33.373 Thread 0x000001edff29ee00 Unloading class 0x0000000100bbc000 'java/lang/invoke/LambdaForm$DMH+0x0000000100bbc000'

Classes redefined (0 events):
No events

Internal exceptions (20 events):
Event: 36.238 Thread 0x000001ed95aff250 Exception <a 'sun/nio/fs/WindowsException'{0x000000008bc362f0}> (0x000000008bc362f0) 
thrown [s\src\hotspot\share\prims\jni.cpp, line 517]
Event: 36.249 Thread 0x000001ed95aff250 Exception <a 'sun/nio/fs/WindowsException'{0x000000008bc374b8}> (0x000000008bc374b8) 
thrown [s\src\hotspot\share\prims\jni.cpp, line 517]
Event: 36.274 Thread 0x000001ed95aff250 Exception <a 'sun/nio/fs/WindowsException'{0x000000008bc38868}> (0x000000008bc38868) 
thrown [s\src\hotspot\share\prims\jni.cpp, line 517]
Event: 36.282 Thread 0x000001ed95aff250 Exception <a 'sun/nio/fs/WindowsException'{0x000000008bc39ba8}> (0x000000008bc39ba8) 
thrown [s\src\hotspot\share\prims\jni.cpp, line 517]
Event: 36.287 Thread 0x000001ed95aff250 Exception <a 'sun/nio/fs/WindowsException'{0x000000008bc3af40}> (0x000000008bc3af40) 
thrown [s\src\hotspot\share\prims\jni.cpp, line 517]
Event: 36.293 Thread 0x000001ed95aff250 Exception <a 'sun/nio/fs/WindowsException'{0x000000008bc3c2a0}> (0x000000008bc3c2a0) 
thrown [s\src\hotspot\share\prims\jni.cpp, line 517]
Event: 36.299 Thread 0x000001ed95aff250 Exception <a 'sun/nio/fs/WindowsException'{0x000000008bc3d608}> (0x000000008bc3d608) 
thrown [s\src\hotspot\share\prims\jni.cpp, line 517]
Event: 36.306 Thread 0x000001ed95aff250 Exception <a 'sun/nio/fs/WindowsException'{0x000000008b9a7fb0}> (0x000000008b9a7fb0) 
thrown [s\src\hotspot\share\prims\jni.cpp, line 517]
Event: 36.310 Thread 0x000001ed95aff250 Exception <a 'sun/nio/fs/WindowsException'{0x000000008b9a9320}> (0x000000008b9a9320) 
thrown [s\src\hotspot\share\prims\jni.cpp, line 517]
Event: 36.316 Thread 0x000001ed95aff250 Exception <a 'sun/nio/fs/WindowsException'{0x000000008b9aa6b0}> (0x000000008b9aa6b0) 
thrown [s\src\hotspot\share\prims\jni.cpp, line 517]
Event: 36.324 Thread 0x000001ed95aff250 Exception <a 'sun/nio/fs/WindowsException'{0x000000008b9aba08}> (0x000000008b9aba08) 
thrown [s\src\hotspot\share\prims\jni.cpp, line 517]
Event: 36.335 Thread 0x000001ed95aff250 Exception <a 'sun/nio/fs/WindowsException'{0x000000008b9acd38}> (0x000000008b9acd38) 
thrown [s\src\hotspot\share\prims\jni.cpp, line 517]
Event: 36.340 Thread 0x000001ed95aff250 Exception <a 'sun/nio/fs/WindowsException'{0x000000008b9adfb0}> (0x000000008b9adfb0) 
thrown [s\src\hotspot\share\prims\jni.cpp, line 517]
Event: 36.347 Thread 0x000001ed95aff250 Exception <a 'sun/nio/fs/WindowsException'{0x000000008b9af310}> (0x000000008b9af310) 
thrown [s\src\hotspot\share\prims\jni.cpp, line 517]
Event: 36.349 Thread 0x000001ed95aff250 Exception <a 'sun/nio/fs/WindowsException'{0x000000008b885b60}> (0x000000008b885b60) 
thrown [s\src\hotspot\share\prims\jni.cpp, line 517]
Event: 36.357 Thread 0x000001ed95aff250 Exception <a 'sun/nio/fs/WindowsException'{0x000000008b886ec0}> (0x000000008b886ec0) 
thrown [s\src\hotspot\share\prims\jni.cpp, line 517]
Event: 36.414 Thread 0x000001ed95aff250 Exception <a 'sun/nio/fs/WindowsException'{0x000000008b8881a0}> (0x000000008b8881a0) 
thrown [s\src\hotspot\share\prims\jni.cpp, line 517]
Event: 36.432 Thread 0x000001ed95aff250 Exception <a 'sun/nio/fs/WindowsException'{0x000000008b889420}> (0x000000008b889420) 
thrown [s\src\hotspot\share\prims\jni.cpp, line 517]
Event: 36.505 Thread 0x000001ed95aff250 Exception <a 'sun/nio/fs/WindowsException'{0x000000008b88a718}> (0x000000008b88a718) 
thrown [s\src\hotspot\share\prims\jni.cpp, line 517]
Event: 36.525 Thread 0x000001ed95aff250 Exception <a 'sun/nio/fs/WindowsException'{0x000000008b88ba68}> (0x000000008b88ba68) 
thrown [s\src\hotspot\share\prims\jni.cpp, line 517]

VM Operations (20 events):
Event: 31.483 Executing VM operation: G1TryInitiateConcMark done
Event: 32.487 Executing VM operation: Cleanup
Event: 32.566 Executing VM operation: Cleanup done
Event: 33.357 Executing VM operation: G1Concurrent
Event: 34.073 Executing VM operation: G1Concurrent done
Event: 35.092 Executing VM operation: Cleanup
Event: 35.197 Executing VM operation: Cleanup done
Event: 35.508 Executing VM operation: G1Concurrent
Event: 35.530 Executing VM operation: G1Concurrent done
Event: 36.531 Executing VM operation: Cleanup
Event: 36.546 Executing VM operation: Cleanup done
Event: 36.569 Executing VM operation: G1CollectForAllocation
Event: 36.750 Executing VM operation: G1CollectForAllocation done
Event: 37.116 Executing VM operation: G1CollectForAllocation
Event: 37.160 Executing VM operation: G1CollectForAllocation done
Event: 37.568 Executing VM operation: HandshakeAllThreads
Event: 37.577 Executing VM operation: HandshakeAllThreads done
Event: 38.578 Executing VM operation: Cleanup
Event: 38.580 Executing VM operation: Cleanup done
Event: 39.147 Executing VM operation: G1CollectForAllocation

Events (20 events):
Event: 38.604 Thread 0x000001edff3500c0 flushing nmethod 0x000001ed8120e510
Event: 38.607 Thread 0x000001edff3500c0 flushing nmethod 0x000001ed81243e90
Event: 38.608 Thread 0x000001edff3500c0 flushing nmethod 0x000001ed81248d90
Event: 38.610 Thread 0x000001edff3500c0 flushing nmethod 0x000001ed8126b590
Event: 38.614 Thread 0x000001edff3500c0 flushing nmethod 0x000001ed81280e10
Event: 38.615 Thread 0x000001edff3500c0 flushing nmethod 0x000001ed81281f90
Event: 38.615 Thread 0x000001edff3500c0 flushing nmethod 0x000001ed81284190
Event: 38.615 Thread 0x000001edff3500c0 flushing nmethod 0x000001ed81285f10
Event: 38.618 Thread 0x000001edff3500c0 flushing nmethod 0x000001ed812a4090
Event: 38.619 Thread 0x000001edff3500c0 flushing nmethod 0x000001ed812a8810
Event: 38.621 Thread 0x000001edff3500c0 flushing nmethod 0x000001ed812cbb10
Event: 38.621 Thread 0x000001edff3500c0 flushing nmethod 0x000001ed812cfb90
Event: 38.628 Thread 0x000001edff3500c0 flushing nmethod 0x000001ed8131ed10
Event: 38.628 Thread 0x000001edff3500c0 flushing nmethod 0x000001ed8131f190
Event: 38.628 Thread 0x000001edff3500c0 flushing nmethod 0x000001ed81320310
Event: 38.631 Thread 0x000001edff3500c0 flushing nmethod 0x000001ed81333410
Event: 38.632 Thread 0x000001edff3500c0 flushing nmethod 0x000001ed8134b810
Event: 38.632 Thread 0x000001edff3500c0 flushing nmethod 0x000001ed8134e310
Event: 39.083 loading class com/sun/xml/internal/stream/util/ReadOnlyIterator
Event: 39.092 loading class com/sun/xml/internal/stream/util/ReadOnlyIterator done


Dynamic libraries:
0x00007ff7faf40000 - 0x00007ff7faf4a000 	C:\Program Files\Android\Android Studio\jbr\bin\java.exe
0x00007ffba5c00000 - 0x00007ffba5e09000 	C:\Windows\SYSTEM32\ntdll.dll
0x00007ffba4300000 - 0x00007ffba43be000 	C:\Windows\System32\KERNEL32.DLL
0x00007ffba3490000 - 0x00007ffba3814000 	C:\Windows\System32\KERNELBASE.dll
0x00007ffba3940000 - 0x00007ffba3a51000 	C:\Windows\System32\ucrtbase.dll
0x00007ffb83790000 - 0x00007ffb837a7000 	C:\Program Files\Android\Android Studio\jbr\bin\jli.dll
0x00007ffb83770000 - 0x00007ffb8378b000 	C:\Program Files\Android\Android Studio\jbr\bin\VCRUNTIME140.dll
0x00007ffba5280000 - 0x00007ffba542d000 	C:\Windows\System32\USER32.dll
0x00007ffba31d0000 - 0x00007ffba31f6000 	C:\Windows\System32\win32u.dll
0x00007ffba5b90000 - 0x00007ffba5bba000 	C:\Windows\System32\GDI32.dll
0x00007ffba3820000 - 0x00007ffba393f000 	C:\Windows\System32\gdi32full.dll
0x00007ffba3200000 - 0x00007ffba329d000 	C:\Windows\System32\msvcp_win.dll
0x00007ffb885e0000 - 0x00007ffb88885000 	C:\Windows\WinSxS\amd64_microsoft.windows.common-controls_6595b64144ccf1df_6.0.22000.120_none_9d947278b86cc467\COMCTL32.dll
0x00007ffba4080000 - 0x00007ffba4123000 	C:\Windows\System32\msvcrt.dll
0x00007ffba3d10000 - 0x00007ffba3d41000 	C:\Windows\System32\IMM32.DLL
0x00007ffb95990000 - 0x00007ffb9599c000 	C:\Program Files\Android\Android Studio\jbr\bin\vcruntime140_1.dll
0x00007ffb70350000 - 0x00007ffb703dd000 	C:\Program Files\Android\Android Studio\jbr\bin\msvcp140.dll
0x00007ffb5b3e0000 - 0x00007ffb5c04d000 	C:\Program Files\Android\Android Studio\jbr\bin\server\jvm.dll
0x00007ffba43c0000 - 0x00007ffba446f000 	C:\Windows\System32\ADVAPI32.dll
0x00007ffba5430000 - 0x00007ffba54ce000 	C:\Windows\System32\sechost.dll
0x00007ffba4970000 - 0x00007ffba4a91000 	C:\Windows\System32\RPCRT4.dll
0x00007ffb986d0000 - 0x00007ffb98703000 	C:\Windows\SYSTEM32\WINMM.dll
0x00007ffb9eb30000 - 0x00007ffb9eb39000 	C:\Windows\SYSTEM32\WSOCK32.dll
0x00007ffb9c5d0000 - 0x00007ffb9c5da000 	C:\Windows\SYSTEM32\VERSION.dll
0x00007ffba5540000 - 0x00007ffba55af000 	C:\Windows\System32\WS2_32.dll
0x00007ffba2200000 - 0x00007ffba2218000 	C:\Windows\SYSTEM32\kernel.appcore.dll
0x00007ffb99090000 - 0x00007ffb9909a000 	C:\Program Files\Android\Android Studio\jbr\bin\jimage.dll
0x00007ffba0a20000 - 0x00007ffba0c41000 	C:\Windows\SYSTEM32\DBGHELP.DLL
0x00007ffb880f0000 - 0x00007ffb88121000 	C:\Windows\SYSTEM32\dbgcore.DLL
0x00007ffba3410000 - 0x00007ffba348f000 	C:\Windows\System32\bcryptPrimitives.dll
0x00007ffb91ca0000 - 0x00007ffb91cc5000 	C:\Program Files\Android\Android Studio\jbr\bin\java.dll
0x00007ffb964c0000 - 0x00007ffb964d8000 	C:\Program Files\Android\Android Studio\jbr\bin\zip.dll
0x00007ffba4aa0000 - 0x00007ffba5265000 	C:\Windows\System32\SHELL32.dll
0x00007ffba1170000 - 0x00007ffba19d4000 	C:\Windows\SYSTEM32\windows.storage.dll
0x00007ffba4570000 - 0x00007ffba48e6000 	C:\Windows\System32\combase.dll
0x00007ffba1000000 - 0x00007ffba1167000 	C:\Windows\SYSTEM32\wintypes.dll
0x00007ffba3c20000 - 0x00007ffba3d0a000 	C:\Windows\System32\SHCORE.dll
0x00007ffba54d0000 - 0x00007ffba552d000 	C:\Windows\System32\shlwapi.dll
0x00007ffba2fd0000 - 0x00007ffba2ff1000 	C:\Windows\SYSTEM32\profapi.dll
0x00007ffb91c80000 - 0x00007ffb91c99000 	C:\Program Files\Android\Android Studio\jbr\bin\net.dll
0x00007ffb9b5b0000 - 0x00007ffb9b6c3000 	C:\Windows\SYSTEM32\WINHTTP.dll
0x00007ffba26b0000 - 0x00007ffba2717000 	C:\Windows\system32\mswsock.dll
0x00007ffb915b0000 - 0x00007ffb915c6000 	C:\Program Files\Android\Android Studio\jbr\bin\nio.dll
0x00007ffb95a80000 - 0x00007ffb95a90000 	C:\Program Files\Android\Android Studio\jbr\bin\verify.dll
0x00007ffb88d30000 - 0x00007ffb88d57000 	C:\Users\lenovo\.gradle\native\68d5fa5c4cc2d200863cafc0d521ce42e7d3e7ee720ec0a83991735586a16f82\windows-amd64\native-platform.dll
0x00007ffb67f50000 - 0x00007ffb68094000 	C:\Users\lenovo\.gradle\native\e376f236ea51e6404a007f0833ffe2c6e607c4080706a723a18a27aeea778392\windows-amd64\native-platform-file-events.dll
0x00007ffb95c30000 - 0x00007ffb95c39000 	C:\Program Files\Android\Android Studio\jbr\bin\management.dll
0x00007ffb95c10000 - 0x00007ffb95c1b000 	C:\Program Files\Android\Android Studio\jbr\bin\management_ext.dll
0x00007ffba5530000 - 0x00007ffba5538000 	C:\Windows\System32\PSAPI.DLL
0x00007ffba2900000 - 0x00007ffba2918000 	C:\Windows\SYSTEM32\CRYPTSP.dll
0x00007ffba2160000 - 0x00007ffba2195000 	C:\Windows\system32\rsaenh.dll
0x00007ffba27b0000 - 0x00007ffba27d9000 	C:\Windows\SYSTEM32\USERENV.dll
0x00007ffba2a80000 - 0x00007ffba2aa7000 	C:\Windows\SYSTEM32\bcrypt.dll
0x00007ffba2920000 - 0x00007ffba292c000 	C:\Windows\SYSTEM32\CRYPTBASE.dll
0x00007ffba1d20000 - 0x00007ffba1d4d000 	C:\Windows\SYSTEM32\IPHLPAPI.DLL
0x00007ffba4070000 - 0x00007ffba4079000 	C:\Windows\System32\NSI.dll
0x00007ffb99a30000 - 0x00007ffb99a49000 	C:\Windows\SYSTEM32\dhcpcsvc6.DLL
0x00007ffb9b0e0000 - 0x00007ffb9b0fe000 	C:\Windows\SYSTEM32\dhcpcsvc.DLL
0x00007ffba1d50000 - 0x00007ffba1e37000 	C:\Windows\SYSTEM32\DNSAPI.dll
0x00007ffb95980000 - 0x00007ffb95988000 	C:\Windows\system32\wshunix.dll
0x00007ffba2220000 - 0x00007ffba2254000 	C:\Windows\SYSTEM32\ntmarta.dll

dbghelp: loaded successfully - version: 4.0.5 - missing functions: none
symbol engine: initialized successfully - sym options: 0x614 - pdb path: .;C:\Program Files\Android\Android Studio\jbr\bin;C:\Windows\SYSTEM32;C:\Windows\WinSxS\amd64_microsoft.windows.common-controls_6595b64144ccf1df_6.0.22000.120_none_9d947278b86cc467;C:\Program Files\Android\Android Studio\jbr\bin\server;C:\Users\lenovo\.gradle\native\68d5fa5c4cc2d200863cafc0d521ce42e7d3e7ee720ec0a83991735586a16f82\windows-amd64;C:\Users\lenovo\.gradle\native\e376f236ea51e6404a007f0833ffe2c6e607c4080706a723a18a27aeea778392\windows-amd64

VM Arguments:
jvm_args: --add-opens=java.base/java.util=ALL-UNNAMED --add-opens=java.base/java.lang=ALL-UNNAMED --add-opens=java.base/java.lang.invoke=ALL-UNNAMED --add-opens=java.prefs/java.util.prefs=ALL-UNNAMED --add-opens=java.base/java.nio.charset=ALL-UNNAMED --add-opens=java.base/java.net=ALL-UNNAMED --add-opens=java.base/java.util.concurrent.atomic=ALL-UNNAMED -Xmx2048m -Dfile.encoding=UTF-8 -Duser.country=FR -Duser.language=fr -Duser.variant 
java_command: org.gradle.launcher.daemon.bootstrap.GradleDaemon 8.0
java_class_path (initial): C:\Users\lenovo\.gradle\wrapper\dists\gradle-8.0-bin\ca5e32bp14vu59qr306oxotwh\gradle-8.0\lib\gradle-launcher-8.0.jar
Launcher Type: SUN_STANDARD

[Global flags]
     intx CICompilerCount                          = 3                                         {product} {ergonomic}
     uint ConcGCThreads                            = 1                                         {product} {ergonomic}
     uint G1ConcRefinementThreads                  = 4                                         {product} {ergonomic}
   size_t G1HeapRegionSize                         = 1048576                                   {product} {ergonomic}
    uintx GCDrainStackTargetSize                   = 64                                        {product} {ergonomic}
   size_t InitialHeapSize                          = 65011712                                  {product} {ergonomic}
   size_t MarkStackSize                            = 4194304                                   {product} {ergonomic}
   size_t MaxHeapSize                              = 2147483648                                {product} {command line}
   size_t MaxNewSize                               = 1287651328                                {product} {ergonomic}
   size_t MinHeapDeltaBytes                        = 1048576                                   {product} {ergonomic}
   size_t MinHeapSize                              = 8388608                                   {product} {ergonomic}
    uintx NonNMethodCodeHeapSize                   = 5832780                                {pd product} {ergonomic}
    uintx NonProfiledCodeHeapSize                  = 122912730                              {pd product} {ergonomic}
    uintx ProfiledCodeHeapSize                     = 122912730                              {pd product} {ergonomic}
    uintx ReservedCodeCacheSize                    = 251658240                              {pd product} {ergonomic}
     bool SegmentedCodeCache                       = true                                      {product} {ergonomic}
   size_t SoftMaxHeapSize                          = 2147483648                             {manageable} {ergonomic}
     bool UseCompressedClassPointers               = true                           {product lp64_product} {ergonomic}
     bool UseCompressedOops                        = true                           {product lp64_product} {ergonomic}
     bool UseG1GC                                  = true                                      {product} {ergonomic}
     bool UseLargePagesIndividualAllocation        = false                                  {pd product} {ergonomic}

Logging:
Log output configuration:
 #0: stdout all=warning uptime,level,tags
 #1: stderr all=off uptime,level,tags

Environment Variables:
PATH=C:\Program Files (x86)\Common Files\Oracle\Java\javapath;C:\Windows\system32;C:\Windows;C:\Windows\System32\Wbem;C:\Windows\System32\WindowsPowerShell\v1.0\;C:\Windows\System32\OpenSSH\;C:\Program Files\Git\cmd;C:\Users\lenovo\AppData\Local\Microsoft\WindowsApps;
USERNAME=lenovo
OS=Windows_NT
PROCESSOR_IDENTIFIER=Intel64 Family 6 Model 140 Stepping 1, GenuineIntel
TMP=C:\Users\lenovo\AppData\Local\Temp
TEMP=C:\Users\lenovo\AppData\Local\Temp



---------------  S Y S T E M  ---------------

OS:
 Windows 11 , 64 bit Build 22000 (10.0.22000.2003)
OS uptime: 9 days 2:06 hours

CPU: total 4 (initial active 4) (2 cores per cpu, 2 threads per core) family 6 model 140 stepping 1 microcode 0x9a, cx8, cmov, fxsr, ht, mmx, 3dnowpref, sse, sse2, sse3, ssse3, sse4.1, sse4.2, popcnt, lzcnt, tsc, tscinvbit, avx, avx2, aes, erms, clmul, bmi1, bmi2, adx, avx512f, avx512dq, avx512cd, avx512bw, avx512vl, sha, fma, vzeroupper, avx512_vpopcntdq, avx512_vpclmulqdq, avx512_vaes, avx512_vnni, clflush, clflushopt, clwb, avx512_vbmi2, avx512_vbmi

Memory: 4k page, system-wide physical 3895M (63M free)
TotalPageFile size 15671M (AvailPageFile size 54M)
current process WorkingSet (physical memory assigned to process): 88M, peak: 225M
current process commit charge ("private bytes"): 496M, peak: 711M

vm_info: OpenJDK 64-Bit Server VM (17.0.6+0-b2043.56-9586694) for windows-amd64 JRE (17.0.6+0-b2043.56-9586694), built on Feb  9 2023 20:06:20 by "androidbuild" with MS VC++ 16.10 / 16.11 (VS2019)

END.
