#
# There is insufficient memory for the Java Runtime Environment to continue.
# Native memory allocation (malloc) failed to allocate 2138944 bytes for Chunk::new
# Possible reasons:
#   The system is out of physical RAM or swap space
#   The process is running with CompressedOops enabled, and the Java Heap may be blocking the growth of the native heap
# Possible solutions:
#   Reduce memory load on the system
#   Increase physical memory or swap space
#   Check if swap backing store is full
#   Decrease Java heap size (-Xmx/-Xms)
#   Decrease number of Java threads
#   Decrease Java thread stack sizes (-Xss)
#   Set larger code cache with -XX:ReservedCodeCacheSize=
#   JVM is running with Unscaled Compressed Oops mode in which the Java heap is
#     placed in the first 4GB address space. The Java Heap base address is the
#     maximum limit for the native heap growth. Please use -XX:HeapBaseMinAddress
#     to set the Java Heap base and to place the Java Heap above 4GB virtual address.
# This output file may be truncated or incomplete.
#
#  Out of Memory Error (arena.cpp:189), pid=49288, tid=48504
#
# JRE version: OpenJDK Runtime Environment (17.0.6) (build 17.0.6+0-b2043.56-9586694)
# Java VM: OpenJDK 64-Bit Server VM (17.0.6+0-b2043.56-9586694, mixed mode, tiered, compressed oops, compressed class ptrs, g1 gc, windows-amd64)
# No core dump will be written. Minidumps are not enabled by default on client versions of Windows
#

---------------  S U M M A R Y ------------

Command Line: --add-opens=java.base/java.util=ALL-UNNAMED --add-opens=java.base/java.lang=ALL-UNNAMED --add-opens=java.base/java.lang.invoke=ALL-UNNAMED --add-opens=java.prefs/java.util.prefs=ALL-UNNAMED --add-opens=java.base/java.nio.charset=ALL-UNNAMED --add-opens=java.base/java.net=ALL-UNNAMED --add-opens=java.base/java.util.concurrent.atomic=ALL-UNNAMED -Xmx2048m -Dfile.encoding=UTF-8 -Duser.country=FR -Duser.language=fr -Duser.variant org.gradle.launcher.daemon.bootstrap.GradleDaemon 8.0

Host: 11th Gen Intel(R) Core(TM) i3-1115G4 @ 3.00GHz, 4 cores, 3G,  Windows 11 , 64 bit Build 22000 (10.0.22000.2003)
Time: Sat Jul  1 01:19:44 2023 Maroc (heure d64 bit Build 22000 (10.0.22000.2003) elapsed time: 16.894415 seconds (0d 0h 0m 16s)

---------------  T H R E A D  ---------------

Current thread (0x000001eb43c16ed0):  JavaThread "C2 CompilerThread0" daemon [_thread_in_native, id=48504, stack(0x0000002602000000,0x0000002602100000)]


Current CompileTask:
C2:  16894 7960       4       org.gradle.internal.instantiation.generator.AbstractClassGenerator::inspectType (560 bytes)

Stack: [0x0000002602000000,0x0000002602100000]
Native frames: (J=compiled Java code, j=interpreted, Vv=VM code, C=native code)
V  [jvm.dll+0x683b4a]
V  [jvm.dll+0x842654]
V  [jvm.dll+0x843dfe]
V  [jvm.dll+0x844463]
V  [jvm.dll+0x249b75]
V  [jvm.dll+0xabcac]
V  [jvm.dll+0xac27c]
V  [jvm.dll+0x368857]
V  [jvm.dll+0x1bd0b8]
V  [jvm.dll+0x21c359]
V  [jvm.dll+0x21b621]
V  [jvm.dll+0x1a4fdd]
V  [jvm.dll+0x22b098]
V  [jvm.dll+0x229159]
V  [jvm.dll+0x7f809c]
V  [jvm.dll+0x7f25fa]
V  [jvm.dll+0x682985]
C  [ucrtbase.dll+0x26c0c]
C  [KERNEL32.DLL+0x155a0]
C  [ntdll.dll+0x485b]


---------------  P R O C E S S  ---------------

Threads class SMR info:
_java_thread_list=0x000001eb4aaef730, length=81, elements={
0x000001eb29a298e0, 0x000001eb42fca510, 0x000001eb42fcd0d0, 0x000001eb43c14430,
0x000001eb43c14de0, 0x000001eb43c15790, 0x000001eb43c16140, 0x000001eb43c16ed0,
0x000001eb43c0e980, 0x000001eb43c0f280, 0x000001eb43d6a030, 0x000001eb43d88440,
0x000001eb460c4950, 0x000001eb44ddf550, 0x000001eb4567a7f0, 0x000001eb460c2020,
0x000001eb44ddacd0, 0x000001eb45605ad0, 0x000001eb45605fa0, 0x000001eb4549ef40,
0x000001eb454a0750, 0x000001eb4549d260, 0x000001eb454a0280, 0x000001eb454a0c20,
0x000001eb4549e5a0, 0x000001eb4549ea70, 0x000001eb4549d730, 0x000001eb4549f8e0,
0x000001eb4549f410, 0x000001eb4549e0d0, 0x000001eb4549fdb0, 0x000001eb47d42580,
0x000001eb47d3e6f0, 0x000001eb47d3f090, 0x000001eb47d42a50, 0x000001eb47d3fa30,
0x000001eb47d42f20, 0x000001eb47d41240, 0x000001eb47d3f560, 0x000001eb47d408a0,
0x000001eb47d41710, 0x000001eb47d438c0, 0x000001eb47d420b0, 0x000001eb47d3d3b0,
0x000001eb47d40d70, 0x000001eb47d3c070, 0x000001eb47d3c540, 0x000001eb47d3ca10,
0x000001eb47d3ff00, 0x000001eb47d3dd50, 0x000001eb47d3cee0, 0x000001eb47d3e220,
0x000001eb47d3d880, 0x000001eb47d403d0, 0x000001eb46c04530, 0x000001eb46bfcce0,
0x000001eb46bfd1b0, 0x000001eb46c04060, 0x000001eb46bff830, 0x000001eb46c01510,
0x000001eb46bfd680, 0x000001eb46bfdb50, 0x000001eb46bfe4f0, 0x000001eb46bff360,
0x000001eb46c02380, 0x000001eb46c031f0, 0x000001eb46bfe9c0, 0x000001eb46bfe020,
0x000001eb46c02850, 0x000001eb46bfee90, 0x000001eb46bffd00, 0x000001eb46c001d0,
0x000001eb46c006a0, 0x000001eb46c036c0, 0x000001eb46c00b70, 0x000001eb46c01040,
0x000001eb46c019e0, 0x000001eb46c01eb0, 0x000001eb46c02d20, 0x000001eb46c03b90,
0x000001eb4a759210
}

Java Threads: ( => current thread )
  0x000001eb29a298e0 JavaThread "main" [_thread_blocked, id=48420, stack(0x0000002601300000,0x0000002601400000)]
  0x000001eb42fca510 JavaThread "Reference Handler" daemon [_thread_blocked, id=48812, stack(0x0000002601a00000,0x0000002601b00000)]
  0x000001eb42fcd0d0 JavaThread "Finalizer" daemon [_thread_blocked, id=46692, stack(0x0000002601b00000,0x0000002601c00000)]
  0x000001eb43c14430 JavaThread "Signal Dispatcher" daemon [_thread_blocked, id=42328, stack(0x0000002601c00000,0x0000002601d00000)]
  0x000001eb43c14de0 JavaThread "Attach Listener" daemon [_thread_blocked, id=49956, stack(0x0000002601d00000,0x0000002601e00000)]
  0x000001eb43c15790 JavaThread "Service Thread" daemon [_thread_blocked, id=37456, stack(0x0000002601e00000,0x0000002601f00000)]
  0x000001eb43c16140 JavaThread "Monitor Deflation Thread" daemon [_thread_blocked, id=50016, stack(0x0000002601f00000,0x0000002602000000)]
=>0x000001eb43c16ed0 JavaThread "C2 CompilerThread0" daemon [_thread_in_native, id=48504, stack(0x0000002602000000,0x0000002602100000)]
  0x000001eb43c0e980 JavaThread "C1 CompilerThread0" daemon [_thread_blocked, id=46932, stack(0x0000002602100000,0x0000002602200000)]
  0x000001eb43c0f280 JavaThread "Sweeper thread" daemon [_thread_blocked, id=49544, stack(0x0000002602200000,0x0000002602300000)]
  0x000001eb43d6a030 JavaThread "Common-Cleaner" daemon [_thread_blocked, id=48364, stack(0x0000002602300000,0x0000002602400000)]
  0x000001eb43d88440 JavaThread "Notification Thread" daemon [_thread_blocked, id=48344, stack(0x0000002602400000,0x0000002602500000)]
  0x000001eb460c4950 JavaThread "Daemon health stats" [_thread_blocked, id=49784, stack(0x0000002602900000,0x0000002602a00000)]
  0x000001eb44ddf550 JavaThread "Incoming local TCP Connector on port 54267" [_thread_in_native, id=40048, stack(0x0000002602a00000,0x0000002602b00000)]
  0x000001eb4567a7f0 JavaThread "Daemon periodic checks" [_thread_blocked, id=46724, stack(0x0000002602b00000,0x0000002602c00000)]
  0x000001eb460c2020 JavaThread "Daemon" [_thread_blocked, id=47628, stack(0x0000002602c00000,0x0000002602d00000)]
  0x000001eb44ddacd0 JavaThread "Handler for socket connection from /127.0.0.1:54267 to /127.0.0.1:54268" [_thread_in_native, id=34784, stack(0x0000002602d00000,0x0000002602e00000)]
  0x000001eb45605ad0 JavaThread "Cancel handler" [_thread_blocked, id=48596, stack(0x0000002602e00000,0x0000002602f00000)]
  0x000001eb45605fa0 JavaThread "Daemon worker" [_thread_in_native, id=46296, stack(0x0000002602f00000,0x0000002603000000)]
  0x000001eb4549ef40 JavaThread "Asynchronous log dispatcher for DefaultDaemonConnection: socket connection from /127.0.0.1:54267 to /127.0.0.1:54268" [_thread_blocked, id=45224, stack(0x0000002603000000,0x0000002603100000)]
  0x000001eb454a0750 JavaThread "Stdin handler" [_thread_blocked, id=48832, stack(0x0000002603100000,0x0000002603200000)]
  0x000001eb4549d260 JavaThread "Daemon client event forwarder" [_thread_blocked, id=47724, stack(0x0000002603200000,0x0000002603300000)]
  0x000001eb454a0280 JavaThread "Cache worker for journal cache (C:\Users\lenovo\.gradle\caches\journal-1)" [_thread_blocked, id=47480, stack(0x0000002603300000,0x0000002603400000)]
  0x000001eb454a0c20 JavaThread "File lock request listener" [_thread_in_native, id=46600, stack(0x0000002603400000,0x0000002603500000)]
  0x000001eb4549e5a0 JavaThread "Cache worker for file hash cache (C:\Users\lenovo\.gradle\caches\8.0\fileHashes)" [_thread_blocked, id=48896, stack(0x0000002603500000,0x0000002603600000)]
  0x000001eb4549ea70 JavaThread "File watcher server" daemon [_thread_in_native, id=49404, stack(0x0000002603600000,0x0000002603700000)]
  0x000001eb4549d730 JavaThread "File watcher consumer" daemon [_thread_blocked, id=49596, stack(0x0000002603700000,0x0000002603800000)]
  0x000001eb4549f8e0 JavaThread "Cache worker for checksums cache (C:\Users\lenovo\AndroidStudioProjects\MyApplication\.gradle\8.0\checksums)" [_thread_blocked, id=32344, stack(0x0000002603800000,0x0000002603900000)]
  0x000001eb4549f410 JavaThread "Cache worker for cache directory md-rule (C:\Users\lenovo\.gradle\caches\8.0\md-rule)" [_thread_blocked, id=49388, stack(0x0000002603900000,0x0000002603a00000)]
  0x000001eb4549e0d0 JavaThread "Cache worker for file content cache (C:\Users\lenovo\.gradle\caches\8.0\fileContent)" [_thread_blocked, id=10076, stack(0x0000002603a00000,0x0000002603b00000)]
  0x000001eb4549fdb0 JavaThread "Cache worker for file hash cache (C:\Users\lenovo\AndroidStudioProjects\MyApplication\.gradle\8.0\fileHashes)" [_thread_blocked, id=48680, stack(0x0000002603b00000,0x0000002603c00000)]
  0x000001eb47d42580 JavaThread "Cache worker for cache directory md-supplier (C:\Users\lenovo\.gradle\caches\8.0\md-supplier)" [_thread_blocked, id=49856, stack(0x0000002603c00000,0x0000002603d00000)]
  0x000001eb47d3e6f0 JavaThread "Cache worker for execution history cache (C:\Users\lenovo\.gradle\caches\8.0\executionHistory)" [_thread_blocked, id=49940, stack(0x0000002603d00000,0x0000002603e00000)]
  0x000001eb47d3f090 JavaThread "jar transforms" [_thread_blocked, id=49256, stack(0x0000002603e00000,0x0000002603f00000)]
  0x000001eb47d42a50 JavaThread "jar transforms Thread 2" [_thread_blocked, id=45232, stack(0x0000002603f00000,0x0000002604000000)]
  0x000001eb47d3fa30 JavaThread "jar transforms Thread 3" [_thread_blocked, id=45564, stack(0x0000002604000000,0x0000002604100000)]
  0x000001eb47d42f20 JavaThread "jar transforms Thread 4" [_thread_blocked, id=48548, stack(0x0000002604100000,0x0000002604200000)]
  0x000001eb47d41240 JavaThread "Cache worker for dependencies-accessors (C:\Users\lenovo\AndroidStudioProjects\MyApplication\.gradle\8.0\dependencies-accessors)" [_thread_blocked, id=47664, stack(0x0000002604200000,0x0000002604300000)]
  0x000001eb47d3f560 JavaThread "Cache worker for Build Output Cleanup Cache (C:\Users\lenovo\AndroidStudioProjects\MyApplication\.gradle\buildOutputCleanup)" [_thread_blocked, id=48192, stack(0x0000002604300000,0x0000002604400000)]
  0x000001eb47d408a0 JavaThread "Unconstrained build operations" [_thread_blocked, id=49796, stack(0x0000002604400000,0x0000002604500000)]
  0x000001eb47d41710 JavaThread "Unconstrained build operations Thread 2" [_thread_blocked, id=50160, stack(0x0000002604500000,0x0000002604600000)]
  0x000001eb47d438c0 JavaThread "Unconstrained build operations Thread 3" [_thread_blocked, id=47084, stack(0x0000002604600000,0x0000002604700000)]
  0x000001eb47d420b0 JavaThread "Unconstrained build operations Thread 4" [_thread_blocked, id=46488, stack(0x0000002604700000,0x0000002604800000)]
  0x000001eb47d3d3b0 JavaThread "Unconstrained build operations Thread 5" [_thread_blocked, id=48248, stack(0x0000002604800000,0x0000002604900000)]
  0x000001eb47d40d70 JavaThread "Unconstrained build operations Thread 6" [_thread_blocked, id=44784, stack(0x0000002604900000,0x0000002604a00000)]
  0x000001eb47d3c070 JavaThread "Unconstrained build operations Thread 7" [_thread_blocked, id=42520, stack(0x0000002604a00000,0x0000002604b00000)]
  0x000001eb47d3c540 JavaThread "Unconstrained build operations Thread 8" [_thread_blocked, id=48272, stack(0x0000002604b00000,0x0000002604c00000)]
  0x000001eb47d3ca10 JavaThread "Unconstrained build operations Thread 9" [_thread_blocked, id=42564, stack(0x0000002604c00000,0x0000002604d00000)]
  0x000001eb47d3ff00 JavaThread "Unconstrained build operations Thread 10" [_thread_blocked, id=48172, stack(0x0000002604d00000,0x0000002604e00000)]
  0x000001eb47d3dd50 JavaThread "Unconstrained build operations Thread 11" [_thread_blocked, id=49024, stack(0x0000002604e00000,0x0000002604f00000)]
  0x000001eb47d3cee0 JavaThread "Unconstrained build operations Thread 12" [_thread_blocked, id=46292, stack(0x0000002604f00000,0x0000002605000000)]
  0x000001eb47d3e220 JavaThread "Unconstrained build operations Thread 13" [_thread_blocked, id=39700, stack(0x0000002605000000,0x0000002605100000)]
  0x000001eb47d3d880 JavaThread "Unconstrained build operations Thread 14" [_thread_blocked, id=41004, stack(0x0000002605100000,0x0000002605200000)]
  0x000001eb47d403d0 JavaThread "Unconstrained build operations Thread 15" [_thread_blocked, id=48876, stack(0x0000002605200000,0x0000002605300000)]
  0x000001eb46c04530 JavaThread "Unconstrained build operations Thread 16" [_thread_blocked, id=19340, stack(0x0000002605300000,0x0000002605400000)]
  0x000001eb46bfcce0 JavaThread "Unconstrained build operations Thread 17" [_thread_blocked, id=45336, stack(0x0000002605400000,0x0000002605500000)]
  0x000001eb46bfd1b0 JavaThread "Unconstrained build operations Thread 18" [_thread_blocked, id=49728, stack(0x0000002605500000,0x0000002605600000)]
  0x000001eb46c04060 JavaThread "Unconstrained build operations Thread 19" [_thread_blocked, id=49980, stack(0x0000002605600000,0x0000002605700000)]
  0x000001eb46bff830 JavaThread "Unconstrained build operations Thread 20" [_thread_blocked, id=47648, stack(0x0000002605700000,0x0000002605800000)]
  0x000001eb46c01510 JavaThread "Unconstrained build operations Thread 21" [_thread_blocked, id=44096, stack(0x0000002605800000,0x0000002605900000)]
  0x000001eb46bfd680 JavaThread "Unconstrained build operations Thread 22" [_thread_blocked, id=48152, stack(0x0000002605900000,0x0000002605a00000)]
  0x000001eb46bfdb50 JavaThread "Unconstrained build operations Thread 23" [_thread_blocked, id=49912, stack(0x0000002605a00000,0x0000002605b00000)]
  0x000001eb46bfe4f0 JavaThread "Unconstrained build operations Thread 24" [_thread_blocked, id=46816, stack(0x0000002605b00000,0x0000002605c00000)]
  0x000001eb46bff360 JavaThread "Unconstrained build operations Thread 25" [_thread_blocked, id=50124, stack(0x0000002605c00000,0x0000002605d00000)]
  0x000001eb46c02380 JavaThread "Unconstrained build operations Thread 26" [_thread_blocked, id=50044, stack(0x0000002605d00000,0x0000002605e00000)]
  0x000001eb46c031f0 JavaThread "Unconstrained build operations Thread 27" [_thread_blocked, id=47384, stack(0x0000002605e00000,0x0000002605f00000)]
  0x000001eb46bfe9c0 JavaThread "Unconstrained build operations Thread 28" [_thread_blocked, id=49100, stack(0x0000002605f00000,0x0000002606000000)]
  0x000001eb46bfe020 JavaThread "Unconstrained build operations Thread 29" [_thread_blocked, id=44632, stack(0x0000002606000000,0x0000002606100000)]
  0x000001eb46c02850 JavaThread "Unconstrained build operations Thread 30" [_thread_blocked, id=47912, stack(0x0000002606100000,0x0000002606200000)]
  0x000001eb46bfee90 JavaThread "Unconstrained build operations Thread 31" [_thread_blocked, id=49900, stack(0x0000002606200000,0x0000002606300000)]
  0x000001eb46bffd00 JavaThread "Unconstrained build operations Thread 32" [_thread_blocked, id=49880, stack(0x0000002606300000,0x0000002606400000)]
  0x000001eb46c001d0 JavaThread "Unconstrained build operations Thread 33" [_thread_blocked, id=42208, stack(0x0000002606400000,0x0000002606500000)]
  0x000001eb46c006a0 JavaThread "Unconstrained build operations Thread 34" [_thread_blocked, id=46744, stack(0x0000002606500000,0x0000002606600000)]
  0x000001eb46c036c0 JavaThread "Unconstrained build operations Thread 35" [_thread_blocked, id=49584, stack(0x0000002606600000,0x0000002606700000)]
  0x000001eb46c00b70 JavaThread "Unconstrained build operations Thread 36" [_thread_blocked, id=46676, stack(0x0000002606700000,0x0000002606800000)]
  0x000001eb46c01040 JavaThread "Unconstrained build operations Thread 37" [_thread_blocked, id=47864, stack(0x0000002606800000,0x0000002606900000)]
  0x000001eb46c019e0 JavaThread "Unconstrained build operations Thread 38" [_thread_blocked, id=47240, stack(0x0000002606900000,0x0000002606a00000)]
  0x000001eb46c01eb0 JavaThread "Unconstrained build operations Thread 39" [_thread_blocked, id=38320, stack(0x0000002606a00000,0x0000002606b00000)]
  0x000001eb46c02d20 JavaThread "Unconstrained build operations Thread 40" [_thread_blocked, id=47684, stack(0x0000002606b00000,0x0000002606c00000)]
  0x000001eb46c03b90 JavaThread "build event listener" [_thread_blocked, id=49012, stack(0x0000002606c00000,0x0000002606d00000)]
  0x000001eb4a759210 JavaThread "Memory manager" [_thread_blocked, id=42560, stack(0x0000002606d00000,0x0000002606e00000)]

Other Threads:
  0x000001eb42fc2630 VMThread "VM Thread" [stack: 0x0000002601900000,0x0000002601a00000] [id=50116]
  0x000001eb43d70920 WatcherThread [stack: 0x0000002602500000,0x0000002602600000] [id=46952]
  0x000001eb29a87d70 GCTaskThread "GC Thread#0" [stack: 0x0000002601400000,0x0000002601500000] [id=48764]
  0x000001eb444e2090 GCTaskThread "GC Thread#1" [stack: 0x0000002602600000,0x0000002602700000] [id=45520]
  0x000001eb44528870 GCTaskThread "GC Thread#2" [stack: 0x0000002602700000,0x0000002602800000] [id=48400]
  0x000001eb43f45510 GCTaskThread "GC Thread#3" [stack: 0x0000002602800000,0x0000002602900000] [id=40872]
  0x000001eb29a98cb0 ConcurrentGCThread "G1 Main Marker" [stack: 0x0000002601500000,0x0000002601600000] [id=50000]
  0x000001eb29a99fc0 ConcurrentGCThread "G1 Conc#0" [stack: 0x0000002601600000,0x0000002601700000] [id=49000]
  0x000001eb29ae5dc0 ConcurrentGCThread "G1 Refine#0" [stack: 0x0000002601700000,0x0000002601800000] [id=48024]
  0x000001eb29ae6940 ConcurrentGCThread "G1 Service" [stack: 0x0000002601800000,0x0000002601900000] [id=46528]

Threads with active compile tasks:
C2 CompilerThread0    17025 7960       4       org.gradle.internal.instantiation.generator.AbstractClassGenerator::inspectType (560 bytes)

VM state: not at safepoint (normal execution)

VM Mutex/Monitor currently owned by a thread: None

Heap address: 0x0000000080000000, size: 2048 MB, Compressed Oops mode: 32-bit

CDS archive(s) not mapped
Compressed class space mapped at: 0x0000000100000000-0x0000000140000000, reserved size: 1073741824
Narrow klass base: 0x0000000000000000, Narrow klass shift: 3, Narrow klass range: 0x140000000

GC Precious Log:
 CPUs: 4 total, 4 available
 Memory: 3895M
 Large Page Support: Disabled
 NUMA Support: Disabled
 Compressed Oops: Enabled (32-bit)
 Heap Region Size: 1M
 Heap Min Capacity: 8M
 Heap Initial Capacity: 62M
 Heap Max Capacity: 2G
 Pre-touch: Disabled
 Parallel Workers: 4
 Concurrent Workers: 1
 Concurrent Refinement Workers: 4
 Periodic GC: Disabled

Heap:
 garbage-first heap   total 184320K, used 117749K [0x0000000080000000, 0x0000000100000000)
  region size 1024K, 61 young (62464K), 1 survivors (1024K)
 Metaspace       used 77768K, committed 78272K, reserved 1122304K
  class space    used 10573K, committed 10816K, reserved 1048576K

Heap Regions: E=young(eden), S=young(survivor), O=old, HS=humongous(starts), HC=humongous(continues), CS=collection set, F=free, OA=open archive, CA=closed archive, TAMS=top-at-mark-start (previous, next)
|   0|0x0000000080000000, 0x0000000080100000, 0x0000000080100000|100%| O|  |TAMS 0x0000000080100000, 0x0000000080000000| Untracked 
|   1|0x0000000080100000, 0x0000000080200000, 0x0000000080200000|100%| O|  |TAMS 0x0000000080200000, 0x0000000080100000| Untracked 
|   2|0x0000000080200000, 0x0000000080300000, 0x0000000080300000|100%|HS|  |TAMS 0x0000000080300000, 0x0000000080200000| Complete 
|   3|0x0000000080300000, 0x0000000080400000, 0x0000000080400000|100%|HC|  |TAMS 0x0000000080400000, 0x0000000080300000| Complete 
|   4|0x0000000080400000, 0x0000000080500000, 0x0000000080500000|100%|HC|  |TAMS 0x0000000080500000, 0x0000000080400000| Complete 
|   5|0x0000000080500000, 0x0000000080600000, 0x0000000080600000|100%|HC|  |TAMS 0x0000000080600000, 0x0000000080500000| Complete 
|   6|0x0000000080600000, 0x0000000080700000, 0x0000000080700000|100%| O|  |TAMS 0x0000000080700000, 0x0000000080600000| Untracked 
|   7|0x0000000080700000, 0x0000000080800000, 0x0000000080800000|100%| O|  |TAMS 0x0000000080800000, 0x0000000080700000| Untracked 
|   8|0x0000000080800000, 0x0000000080900000, 0x0000000080900000|100%| O|  |TAMS 0x0000000080900000, 0x0000000080800000| Untracked 
|   9|0x0000000080900000, 0x0000000080a00000, 0x0000000080a00000|100%| O|  |TAMS 0x0000000080a00000, 0x0000000080900000| Untracked 
|  10|0x0000000080a00000, 0x0000000080b00000, 0x0000000080b00000|100%| O|  |TAMS 0x0000000080b00000, 0x0000000080a00000| Untracked 
|  11|0x0000000080b00000, 0x0000000080c00000, 0x0000000080c00000|100%| O|  |TAMS 0x0000000080c00000, 0x0000000080b00000| Untracked 
|  12|0x0000000080c00000, 0x0000000080d00000, 0x0000000080d00000|100%| O|  |TAMS 0x0000000080d00000, 0x0000000080c00000| Untracked 
|  13|0x0000000080d00000, 0x0000000080e00000, 0x0000000080e00000|100%| O|  |TAMS 0x0000000080e00000, 0x0000000080d00000| Untracked 
|  14|0x0000000080e00000, 0x0000000080f00000, 0x0000000080f00000|100%| O|  |TAMS 0x0000000080f00000, 0x0000000080e00000| Untracked 
|  15|0x0000000080f00000, 0x0000000081000000, 0x0000000081000000|100%| O|  |TAMS 0x0000000081000000, 0x0000000080f00000| Untracked 
|  16|0x0000000081000000, 0x0000000081100000, 0x0000000081100000|100%| O|  |TAMS 0x0000000081100000, 0x0000000081000000| Untracked 
|  17|0x0000000081100000, 0x0000000081200000, 0x0000000081200000|100%| O|  |TAMS 0x0000000081200000, 0x0000000081100000| Untracked 
|  18|0x0000000081200000, 0x0000000081300000, 0x0000000081300000|100%| O|  |TAMS 0x0000000081300000, 0x0000000081200000| Untracked 
|  19|0x0000000081300000, 0x0000000081400000, 0x0000000081400000|100%| O|  |TAMS 0x0000000081400000, 0x0000000081300000| Untracked 
|  20|0x0000000081400000, 0x0000000081500000, 0x0000000081500000|100%| O|  |TAMS 0x0000000081500000, 0x0000000081400000| Untracked 
|  21|0x0000000081500000, 0x0000000081600000, 0x0000000081600000|100%| O|  |TAMS 0x0000000081600000, 0x0000000081500000| Untracked 
|  22|0x0000000081600000, 0x0000000081700000, 0x0000000081700000|100%| O|  |TAMS 0x0000000081600000, 0x0000000081600000| Untracked 
|  23|0x0000000081700000, 0x0000000081800000, 0x0000000081800000|100%| O|  |TAMS 0x0000000081800000, 0x0000000081700000| Untracked 
|  24|0x0000000081800000, 0x0000000081900000, 0x0000000081900000|100%| O|  |TAMS 0x0000000081900000, 0x0000000081800000| Untracked 
|  25|0x0000000081900000, 0x0000000081a00000, 0x0000000081a00000|100%| O|  |TAMS 0x0000000081a00000, 0x0000000081900000| Untracked 
|  26|0x0000000081a00000, 0x0000000081b00000, 0x0000000081b00000|100%| O|  |TAMS 0x0000000081b00000, 0x0000000081a00000| Untracked 
|  27|0x0000000081b00000, 0x0000000081c00000, 0x0000000081c00000|100%| O|  |TAMS 0x0000000081c00000, 0x0000000081b00000| Untracked 
|  28|0x0000000081c00000, 0x0000000081d00000, 0x0000000081d00000|100%| O|  |TAMS 0x0000000081d00000, 0x0000000081c00000| Untracked 
|  29|0x0000000081d00000, 0x0000000081e00000, 0x0000000081e00000|100%| O|  |TAMS 0x0000000081e00000, 0x0000000081d00000| Untracked 
|  30|0x0000000081e00000, 0x0000000081f00000, 0x0000000081f00000|100%| O|  |TAMS 0x0000000081f00000, 0x0000000081e00000| Untracked 
|  31|0x0000000081f00000, 0x0000000082000000, 0x0000000082000000|100%| O|  |TAMS 0x0000000082000000, 0x0000000081f00000| Untracked 
|  32|0x0000000082000000, 0x0000000082100000, 0x0000000082100000|100%| O|  |TAMS 0x0000000082100000, 0x0000000082000000| Untracked 
|  33|0x0000000082100000, 0x0000000082200000, 0x0000000082200000|100%|HS|  |TAMS 0x0000000082200000, 0x0000000082100000| Complete 
|  34|0x0000000082200000, 0x0000000082300000, 0x0000000082300000|100%|HS|  |TAMS 0x0000000082300000, 0x0000000082200000| Complete 
|  35|0x0000000082300000, 0x0000000082400000, 0x0000000082400000|100%| O|  |TAMS 0x0000000082400000, 0x0000000082300000| Untracked 
|  36|0x0000000082400000, 0x0000000082500000, 0x0000000082500000|100%| O|  |TAMS 0x0000000082500000, 0x0000000082400000| Untracked 
|  37|0x0000000082500000, 0x0000000082600000, 0x0000000082600000|100%| O|  |TAMS 0x0000000082600000, 0x0000000082500000| Untracked 
|  38|0x0000000082600000, 0x0000000082700000, 0x0000000082700000|100%| O|  |TAMS 0x0000000082700000, 0x0000000082600000| Untracked 
|  39|0x0000000082700000, 0x0000000082800000, 0x0000000082800000|100%| O|  |TAMS 0x0000000082800000, 0x0000000082700000| Untracked 
|  40|0x0000000082800000, 0x0000000082900000, 0x0000000082900000|100%| O|  |TAMS 0x0000000082900000, 0x0000000082800000| Untracked 
|  41|0x0000000082900000, 0x0000000082a00000, 0x0000000082a00000|100%| O|  |TAMS 0x0000000082a00000, 0x0000000082900000| Untracked 
|  42|0x0000000082a00000, 0x0000000082b00000, 0x0000000082b00000|100%| O|  |TAMS 0x0000000082b00000, 0x0000000082a00000| Untracked 
|  43|0x0000000082b00000, 0x0000000082c00000, 0x0000000082c00000|100%| O|  |TAMS 0x0000000082c00000, 0x0000000082b00000| Untracked 
|  44|0x0000000082c00000, 0x0000000082d00000, 0x0000000082d00000|100%| O|  |TAMS 0x0000000082d00000, 0x0000000082c00000| Untracked 
|  45|0x0000000082d00000, 0x0000000082e00000, 0x0000000082e00000|100%| O|  |TAMS 0x0000000082e00000, 0x0000000082d00000| Untracked 
|  46|0x0000000082e00000, 0x0000000082f00000, 0x0000000082f00000|100%| O|  |TAMS 0x0000000082f00000, 0x0000000082e00000| Untracked 
|  47|0x0000000082f00000, 0x0000000082f00000, 0x0000000083000000|  0%| F|  |TAMS 0x0000000082f00000, 0x0000000082f00000| Untracked 
|  48|0x0000000083000000, 0x0000000083100000, 0x0000000083100000|100%| O|  |TAMS 0x0000000083000000, 0x0000000083000000| Untracked 
|  49|0x0000000083100000, 0x0000000083200000, 0x0000000083200000|100%| O|  |TAMS 0x0000000083100000, 0x0000000083100000| Untracked 
|  50|0x0000000083200000, 0x0000000083300000, 0x0000000083300000|100%| O|  |TAMS 0x0000000083300000, 0x0000000083200000| Untracked 
|  51|0x0000000083300000, 0x0000000083400000, 0x0000000083400000|100%| O|  |TAMS 0x0000000083300000, 0x0000000083300000| Untracked 
|  52|0x0000000083400000, 0x0000000083500000, 0x0000000083500000|100%| O|  |TAMS 0x0000000083400000, 0x0000000083400000| Untracked 
|  53|0x0000000083500000, 0x0000000083600000, 0x0000000083600000|100%| O|  |TAMS 0x0000000083500000, 0x0000000083500000| Untracked 
|  54|0x0000000083600000, 0x0000000083700000, 0x0000000083700000|100%| O|  |TAMS 0x0000000083600000, 0x0000000083600000| Untracked 
|  55|0x0000000083700000, 0x00000000837fd600, 0x0000000083800000| 98%| O|  |TAMS 0x0000000083700000, 0x0000000083700000| Untracked 
|  56|0x0000000083800000, 0x0000000083800000, 0x0000000083900000|  0%| F|  |TAMS 0x0000000083800000, 0x0000000083800000| Untracked 
|  57|0x0000000083900000, 0x0000000083900000, 0x0000000083a00000|  0%| F|  |TAMS 0x0000000083900000, 0x0000000083900000| Untracked 
|  58|0x0000000083a00000, 0x0000000083a00000, 0x0000000083b00000|  0%| F|  |TAMS 0x0000000083a00000, 0x0000000083a00000| Untracked 
|  59|0x0000000083b00000, 0x0000000083b00000, 0x0000000083c00000|  0%| F|  |TAMS 0x0000000083b00000, 0x0000000083b00000| Untracked 
|  60|0x0000000083c00000, 0x0000000083c00000, 0x0000000083d00000|  0%| F|  |TAMS 0x0000000083c00000, 0x0000000083c00000| Untracked 
|  61|0x0000000083d00000, 0x0000000083d00000, 0x0000000083e00000|  0%| F|  |TAMS 0x0000000083d00000, 0x0000000083d00000| Untracked 
|  62|0x0000000083e00000, 0x0000000083e00000, 0x0000000083f00000|  0%| F|  |TAMS 0x0000000083e00000, 0x0000000083e00000| Untracked 
|  63|0x0000000083f00000, 0x0000000083f00000, 0x0000000084000000|  0%| F|  |TAMS 0x0000000083f00000, 0x0000000083f00000| Untracked 
|  64|0x0000000084000000, 0x0000000084000000, 0x0000000084100000|  0%| F|  |TAMS 0x0000000084000000, 0x0000000084000000| Untracked 
|  65|0x0000000084100000, 0x0000000084100000, 0x0000000084200000|  0%| F|  |TAMS 0x0000000084100000, 0x0000000084100000| Untracked 
|  66|0x0000000084200000, 0x0000000084200000, 0x0000000084300000|  0%| F|  |TAMS 0x0000000084200000, 0x0000000084200000| Untracked 
|  67|0x0000000084300000, 0x0000000084300000, 0x0000000084400000|  0%| F|  |TAMS 0x0000000084300000, 0x0000000084300000| Untracked 
|  68|0x0000000084400000, 0x0000000084400000, 0x0000000084500000|  0%| F|  |TAMS 0x0000000084400000, 0x0000000084400000| Untracked 
|  69|0x0000000084500000, 0x0000000084500000, 0x0000000084600000|  0%| F|  |TAMS 0x0000000084500000, 0x0000000084500000| Untracked 
|  70|0x0000000084600000, 0x0000000084600000, 0x0000000084700000|  0%| F|  |TAMS 0x0000000084600000, 0x0000000084600000| Untracked 
|  71|0x0000000084700000, 0x0000000084700000, 0x0000000084800000|  0%| F|  |TAMS 0x0000000084700000, 0x0000000084700000| Untracked 
|  72|0x0000000084800000, 0x0000000084800000, 0x0000000084900000|  0%| F|  |TAMS 0x0000000084800000, 0x0000000084800000| Untracked 
|  73|0x0000000084900000, 0x0000000084900000, 0x0000000084a00000|  0%| F|  |TAMS 0x0000000084900000, 0x0000000084900000| Untracked 
|  74|0x0000000084a00000, 0x0000000084a00000, 0x0000000084b00000|  0%| F|  |TAMS 0x0000000084a00000, 0x0000000084a00000| Untracked 
|  75|0x0000000084b00000, 0x0000000084b00000, 0x0000000084c00000|  0%| F|  |TAMS 0x0000000084b00000, 0x0000000084b00000| Untracked 
|  76|0x0000000084c00000, 0x0000000084c00000, 0x0000000084d00000|  0%| F|  |TAMS 0x0000000084c00000, 0x0000000084c00000| Untracked 
|  77|0x0000000084d00000, 0x0000000084d00000, 0x0000000084e00000|  0%| F|  |TAMS 0x0000000084d00000, 0x0000000084d00000| Untracked 
|  78|0x0000000084e00000, 0x0000000084e00000, 0x0000000084f00000|  0%| F|  |TAMS 0x0000000084e00000, 0x0000000084e00000| Untracked 
|  79|0x0000000084f00000, 0x0000000084f00000, 0x0000000085000000|  0%| F|  |TAMS 0x0000000084f00000, 0x0000000084f00000| Untracked 
|  80|0x0000000085000000, 0x0000000085000000, 0x0000000085100000|  0%| F|  |TAMS 0x0000000085000000, 0x0000000085000000| Untracked 
|  81|0x0000000085100000, 0x0000000085100000, 0x0000000085200000|  0%| F|  |TAMS 0x0000000085100000, 0x0000000085100000| Untracked 
|  82|0x0000000085200000, 0x0000000085200000, 0x0000000085300000|  0%| F|  |TAMS 0x0000000085200000, 0x0000000085200000| Untracked 
|  83|0x0000000085300000, 0x0000000085300000, 0x0000000085400000|  0%| F|  |TAMS 0x0000000085300000, 0x0000000085300000| Untracked 
|  84|0x0000000085400000, 0x0000000085400000, 0x0000000085500000|  0%| F|  |TAMS 0x0000000085400000, 0x0000000085400000| Untracked 
|  85|0x0000000085500000, 0x0000000085500000, 0x0000000085600000|  0%| F|  |TAMS 0x0000000085500000, 0x0000000085500000| Untracked 
|  86|0x0000000085600000, 0x0000000085600000, 0x0000000085700000|  0%| F|  |TAMS 0x0000000085600000, 0x0000000085600000| Untracked 
|  87|0x0000000085700000, 0x0000000085700000, 0x0000000085800000|  0%| F|  |TAMS 0x0000000085700000, 0x0000000085700000| Untracked 
|  88|0x0000000085800000, 0x0000000085800000, 0x0000000085900000|  0%| F|  |TAMS 0x0000000085800000, 0x0000000085800000| Untracked 
|  89|0x0000000085900000, 0x0000000085900000, 0x0000000085a00000|  0%| F|  |TAMS 0x0000000085900000, 0x0000000085900000| Untracked 
|  90|0x0000000085a00000, 0x0000000085a00000, 0x0000000085b00000|  0%| F|  |TAMS 0x0000000085a00000, 0x0000000085a00000| Untracked 
|  91|0x0000000085b00000, 0x0000000085b00000, 0x0000000085c00000|  0%| F|  |TAMS 0x0000000085b00000, 0x0000000085b00000| Untracked 
|  92|0x0000000085c00000, 0x0000000085c00000, 0x0000000085d00000|  0%| F|  |TAMS 0x0000000085c00000, 0x0000000085c00000| Untracked 
|  93|0x0000000085d00000, 0x0000000085d00000, 0x0000000085e00000|  0%| F|  |TAMS 0x0000000085d00000, 0x0000000085d00000| Untracked 
|  94|0x0000000085e00000, 0x0000000085e00000, 0x0000000085f00000|  0%| F|  |TAMS 0x0000000085e00000, 0x0000000085e00000| Untracked 
|  95|0x0000000085f00000, 0x0000000085f00000, 0x0000000086000000|  0%| F|  |TAMS 0x0000000085f00000, 0x0000000085f00000| Untracked 
|  96|0x0000000086000000, 0x0000000086000000, 0x0000000086100000|  0%| F|  |TAMS 0x0000000086000000, 0x0000000086000000| Untracked 
|  97|0x0000000086100000, 0x0000000086100000, 0x0000000086200000|  0%| F|  |TAMS 0x0000000086100000, 0x0000000086100000| Untracked 
|  98|0x0000000086200000, 0x0000000086200000, 0x0000000086300000|  0%| F|  |TAMS 0x0000000086200000, 0x0000000086200000| Untracked 
|  99|0x0000000086300000, 0x0000000086300000, 0x0000000086400000|  0%| F|  |TAMS 0x0000000086300000, 0x0000000086300000| Untracked 
| 100|0x0000000086400000, 0x0000000086400000, 0x0000000086500000|  0%| F|  |TAMS 0x0000000086400000, 0x0000000086400000| Untracked 
| 101|0x0000000086500000, 0x0000000086500000, 0x0000000086600000|  0%| F|  |TAMS 0x0000000086500000, 0x0000000086500000| Untracked 
| 102|0x0000000086600000, 0x0000000086600000, 0x0000000086700000|  0%| F|  |TAMS 0x0000000086600000, 0x0000000086600000| Untracked 
| 103|0x0000000086700000, 0x0000000086700000, 0x0000000086800000|  0%| F|  |TAMS 0x0000000086700000, 0x0000000086700000| Untracked 
| 104|0x0000000086800000, 0x0000000086800000, 0x0000000086900000|  0%| F|  |TAMS 0x0000000086800000, 0x0000000086800000| Untracked 
| 105|0x0000000086900000, 0x0000000086900000, 0x0000000086a00000|  0%| F|  |TAMS 0x0000000086900000, 0x0000000086900000| Untracked 
| 106|0x0000000086a00000, 0x0000000086a00000, 0x0000000086b00000|  0%| F|  |TAMS 0x0000000086a00000, 0x0000000086a00000| Untracked 
| 107|0x0000000086b00000, 0x0000000086b00000, 0x0000000086c00000|  0%| F|  |TAMS 0x0000000086b00000, 0x0000000086b00000| Untracked 
| 108|0x0000000086c00000, 0x0000000086c00000, 0x0000000086d00000|  0%| F|  |TAMS 0x0000000086c00000, 0x0000000086c00000| Untracked 
| 109|0x0000000086d00000, 0x0000000086d00000, 0x0000000086e00000|  0%| F|  |TAMS 0x0000000086d00000, 0x0000000086d00000| Untracked 
| 110|0x0000000086e00000, 0x0000000086e00000, 0x0000000086f00000|  0%| F|  |TAMS 0x0000000086e00000, 0x0000000086e00000| Untracked 
| 111|0x0000000086f00000, 0x0000000086f00000, 0x0000000087000000|  0%| F|  |TAMS 0x0000000086f00000, 0x0000000086f00000| Untracked 
| 112|0x0000000087000000, 0x0000000087000000, 0x0000000087100000|  0%| F|  |TAMS 0x0000000087000000, 0x0000000087000000| Untracked 
| 113|0x0000000087100000, 0x0000000087100000, 0x0000000087200000|  0%| F|  |TAMS 0x0000000087100000, 0x0000000087100000| Untracked 
| 114|0x0000000087200000, 0x0000000087200000, 0x0000000087300000|  0%| F|  |TAMS 0x0000000087200000, 0x0000000087200000| Untracked 
| 115|0x0000000087300000, 0x0000000087300000, 0x0000000087400000|  0%| F|  |TAMS 0x0000000087300000, 0x0000000087300000| Untracked 
| 116|0x0000000087400000, 0x0000000087400000, 0x0000000087500000|  0%| F|  |TAMS 0x0000000087400000, 0x0000000087400000| Untracked 
| 117|0x0000000087500000, 0x0000000087500000, 0x0000000087600000|  0%| F|  |TAMS 0x0000000087500000, 0x0000000087500000| Untracked 
| 118|0x0000000087600000, 0x0000000087600000, 0x0000000087700000|  0%| F|  |TAMS 0x0000000087600000, 0x0000000087600000| Untracked 
| 119|0x0000000087700000, 0x0000000087800000, 0x0000000087800000|100%| E|  |TAMS 0x0000000087700000, 0x0000000087700000| Complete 
| 120|0x0000000087800000, 0x0000000087900000, 0x0000000087900000|100%| E|CS|TAMS 0x0000000087800000, 0x0000000087800000| Complete 
| 121|0x0000000087900000, 0x0000000087a00000, 0x0000000087a00000|100%| E|CS|TAMS 0x0000000087900000, 0x0000000087900000| Complete 
| 122|0x0000000087a00000, 0x0000000087b00000, 0x0000000087b00000|100%| E|CS|TAMS 0x0000000087a00000, 0x0000000087a00000| Complete 
| 123|0x0000000087b00000, 0x0000000087c00000, 0x0000000087c00000|100%| E|CS|TAMS 0x0000000087b00000, 0x0000000087b00000| Complete 
| 124|0x0000000087c00000, 0x0000000087d00000, 0x0000000087d00000|100%| E|CS|TAMS 0x0000000087c00000, 0x0000000087c00000| Complete 
| 125|0x0000000087d00000, 0x0000000087e00000, 0x0000000087e00000|100%| E|CS|TAMS 0x0000000087d00000, 0x0000000087d00000| Complete 
| 126|0x0000000087e00000, 0x0000000087f00000, 0x0000000087f00000|100%| E|CS|TAMS 0x0000000087e00000, 0x0000000087e00000| Complete 
| 127|0x0000000087f00000, 0x0000000088000000, 0x0000000088000000|100%| E|CS|TAMS 0x0000000087f00000, 0x0000000087f00000| Complete 
| 128|0x0000000088000000, 0x0000000088100000, 0x0000000088100000|100%| E|CS|TAMS 0x0000000088000000, 0x0000000088000000| Complete 
| 129|0x0000000088100000, 0x0000000088200000, 0x0000000088200000|100%| E|CS|TAMS 0x0000000088100000, 0x0000000088100000| Complete 
| 130|0x0000000088200000, 0x0000000088300000, 0x0000000088300000|100%| E|CS|TAMS 0x0000000088200000, 0x0000000088200000| Complete 
| 131|0x0000000088300000, 0x0000000088400000, 0x0000000088400000|100%| E|CS|TAMS 0x0000000088300000, 0x0000000088300000| Complete 
| 132|0x0000000088400000, 0x0000000088500000, 0x0000000088500000|100%| E|CS|TAMS 0x0000000088400000, 0x0000000088400000| Complete 
| 133|0x0000000088500000, 0x0000000088600000, 0x0000000088600000|100%| E|CS|TAMS 0x0000000088500000, 0x0000000088500000| Complete 
| 134|0x0000000088600000, 0x0000000088700000, 0x0000000088700000|100%| E|CS|TAMS 0x0000000088600000, 0x0000000088600000| Complete 
| 135|0x0000000088700000, 0x0000000088800000, 0x0000000088800000|100%| E|CS|TAMS 0x0000000088700000, 0x0000000088700000| Complete 
| 136|0x0000000088800000, 0x0000000088900000, 0x0000000088900000|100%| E|CS|TAMS 0x0000000088800000, 0x0000000088800000| Complete 
| 137|0x0000000088900000, 0x0000000088a00000, 0x0000000088a00000|100%| E|CS|TAMS 0x0000000088900000, 0x0000000088900000| Complete 
| 138|0x0000000088a00000, 0x0000000088b00000, 0x0000000088b00000|100%| E|CS|TAMS 0x0000000088a00000, 0x0000000088a00000| Complete 
| 139|0x0000000088b00000, 0x0000000088c00000, 0x0000000088c00000|100%| E|CS|TAMS 0x0000000088b00000, 0x0000000088b00000| Complete 
| 140|0x0000000088c00000, 0x0000000088d00000, 0x0000000088d00000|100%| E|CS|TAMS 0x0000000088c00000, 0x0000000088c00000| Complete 
| 141|0x0000000088d00000, 0x0000000088e00000, 0x0000000088e00000|100%| E|CS|TAMS 0x0000000088d00000, 0x0000000088d00000| Complete 
| 142|0x0000000088e00000, 0x0000000088f00000, 0x0000000088f00000|100%| E|CS|TAMS 0x0000000088e00000, 0x0000000088e00000| Complete 
| 143|0x0000000088f00000, 0x0000000089000000, 0x0000000089000000|100%| E|CS|TAMS 0x0000000088f00000, 0x0000000088f00000| Complete 
| 144|0x0000000089000000, 0x0000000089100000, 0x0000000089100000|100%| E|CS|TAMS 0x0000000089000000, 0x0000000089000000| Complete 
| 145|0x0000000089100000, 0x0000000089200000, 0x0000000089200000|100%| E|CS|TAMS 0x0000000089100000, 0x0000000089100000| Complete 
| 146|0x0000000089200000, 0x0000000089300000, 0x0000000089300000|100%| E|CS|TAMS 0x0000000089200000, 0x0000000089200000| Complete 
| 147|0x0000000089300000, 0x0000000089400000, 0x0000000089400000|100%| E|CS|TAMS 0x0000000089300000, 0x0000000089300000| Complete 
| 148|0x0000000089400000, 0x0000000089500000, 0x0000000089500000|100%| E|CS|TAMS 0x0000000089400000, 0x0000000089400000| Complete 
| 149|0x0000000089500000, 0x0000000089600000, 0x0000000089600000|100%| E|CS|TAMS 0x0000000089500000, 0x0000000089500000| Complete 
| 150|0x0000000089600000, 0x0000000089700000, 0x0000000089700000|100%| E|CS|TAMS 0x0000000089600000, 0x0000000089600000| Complete 
| 151|0x0000000089700000, 0x0000000089800000, 0x0000000089800000|100%| E|CS|TAMS 0x0000000089700000, 0x0000000089700000| Complete 
| 152|0x0000000089800000, 0x0000000089900000, 0x0000000089900000|100%| E|CS|TAMS 0x0000000089800000, 0x0000000089800000| Complete 
| 153|0x0000000089900000, 0x0000000089a00000, 0x0000000089a00000|100%| E|CS|TAMS 0x0000000089900000, 0x0000000089900000| Complete 
| 154|0x0000000089a00000, 0x0000000089b00000, 0x0000000089b00000|100%| E|CS|TAMS 0x0000000089a00000, 0x0000000089a00000| Complete 
| 155|0x0000000089b00000, 0x0000000089c00000, 0x0000000089c00000|100%| E|CS|TAMS 0x0000000089b00000, 0x0000000089b00000| Complete 
| 156|0x0000000089c00000, 0x0000000089d00000, 0x0000000089d00000|100%| E|CS|TAMS 0x0000000089c00000, 0x0000000089c00000| Complete 
| 157|0x0000000089d00000, 0x0000000089e00000, 0x0000000089e00000|100%| E|CS|TAMS 0x0000000089d00000, 0x0000000089d00000| Complete 
| 158|0x0000000089e00000, 0x0000000089f00000, 0x0000000089f00000|100%| E|CS|TAMS 0x0000000089e00000, 0x0000000089e00000| Complete 
| 159|0x0000000089f00000, 0x000000008a000000, 0x000000008a000000|100%| E|CS|TAMS 0x0000000089f00000, 0x0000000089f00000| Complete 
| 160|0x000000008a000000, 0x000000008a100000, 0x000000008a100000|100%| E|CS|TAMS 0x000000008a000000, 0x000000008a000000| Complete 
| 161|0x000000008a100000, 0x000000008a200000, 0x000000008a200000|100%| E|CS|TAMS 0x000000008a100000, 0x000000008a100000| Complete 
| 162|0x000000008a200000, 0x000000008a300000, 0x000000008a300000|100%| E|CS|TAMS 0x000000008a200000, 0x000000008a200000| Complete 
| 163|0x000000008a300000, 0x000000008a400000, 0x000000008a400000|100%| E|CS|TAMS 0x000000008a300000, 0x000000008a300000| Complete 
| 164|0x000000008a400000, 0x000000008a500000, 0x000000008a500000|100%| E|CS|TAMS 0x000000008a400000, 0x000000008a400000| Complete 
| 165|0x000000008a500000, 0x000000008a600000, 0x000000008a600000|100%| E|CS|TAMS 0x000000008a500000, 0x000000008a500000| Complete 
| 166|0x000000008a600000, 0x000000008a700000, 0x000000008a700000|100%| E|CS|TAMS 0x000000008a600000, 0x000000008a600000| Complete 
| 167|0x000000008a700000, 0x000000008a800000, 0x000000008a800000|100%| E|CS|TAMS 0x000000008a700000, 0x000000008a700000| Complete 
| 168|0x000000008a800000, 0x000000008a900000, 0x000000008a900000|100%| E|CS|TAMS 0x000000008a800000, 0x000000008a800000| Complete 
| 169|0x000000008a900000, 0x000000008aa00000, 0x000000008aa00000|100%| E|CS|TAMS 0x000000008a900000, 0x000000008a900000| Complete 
| 170|0x000000008aa00000, 0x000000008ab00000, 0x000000008ab00000|100%| E|CS|TAMS 0x000000008aa00000, 0x000000008aa00000| Complete 
| 171|0x000000008ab00000, 0x000000008ac00000, 0x000000008ac00000|100%| E|CS|TAMS 0x000000008ab00000, 0x000000008ab00000| Complete 
| 172|0x000000008ac00000, 0x000000008ad00000, 0x000000008ad00000|100%| E|CS|TAMS 0x000000008ac00000, 0x000000008ac00000| Complete 
| 173|0x000000008ad00000, 0x000000008ae00000, 0x000000008ae00000|100%| E|CS|TAMS 0x000000008ad00000, 0x000000008ad00000| Complete 
| 174|0x000000008ae00000, 0x000000008af00000, 0x000000008af00000|100%| E|CS|TAMS 0x000000008ae00000, 0x000000008ae00000| Complete 
| 175|0x000000008af00000, 0x000000008b000000, 0x000000008b000000|100%| E|CS|TAMS 0x000000008af00000, 0x000000008af00000| Complete 
| 176|0x000000008b000000, 0x000000008b100000, 0x000000008b100000|100%| E|CS|TAMS 0x000000008b000000, 0x000000008b000000| Complete 
| 177|0x000000008b100000, 0x000000008b200000, 0x000000008b200000|100%| E|CS|TAMS 0x000000008b100000, 0x000000008b100000| Complete 
| 178|0x000000008b200000, 0x000000008b300000, 0x000000008b300000|100%| S|CS|TAMS 0x000000008b200000, 0x000000008b200000| Complete 
| 179|0x000000008b300000, 0x000000008b400000, 0x000000008b400000|100%| E|CS|TAMS 0x000000008b300000, 0x000000008b300000| Complete 

Card table byte_map: [0x000001eb3c300000,0x000001eb3c700000] _byte_map_base: 0x000001eb3bf00000

Marking Bits (Prev, Next): (CMBitMap*) 0x000001eb29a88380, (CMBitMap*) 0x000001eb29a883c0
 Prev Bits: [0x000001eb3cb00000, 0x000001eb3eb00000)
 Next Bits: [0x000001eb3eb00000, 0x000001eb40b00000)

Polling page: 0x000001eb29200000

Metaspace:

Usage:
  Non-class:     65.62 MB used.
      Class:     10.33 MB used.
       Both:     75.95 MB used.

Virtual space:
  Non-class space:       72.00 MB reserved,      65.88 MB ( 91%) committed,  9 nodes.
      Class space:        1.00 GB reserved,      10.56 MB (  1%) committed,  1 nodes.
             Both:        1.07 GB reserved,      76.44 MB (  7%) committed. 

Chunk freelists:
   Non-Class:  2.06 MB
       Class:  1.34 MB
        Both:  3.41 MB

MaxMetaspaceSize: unlimited
CompressedClassSpaceSize: 1.00 GB
Initial GC threshold: 21.00 MB
Current GC threshold: 107.81 MB
CDS: off
MetaspaceReclaimPolicy: balanced
 - commit_granule_bytes: 65536.
 - commit_granule_words: 8192.
 - virtual_space_node_default_size: 1048576.
 - enlarge_chunks_in_place: 1.
 - new_chunks_are_fully_committed: 0.
 - uncommit_free_chunks: 1.
 - use_allocation_guard: 0.
 - handle_deallocations: 1.


Internal statistics:

num_allocs_failed_limit: 12.
num_arena_births: 672.
num_arena_deaths: 0.
num_vsnodes_births: 10.
num_vsnodes_deaths: 0.
num_space_committed: 1223.
num_space_uncommitted: 0.
num_chunks_returned_to_freelist: 12.
num_chunks_taken_from_freelist: 3375.
num_chunk_merges: 6.
num_chunk_splits: 2241.
num_chunks_enlarged: 1542.
num_purges: 0.
num_inconsistent_stats: 0.

CodeHeap 'non-profiled nmethods': size=120000Kb used=3763Kb max_used=3763Kb free=116236Kb
 bounds [0x000001eb349d0000, 0x000001eb34d80000, 0x000001eb3bf00000]
CodeHeap 'profiled nmethods': size=120000Kb used=13916Kb max_used=13916Kb free=106083Kb
 bounds [0x000001eb2cf00000, 0x000001eb2dca0000, 0x000001eb34430000]
CodeHeap 'non-nmethods': size=5760Kb used=2371Kb max_used=2424Kb free=3389Kb
 bounds [0x000001eb34430000, 0x000001eb346a0000, 0x000001eb349d0000]
 total_blobs=8010 nmethods=7122 adapters=800
 compilation: enabled
              stopped_count=0, restarted_count=0
 full_count=0

Compilation events (20 events):
Event: 16.694 Thread 0x000001eb43c0e980 8011       3       org.gradle.api.internal.provider.DefaultProperty::calculateValueFrom (8 bytes)
Event: 16.694 Thread 0x000001eb43c0e980 nmethod 8011 0x000001eb2dc8d090 code [0x000001eb2dc8d240, 0x000001eb2dc8d408]
Event: 16.742 Thread 0x000001eb43c0e980 8012       3       java.util.regex.Pattern$Branch::match (66 bytes)
Event: 16.742 Thread 0x000001eb43c0e980 nmethod 8012 0x000001eb2dc8d510 code [0x000001eb2dc8d6e0, 0x000001eb2dc8dbb8]
Event: 16.789 Thread 0x000001eb43c0e980 8013       3       java.util.Formatter$Flags::contains (22 bytes)
Event: 16.789 Thread 0x000001eb43c0e980 nmethod 8013 0x000001eb2dc8dd90 code [0x000001eb2dc8df20, 0x000001eb2dc8e0d8]
Event: 16.790 Thread 0x000001eb43c0e980 8014       1       java.util.Formatter$FixedString::index (3 bytes)
Event: 16.790 Thread 0x000001eb43c0e980 nmethod 8014 0x000001eb34d7c810 code [0x000001eb34d7c9a0, 0x000001eb34d7ca78]
Event: 16.792 Thread 0x000001eb43c0e980 8015       3       java.util.regex.CharPredicates$$Lambda$5/0x00000001000c1a58::is (5 bytes)
Event: 16.793 Thread 0x000001eb43c0e980 nmethod 8015 0x000001eb2dc8e190 code [0x000001eb2dc8e340, 0x000001eb2dc8e618]
Event: 16.793 Thread 0x000001eb43c0e980 8016       3       java.util.regex.CharPredicates::lambda$ASCII_DIGIT$18 (20 bytes)
Event: 16.793 Thread 0x000001eb43c0e980 nmethod 8016 0x000001eb2dc8e710 code [0x000001eb2dc8e8c0, 0x000001eb2dc8eb18]
Event: 16.841 Thread 0x000001eb43c0e980 8017       3       java.lang.ClassLoader::getResource (41 bytes)
Event: 16.841 Thread 0x000001eb43c0e980 nmethod 8017 0x000001eb2dc8ec10 code [0x000001eb2dc8ee00, 0x000001eb2dc8f3f8]
Event: 16.842 Thread 0x000001eb43c0e980 8018   !   3       jdk.internal.loader.BuiltinClassLoader$2::run (114 bytes)
Event: 16.843 Thread 0x000001eb43c0e980 nmethod 8018 0x000001eb2dc8f590 code [0x000001eb2dc8f820, 0x000001eb2dc905f8]
Event: 16.843 Thread 0x000001eb43c0e980 8019       3       java.security.AccessController::doPrivileged (17 bytes)
Event: 16.843 Thread 0x000001eb43c0e980 nmethod 8019 0x000001eb2dc90a90 code [0x000001eb2dc90c80, 0x000001eb2dc91038]
Event: 16.847 Thread 0x000001eb43c0e980 8020       3       java.util.ImmutableCollections$ListItr::hasNext (17 bytes)
Event: 16.847 Thread 0x000001eb43c0e980 nmethod 8020 0x000001eb2dc91210 code [0x000001eb2dc913a0, 0x000001eb2dc91518]

GC Heap History (20 events):
Event: 7.580 GC heap before
{Heap before GC invocations=13 (full 0):
 garbage-first heap   total 76800K, used 57579K [0x0000000080000000, 0x0000000100000000)
  region size 1024K, 29 young (29696K), 4 survivors (4096K)
 Metaspace       used 47317K, committed 47744K, reserved 1097728K
  class space    used 6204K, committed 6400K, reserved 1048576K
}
Event: 7.588 GC heap after
{Heap after GC invocations=14 (full 0):
 garbage-first heap   total 76800K, used 33760K [0x0000000080000000, 0x0000000100000000)
  region size 1024K, 2 young (2048K), 2 survivors (2048K)
 Metaspace       used 47317K, committed 47744K, reserved 1097728K
  class space    used 6204K, committed 6400K, reserved 1048576K
}
Event: 7.943 GC heap before
{Heap before GC invocations=14 (full 0):
 garbage-first heap   total 76800K, used 58336K [0x0000000080000000, 0x0000000100000000)
  region size 1024K, 27 young (27648K), 2 survivors (2048K)
 Metaspace       used 50590K, committed 51072K, reserved 1097728K
  class space    used 6708K, committed 6912K, reserved 1048576K
}
Event: 7.946 GC heap after
{Heap after GC invocations=15 (full 0):
 garbage-first heap   total 76800K, used 34572K [0x0000000080000000, 0x0000000100000000)
  region size 1024K, 3 young (3072K), 3 survivors (3072K)
 Metaspace       used 50590K, committed 51072K, reserved 1097728K
  class space    used 6708K, committed 6912K, reserved 1048576K
}
Event: 9.079 GC heap before
{Heap before GC invocations=15 (full 0):
 garbage-first heap   total 76800K, used 59148K [0x0000000080000000, 0x0000000100000000)
  region size 1024K, 28 young (28672K), 3 survivors (3072K)
 Metaspace       used 51778K, committed 52288K, reserved 1097728K
  class space    used 6825K, committed 7040K, reserved 1048576K
}
Event: 9.092 GC heap after
{Heap after GC invocations=16 (full 0):
 garbage-first heap   total 92160K, used 36178K [0x0000000080000000, 0x0000000100000000)
  region size 1024K, 3 young (3072K), 3 survivors (3072K)
 Metaspace       used 51778K, committed 52288K, reserved 1097728K
  class space    used 6825K, committed 7040K, reserved 1048576K
}
Event: 9.994 GC heap before
{Heap before GC invocations=16 (full 0):
 garbage-first heap   total 92160K, used 76114K [0x0000000080000000, 0x0000000100000000)
  region size 1024K, 40 young (40960K), 3 survivors (3072K)
 Metaspace       used 55882K, committed 56384K, reserved 1097728K
  class space    used 7392K, committed 7616K, reserved 1048576K
}
Event: 10.028 GC heap after
{Heap after GC invocations=17 (full 0):
 garbage-first heap   total 92160K, used 44515K [0x0000000080000000, 0x0000000100000000)
  region size 1024K, 5 young (5120K), 5 survivors (5120K)
 Metaspace       used 55882K, committed 56384K, reserved 1097728K
  class space    used 7392K, committed 7616K, reserved 1048576K
}
Event: 10.541 GC heap before
{Heap before GC invocations=17 (full 0):
 garbage-first heap   total 92160K, used 66019K [0x0000000080000000, 0x0000000100000000)
  region size 1024K, 27 young (27648K), 5 survivors (5120K)
 Metaspace       used 59963K, committed 60416K, reserved 1105920K
  class space    used 7909K, committed 8128K, reserved 1048576K
}
Event: 10.565 GC heap after
{Heap after GC invocations=18 (full 0):
 garbage-first heap   total 92160K, used 45771K [0x0000000080000000, 0x0000000100000000)
  region size 1024K, 1 young (1024K), 1 survivors (1024K)
 Metaspace       used 59963K, committed 60416K, reserved 1105920K
  class space    used 7909K, committed 8128K, reserved 1048576K
}
Event: 11.278 GC heap before
{Heap before GC invocations=19 (full 0):
 garbage-first heap   total 92160K, used 81611K [0x0000000080000000, 0x0000000100000000)
  region size 1024K, 30 young (30720K), 1 survivors (1024K)
 Metaspace       used 63156K, committed 63680K, reserved 1105920K
  class space    used 8356K, committed 8576K, reserved 1048576K
}
Event: 11.284 GC heap after
{Heap after GC invocations=20 (full 0):
 garbage-first heap   total 92160K, used 49278K [0x0000000080000000, 0x0000000100000000)
  region size 1024K, 4 young (4096K), 4 survivors (4096K)
 Metaspace       used 63156K, committed 63680K, reserved 1105920K
  class space    used 8356K, committed 8576K, reserved 1048576K
}
Event: 11.305 GC heap before
{Heap before GC invocations=20 (full 0):
 garbage-first heap   total 92160K, used 50302K [0x0000000080000000, 0x0000000100000000)
  region size 1024K, 5 young (5120K), 4 survivors (4096K)
 Metaspace       used 63324K, committed 63872K, reserved 1105920K
  class space    used 8369K, committed 8576K, reserved 1048576K
}
Event: 11.314 GC heap after
{Heap after GC invocations=21 (full 0):
 garbage-first heap   total 92160K, used 49458K [0x0000000080000000, 0x0000000100000000)
  region size 1024K, 1 young (1024K), 1 survivors (1024K)
 Metaspace       used 63324K, committed 63872K, reserved 1105920K
  class space    used 8369K, committed 8576K, reserved 1048576K
}
Event: 11.963 GC heap before
{Heap before GC invocations=21 (full 0):
 garbage-first heap   total 92160K, used 75058K [0x0000000080000000, 0x0000000100000000)
  region size 1024K, 26 young (26624K), 1 survivors (1024K)
 Metaspace       used 65405K, committed 65920K, reserved 1114112K
  class space    used 8610K, committed 8832K, reserved 1048576K
}
Event: 11.969 GC heap after
{Heap after GC invocations=22 (full 0):
 garbage-first heap   total 184320K, used 51184K [0x0000000080000000, 0x0000000100000000)
  region size 1024K, 3 young (3072K), 3 survivors (3072K)
 Metaspace       used 65405K, committed 65920K, reserved 1114112K
  class space    used 8610K, committed 8832K, reserved 1048576K
}
Event: 13.554 GC heap before
{Heap before GC invocations=23 (full 0):
 garbage-first heap   total 184320K, used 133104K [0x0000000080000000, 0x0000000100000000)
  region size 1024K, 82 young (83968K), 3 survivors (3072K)
 Metaspace       used 70977K, committed 71552K, reserved 1114112K
  class space    used 9499K, committed 9792K, reserved 1048576K
}
Event: 13.608 GC heap after
{Heap after GC invocations=24 (full 0):
 garbage-first heap   total 184320K, used 56453K [0x0000000080000000, 0x0000000100000000)
  region size 1024K, 8 young (8192K), 8 survivors (8192K)
 Metaspace       used 70977K, committed 71552K, reserved 1114112K
  class space    used 9499K, committed 9792K, reserved 1048576K
}
Event: 13.825 GC heap before
{Heap before GC invocations=24 (full 0):
 garbage-first heap   total 184320K, used 57477K [0x0000000080000000, 0x0000000100000000)
  region size 1024K, 9 young (9216K), 8 survivors (8192K)
 Metaspace       used 71123K, committed 71616K, reserved 1114112K
  class space    used 9544K, committed 9792K, reserved 1048576K
}
Event: 13.872 GC heap after
{Heap after GC invocations=25 (full 0):
 garbage-first heap   total 184320K, used 57333K [0x0000000080000000, 0x0000000100000000)
  region size 1024K, 1 young (1024K), 1 survivors (1024K)
 Metaspace       used 71123K, committed 71616K, reserved 1114112K
  class space    used 9544K, committed 9792K, reserved 1048576K
}

Dll operation events (2 events):
Event: 0.063 Loaded shared library C:\Program Files\Android\Android Studio\jbr\bin\java.dll
Event: 1.309 Loaded shared library C:\Program Files\Android\Android Studio\jbr\bin\verify.dll

Deoptimization events (20 events):
Event: 16.059 Thread 0x000001eb45605fa0 Uncommon trap: trap_request=0xffffff45 fr.pc=0x000001eb34a3c9c8 relative=0x0000000000000968
Event: 16.059 Thread 0x000001eb45605fa0 Uncommon trap: reason=unstable_if action=reinterpret pc=0x000001eb34a3c9c8 method=java.util.HashMap.resize()[Ljava/util/HashMap$Node; @ 203 c2
Event: 16.059 Thread 0x000001eb45605fa0 DEOPT PACKING pc=0x000001eb34a3c9c8 sp=0x0000002602ff90b0
Event: 16.059 Thread 0x000001eb45605fa0 DEOPT UNPACKING pc=0x000001eb3448a1a3 sp=0x0000002602ff9050 mode 2
Event: 16.059 Thread 0x000001eb45605fa0 Uncommon trap: trap_request=0xffffff45 fr.pc=0x000001eb34c7bac8 relative=0x0000000000002288
Event: 16.059 Thread 0x000001eb45605fa0 Uncommon trap: reason=unstable_if action=reinterpret pc=0x000001eb34c7bac8 method=java.util.HashMap.getNode(Ljava/lang/Object;)Ljava/util/HashMap$Node; @ 85 c2
Event: 16.059 Thread 0x000001eb45605fa0 DEOPT PACKING pc=0x000001eb34c7bac8 sp=0x0000002602ff9150
Event: 16.060 Thread 0x000001eb45605fa0 DEOPT UNPACKING pc=0x000001eb3448a1a3 sp=0x0000002602ff9038 mode 2
Event: 16.060 Thread 0x000001eb45605fa0 Uncommon trap: trap_request=0xffffff45 fr.pc=0x000001eb34a8d35c relative=0x00000000000002bc
Event: 16.060 Thread 0x000001eb45605fa0 Uncommon trap: reason=unstable_if action=reinterpret pc=0x000001eb34a8d35c method=java.util.HashMap.getNode(Ljava/lang/Object;)Ljava/util/HashMap$Node; @ 85 c2
Event: 16.060 Thread 0x000001eb45605fa0 DEOPT PACKING pc=0x000001eb34a8d35c sp=0x0000002602ff9100
Event: 16.060 Thread 0x000001eb45605fa0 DEOPT UNPACKING pc=0x000001eb3448a1a3 sp=0x0000002602ff9020 mode 2
Event: 16.060 Thread 0x000001eb45605fa0 Uncommon trap: trap_request=0xffffff45 fr.pc=0x000001eb34b635e0 relative=0x0000000000000240
Event: 16.060 Thread 0x000001eb45605fa0 Uncommon trap: reason=unstable_if action=reinterpret pc=0x000001eb34b635e0 method=java.util.HashMap.getNode(Ljava/lang/Object;)Ljava/util/HashMap$Node; @ 85 c2
Event: 16.060 Thread 0x000001eb45605fa0 DEOPT PACKING pc=0x000001eb34b635e0 sp=0x0000002602ff90a0
Event: 16.060 Thread 0x000001eb45605fa0 DEOPT UNPACKING pc=0x000001eb3448a1a3 sp=0x0000002602ff9020 mode 2
Event: 16.520 Thread 0x000001eb45605fa0 Uncommon trap: trap_request=0xfffffff4 fr.pc=0x000001eb34d6fdcc relative=0x0000000000008b2c
Event: 16.520 Thread 0x000001eb45605fa0 Uncommon trap: reason=null_check action=make_not_entrant pc=0x000001eb34d6fdcc method=org.gradle.internal.instantiation.generator.AbstractClassGenerator$PropertyMetadata.addGetter(Lorg/gradle/internal/instantiation/generator/AbstractClassGenerator$MethodM
Event: 16.520 Thread 0x000001eb45605fa0 DEOPT PACKING pc=0x000001eb34d6fdcc sp=0x0000002602ff9260
Event: 16.520 Thread 0x000001eb45605fa0 DEOPT UNPACKING pc=0x000001eb3448a1a3 sp=0x0000002602ff91a0 mode 2

Classes unloaded (0 events):
No events

Classes redefined (0 events):
No events

Internal exceptions (20 events):
Event: 12.845 Thread 0x000001eb45605fa0 Exception <a 'java/lang/ClassNotFoundException'{0x0000000087f6cc58}: com/android/build/gradle/internal/CompileOptionsBeanInfo> (0x0000000087f6cc58) 
thrown [s\src\hotspot\share\classfile\systemDictionary.cpp, line 256]
Event: 12.848 Thread 0x000001eb45605fa0 Exception <a 'java/lang/ClassNotFoundException'{0x0000000087f7a0c8}: com/android/build/gradle/internal/CompileOptionsCustomizer> (0x0000000087f7a0c8) 
thrown [s\src\hotspot\share\classfile\systemDictionary.cpp, line 256]
Event: 12.849 Thread 0x000001eb45605fa0 Exception <a 'java/lang/ClassNotFoundException'{0x0000000087f94008}: com/android/build/gradle/internal/CompileOptions$AgpDecoratedCustomizer> (0x0000000087f94008) 
thrown [s\src\hotspot\share\classfile\systemDictionary.cpp, line 256]
Event: 12.849 Thread 0x000001eb45605fa0 Exception <a 'java/lang/ClassNotFoundException'{0x0000000087fb0a80}: com/android/build/gradle/internal/CompileOptions$AgpDecorated_DecoratedCustomizer> (0x0000000087fb0a80) 
thrown [s\src\hotspot\share\classfile\systemDictionary.cpp, line 256]
Event: 12.860 Thread 0x000001eb45605fa0 Exception <a 'java/lang/ClassNotFoundException'{0x0000000087e2bdf0}: org/gradle/api/internal/artifacts/dsl/dependencies/DefaultDependencyHandler_DecoratedBeanInfo> (0x0000000087e2bdf0) 
thrown [s\src\hotspot\share\classfile\systemDictionary.cpp, line 256]
Event: 12.862 Thread 0x000001eb45605fa0 Exception <a 'java/lang/ClassNotFoundException'{0x0000000087e43168}: org/gradle/api/internal/artifacts/dsl/dependencies/DefaultDependencyHandlerBeanInfo> (0x0000000087e43168) 
thrown [s\src\hotspot\share\classfile\systemDictionary.cpp, line 256]
Event: 12.862 Thread 0x000001eb45605fa0 Exception <a 'java/lang/ClassNotFoundException'{0x0000000087e5a4a0}: org/gradle/api/internal/artifacts/dsl/dependencies/DefaultDependencyHandlerCustomizer> (0x0000000087e5a4a0) 
thrown [s\src\hotspot\share\classfile\systemDictionary.cpp, line 256]
Event: 12.864 Thread 0x000001eb45605fa0 Exception <a 'java/lang/ClassNotFoundException'{0x0000000087e98cc0}: org/gradle/api/internal/artifacts/dsl/dependencies/DefaultDependencyHandler_DecoratedCustomizer> (0x0000000087e98cc0) 
thrown [s\src\hotspot\share\classfile\systemDictionary.cpp, line 256]
Event: 14.111 Thread 0x000001eb45605fa0 Exception <a 'java/lang/NoSuchMethodError'{0x000000008ab72548}: 'int java.lang.invoke.DirectMethodHandle$Holder.invokeSpecialIFC(java.lang.Object, java.lang.Object, java.lang.Object, java.lang.Object, java.lang.Object)'> (0x000000008ab72548) 
thrown [s\src\hotspot\share\interpreter\linkResolver.cpp, line 771]
Event: 14.734 Thread 0x000001eb45605fa0 Exception <a 'java/lang/ClassNotFoundException'{0x0000000089e5cad0}: com/android/build/gradle/internal/api/ApkVariantOutputImpl_DecoratedBeanInfo> (0x0000000089e5cad0) 
thrown [s\src\hotspot\share\classfile\systemDictionary.cpp, line 256]
Event: 14.736 Thread 0x000001eb45605fa0 Exception <a 'java/lang/ClassNotFoundException'{0x0000000089e696a8}: com/android/build/gradle/internal/api/ApkVariantOutputImplBeanInfo> (0x0000000089e696a8) 
thrown [s\src\hotspot\share\classfile\systemDictionary.cpp, line 256]
Event: 14.741 Thread 0x000001eb45605fa0 Exception <a 'java/lang/ClassNotFoundException'{0x0000000089e76290}: com/android/build/gradle/internal/api/BaseVariantOutputImplBeanInfo> (0x0000000089e76290) 
thrown [s\src\hotspot\share\classfile\systemDictionary.cpp, line 256]
Event: 14.750 Thread 0x000001eb45605fa0 Exception <a 'java/lang/ClassNotFoundException'{0x0000000089e833b8}: com/android/build/gradle/internal/api/BaseVariantOutputImplCustomizer> (0x0000000089e833b8) 
thrown [s\src\hotspot\share\classfile\systemDictionary.cpp, line 256]
Event: 14.757 Thread 0x000001eb45605fa0 Exception <a 'java/lang/ClassNotFoundException'{0x0000000089ea2928}: com/android/build/gradle/internal/api/ApkVariantOutputImplCustomizer> (0x0000000089ea2928) 
thrown [s\src\hotspot\share\classfile\systemDictionary.cpp, line 256]
Event: 14.766 Thread 0x000001eb45605fa0 Exception <a 'java/lang/ClassNotFoundException'{0x0000000089ebc120}: com/android/build/gradle/internal/api/ApkVariantOutputImpl_DecoratedCustomizer> (0x0000000089ebc120) 
thrown [s\src\hotspot\share\classfile\systemDictionary.cpp, line 256]
Event: 14.798 Thread 0x000001eb45605fa0 Exception <a 'java/lang/NoClassDefFoundError'{0x0000000089da1a58}: org/jetbrains/kotlin/gradle/plugin/KotlinBasePluginWrapper> (0x0000000089da1a58) 
thrown [s\src\hotspot\share\classfile\systemDictionary.cpp, line 245]
Event: 15.486 Thread 0x000001eb45605fa0 Implicit null exception at 0x000001eb34c25192 to 0x000001eb34c257d8
Event: 15.546 Thread 0x000001eb45605fa0 Implicit null exception at 0x000001eb34d292d4 to 0x000001eb34d307a4
Event: 16.520 Thread 0x000001eb45605fa0 Implicit null exception at 0x000001eb34d68ff6 to 0x000001eb34d6fd40
Event: 16.714 Thread 0x000001eb45605fa0 Exception <a 'sun/nio/fs/WindowsException'{0x00000000880a5ba0}> (0x00000000880a5ba0) 
thrown [s\src\hotspot\share\prims\jni.cpp, line 517]

VM Operations (20 events):
Event: 12.073 Executing VM operation: G1Concurrent
Event: 12.073 Executing VM operation: G1Concurrent done
Event: 12.737 Executing VM operation: ICBufferFull
Event: 12.737 Executing VM operation: ICBufferFull done
Event: 12.922 Executing VM operation: HandshakeAllThreads
Event: 12.922 Executing VM operation: HandshakeAllThreads done
Event: 13.384 Executing VM operation: HandshakeAllThreads
Event: 13.384 Executing VM operation: HandshakeAllThreads done
Event: 13.552 Executing VM operation: G1CollectForAllocation
Event: 13.612 Executing VM operation: G1CollectForAllocation done
Event: 13.825 Executing VM operation: G1CollectForAllocation
Event: 13.872 Executing VM operation: G1CollectForAllocation done
Event: 14.379 Executing VM operation: ICBufferFull
Event: 14.379 Executing VM operation: ICBufferFull done
Event: 15.391 Executing VM operation: Cleanup
Event: 15.391 Executing VM operation: Cleanup done
Event: 15.981 Executing VM operation: ICBufferFull
Event: 15.982 Executing VM operation: ICBufferFull done
Event: 16.370 Executing VM operation: HandshakeAllThreads
Event: 16.374 Executing VM operation: HandshakeAllThreads done

Events (20 events):
Event: 15.613 loading class java/util/zip/ZipOutputStream
Event: 15.614 loading class java/util/zip/ZipOutputStream done
Event: 16.694 loading class java/net/Proxy
Event: 16.696 loading class java/net/Proxy done
Event: 16.696 loading class java/net/Proxy$Type
Event: 16.696 loading class java/net/Proxy$Type done
Event: 16.771 loading class javax/xml/namespace/QName
Event: 16.772 loading class javax/xml/namespace/QName done
Event: 16.828 loading class javax/xml/transform/Source
Event: 16.829 loading class javax/xml/transform/Source done
Event: 16.829 loading class org/w3c/dom/ls/LSResourceResolver
Event: 16.830 loading class org/w3c/dom/ls/LSResourceResolver done
Event: 16.830 loading class org/xml/sax/XMLFilter
Event: 16.830 loading class org/xml/sax/XMLReader
Event: 16.830 loading class org/xml/sax/XMLReader done
Event: 16.830 loading class org/xml/sax/XMLFilter done
Event: 16.833 loading class java/util/logging/ConsoleHandler
Event: 16.833 loading class java/util/logging/StreamHandler
Event: 16.834 loading class java/util/logging/StreamHandler done
Event: 16.834 loading class java/util/logging/ConsoleHandler done


Dynamic libraries:
0x00007ff6920b0000 - 0x00007ff6920ba000 	C:\Program Files\Android\Android Studio\jbr\bin\java.exe
0x00007ffba5c00000 - 0x00007ffba5e09000 	C:\Windows\SYSTEM32\ntdll.dll
0x00007ffba4300000 - 0x00007ffba43be000 	C:\Windows\System32\KERNEL32.DLL
0x00007ffba3490000 - 0x00007ffba3814000 	C:\Windows\System32\KERNELBASE.dll
0x00007ffba3940000 - 0x00007ffba3a51000 	C:\Windows\System32\ucrtbase.dll
0x00007ffb959b0000 - 0x00007ffb959c7000 	C:\Program Files\Android\Android Studio\jbr\bin\jli.dll
0x00007ffb95990000 - 0x00007ffb959ab000 	C:\Program Files\Android\Android Studio\jbr\bin\VCRUNTIME140.dll
0x00007ffba5280000 - 0x00007ffba542d000 	C:\Windows\System32\USER32.dll
0x00007ffba31d0000 - 0x00007ffba31f6000 	C:\Windows\System32\win32u.dll
0x00007ffb885e0000 - 0x00007ffb88885000 	C:\Windows\WinSxS\amd64_microsoft.windows.common-controls_6595b64144ccf1df_6.0.22000.120_none_9d947278b86cc467\COMCTL32.dll
0x00007ffba5b90000 - 0x00007ffba5bba000 	C:\Windows\System32\GDI32.dll
0x00007ffba3820000 - 0x00007ffba393f000 	C:\Windows\System32\gdi32full.dll
0x00007ffba3200000 - 0x00007ffba329d000 	C:\Windows\System32\msvcp_win.dll
0x00007ffba4080000 - 0x00007ffba4123000 	C:\Windows\System32\msvcrt.dll
0x00007ffba3d10000 - 0x00007ffba3d41000 	C:\Windows\System32\IMM32.DLL
0x00007ffb998e0000 - 0x00007ffb998ec000 	C:\Program Files\Android\Android Studio\jbr\bin\vcruntime140_1.dll
0x00007ffb83760000 - 0x00007ffb837ed000 	C:\Program Files\Android\Android Studio\jbr\bin\msvcp140.dll
0x00007ffb5b3e0000 - 0x00007ffb5c04d000 	C:\Program Files\Android\Android Studio\jbr\bin\server\jvm.dll
0x00007ffba43c0000 - 0x00007ffba446f000 	C:\Windows\System32\ADVAPI32.dll
0x00007ffba5430000 - 0x00007ffba54ce000 	C:\Windows\System32\sechost.dll
0x00007ffba4970000 - 0x00007ffba4a91000 	C:\Windows\System32\RPCRT4.dll
0x00007ffb9c5d0000 - 0x00007ffb9c5da000 	C:\Windows\SYSTEM32\VERSION.dll
0x00007ffb9eb30000 - 0x00007ffb9eb39000 	C:\Windows\SYSTEM32\WSOCK32.dll
0x00007ffb986d0000 - 0x00007ffb98703000 	C:\Windows\SYSTEM32\WINMM.dll
0x00007ffba5540000 - 0x00007ffba55af000 	C:\Windows\System32\WS2_32.dll
0x00007ffba2200000 - 0x00007ffba2218000 	C:\Windows\SYSTEM32\kernel.appcore.dll
0x00007ffb99090000 - 0x00007ffb9909a000 	C:\Program Files\Android\Android Studio\jbr\bin\jimage.dll
0x00007ffba0a20000 - 0x00007ffba0c41000 	C:\Windows\SYSTEM32\DBGHELP.DLL
0x00007ffb880f0000 - 0x00007ffb88121000 	C:\Windows\SYSTEM32\dbgcore.DLL
0x00007ffba3410000 - 0x00007ffba348f000 	C:\Windows\System32\bcryptPrimitives.dll
0x00007ffb91ca0000 - 0x00007ffb91cc5000 	C:\Program Files\Android\Android Studio\jbr\bin\java.dll
0x00007ffb964c0000 - 0x00007ffb964d8000 	C:\Program Files\Android\Android Studio\jbr\bin\zip.dll
0x00007ffba4aa0000 - 0x00007ffba5265000 	C:\Windows\System32\SHELL32.dll
0x00007ffba1170000 - 0x00007ffba19d4000 	C:\Windows\SYSTEM32\windows.storage.dll
0x00007ffba4570000 - 0x00007ffba48e6000 	C:\Windows\System32\combase.dll
0x00007ffba1000000 - 0x00007ffba1167000 	C:\Windows\SYSTEM32\wintypes.dll
0x00007ffba3c20000 - 0x00007ffba3d0a000 	C:\Windows\System32\SHCORE.dll
0x00007ffba54d0000 - 0x00007ffba552d000 	C:\Windows\System32\shlwapi.dll
0x00007ffba2fd0000 - 0x00007ffba2ff1000 	C:\Windows\SYSTEM32\profapi.dll
0x00007ffb91c80000 - 0x00007ffb91c99000 	C:\Program Files\Android\Android Studio\jbr\bin\net.dll
0x00007ffb9b5b0000 - 0x00007ffb9b6c3000 	C:\Windows\SYSTEM32\WINHTTP.dll
0x00007ffba26b0000 - 0x00007ffba2717000 	C:\Windows\system32\mswsock.dll
0x00007ffb915b0000 - 0x00007ffb915c6000 	C:\Program Files\Android\Android Studio\jbr\bin\nio.dll
0x00007ffb95a80000 - 0x00007ffb95a90000 	C:\Program Files\Android\Android Studio\jbr\bin\verify.dll
0x00007ffb88d30000 - 0x00007ffb88d57000 	C:\Users\lenovo\.gradle\native\68d5fa5c4cc2d200863cafc0d521ce42e7d3e7ee720ec0a83991735586a16f82\windows-amd64\native-platform.dll
0x00007ffb5b110000 - 0x00007ffb5b254000 	C:\Users\lenovo\.gradle\native\e376f236ea51e6404a007f0833ffe2c6e607c4080706a723a18a27aeea778392\windows-amd64\native-platform-file-events.dll
0x00007ffb95c30000 - 0x00007ffb95c39000 	C:\Program Files\Android\Android Studio\jbr\bin\management.dll
0x00007ffb95c10000 - 0x00007ffb95c1b000 	C:\Program Files\Android\Android Studio\jbr\bin\management_ext.dll
0x00007ffba5530000 - 0x00007ffba5538000 	C:\Windows\System32\PSAPI.DLL
0x00007ffba2900000 - 0x00007ffba2918000 	C:\Windows\SYSTEM32\CRYPTSP.dll
0x00007ffba2160000 - 0x00007ffba2195000 	C:\Windows\system32\rsaenh.dll
0x00007ffba27b0000 - 0x00007ffba27d9000 	C:\Windows\SYSTEM32\USERENV.dll
0x00007ffba2a80000 - 0x00007ffba2aa7000 	C:\Windows\SYSTEM32\bcrypt.dll
0x00007ffba2920000 - 0x00007ffba292c000 	C:\Windows\SYSTEM32\CRYPTBASE.dll
0x00007ffba1d20000 - 0x00007ffba1d4d000 	C:\Windows\SYSTEM32\IPHLPAPI.DLL
0x00007ffba4070000 - 0x00007ffba4079000 	C:\Windows\System32\NSI.dll
0x00007ffb99a30000 - 0x00007ffb99a49000 	C:\Windows\SYSTEM32\dhcpcsvc6.DLL
0x00007ffb9b0e0000 - 0x00007ffb9b0fe000 	C:\Windows\SYSTEM32\dhcpcsvc.DLL
0x00007ffba1d50000 - 0x00007ffba1e37000 	C:\Windows\SYSTEM32\DNSAPI.dll
0x00007ffb95980000 - 0x00007ffb95988000 	C:\Windows\system32\wshunix.dll

dbghelp: loaded successfully - version: 4.0.5 - missing functions: none
symbol engine: initialized successfully - sym options: 0x614 - pdb path: .;C:\Program Files\Android\Android Studio\jbr\bin;C:\Windows\SYSTEM32;C:\Windows\WinSxS\amd64_microsoft.windows.common-controls_6595b64144ccf1df_6.0.22000.120_none_9d947278b86cc467;C:\Program Files\Android\Android Studio\jbr\bin\server;C:\Users\lenovo\.gradle\native\68d5fa5c4cc2d200863cafc0d521ce42e7d3e7ee720ec0a83991735586a16f82\windows-amd64;C:\Users\lenovo\.gradle\native\e376f236ea51e6404a007f0833ffe2c6e607c4080706a723a18a27aeea778392\windows-amd64

VM Arguments:
jvm_args: --add-opens=java.base/java.util=ALL-UNNAMED --add-opens=java.base/java.lang=ALL-UNNAMED --add-opens=java.base/java.lang.invoke=ALL-UNNAMED --add-opens=java.prefs/java.util.prefs=ALL-UNNAMED --add-opens=java.base/java.nio.charset=ALL-UNNAMED --add-opens=java.base/java.net=ALL-UNNAMED --add-opens=java.base/java.util.concurrent.atomic=ALL-UNNAMED -Xmx2048m -Dfile.encoding=UTF-8 -Duser.country=FR -Duser.language=fr -Duser.variant 
java_command: org.gradle.launcher.daemon.bootstrap.GradleDaemon 8.0
java_class_path (initial): C:\Users\lenovo\.gradle\wrapper\dists\gradle-8.0-bin\ca5e32bp14vu59qr306oxotwh\gradle-8.0\lib\gradle-launcher-8.0.jar
Launcher Type: SUN_STANDARD

[Global flags]
     intx CICompilerCount                          = 3                                         {product} {ergonomic}
     uint ConcGCThreads                            = 1                                         {product} {ergonomic}
     uint G1ConcRefinementThreads                  = 4                                         {product} {ergonomic}
   size_t G1HeapRegionSize                         = 1048576                                   {product} {ergonomic}
    uintx GCDrainStackTargetSize                   = 64                                        {product} {ergonomic}
   size_t InitialHeapSize                          = 65011712                                  {product} {ergonomic}
   size_t MarkStackSize                            = 4194304                                   {product} {ergonomic}
   size_t MaxHeapSize                              = 2147483648                                {product} {command line}
   size_t MaxNewSize                               = 1287651328                                {product} {ergonomic}
   size_t MinHeapDeltaBytes                        = 1048576                                   {product} {ergonomic}
   size_t MinHeapSize                              = 8388608                                   {product} {ergonomic}
    uintx NonNMethodCodeHeapSize                   = 5832780                                {pd product} {ergonomic}
    uintx NonProfiledCodeHeapSize                  = 122912730                              {pd product} {ergonomic}
    uintx ProfiledCodeHeapSize                     = 122912730                              {pd product} {ergonomic}
    uintx ReservedCodeCacheSize                    = 251658240                              {pd product} {ergonomic}
     bool SegmentedCodeCache                       = true                                      {product} {ergonomic}
   size_t SoftMaxHeapSize                          = 2147483648                             {manageable} {ergonomic}
     bool UseCompressedClassPointers               = true                           {product lp64_product} {ergonomic}
     bool UseCompressedOops                        = true                           {product lp64_product} {ergonomic}
     bool UseG1GC                                  = true                                      {product} {ergonomic}
     bool UseLargePagesIndividualAllocation        = false                                  {pd product} {ergonomic}

Logging:
Log output configuration:
 #0: stdout all=warning uptime,level,tags
 #1: stderr all=off uptime,level,tags

Environment Variables:
PATH=C:\Program Files (x86)\Common Files\Oracle\Java\javapath;C:\Windows\system32;C:\Windows;C:\Windows\System32\Wbem;C:\Windows\System32\WindowsPowerShell\v1.0\;C:\Windows\System32\OpenSSH\;C:\Program Files\Git\cmd;C:\Users\lenovo\AppData\Local\Microsoft\WindowsApps;
USERNAME=lenovo
OS=Windows_NT
PROCESSOR_IDENTIFIER=Intel64 Family 6 Model 140 Stepping 1, GenuineIntel
TMP=C:\Users\lenovo\AppData\Local\Temp
TEMP=C:\Users\lenovo\AppData\Local\Temp



---------------  S Y S T E M  ---------------

OS:
 Windows 11 , 64 bit Build 22000 (10.0.22000.2003)
OS uptime: 9 days 2:19 hours

CPU: total 4 (initial active 4) (2 cores per cpu, 2 threads per core) family 6 model 140 stepping 1 microcode 0x9a, cx8, cmov, fxsr, ht, mmx, 3dnowpref, sse, sse2, sse3, ssse3, sse4.1, sse4.2, popcnt, lzcnt, tsc, tscinvbit, avx, avx2, aes, erms, clmul, bmi1, bmi2, adx, avx512f, avx512dq, avx512cd, avx512bw, avx512vl, sha, fma, vzeroupper, avx512_vpopcntdq, avx512_vpclmulqdq, avx512_vaes, avx512_vnni, clflush, clflushopt, clwb, avx512_vbmi2, avx512_vbmi

Memory: 4k page, system-wide physical 3895M (7M free)
TotalPageFile size 15671M (AvailPageFile size 6M)
current process WorkingSet (physical memory assigned to process): 170M, peak: 245M
current process commit charge ("private bytes"): 419M, peak: 421M

vm_info: OpenJDK 64-Bit Server VM (17.0.6+0-b2043.56-9586694) for windows-amd64 JRE (17.0.6+0-b2043.56-9586694), built on Feb  9 2023 20:06:20 by "androidbuild" with MS VC++ 16.10 / 16.11 (VS2019)

END.
