#
# There is insufficient memory for the Java Runtime Environment to continue.
# Native memory allocation (malloc) failed to allocate 2238384 bytes for Chunk::new
# Possible reasons:
#   The system is out of physical RAM or swap space
#   The process is running with CompressedOops enabled, and the Java Heap may be blocking the growth of the native heap
# Possible solutions:
#   Reduce memory load on the system
#   Increase physical memory or swap space
#   Check if swap backing store is full
#   Decrease Java heap size (-Xmx/-Xms)
#   Decrease number of Java threads
#   Decrease Java thread stack sizes (-Xss)
#   Set larger code cache with -XX:ReservedCodeCacheSize=
#   JVM is running with Unscaled Compressed Oops mode in which the Java heap is
#     placed in the first 4GB address space. The Java Heap base address is the
#     maximum limit for the native heap growth. Please use -XX:HeapBaseMinAddress
#     to set the Java Heap base and to place the Java Heap above 4GB virtual address.
# This output file may be truncated or incomplete.
#
#  Out of Memory Error (arena.cpp:189), pid=40084, tid=4448
#
# JRE version: OpenJDK Runtime Environment (17.0.6) (build 17.0.6+0-b2043.56-9586694)
# Java VM: OpenJDK 64-Bit Server VM (17.0.6+0-b2043.56-9586694, mixed mode, tiered, compressed oops, compressed class ptrs, g1 gc, windows-amd64)
# No core dump will be written. Minidumps are not enabled by default on client versions of Windows
#

---------------  S U M M A R Y ------------

Command Line: --add-opens=java.base/java.util=ALL-UNNAMED --add-opens=java.base/java.lang=ALL-UNNAMED --add-opens=java.base/java.lang.invoke=ALL-UNNAMED --add-opens=java.prefs/java.util.prefs=ALL-UNNAMED --add-opens=java.base/java.nio.charset=ALL-UNNAMED --add-opens=java.base/java.net=ALL-UNNAMED --add-opens=java.base/java.util.concurrent.atomic=ALL-UNNAMED -Xmx2048m -Dfile.encoding=UTF-8 -Duser.country=FR -Duser.language=fr -Duser.variant org.gradle.launcher.daemon.bootstrap.GradleDaemon 8.0

Host: 11th Gen Intel(R) Core(TM) i3-1115G4 @ 3.00GHz, 4 cores, 3G,  Windows 11 , 64 bit Build 22000 (10.0.22000.2003)
Time: Sat Jul  1 01:13:13 2023 Maroc (heure d64 bit Build 22000 (10.0.22000.2003) elapsed time: 12.465502 seconds (0d 0h 0m 12s)

---------------  T H R E A D  ---------------

Current thread (0x000002a0b5d5b5c0):  JavaThread "C2 CompilerThread0" daemon [_thread_in_native, id=4448, stack(0x000000ecb8800000,0x000000ecb8900000)]


Current CompileTask:
C2:  12465 8372   !   4       java.net.URLClassLoader::findClass (47 bytes)

Stack: [0x000000ecb8800000,0x000000ecb8900000]
Native frames: (J=compiled Java code, j=interpreted, Vv=VM code, C=native code)
V  [jvm.dll+0x683b4a]
V  [jvm.dll+0x842654]
V  [jvm.dll+0x843dfe]
V  [jvm.dll+0x844463]
V  [jvm.dll+0x249b75]
V  [jvm.dll+0xabcac]
V  [jvm.dll+0xac27c]
V  [jvm.dll+0x368857]
V  [jvm.dll+0x332f31]
V  [jvm.dll+0x3323da]
V  [jvm.dll+0x21c201]
V  [jvm.dll+0x21b621]
V  [jvm.dll+0x1a4fdd]
V  [jvm.dll+0x22b098]
V  [jvm.dll+0x229159]
V  [jvm.dll+0x7f809c]
V  [jvm.dll+0x7f25fa]
V  [jvm.dll+0x682985]
C  [ucrtbase.dll+0x26c0c]
C  [KERNEL32.DLL+0x155a0]
C  [ntdll.dll+0x485b]


---------------  P R O C E S S  ---------------

Threads class SMR info:
_java_thread_list=0x000002a0bcb19190, length=81, elements={
0x000002a09bd5a530, 0x000002a0b5329110, 0x000002a0b532bf50, 0x000002a0b5354690,
0x000002a0b5354f50, 0x000002a0b5355900, 0x000002a0b5d4e400, 0x000002a0b5d5b5c0,
0x000002a0b5d5e070, 0x000002a0b535e3a0, 0x000002a0b5ed06a0, 0x000002a0b5ed4f90,
0x000002a0b6f50f30, 0x000002a0b76d1040, 0x000002a0b75ddfc0, 0x000002a0b765cbd0,
0x000002a0b7604900, 0x000002a0b75b2870, 0x000002a0b75b23a0, 0x000002a0b75b1060,
0x000002a0b75b1530, 0x000002a0b75b1a00, 0x000002a0b75b1ed0, 0x000002a0b85cda40,
0x000002a0b85d0590, 0x000002a0b85cc700, 0x000002a0b85cc230, 0x000002a0b85caef0,
0x000002a0b85d0f30, 0x000002a0b85ccbd0, 0x000002a0b85ce3e0, 0x000002a0b85cd0a0,
0x000002a0b85d18d0, 0x000002a0b85cd570, 0x000002a0b85cdf10, 0x000002a0b85cf720,
0x000002a0b85cb890, 0x000002a0b85ca550, 0x000002a0b85d0a60, 0x000002a0b85caa20,
0x000002a0b85d00c0, 0x000002a0b85d1400, 0x000002a0b85ca080, 0x000002a0b8a9c590,
0x000002a0b8a96080, 0x000002a0b8a95210, 0x000002a0b8a99f10, 0x000002a0b8a96a20,
0x000002a0b8a9a3e0, 0x000002a0b8a9a8b0, 0x000002a0b8a97890, 0x000002a0b8a98700,
0x000002a0b8a9b720, 0x000002a0b8a973c0, 0x000002a0b8a9bbf0, 0x000002a0b8a96ef0,
0x000002a0b8a96550, 0x000002a0b8a9b250, 0x000002a0b8a97d60, 0x000002a0b8a990a0,
0x000002a0b8a98230, 0x000002a0b8a98bd0, 0x000002a0b8a9ad80, 0x000002a0b8a99570,
0x000002a0b8a99a40, 0x000002a0b8a9c0c0, 0x000002a0b8a9ca60, 0x000002a0b8a956e0,
0x000002a0b8a95bb0, 0x000002a0b630e620, 0x000002a0b63085e0, 0x000002a0b6308110,
0x000002a0b6308f80, 0x000002a0b630ce10, 0x000002a0b6308ab0, 0x000002a0b6309920,
0x000002a0b630a790, 0x000002a0b6309df0, 0x000002a0b630c470, 0x000002a0b6309450,
0x000002a0b630a2c0
}

Java Threads: ( => current thread )
  0x000002a09bd5a530 JavaThread "main" [_thread_blocked, id=44908, stack(0x000000ecb7b00000,0x000000ecb7c00000)]
  0x000002a0b5329110 JavaThread "Reference Handler" daemon [_thread_blocked, id=48440, stack(0x000000ecb8200000,0x000000ecb8300000)]
  0x000002a0b532bf50 JavaThread "Finalizer" daemon [_thread_blocked, id=47700, stack(0x000000ecb8300000,0x000000ecb8400000)]
  0x000002a0b5354690 JavaThread "Signal Dispatcher" daemon [_thread_blocked, id=46652, stack(0x000000ecb8400000,0x000000ecb8500000)]
  0x000002a0b5354f50 JavaThread "Attach Listener" daemon [_thread_blocked, id=49432, stack(0x000000ecb8500000,0x000000ecb8600000)]
  0x000002a0b5355900 JavaThread "Service Thread" daemon [_thread_blocked, id=48884, stack(0x000000ecb8600000,0x000000ecb8700000)]
  0x000002a0b5d4e400 JavaThread "Monitor Deflation Thread" daemon [_thread_blocked, id=36936, stack(0x000000ecb8700000,0x000000ecb8800000)]
=>0x000002a0b5d5b5c0 JavaThread "C2 CompilerThread0" daemon [_thread_in_native, id=4448, stack(0x000000ecb8800000,0x000000ecb8900000)]
  0x000002a0b5d5e070 JavaThread "C1 CompilerThread0" daemon [_thread_blocked, id=5676, stack(0x000000ecb8900000,0x000000ecb8a00000)]
  0x000002a0b535e3a0 JavaThread "Sweeper thread" daemon [_thread_blocked, id=45772, stack(0x000000ecb8a00000,0x000000ecb8b00000)]
  0x000002a0b5ed06a0 JavaThread "Common-Cleaner" daemon [_thread_blocked, id=31712, stack(0x000000ecb8b00000,0x000000ecb8c00000)]
  0x000002a0b5ed4f90 JavaThread "Notification Thread" daemon [_thread_blocked, id=50040, stack(0x000000ecb8c00000,0x000000ecb8d00000)]
  0x000002a0b6f50f30 JavaThread "Daemon health stats" [_thread_blocked, id=49984, stack(0x000000ecb9100000,0x000000ecb9200000)]
  0x000002a0b76d1040 JavaThread "Incoming local TCP Connector on port 54078" [_thread_in_native, id=48484, stack(0x000000ecb9200000,0x000000ecb9300000)]
  0x000002a0b75ddfc0 JavaThread "Daemon periodic checks" [_thread_blocked, id=49136, stack(0x000000ecb9300000,0x000000ecb9400000)]
  0x000002a0b765cbd0 JavaThread "Daemon" [_thread_blocked, id=40116, stack(0x000000ecb9400000,0x000000ecb9500000)]
  0x000002a0b7604900 JavaThread "Handler for socket connection from /127.0.0.1:54078 to /127.0.0.1:54079" [_thread_in_native, id=39416, stack(0x000000ecb9500000,0x000000ecb9600000)]
  0x000002a0b75b2870 JavaThread "Cancel handler" [_thread_blocked, id=49120, stack(0x000000ecb9600000,0x000000ecb9700000)]
  0x000002a0b75b23a0 JavaThread "Daemon worker" [_thread_in_Java, id=49556, stack(0x000000ecb9700000,0x000000ecb9800000)]
  0x000002a0b75b1060 JavaThread "Asynchronous log dispatcher for DefaultDaemonConnection: socket connection from /127.0.0.1:54078 to /127.0.0.1:54079" [_thread_blocked, id=40120, stack(0x000000ecb9800000,0x000000ecb9900000)]
  0x000002a0b75b1530 JavaThread "Stdin handler" [_thread_blocked, id=48328, stack(0x000000ecb9900000,0x000000ecb9a00000)]
  0x000002a0b75b1a00 JavaThread "Daemon client event forwarder" [_thread_blocked, id=49560, stack(0x000000ecb9a00000,0x000000ecb9b00000)]
  0x000002a0b75b1ed0 JavaThread "Cache worker for journal cache (C:\Users\lenovo\.gradle\caches\journal-1)" [_thread_blocked, id=29588, stack(0x000000ecb9b00000,0x000000ecb9c00000)]
  0x000002a0b85cda40 JavaThread "File lock request listener" [_thread_in_native, id=48808, stack(0x000000ecb9c00000,0x000000ecb9d00000)]
  0x000002a0b85d0590 JavaThread "Cache worker for file hash cache (C:\Users\lenovo\.gradle\caches\8.0\fileHashes)" [_thread_blocked, id=46512, stack(0x000000ecb9d00000,0x000000ecb9e00000)]
  0x000002a0b85cc700 JavaThread "File watcher server" daemon [_thread_in_native, id=48644, stack(0x000000ecb9e00000,0x000000ecb9f00000)]
  0x000002a0b85cc230 JavaThread "File watcher consumer" daemon [_thread_blocked, id=49804, stack(0x000000ecb9f00000,0x000000ecba000000)]
  0x000002a0b85caef0 JavaThread "Cache worker for checksums cache (C:\Users\lenovo\AndroidStudioProjects\MyApplication\.gradle\8.0\checksums)" [_thread_blocked, id=49976, stack(0x000000ecba000000,0x000000ecba100000)]
  0x000002a0b85d0f30 JavaThread "Cache worker for cache directory md-rule (C:\Users\lenovo\.gradle\caches\8.0\md-rule)" [_thread_blocked, id=49772, stack(0x000000ecba100000,0x000000ecba200000)]
  0x000002a0b85ccbd0 JavaThread "Cache worker for file content cache (C:\Users\lenovo\.gradle\caches\8.0\fileContent)" [_thread_blocked, id=32452, stack(0x000000ecba200000,0x000000ecba300000)]
  0x000002a0b85ce3e0 JavaThread "Cache worker for file hash cache (C:\Users\lenovo\AndroidStudioProjects\MyApplication\.gradle\8.0\fileHashes)" [_thread_blocked, id=47904, stack(0x000000ecba300000,0x000000ecba400000)]
  0x000002a0b85cd0a0 JavaThread "Cache worker for cache directory md-supplier (C:\Users\lenovo\.gradle\caches\8.0\md-supplier)" [_thread_blocked, id=42296, stack(0x000000ecba400000,0x000000ecba500000)]
  0x000002a0b85d18d0 JavaThread "Cache worker for execution history cache (C:\Users\lenovo\.gradle\caches\8.0\executionHistory)" [_thread_blocked, id=44876, stack(0x000000ecba500000,0x000000ecba600000)]
  0x000002a0b85cd570 JavaThread "jar transforms" [_thread_blocked, id=45736, stack(0x000000ecba600000,0x000000ecba700000)]
  0x000002a0b85cdf10 JavaThread "jar transforms Thread 2" [_thread_blocked, id=49000, stack(0x000000ecba700000,0x000000ecba800000)]
  0x000002a0b85cf720 JavaThread "jar transforms Thread 3" [_thread_blocked, id=48412, stack(0x000000ecba900000,0x000000ecbaa00000)]
  0x000002a0b85cb890 JavaThread "jar transforms Thread 4" [_thread_blocked, id=47032, stack(0x000000ecbaa00000,0x000000ecbab00000)]
  0x000002a0b85ca550 JavaThread "Cache worker for dependencies-accessors (C:\Users\lenovo\AndroidStudioProjects\MyApplication\.gradle\8.0\dependencies-accessors)" [_thread_blocked, id=47896, stack(0x000000ecbab00000,0x000000ecbac00000)]
  0x000002a0b85d0a60 JavaThread "Cache worker for Build Output Cleanup Cache (C:\Users\lenovo\AndroidStudioProjects\MyApplication\.gradle\buildOutputCleanup)" [_thread_blocked, id=48500, stack(0x000000ecbac00000,0x000000ecbad00000)]
  0x000002a0b85caa20 JavaThread "Unconstrained build operations" [_thread_blocked, id=49908, stack(0x000000ecbad00000,0x000000ecbae00000)]
  0x000002a0b85d00c0 JavaThread "Unconstrained build operations Thread 2" [_thread_blocked, id=42020, stack(0x000000ecbae00000,0x000000ecbaf00000)]
  0x000002a0b85d1400 JavaThread "Unconstrained build operations Thread 3" [_thread_blocked, id=49888, stack(0x000000ecbaf00000,0x000000ecbb000000)]
  0x000002a0b85ca080 JavaThread "Unconstrained build operations Thread 4" [_thread_blocked, id=48876, stack(0x000000ecbb000000,0x000000ecbb100000)]
  0x000002a0b8a9c590 JavaThread "Unconstrained build operations Thread 5" [_thread_blocked, id=46868, stack(0x000000ecbb100000,0x000000ecbb200000)]
  0x000002a0b8a96080 JavaThread "Unconstrained build operations Thread 6" [_thread_blocked, id=50008, stack(0x000000ecbb200000,0x000000ecbb300000)]
  0x000002a0b8a95210 JavaThread "Unconstrained build operations Thread 7" [_thread_blocked, id=48952, stack(0x000000ecbb300000,0x000000ecbb400000)]
  0x000002a0b8a99f10 JavaThread "Unconstrained build operations Thread 8" [_thread_blocked, id=49576, stack(0x000000ecbb400000,0x000000ecbb500000)]
  0x000002a0b8a96a20 JavaThread "Unconstrained build operations Thread 9" [_thread_blocked, id=49948, stack(0x000000ecbb500000,0x000000ecbb600000)]
  0x000002a0b8a9a3e0 JavaThread "Unconstrained build operations Thread 10" [_thread_blocked, id=44408, stack(0x000000ecbb600000,0x000000ecbb700000)]
  0x000002a0b8a9a8b0 JavaThread "Unconstrained build operations Thread 11" [_thread_blocked, id=40328, stack(0x000000ecbb700000,0x000000ecbb800000)]
  0x000002a0b8a97890 JavaThread "Unconstrained build operations Thread 12" [_thread_blocked, id=48752, stack(0x000000ecbb800000,0x000000ecbb900000)]
  0x000002a0b8a98700 JavaThread "Unconstrained build operations Thread 13" [_thread_blocked, id=28920, stack(0x000000ecbb900000,0x000000ecbba00000)]
  0x000002a0b8a9b720 JavaThread "Unconstrained build operations Thread 14" [_thread_blocked, id=42356, stack(0x000000ecbba00000,0x000000ecbbb00000)]
  0x000002a0b8a973c0 JavaThread "Unconstrained build operations Thread 15" [_thread_blocked, id=49928, stack(0x000000ecbbb00000,0x000000ecbbc00000)]
  0x000002a0b8a9bbf0 JavaThread "Unconstrained build operations Thread 16" [_thread_blocked, id=49008, stack(0x000000ecbbc00000,0x000000ecbbd00000)]
  0x000002a0b8a96ef0 JavaThread "Unconstrained build operations Thread 17" [_thread_blocked, id=49768, stack(0x000000ecbbd00000,0x000000ecbbe00000)]
  0x000002a0b8a96550 JavaThread "Unconstrained build operations Thread 18" [_thread_blocked, id=48616, stack(0x000000ecbbe00000,0x000000ecbbf00000)]
  0x000002a0b8a9b250 JavaThread "Unconstrained build operations Thread 19" [_thread_blocked, id=47956, stack(0x000000ecbbf00000,0x000000ecbc000000)]
  0x000002a0b8a97d60 JavaThread "Unconstrained build operations Thread 20" [_thread_blocked, id=47776, stack(0x000000ecbc000000,0x000000ecbc100000)]
  0x000002a0b8a990a0 JavaThread "Unconstrained build operations Thread 21" [_thread_blocked, id=44328, stack(0x000000ecbc100000,0x000000ecbc200000)]
  0x000002a0b8a98230 JavaThread "Unconstrained build operations Thread 22" [_thread_blocked, id=41068, stack(0x000000ecbc200000,0x000000ecbc300000)]
  0x000002a0b8a98bd0 JavaThread "Unconstrained build operations Thread 23" [_thread_blocked, id=33968, stack(0x000000ecbc300000,0x000000ecbc400000)]
  0x000002a0b8a9ad80 JavaThread "Unconstrained build operations Thread 24" [_thread_blocked, id=45660, stack(0x000000ecbc400000,0x000000ecbc500000)]
  0x000002a0b8a99570 JavaThread "Unconstrained build operations Thread 25" [_thread_blocked, id=43688, stack(0x000000ecbc500000,0x000000ecbc600000)]
  0x000002a0b8a99a40 JavaThread "Unconstrained build operations Thread 26" [_thread_blocked, id=47384, stack(0x000000ecbc600000,0x000000ecbc700000)]
  0x000002a0b8a9c0c0 JavaThread "Unconstrained build operations Thread 27" [_thread_blocked, id=42328, stack(0x000000ecbc700000,0x000000ecbc800000)]
  0x000002a0b8a9ca60 JavaThread "Unconstrained build operations Thread 28" [_thread_blocked, id=47676, stack(0x000000ecbc800000,0x000000ecbc900000)]
  0x000002a0b8a956e0 JavaThread "Unconstrained build operations Thread 29" [_thread_blocked, id=48764, stack(0x000000ecbc900000,0x000000ecbca00000)]
  0x000002a0b8a95bb0 JavaThread "Unconstrained build operations Thread 30" [_thread_blocked, id=49100, stack(0x000000ecbca00000,0x000000ecbcb00000)]
  0x000002a0b630e620 JavaThread "Unconstrained build operations Thread 31" [_thread_blocked, id=42404, stack(0x000000ecbcb00000,0x000000ecbcc00000)]
  0x000002a0b63085e0 JavaThread "Unconstrained build operations Thread 32" [_thread_blocked, id=48560, stack(0x000000ecbcc00000,0x000000ecbcd00000)]
  0x000002a0b6308110 JavaThread "Unconstrained build operations Thread 33" [_thread_blocked, id=46476, stack(0x000000ecbcd00000,0x000000ecbce00000)]
  0x000002a0b6308f80 JavaThread "Unconstrained build operations Thread 34" [_thread_blocked, id=49784, stack(0x000000ecbce00000,0x000000ecbcf00000)]
  0x000002a0b630ce10 JavaThread "Unconstrained build operations Thread 35" [_thread_blocked, id=45636, stack(0x000000ecbcf00000,0x000000ecbd000000)]
  0x000002a0b6308ab0 JavaThread "Unconstrained build operations Thread 36" [_thread_blocked, id=46952, stack(0x000000ecbd000000,0x000000ecbd100000)]
  0x000002a0b6309920 JavaThread "Unconstrained build operations Thread 37" [_thread_blocked, id=48636, stack(0x000000ecbd100000,0x000000ecbd200000)]
  0x000002a0b630a790 JavaThread "Unconstrained build operations Thread 38" [_thread_blocked, id=49488, stack(0x000000ecbd200000,0x000000ecbd300000)]
  0x000002a0b6309df0 JavaThread "Unconstrained build operations Thread 39" [_thread_blocked, id=49952, stack(0x000000ecbd300000,0x000000ecbd400000)]
  0x000002a0b630c470 JavaThread "Unconstrained build operations Thread 40" [_thread_blocked, id=48540, stack(0x000000ecbd400000,0x000000ecbd500000)]
  0x000002a0b6309450 JavaThread "build event listener" [_thread_blocked, id=46156, stack(0x000000ecbd500000,0x000000ecbd600000)]
  0x000002a0b630a2c0 JavaThread "Memory manager" [_thread_blocked, id=45168, stack(0x000000ecbd600000,0x000000ecbd700000)]

Other Threads:
  0x000002a0b5323630 VMThread "VM Thread" [stack: 0x000000ecb8100000,0x000000ecb8200000] [id=49256]
  0x000002a09be10fc0 WatcherThread [stack: 0x000000ecb8d00000,0x000000ecb8e00000] [id=47252]
  0x000002a09bdb79b0 GCTaskThread "GC Thread#0" [stack: 0x000000ecb7c00000,0x000000ecb7d00000] [id=36364]
  0x000002a0b6431ac0 GCTaskThread "GC Thread#1" [stack: 0x000000ecb8e00000,0x000000ecb8f00000] [id=48504]
  0x000002a0b61697a0 GCTaskThread "GC Thread#2" [stack: 0x000000ecb8f00000,0x000000ecb9000000] [id=49272]
  0x000002a0b6b61290 GCTaskThread "GC Thread#3" [stack: 0x000000ecb9000000,0x000000ecb9100000] [id=49284]
  0x000002a09bdc91f0 ConcurrentGCThread "G1 Main Marker" [stack: 0x000000ecb7d00000,0x000000ecb7e00000] [id=46164]
  0x000002a09bdc9c00 ConcurrentGCThread "G1 Conc#0" [stack: 0x000000ecb7e00000,0x000000ecb7f00000] [id=41464]
  0x000002a0b51800a0 ConcurrentGCThread "G1 Refine#0" [stack: 0x000000ecb7f00000,0x000000ecb8000000] [id=46440]
  0x000002a0b8d76600 ConcurrentGCThread "G1 Refine#1" [stack: 0x000000ecba800000,0x000000ecba900000] [id=50096]
  0x000002a0b5180ac0 ConcurrentGCThread "G1 Service" [stack: 0x000000ecb8000000,0x000000ecb8100000] [id=49328]

Threads with active compile tasks:
C2 CompilerThread0    12517 8372   !   4       java.net.URLClassLoader::findClass (47 bytes)

VM state: not at safepoint (normal execution)

VM Mutex/Monitor currently owned by a thread: None

Heap address: 0x0000000080000000, size: 2048 MB, Compressed Oops mode: 32-bit

CDS archive(s) not mapped
Compressed class space mapped at: 0x0000000100000000-0x0000000140000000, reserved size: 1073741824
Narrow klass base: 0x0000000000000000, Narrow klass shift: 3, Narrow klass range: 0x140000000

GC Precious Log:
 CPUs: 4 total, 4 available
 Memory: 3895M
 Large Page Support: Disabled
 NUMA Support: Disabled
 Compressed Oops: Enabled (32-bit)
 Heap Region Size: 1M
 Heap Min Capacity: 8M
 Heap Initial Capacity: 62M
 Heap Max Capacity: 2G
 Pre-touch: Disabled
 Parallel Workers: 4
 Concurrent Workers: 1
 Concurrent Refinement Workers: 4
 Periodic GC: Disabled

Heap:
 garbage-first heap   total 195584K, used 89165K [0x0000000080000000, 0x0000000100000000)
  region size 1024K, 29 young (29696K), 4 survivors (4096K)
 Metaspace       used 81825K, committed 82368K, reserved 1122304K
  class space    used 11128K, committed 11392K, reserved 1048576K

Heap Regions: E=young(eden), S=young(survivor), O=old, HS=humongous(starts), HC=humongous(continues), CS=collection set, F=free, OA=open archive, CA=closed archive, TAMS=top-at-mark-start (previous, next)
|   0|0x0000000080000000, 0x0000000080100000, 0x0000000080100000|100%| O|  |TAMS 0x0000000080100000, 0x0000000080000000| Untracked 
|   1|0x0000000080100000, 0x0000000080200000, 0x0000000080200000|100%| O|  |TAMS 0x0000000080200000, 0x0000000080100000| Untracked 
|   2|0x0000000080200000, 0x0000000080300000, 0x0000000080300000|100%|HS|  |TAMS 0x0000000080300000, 0x0000000080200000| Complete 
|   3|0x0000000080300000, 0x0000000080400000, 0x0000000080400000|100%|HC|  |TAMS 0x0000000080400000, 0x0000000080300000| Complete 
|   4|0x0000000080400000, 0x0000000080500000, 0x0000000080500000|100%|HC|  |TAMS 0x0000000080500000, 0x0000000080400000| Complete 
|   5|0x0000000080500000, 0x0000000080600000, 0x0000000080600000|100%|HC|  |TAMS 0x0000000080600000, 0x0000000080500000| Complete 
|   6|0x0000000080600000, 0x0000000080700000, 0x0000000080700000|100%| O|  |TAMS 0x0000000080700000, 0x0000000080600000| Untracked 
|   7|0x0000000080700000, 0x0000000080800000, 0x0000000080800000|100%| O|  |TAMS 0x0000000080800000, 0x0000000080700000| Untracked 
|   8|0x0000000080800000, 0x0000000080900000, 0x0000000080900000|100%| O|  |TAMS 0x0000000080900000, 0x0000000080800000| Untracked 
|   9|0x0000000080900000, 0x0000000080a00000, 0x0000000080a00000|100%| O|  |TAMS 0x0000000080a00000, 0x0000000080900000| Untracked 
|  10|0x0000000080a00000, 0x0000000080b00000, 0x0000000080b00000|100%| O|  |TAMS 0x0000000080b00000, 0x0000000080a00000| Untracked 
|  11|0x0000000080b00000, 0x0000000080c00000, 0x0000000080c00000|100%| O|  |TAMS 0x0000000080c00000, 0x0000000080b00000| Untracked 
|  12|0x0000000080c00000, 0x0000000080d00000, 0x0000000080d00000|100%| O|  |TAMS 0x0000000080d00000, 0x0000000080c00000| Untracked 
|  13|0x0000000080d00000, 0x0000000080e00000, 0x0000000080e00000|100%| O|  |TAMS 0x0000000080e00000, 0x0000000080d00000| Untracked 
|  14|0x0000000080e00000, 0x0000000080f00000, 0x0000000080f00000|100%| O|  |TAMS 0x0000000080f00000, 0x0000000080e00000| Untracked 
|  15|0x0000000080f00000, 0x0000000081000000, 0x0000000081000000|100%| O|  |TAMS 0x0000000081000000, 0x0000000080f00000| Untracked 
|  16|0x0000000081000000, 0x0000000081100000, 0x0000000081100000|100%| O|  |TAMS 0x0000000081100000, 0x0000000081000000| Untracked 
|  17|0x0000000081100000, 0x0000000081200000, 0x0000000081200000|100%| O|  |TAMS 0x0000000081200000, 0x0000000081100000| Untracked 
|  18|0x0000000081200000, 0x0000000081300000, 0x0000000081300000|100%| O|  |TAMS 0x0000000081300000, 0x0000000081200000| Untracked 
|  19|0x0000000081300000, 0x0000000081400000, 0x0000000081400000|100%| O|  |TAMS 0x0000000081400000, 0x0000000081300000| Untracked 
|  20|0x0000000081400000, 0x0000000081500000, 0x0000000081500000|100%| O|  |TAMS 0x0000000081500000, 0x0000000081400000| Untracked 
|  21|0x0000000081500000, 0x0000000081600000, 0x0000000081600000|100%| O|  |TAMS 0x0000000081600000, 0x0000000081500000| Untracked 
|  22|0x0000000081600000, 0x0000000081700000, 0x0000000081700000|100%| O|  |TAMS 0x0000000081700000, 0x0000000081600000| Untracked 
|  23|0x0000000081700000, 0x0000000081800000, 0x0000000081800000|100%| O|  |TAMS 0x0000000081700000, 0x0000000081700000| Untracked 
|  24|0x0000000081800000, 0x0000000081900000, 0x0000000081900000|100%| O|  |TAMS 0x0000000081900000, 0x0000000081800000| Untracked 
|  25|0x0000000081900000, 0x0000000081a00000, 0x0000000081a00000|100%| O|  |TAMS 0x0000000081a00000, 0x0000000081900000| Untracked 
|  26|0x0000000081a00000, 0x0000000081b00000, 0x0000000081b00000|100%| O|  |TAMS 0x0000000081b00000, 0x0000000081a00000| Untracked 
|  27|0x0000000081b00000, 0x0000000081c00000, 0x0000000081c00000|100%| O|  |TAMS 0x0000000081c00000, 0x0000000081b00000| Untracked 
|  28|0x0000000081c00000, 0x0000000081d00000, 0x0000000081d00000|100%| O|  |TAMS 0x0000000081d00000, 0x0000000081c00000| Untracked 
|  29|0x0000000081d00000, 0x0000000081e00000, 0x0000000081e00000|100%| O|  |TAMS 0x0000000081e00000, 0x0000000081d00000| Untracked 
|  30|0x0000000081e00000, 0x0000000081f00000, 0x0000000081f00000|100%| O|  |TAMS 0x0000000081f00000, 0x0000000081e00000| Untracked 
|  31|0x0000000081f00000, 0x0000000082000000, 0x0000000082000000|100%| O|  |TAMS 0x0000000082000000, 0x0000000081f00000| Untracked 
|  32|0x0000000082000000, 0x0000000082100000, 0x0000000082100000|100%| O|  |TAMS 0x0000000082100000, 0x0000000082000000| Untracked 
|  33|0x0000000082100000, 0x0000000082200000, 0x0000000082200000|100%| O|  |TAMS 0x0000000082200000, 0x0000000082100000| Untracked 
|  34|0x0000000082200000, 0x0000000082300000, 0x0000000082300000|100%|HS|  |TAMS 0x0000000082300000, 0x0000000082200000| Complete 
|  35|0x0000000082300000, 0x0000000082400000, 0x0000000082400000|100%|HS|  |TAMS 0x0000000082400000, 0x0000000082300000| Complete 
|  36|0x0000000082400000, 0x0000000082500000, 0x0000000082500000|100%| O|  |TAMS 0x0000000082500000, 0x0000000082400000| Untracked 
|  37|0x0000000082500000, 0x0000000082600000, 0x0000000082600000|100%| O|  |TAMS 0x0000000082600000, 0x0000000082500000| Untracked 
|  38|0x0000000082600000, 0x0000000082700000, 0x0000000082700000|100%| O|  |TAMS 0x0000000082700000, 0x0000000082600000| Untracked 
|  39|0x0000000082700000, 0x0000000082800000, 0x0000000082800000|100%| O|  |TAMS 0x0000000082800000, 0x0000000082700000| Untracked 
|  40|0x0000000082800000, 0x0000000082900000, 0x0000000082900000|100%| O|  |TAMS 0x0000000082900000, 0x0000000082800000| Untracked 
|  41|0x0000000082900000, 0x0000000082a00000, 0x0000000082a00000|100%| O|  |TAMS 0x0000000082a00000, 0x0000000082900000| Untracked 
|  42|0x0000000082a00000, 0x0000000082b00000, 0x0000000082b00000|100%| O|  |TAMS 0x0000000082b00000, 0x0000000082a00000| Untracked 
|  43|0x0000000082b00000, 0x0000000082c00000, 0x0000000082c00000|100%| O|  |TAMS 0x0000000082c00000, 0x0000000082b00000| Untracked 
|  44|0x0000000082c00000, 0x0000000082d00000, 0x0000000082d00000|100%| O|  |TAMS 0x0000000082c1ea00, 0x0000000082c00000| Untracked 
|  45|0x0000000082d00000, 0x0000000082e00000, 0x0000000082e00000|100%| O|  |TAMS 0x0000000082d00000, 0x0000000082d00000| Untracked 
|  46|0x0000000082e00000, 0x0000000082f00000, 0x0000000082f00000|100%| O|  |TAMS 0x0000000082e00000, 0x0000000082e00000| Untracked 
|  47|0x0000000082f00000, 0x0000000083000000, 0x0000000083000000|100%| O|  |TAMS 0x0000000082f00000, 0x0000000082f00000| Untracked 
|  48|0x0000000083000000, 0x0000000083100000, 0x0000000083100000|100%| O|  |TAMS 0x0000000083000000, 0x0000000083000000| Untracked 
|  49|0x0000000083100000, 0x0000000083200000, 0x0000000083200000|100%| O|  |TAMS 0x0000000083100000, 0x0000000083100000| Untracked 
|  50|0x0000000083200000, 0x0000000083300000, 0x0000000083300000|100%| O|  |TAMS 0x0000000083200000, 0x0000000083200000| Untracked 
|  51|0x0000000083300000, 0x0000000083400000, 0x0000000083400000|100%| O|  |TAMS 0x0000000083300000, 0x0000000083300000| Untracked 
|  52|0x0000000083400000, 0x0000000083500000, 0x0000000083500000|100%| O|  |TAMS 0x0000000083400000, 0x0000000083400000| Untracked 
|  53|0x0000000083500000, 0x0000000083600000, 0x0000000083600000|100%| O|  |TAMS 0x0000000083500000, 0x0000000083500000| Untracked 
|  54|0x0000000083600000, 0x0000000083700000, 0x0000000083700000|100%| O|  |TAMS 0x0000000083600000, 0x0000000083600000| Untracked 
|  55|0x0000000083700000, 0x0000000083800000, 0x0000000083800000|100%| O|  |TAMS 0x0000000083700000, 0x0000000083700000| Untracked 
|  56|0x0000000083800000, 0x0000000083900000, 0x0000000083900000|100%| O|  |TAMS 0x0000000083800000, 0x0000000083800000| Untracked 
|  57|0x0000000083900000, 0x0000000083a00000, 0x0000000083a00000|100%| O|  |TAMS 0x0000000083900000, 0x0000000083900000| Untracked 
|  58|0x0000000083a00000, 0x0000000083b00000, 0x0000000083b00000|100%| O|  |TAMS 0x0000000083a00000, 0x0000000083a00000| Untracked 
|  59|0x0000000083b00000, 0x0000000083b13600, 0x0000000083c00000|  7%| O|  |TAMS 0x0000000083b00000, 0x0000000083b00000| Untracked 
|  60|0x0000000083c00000, 0x0000000083c00000, 0x0000000083d00000|  0%| F|  |TAMS 0x0000000083c00000, 0x0000000083c00000| Untracked 
|  61|0x0000000083d00000, 0x0000000083d00000, 0x0000000083e00000|  0%| F|  |TAMS 0x0000000083d00000, 0x0000000083d00000| Untracked 
|  62|0x0000000083e00000, 0x0000000083e00000, 0x0000000083f00000|  0%| F|  |TAMS 0x0000000083e00000, 0x0000000083e00000| Untracked 
|  63|0x0000000083f00000, 0x0000000083f00000, 0x0000000084000000|  0%| F|  |TAMS 0x0000000083f00000, 0x0000000083f00000| Untracked 
|  64|0x0000000084000000, 0x0000000084000000, 0x0000000084100000|  0%| F|  |TAMS 0x0000000084000000, 0x0000000084000000| Untracked 
|  65|0x0000000084100000, 0x0000000084100000, 0x0000000084200000|  0%| F|  |TAMS 0x0000000084100000, 0x0000000084100000| Untracked 
|  66|0x0000000084200000, 0x0000000084200000, 0x0000000084300000|  0%| F|  |TAMS 0x0000000084200000, 0x0000000084200000| Untracked 
|  67|0x0000000084300000, 0x0000000084300000, 0x0000000084400000|  0%| F|  |TAMS 0x0000000084300000, 0x0000000084300000| Untracked 
|  68|0x0000000084400000, 0x0000000084400000, 0x0000000084500000|  0%| F|  |TAMS 0x0000000084400000, 0x0000000084400000| Untracked 
|  69|0x0000000084500000, 0x0000000084500000, 0x0000000084600000|  0%| F|  |TAMS 0x0000000084500000, 0x0000000084500000| Untracked 
|  70|0x0000000084600000, 0x0000000084600000, 0x0000000084700000|  0%| F|  |TAMS 0x0000000084600000, 0x0000000084600000| Untracked 
|  71|0x0000000084700000, 0x0000000084700000, 0x0000000084800000|  0%| F|  |TAMS 0x0000000084700000, 0x0000000084700000| Untracked 
|  72|0x0000000084800000, 0x0000000084800000, 0x0000000084900000|  0%| F|  |TAMS 0x0000000084800000, 0x0000000084800000| Untracked 
|  73|0x0000000084900000, 0x0000000084900000, 0x0000000084a00000|  0%| F|  |TAMS 0x0000000084900000, 0x0000000084900000| Untracked 
|  74|0x0000000084a00000, 0x0000000084a00000, 0x0000000084b00000|  0%| F|  |TAMS 0x0000000084a00000, 0x0000000084a00000| Untracked 
|  75|0x0000000084b00000, 0x0000000084b00000, 0x0000000084c00000|  0%| F|  |TAMS 0x0000000084b00000, 0x0000000084b00000| Untracked 
|  76|0x0000000084c00000, 0x0000000084c00000, 0x0000000084d00000|  0%| F|  |TAMS 0x0000000084c00000, 0x0000000084c00000| Untracked 
|  77|0x0000000084d00000, 0x0000000084d00000, 0x0000000084e00000|  0%| F|  |TAMS 0x0000000084d00000, 0x0000000084d00000| Untracked 
|  78|0x0000000084e00000, 0x0000000084e00000, 0x0000000084f00000|  0%| F|  |TAMS 0x0000000084e00000, 0x0000000084e00000| Untracked 
|  79|0x0000000084f00000, 0x0000000084f00000, 0x0000000085000000|  0%| F|  |TAMS 0x0000000084f00000, 0x0000000084f00000| Untracked 
|  80|0x0000000085000000, 0x0000000085000000, 0x0000000085100000|  0%| F|  |TAMS 0x0000000085000000, 0x0000000085000000| Untracked 
|  81|0x0000000085100000, 0x0000000085200000, 0x0000000085200000|100%| S|CS|TAMS 0x0000000085100000, 0x0000000085100000| Complete 
|  82|0x0000000085200000, 0x0000000085300000, 0x0000000085300000|100%| S|CS|TAMS 0x0000000085200000, 0x0000000085200000| Complete 
|  83|0x0000000085300000, 0x0000000085300000, 0x0000000085400000|  0%| F|  |TAMS 0x0000000085300000, 0x0000000085300000| Untracked 
|  84|0x0000000085400000, 0x0000000085400000, 0x0000000085500000|  0%| F|  |TAMS 0x0000000085400000, 0x0000000085400000| Untracked 
|  85|0x0000000085500000, 0x0000000085500000, 0x0000000085600000|  0%| F|  |TAMS 0x0000000085500000, 0x0000000085500000| Untracked 
|  86|0x0000000085600000, 0x0000000085600000, 0x0000000085700000|  0%| F|  |TAMS 0x0000000085600000, 0x0000000085600000| Untracked 
|  87|0x0000000085700000, 0x0000000085800000, 0x0000000085800000|100%| S|CS|TAMS 0x0000000085700000, 0x0000000085700000| Complete 
|  88|0x0000000085800000, 0x0000000085900000, 0x0000000085900000|100%| S|CS|TAMS 0x0000000085800000, 0x0000000085800000| Complete 
|  89|0x0000000085900000, 0x0000000085900000, 0x0000000085a00000|  0%| F|  |TAMS 0x0000000085900000, 0x0000000085900000| Untracked 
|  90|0x0000000085a00000, 0x0000000085a00000, 0x0000000085b00000|  0%| F|  |TAMS 0x0000000085a00000, 0x0000000085a00000| Untracked 
|  91|0x0000000085b00000, 0x0000000085b00000, 0x0000000085c00000|  0%| F|  |TAMS 0x0000000085b00000, 0x0000000085b00000| Untracked 
|  92|0x0000000085c00000, 0x0000000085c00000, 0x0000000085d00000|  0%| F|  |TAMS 0x0000000085c00000, 0x0000000085c00000| Untracked 
|  93|0x0000000085d00000, 0x0000000085d00000, 0x0000000085e00000|  0%| F|  |TAMS 0x0000000085d00000, 0x0000000085d00000| Untracked 
|  94|0x0000000085e00000, 0x0000000085e00000, 0x0000000085f00000|  0%| F|  |TAMS 0x0000000085e00000, 0x0000000085e00000| Untracked 
|  95|0x0000000085f00000, 0x0000000085f00000, 0x0000000086000000|  0%| F|  |TAMS 0x0000000085f00000, 0x0000000085f00000| Untracked 
|  96|0x0000000086000000, 0x0000000086000000, 0x0000000086100000|  0%| F|  |TAMS 0x0000000086000000, 0x0000000086000000| Untracked 
|  97|0x0000000086100000, 0x0000000086100000, 0x0000000086200000|  0%| F|  |TAMS 0x0000000086100000, 0x0000000086100000| Untracked 
|  98|0x0000000086200000, 0x0000000086200000, 0x0000000086300000|  0%| F|  |TAMS 0x0000000086200000, 0x0000000086200000| Untracked 
|  99|0x0000000086300000, 0x0000000086300000, 0x0000000086400000|  0%| F|  |TAMS 0x0000000086300000, 0x0000000086300000| Untracked 
| 100|0x0000000086400000, 0x0000000086400000, 0x0000000086500000|  0%| F|  |TAMS 0x0000000086400000, 0x0000000086400000| Untracked 
| 101|0x0000000086500000, 0x0000000086500000, 0x0000000086600000|  0%| F|  |TAMS 0x0000000086500000, 0x0000000086500000| Untracked 
| 102|0x0000000086600000, 0x0000000086600000, 0x0000000086700000|  0%| F|  |TAMS 0x0000000086600000, 0x0000000086600000| Untracked 
| 103|0x0000000086700000, 0x0000000086700000, 0x0000000086800000|  0%| F|  |TAMS 0x0000000086700000, 0x0000000086700000| Untracked 
| 104|0x0000000086800000, 0x0000000086800000, 0x0000000086900000|  0%| F|  |TAMS 0x0000000086800000, 0x0000000086800000| Untracked 
| 105|0x0000000086900000, 0x0000000086900000, 0x0000000086a00000|  0%| F|  |TAMS 0x0000000086900000, 0x0000000086900000| Untracked 
| 106|0x0000000086a00000, 0x0000000086a00000, 0x0000000086b00000|  0%| F|  |TAMS 0x0000000086a00000, 0x0000000086a00000| Untracked 
| 107|0x0000000086b00000, 0x0000000086b00000, 0x0000000086c00000|  0%| F|  |TAMS 0x0000000086b00000, 0x0000000086b00000| Untracked 
| 108|0x0000000086c00000, 0x0000000086c00000, 0x0000000086d00000|  0%| F|  |TAMS 0x0000000086c00000, 0x0000000086c00000| Untracked 
| 109|0x0000000086d00000, 0x0000000086d00000, 0x0000000086e00000|  0%| F|  |TAMS 0x0000000086d00000, 0x0000000086d00000| Untracked 
| 110|0x0000000086e00000, 0x0000000086e00000, 0x0000000086f00000|  0%| F|  |TAMS 0x0000000086e00000, 0x0000000086e00000| Untracked 
| 111|0x0000000086f00000, 0x0000000086f00000, 0x0000000087000000|  0%| F|  |TAMS 0x0000000086f00000, 0x0000000086f00000| Untracked 
| 112|0x0000000087000000, 0x0000000087000000, 0x0000000087100000|  0%| F|  |TAMS 0x0000000087000000, 0x0000000087000000| Untracked 
| 113|0x0000000087100000, 0x0000000087100000, 0x0000000087200000|  0%| F|  |TAMS 0x0000000087100000, 0x0000000087100000| Untracked 
| 114|0x0000000087200000, 0x0000000087200000, 0x0000000087300000|  0%| F|  |TAMS 0x0000000087200000, 0x0000000087200000| Untracked 
| 115|0x0000000087300000, 0x0000000087300000, 0x0000000087400000|  0%| F|  |TAMS 0x0000000087300000, 0x0000000087300000| Untracked 
| 116|0x0000000087400000, 0x0000000087400000, 0x0000000087500000|  0%| F|  |TAMS 0x0000000087400000, 0x0000000087400000| Untracked 
| 117|0x0000000087500000, 0x0000000087500000, 0x0000000087600000|  0%| F|  |TAMS 0x0000000087500000, 0x0000000087500000| Untracked 
| 118|0x0000000087600000, 0x0000000087600000, 0x0000000087700000|  0%| F|  |TAMS 0x0000000087600000, 0x0000000087600000| Untracked 
| 119|0x0000000087700000, 0x0000000087700000, 0x0000000087800000|  0%| F|  |TAMS 0x0000000087700000, 0x0000000087700000| Untracked 
| 120|0x0000000087800000, 0x0000000087800000, 0x0000000087900000|  0%| F|  |TAMS 0x0000000087800000, 0x0000000087800000| Untracked 
| 121|0x0000000087900000, 0x0000000087900000, 0x0000000087a00000|  0%| F|  |TAMS 0x0000000087900000, 0x0000000087900000| Untracked 
| 122|0x0000000087a00000, 0x0000000087a00000, 0x0000000087b00000|  0%| F|  |TAMS 0x0000000087a00000, 0x0000000087a00000| Untracked 
| 123|0x0000000087b00000, 0x0000000087b00000, 0x0000000087c00000|  0%| F|  |TAMS 0x0000000087b00000, 0x0000000087b00000| Untracked 
| 124|0x0000000087c00000, 0x0000000087c00000, 0x0000000087d00000|  0%| F|  |TAMS 0x0000000087c00000, 0x0000000087c00000| Untracked 
| 125|0x0000000087d00000, 0x0000000087d00000, 0x0000000087e00000|  0%| F|  |TAMS 0x0000000087d00000, 0x0000000087d00000| Untracked 
| 126|0x0000000087e00000, 0x0000000087e00000, 0x0000000087f00000|  0%| F|  |TAMS 0x0000000087e00000, 0x0000000087e00000| Untracked 
| 127|0x0000000087f00000, 0x0000000087f00000, 0x0000000088000000|  0%| F|  |TAMS 0x0000000087f00000, 0x0000000087f00000| Untracked 
| 128|0x0000000088000000, 0x0000000088000000, 0x0000000088100000|  0%| F|  |TAMS 0x0000000088000000, 0x0000000088000000| Untracked 
| 129|0x0000000088100000, 0x0000000088100000, 0x0000000088200000|  0%| F|  |TAMS 0x0000000088100000, 0x0000000088100000| Untracked 
| 130|0x0000000088200000, 0x0000000088200000, 0x0000000088300000|  0%| F|  |TAMS 0x0000000088200000, 0x0000000088200000| Untracked 
| 131|0x0000000088300000, 0x0000000088300000, 0x0000000088400000|  0%| F|  |TAMS 0x0000000088300000, 0x0000000088300000| Untracked 
| 132|0x0000000088400000, 0x0000000088400000, 0x0000000088500000|  0%| F|  |TAMS 0x0000000088400000, 0x0000000088400000| Untracked 
| 133|0x0000000088500000, 0x0000000088500000, 0x0000000088600000|  0%| F|  |TAMS 0x0000000088500000, 0x0000000088500000| Untracked 
| 134|0x0000000088600000, 0x0000000088600000, 0x0000000088700000|  0%| F|  |TAMS 0x0000000088600000, 0x0000000088600000| Untracked 
| 135|0x0000000088700000, 0x0000000088700000, 0x0000000088800000|  0%| F|  |TAMS 0x0000000088700000, 0x0000000088700000| Untracked 
| 136|0x0000000088800000, 0x0000000088800000, 0x0000000088900000|  0%| F|  |TAMS 0x0000000088800000, 0x0000000088800000| Untracked 
| 137|0x0000000088900000, 0x0000000088900000, 0x0000000088a00000|  0%| F|  |TAMS 0x0000000088900000, 0x0000000088900000| Untracked 
| 138|0x0000000088a00000, 0x0000000088a00000, 0x0000000088b00000|  0%| F|  |TAMS 0x0000000088a00000, 0x0000000088a00000| Untracked 
| 139|0x0000000088b00000, 0x0000000088b00000, 0x0000000088c00000|  0%| F|  |TAMS 0x0000000088b00000, 0x0000000088b00000| Untracked 
| 140|0x0000000088c00000, 0x0000000088c00000, 0x0000000088d00000|  0%| F|  |TAMS 0x0000000088c00000, 0x0000000088c00000| Untracked 
| 141|0x0000000088d00000, 0x0000000088d00000, 0x0000000088e00000|  0%| F|  |TAMS 0x0000000088d00000, 0x0000000088d00000| Untracked 
| 142|0x0000000088e00000, 0x0000000088e00000, 0x0000000088f00000|  0%| F|  |TAMS 0x0000000088e00000, 0x0000000088e00000| Untracked 
| 143|0x0000000088f00000, 0x0000000088f00000, 0x0000000089000000|  0%| F|  |TAMS 0x0000000088f00000, 0x0000000088f00000| Untracked 
| 144|0x0000000089000000, 0x0000000089000000, 0x0000000089100000|  0%| F|  |TAMS 0x0000000089000000, 0x0000000089000000| Untracked 
| 145|0x0000000089100000, 0x0000000089100000, 0x0000000089200000|  0%| F|  |TAMS 0x0000000089100000, 0x0000000089100000| Untracked 
| 146|0x0000000089200000, 0x0000000089200000, 0x0000000089300000|  0%| F|  |TAMS 0x0000000089200000, 0x0000000089200000| Untracked 
| 147|0x0000000089300000, 0x0000000089300000, 0x0000000089400000|  0%| F|  |TAMS 0x0000000089300000, 0x0000000089300000| Untracked 
| 148|0x0000000089400000, 0x0000000089400000, 0x0000000089500000|  0%| F|  |TAMS 0x0000000089400000, 0x0000000089400000| Untracked 
| 149|0x0000000089500000, 0x0000000089500000, 0x0000000089600000|  0%| F|  |TAMS 0x0000000089500000, 0x0000000089500000| Untracked 
| 150|0x0000000089600000, 0x0000000089600000, 0x0000000089700000|  0%| F|  |TAMS 0x0000000089600000, 0x0000000089600000| Untracked 
| 151|0x0000000089700000, 0x0000000089700000, 0x0000000089800000|  0%| F|  |TAMS 0x0000000089700000, 0x0000000089700000| Untracked 
| 152|0x0000000089800000, 0x0000000089800000, 0x0000000089900000|  0%| F|  |TAMS 0x0000000089800000, 0x0000000089800000| Untracked 
| 153|0x0000000089900000, 0x0000000089900000, 0x0000000089a00000|  0%| F|  |TAMS 0x0000000089900000, 0x0000000089900000| Untracked 
| 154|0x0000000089a00000, 0x0000000089a00000, 0x0000000089b00000|  0%| F|  |TAMS 0x0000000089a00000, 0x0000000089a00000| Untracked 
| 155|0x0000000089b00000, 0x0000000089b00000, 0x0000000089c00000|  0%| F|  |TAMS 0x0000000089b00000, 0x0000000089b00000| Untracked 
| 156|0x0000000089c00000, 0x0000000089c00000, 0x0000000089d00000|  0%| F|  |TAMS 0x0000000089c00000, 0x0000000089c00000| Untracked 
| 157|0x0000000089d00000, 0x0000000089d00000, 0x0000000089e00000|  0%| F|  |TAMS 0x0000000089d00000, 0x0000000089d00000| Untracked 
| 158|0x0000000089e00000, 0x0000000089e00000, 0x0000000089f00000|  0%| F|  |TAMS 0x0000000089e00000, 0x0000000089e00000| Untracked 
| 159|0x0000000089f00000, 0x0000000089f00000, 0x000000008a000000|  0%| F|  |TAMS 0x0000000089f00000, 0x0000000089f00000| Untracked 
| 160|0x000000008a000000, 0x000000008a000000, 0x000000008a100000|  0%| F|  |TAMS 0x000000008a000000, 0x000000008a000000| Untracked 
| 161|0x000000008a100000, 0x000000008a100000, 0x000000008a200000|  0%| F|  |TAMS 0x000000008a100000, 0x000000008a100000| Untracked 
| 162|0x000000008a200000, 0x000000008a200000, 0x000000008a300000|  0%| F|  |TAMS 0x000000008a200000, 0x000000008a200000| Untracked 
| 163|0x000000008a300000, 0x000000008a300000, 0x000000008a400000|  0%| F|  |TAMS 0x000000008a300000, 0x000000008a300000| Untracked 
| 164|0x000000008a400000, 0x000000008a400000, 0x000000008a500000|  0%| F|  |TAMS 0x000000008a400000, 0x000000008a400000| Untracked 
| 165|0x000000008a500000, 0x000000008a580800, 0x000000008a600000| 50%| E|  |TAMS 0x000000008a500000, 0x000000008a500000| Complete 
| 166|0x000000008a600000, 0x000000008a700000, 0x000000008a700000|100%| E|CS|TAMS 0x000000008a600000, 0x000000008a600000| Complete 
| 167|0x000000008a700000, 0x000000008a800000, 0x000000008a800000|100%| E|CS|TAMS 0x000000008a700000, 0x000000008a700000| Complete 
| 168|0x000000008a800000, 0x000000008a900000, 0x000000008a900000|100%| E|CS|TAMS 0x000000008a800000, 0x000000008a800000| Complete 
| 169|0x000000008a900000, 0x000000008aa00000, 0x000000008aa00000|100%| E|CS|TAMS 0x000000008a900000, 0x000000008a900000| Complete 
| 170|0x000000008aa00000, 0x000000008ab00000, 0x000000008ab00000|100%| E|CS|TAMS 0x000000008aa00000, 0x000000008aa00000| Complete 
| 171|0x000000008ab00000, 0x000000008ac00000, 0x000000008ac00000|100%| E|CS|TAMS 0x000000008ab00000, 0x000000008ab00000| Complete 
| 172|0x000000008ac00000, 0x000000008ad00000, 0x000000008ad00000|100%| E|CS|TAMS 0x000000008ac00000, 0x000000008ac00000| Complete 
| 173|0x000000008ad00000, 0x000000008ae00000, 0x000000008ae00000|100%| E|CS|TAMS 0x000000008ad00000, 0x000000008ad00000| Complete 
| 174|0x000000008ae00000, 0x000000008af00000, 0x000000008af00000|100%| E|CS|TAMS 0x000000008ae00000, 0x000000008ae00000| Complete 
| 175|0x000000008af00000, 0x000000008b000000, 0x000000008b000000|100%| E|CS|TAMS 0x000000008af00000, 0x000000008af00000| Complete 
| 176|0x000000008b000000, 0x000000008b100000, 0x000000008b100000|100%| E|CS|TAMS 0x000000008b000000, 0x000000008b000000| Complete 
| 177|0x000000008b100000, 0x000000008b200000, 0x000000008b200000|100%| E|CS|TAMS 0x000000008b100000, 0x000000008b100000| Complete 
| 178|0x000000008b200000, 0x000000008b300000, 0x000000008b300000|100%| E|CS|TAMS 0x000000008b200000, 0x000000008b200000| Complete 
| 179|0x000000008b300000, 0x000000008b400000, 0x000000008b400000|100%| E|CS|TAMS 0x000000008b300000, 0x000000008b300000| Complete 
| 180|0x000000008b400000, 0x000000008b500000, 0x000000008b500000|100%| E|CS|TAMS 0x000000008b400000, 0x000000008b400000| Complete 
| 181|0x000000008b500000, 0x000000008b600000, 0x000000008b600000|100%| E|CS|TAMS 0x000000008b500000, 0x000000008b500000| Complete 
| 182|0x000000008b600000, 0x000000008b700000, 0x000000008b700000|100%| E|CS|TAMS 0x000000008b600000, 0x000000008b600000| Complete 
| 183|0x000000008b700000, 0x000000008b800000, 0x000000008b800000|100%| E|CS|TAMS 0x000000008b700000, 0x000000008b700000| Complete 
| 184|0x000000008b800000, 0x000000008b900000, 0x000000008b900000|100%| E|CS|TAMS 0x000000008b800000, 0x000000008b800000| Complete 
| 185|0x000000008b900000, 0x000000008ba00000, 0x000000008ba00000|100%| E|CS|TAMS 0x000000008b900000, 0x000000008b900000| Complete 
| 186|0x000000008ba00000, 0x000000008bb00000, 0x000000008bb00000|100%| E|CS|TAMS 0x000000008ba00000, 0x000000008ba00000| Complete 
| 187|0x000000008bb00000, 0x000000008bc00000, 0x000000008bc00000|100%| E|CS|TAMS 0x000000008bb00000, 0x000000008bb00000| Complete 
| 188|0x000000008bc00000, 0x000000008bd00000, 0x000000008bd00000|100%| E|CS|TAMS 0x000000008bc00000, 0x000000008bc00000| Complete 
| 189|0x000000008bd00000, 0x000000008be00000, 0x000000008be00000|100%| E|CS|TAMS 0x000000008bd00000, 0x000000008bd00000| Complete 
| 190|0x000000008be00000, 0x000000008bf00000, 0x000000008bf00000|100%| E|CS|TAMS 0x000000008be00000, 0x000000008be00000| Complete 

Card table byte_map: [0x000002a0ae630000,0x000002a0aea30000] _byte_map_base: 0x000002a0ae230000

Marking Bits (Prev, Next): (CMBitMap*) 0x000002a09bdb7fc0, (CMBitMap*) 0x000002a09bdb8000
 Prev Bits: [0x000002a0aee30000, 0x000002a0b0e30000)
 Next Bits: [0x000002a0b0e30000, 0x000002a0b2e30000)

Polling page: 0x000002a09b530000

Metaspace:

Usage:
  Non-class:     69.04 MB used.
      Class:     10.87 MB used.
       Both:     79.91 MB used.

Virtual space:
  Non-class space:       72.00 MB reserved,      69.31 MB ( 96%) committed,  9 nodes.
      Class space:        1.00 GB reserved,      11.12 MB (  1%) committed,  1 nodes.
             Both:        1.07 GB reserved,      80.44 MB (  7%) committed. 

Chunk freelists:
   Non-Class:  2.57 MB
       Class:  908.00 KB
        Both:  3.45 MB

MaxMetaspaceSize: unlimited
CompressedClassSpaceSize: 1.00 GB
Initial GC threshold: 21.00 MB
Current GC threshold: 102.62 MB
CDS: off
MetaspaceReclaimPolicy: balanced
 - commit_granule_bytes: 65536.
 - commit_granule_words: 8192.
 - virtual_space_node_default_size: 1048576.
 - enlarge_chunks_in_place: 1.
 - new_chunks_are_fully_committed: 0.
 - uncommit_free_chunks: 1.
 - use_allocation_guard: 0.
 - handle_deallocations: 1.


Internal statistics:

num_allocs_failed_limit: 9.
num_arena_births: 736.
num_arena_deaths: 0.
num_vsnodes_births: 10.
num_vsnodes_deaths: 0.
num_space_committed: 1287.
num_space_uncommitted: 0.
num_chunks_returned_to_freelist: 9.
num_chunks_taken_from_freelist: 3617.
num_chunk_merges: 6.
num_chunk_splits: 2382.
num_chunks_enlarged: 1603.
num_purges: 0.
num_inconsistent_stats: 0.

CodeHeap 'non-profiled nmethods': size=120000Kb used=3609Kb max_used=3609Kb free=116390Kb
 bounds [0x000002a0a6d00000, 0x000002a0a7090000, 0x000002a0ae230000]
CodeHeap 'profiled nmethods': size=120000Kb used=14893Kb max_used=14893Kb free=105106Kb
 bounds [0x000002a09f230000, 0x000002a0a00c0000, 0x000002a0a6760000]
CodeHeap 'non-nmethods': size=5760Kb used=2374Kb max_used=2420Kb free=3385Kb
 bounds [0x000002a0a6760000, 0x000002a0a69e0000, 0x000002a0a6d00000]
 total_blobs=8444 nmethods=7551 adapters=804
 compilation: enabled
              stopped_count=0, restarted_count=0
 full_count=0

Compilation events (20 events):
Event: 12.402 Thread 0x000002a0b5d5e070 8391       3       com.sun.beans.introspect.MethodInfo::isThrow (42 bytes)
Event: 12.402 Thread 0x000002a0b5d5e070 nmethod 8391 0x000002a0a0087910 code [0x000002a0a0087ae0, 0x000002a0a0087f28]
Event: 12.420 Thread 0x000002a0b5d5e070 8392       3       org.codehaus.groovy.reflection.CachedClass$3::initValue (5 bytes)
Event: 12.420 Thread 0x000002a0b5d5e070 nmethod 8392 0x000002a0a0088090 code [0x000002a0a0088240, 0x000002a0a0088388]
Event: 12.420 Thread 0x000002a0b5d5e070 8393       3       org.codehaus.groovy.reflection.CachedClass$3::initValue (194 bytes)
Event: 12.421 Thread 0x000002a0b5d5e070 nmethod 8393 0x000002a0a0088410 code [0x000002a0a00887e0, 0x000002a0a008a698]
Event: 12.421 Thread 0x000002a0b5d5e070 8394       3       org.codehaus.groovy.reflection.CachedClass$3$$Lambda$401/0x0000000100506cc0::run (8 bytes)
Event: 12.422 Thread 0x000002a0b5d5e070 nmethod 8394 0x000002a0a008b290 code [0x000002a0a008b440, 0x000002a0a008b588]
Event: 12.426 Thread 0x000002a0b5d5e070 8395       3       java.beans.Introspector::getTargetMethodInfo (250 bytes)
Event: 12.427 Thread 0x000002a0b5d5e070 nmethod 8395 0x000002a0a008b690 code [0x000002a0a008ba20, 0x000002a0a008d1d8]
Event: 12.433 Thread 0x000002a0b5d5e070 8396       3       java.lang.WeakPairMap::get (17 bytes)
Event: 12.434 Thread 0x000002a0b5d5e070 nmethod 8396 0x000002a0a008d910 code [0x000002a0a008db80, 0x000002a0a008e7b8]
Event: 12.434 Thread 0x000002a0b5d5e070 8398       3       org.codehaus.groovy.vmplugin.v9.Java9::checkAccessible (171 bytes)
Event: 12.435 Thread 0x000002a0b5d5e070 nmethod 8398 0x000002a0a008ec90 code [0x000002a0a008f040, 0x000002a0a0090b28]
Event: 12.435 Thread 0x000002a0b5d5e070 8400       3       java.util.TimSort::gallopRight (335 bytes)
Event: 12.436 Thread 0x000002a0b5d5e070 nmethod 8400 0x000002a0a0091390 code [0x000002a0a00915c0, 0x000002a0a00920d8]
Event: 12.436 Thread 0x000002a0b5d5e070 8399       3       java.beans.WeakIdentityMap::getIndex (7 bytes)
Event: 12.436 Thread 0x000002a0b5d5e070 nmethod 8399 0x000002a0a0092490 code [0x000002a0a0092620, 0x000002a0a0092718]
Event: 12.436 Thread 0x000002a0b5d5e070 8401       3       com.sun.beans.introspect.PropertyInfo::get (499 bytes)
Event: 12.441 Thread 0x000002a0b5d5e070 nmethod 8401 0x000002a0a0092810 code [0x000002a0a0093320, 0x000002a0a009ae88]

GC Heap History (20 events):
Event: 5.980 GC heap before
{Heap before GC invocations=16 (full 0):
 garbage-first heap   total 76800K, used 59840K [0x0000000080000000, 0x0000000100000000)
  region size 1024K, 27 young (27648K), 3 survivors (3072K)
 Metaspace       used 51446K, committed 51840K, reserved 1097728K
  class space    used 6799K, committed 6976K, reserved 1048576K
}
Event: 5.987 GC heap after
{Heap after GC invocations=17 (full 0):
 garbage-first heap   total 92160K, used 37218K [0x0000000080000000, 0x0000000100000000)
  region size 1024K, 3 young (3072K), 3 survivors (3072K)
 Metaspace       used 51446K, committed 51840K, reserved 1097728K
  class space    used 6799K, committed 6976K, reserved 1048576K
}
Event: 6.582 GC heap before
{Heap before GC invocations=17 (full 0):
 garbage-first heap   total 92160K, used 74082K [0x0000000080000000, 0x0000000100000000)
  region size 1024K, 37 young (37888K), 3 survivors (3072K)
 Metaspace       used 54392K, committed 54848K, reserved 1097728K
  class space    used 7193K, committed 7360K, reserved 1048576K
}
Event: 6.589 GC heap after
{Heap after GC invocations=18 (full 0):
 garbage-first heap   total 92160K, used 45056K [0x0000000080000000, 0x0000000100000000)
  region size 1024K, 5 young (5120K), 5 survivors (5120K)
 Metaspace       used 54392K, committed 54848K, reserved 1097728K
  class space    used 7193K, committed 7360K, reserved 1048576K
}
Event: 7.289 GC heap before
{Heap before GC invocations=18 (full 0):
 garbage-first heap   total 92160K, used 70656K [0x0000000080000000, 0x0000000100000000)
  region size 1024K, 31 young (31744K), 5 survivors (5120K)
 Metaspace       used 58597K, committed 59072K, reserved 1105920K
  class space    used 7729K, committed 7936K, reserved 1048576K
}
Event: 7.298 GC heap after
{Heap after GC invocations=19 (full 0):
 garbage-first heap   total 92160K, used 46481K [0x0000000080000000, 0x0000000100000000)
  region size 1024K, 2 young (2048K), 2 survivors (2048K)
 Metaspace       used 58597K, committed 59072K, reserved 1105920K
  class space    used 7729K, committed 7936K, reserved 1048576K
}
Event: 7.623 GC heap before
{Heap before GC invocations=19 (full 0):
 garbage-first heap   total 92160K, used 64913K [0x0000000080000000, 0x0000000100000000)
  region size 1024K, 21 young (21504K), 2 survivors (2048K)
 Metaspace       used 62565K, committed 63040K, reserved 1105920K
  class space    used 8254K, committed 8448K, reserved 1048576K
}
Event: 7.628 GC heap after
{Heap after GC invocations=20 (full 0):
 garbage-first heap   total 92160K, used 48321K [0x0000000080000000, 0x0000000100000000)
  region size 1024K, 4 young (4096K), 4 survivors (4096K)
 Metaspace       used 62565K, committed 63040K, reserved 1105920K
  class space    used 8254K, committed 8448K, reserved 1048576K
}
Event: 7.927 GC heap before
{Heap before GC invocations=21 (full 0):
 garbage-first heap   total 114688K, used 78017K [0x0000000080000000, 0x0000000100000000)
  region size 1024K, 27 young (27648K), 4 survivors (4096K)
 Metaspace       used 64078K, committed 64512K, reserved 1105920K
  class space    used 8449K, committed 8640K, reserved 1048576K
}
Event: 7.937 GC heap after
{Heap after GC invocations=22 (full 0):
 garbage-first heap   total 114688K, used 50670K [0x0000000080000000, 0x0000000100000000)
  region size 1024K, 3 young (3072K), 3 survivors (3072K)
 Metaspace       used 64078K, committed 64512K, reserved 1105920K
  class space    used 8449K, committed 8640K, reserved 1048576K
}
Event: 7.962 GC heap before
{Heap before GC invocations=22 (full 0):
 garbage-first heap   total 114688K, used 52718K [0x0000000080000000, 0x0000000100000000)
  region size 1024K, 5 young (5120K), 3 survivors (3072K)
 Metaspace       used 64269K, committed 64768K, reserved 1105920K
  class space    used 8477K, committed 8704K, reserved 1048576K
}
Event: 7.965 GC heap after
{Heap after GC invocations=23 (full 0):
 garbage-first heap   total 138240K, used 50105K [0x0000000080000000, 0x0000000100000000)
  region size 1024K, 1 young (1024K), 1 survivors (1024K)
 Metaspace       used 64269K, committed 64768K, reserved 1105920K
  class space    used 8477K, committed 8704K, reserved 1048576K
}
Event: 8.626 GC heap before
{Heap before GC invocations=23 (full 0):
 garbage-first heap   total 138240K, used 97209K [0x0000000080000000, 0x0000000100000000)
  region size 1024K, 47 young (48128K), 1 survivors (1024K)
 Metaspace       used 67605K, committed 68096K, reserved 1114112K
  class space    used 8916K, committed 9152K, reserved 1048576K
}
Event: 8.637 GC heap after
{Heap after GC invocations=24 (full 0):
 garbage-first heap   total 138240K, used 53851K [0x0000000080000000, 0x0000000100000000)
  region size 1024K, 5 young (5120K), 5 survivors (5120K)
 Metaspace       used 67605K, committed 68096K, reserved 1114112K
  class space    used 8916K, committed 9152K, reserved 1048576K
}
Event: 9.406 GC heap before
{Heap before GC invocations=24 (full 0):
 garbage-first heap   total 138240K, used 101979K [0x0000000080000000, 0x0000000100000000)
  region size 1024K, 52 young (53248K), 5 survivors (5120K)
 Metaspace       used 70566K, committed 71104K, reserved 1114112K
  class space    used 9426K, committed 9664K, reserved 1048576K
}
Event: 9.427 GC heap after
{Heap after GC invocations=25 (full 0):
 garbage-first heap   total 138240K, used 57140K [0x0000000080000000, 0x0000000100000000)
  region size 1024K, 4 young (4096K), 4 survivors (4096K)
 Metaspace       used 70566K, committed 71104K, reserved 1114112K
  class space    used 9426K, committed 9664K, reserved 1048576K
}
Event: 10.810 GC heap before
{Heap before GC invocations=25 (full 0):
 garbage-first heap   total 138240K, used 106292K [0x0000000080000000, 0x0000000100000000)
  region size 1024K, 52 young (53248K), 4 survivors (4096K)
 Metaspace       used 75705K, committed 76288K, reserved 1122304K
  class space    used 10250K, committed 10496K, reserved 1048576K
}
Event: 10.828 GC heap after
{Heap after GC invocations=26 (full 0):
 garbage-first heap   total 138240K, used 60916K [0x0000000080000000, 0x0000000100000000)
  region size 1024K, 7 young (7168K), 7 survivors (7168K)
 Metaspace       used 75705K, committed 76288K, reserved 1122304K
  class space    used 10250K, committed 10496K, reserved 1048576K
}
Event: 12.019 GC heap before
{Heap before GC invocations=26 (full 0):
 garbage-first heap   total 138240K, used 108020K [0x0000000080000000, 0x0000000100000000)
  region size 1024K, 53 young (54272K), 7 survivors (7168K)
 Metaspace       used 81198K, committed 81792K, reserved 1122304K
  class space    used 11043K, committed 11328K, reserved 1048576K
}
Event: 12.081 GC heap after
{Heap after GC invocations=27 (full 0):
 garbage-first heap   total 195584K, used 64589K [0x0000000080000000, 0x0000000100000000)
  region size 1024K, 4 young (4096K), 4 survivors (4096K)
 Metaspace       used 81198K, committed 81792K, reserved 1122304K
  class space    used 11043K, committed 11328K, reserved 1048576K
}

Dll operation events (2 events):
Event: 0.043 Loaded shared library C:\Program Files\Android\Android Studio\jbr\bin\java.dll
Event: 0.634 Loaded shared library C:\Program Files\Android\Android Studio\jbr\bin\verify.dll

Deoptimization events (20 events):
Event: 11.638 Thread 0x000002a0b75b23a0 DEOPT PACKING pc=0x000002a0a6dc65c8 sp=0x000000ecb97f8e20
Event: 11.638 Thread 0x000002a0b75b23a0 DEOPT UNPACKING pc=0x000002a0a67ba1a3 sp=0x000000ecb97f8d98 mode 2
Event: 11.843 Thread 0x000002a0b75b23a0 DEOPT PACKING pc=0x000002a09fdd899c sp=0x000000ecb97f8db0
Event: 11.843 Thread 0x000002a0b75b23a0 DEOPT UNPACKING pc=0x000002a0a67bace3 sp=0x000000ecb97f8378 mode 0
Event: 11.907 Thread 0x000002a0b75b23a0 Uncommon trap: trap_request=0xffffff45 fr.pc=0x000002a0a6f50b10 relative=0x0000000000000730
Event: 11.907 Thread 0x000002a0b75b23a0 Uncommon trap: reason=unstable_if action=reinterpret pc=0x000002a0a6f50b10 method=java.util.HashMap.putVal(ILjava/lang/Object;Ljava/lang/Object;ZZ)Ljava/lang/Object; @ 109 c2
Event: 11.907 Thread 0x000002a0b75b23a0 DEOPT PACKING pc=0x000002a0a6f50b10 sp=0x000000ecb97f8af0
Event: 11.907 Thread 0x000002a0b75b23a0 DEOPT UNPACKING pc=0x000002a0a67ba1a3 sp=0x000000ecb97f8a08 mode 2
Event: 11.907 Thread 0x000002a0b75b23a0 Uncommon trap: trap_request=0xffffff45 fr.pc=0x000002a0a6e1ac00 relative=0x00000000000006a0
Event: 11.907 Thread 0x000002a0b75b23a0 Uncommon trap: reason=unstable_if action=reinterpret pc=0x000002a0a6e1ac00 method=java.util.HashMap.putVal(ILjava/lang/Object;Ljava/lang/Object;ZZ)Ljava/lang/Object; @ 109 c2
Event: 11.907 Thread 0x000002a0b75b23a0 DEOPT PACKING pc=0x000002a0a6e1ac00 sp=0x000000ecb97f8a40
Event: 11.907 Thread 0x000002a0b75b23a0 DEOPT UNPACKING pc=0x000002a0a67ba1a3 sp=0x000000ecb97f89f8 mode 2
Event: 12.272 Thread 0x000002a0b75b23a0 Uncommon trap: trap_request=0xffffff45 fr.pc=0x000002a0a6f9aad0 relative=0x0000000000000610
Event: 12.272 Thread 0x000002a0b75b23a0 Uncommon trap: reason=unstable_if action=reinterpret pc=0x000002a0a6f9aad0 method=java.util.HashMap$HashIterator.<init>(Ljava/util/HashMap;)V @ 45 c2
Event: 12.272 Thread 0x000002a0b75b23a0 DEOPT PACKING pc=0x000002a0a6f9aad0 sp=0x000000ecb97fb810
Event: 12.272 Thread 0x000002a0b75b23a0 DEOPT UNPACKING pc=0x000002a0a67ba1a3 sp=0x000000ecb97fb6a0 mode 2
Event: 12.383 Thread 0x000002a0b75b23a0 Uncommon trap: trap_request=0xffffff45 fr.pc=0x000002a0a70848f4 relative=0x0000000000000074
Event: 12.384 Thread 0x000002a0b75b23a0 Uncommon trap: reason=unstable_if action=reinterpret pc=0x000002a0a70848f4 method=java.util.AbstractMap.isEmpty()Z @ 4 c2
Event: 12.384 Thread 0x000002a0b75b23a0 DEOPT PACKING pc=0x000002a0a70848f4 sp=0x000000ecb97f6410
Event: 12.384 Thread 0x000002a0b75b23a0 DEOPT UNPACKING pc=0x000002a0a67ba1a3 sp=0x000000ecb97f63a0 mode 2

Classes unloaded (0 events):
No events

Classes redefined (0 events):
No events

Internal exceptions (20 events):
Event: 12.380 Thread 0x000002a0b75b23a0 Exception <a 'java/lang/ClassNotFoundException'{0x000000008b669690}: com/android/build/gradle/internal/tasks/NonIncrementalTaskBeanInfo> (0x000000008b669690) 
thrown [s\src\hotspot\share\classfile\systemDictionary.cpp, line 256]
Event: 12.380 Thread 0x000002a0b75b23a0 Exception <a 'java/lang/ClassNotFoundException'{0x000000008b676508}: com/android/build/gradle/internal/tasks/AndroidVariantTaskBeanInfo> (0x000000008b676508) 
thrown [s\src\hotspot\share\classfile\systemDictionary.cpp, line 256]
Event: 12.381 Thread 0x000002a0b75b23a0 Exception <a 'java/lang/ClassNotFoundException'{0x000000008b6834f0}: com/android/build/gradle/internal/tasks/BaseTaskBeanInfo> (0x000000008b6834f0) 
thrown [s\src\hotspot\share\classfile\systemDictionary.cpp, line 256]
Event: 12.381 Thread 0x000002a0b75b23a0 Exception <a 'java/lang/ClassNotFoundException'{0x000000008b68e940}: org/gradle/api/DefaultTaskBeanInfo> (0x000000008b68e940) 
thrown [s\src\hotspot\share\classfile\systemDictionary.cpp, line 256]
Event: 12.382 Thread 0x000002a0b75b23a0 Exception <a 'java/lang/ClassNotFoundException'{0x000000008b699fd8}: org/gradle/api/internal/AbstractTaskBeanInfo> (0x000000008b699fd8) 
thrown [s\src\hotspot\share\classfile\systemDictionary.cpp, line 256]
Event: 12.382 Thread 0x000002a0b75b23a0 Exception <a 'java/lang/ClassNotFoundException'{0x000000008b6a5640}: org/gradle/api/internal/AbstractTaskCustomizer> (0x000000008b6a5640) 
thrown [s\src\hotspot\share\classfile\systemDictionary.cpp, line 256]
Event: 12.384 Thread 0x000002a0b75b23a0 Exception <a 'java/lang/ClassNotFoundException'{0x000000008b5025e8}: org/gradle/api/DefaultTaskCustomizer> (0x000000008b5025e8) 
thrown [s\src\hotspot\share\classfile\systemDictionary.cpp, line 256]
Event: 12.394 Thread 0x000002a0b75b23a0 Exception <a 'java/lang/ClassNotFoundException'{0x000000008b56c218}: com/android/build/gradle/internal/tasks/BaseTaskCustomizer> (0x000000008b56c218) 
thrown [s\src\hotspot\share\classfile\systemDictionary.cpp, line 256]
Event: 12.396 Thread 0x000002a0b75b23a0 Exception <a 'java/lang/ClassNotFoundException'{0x000000008b58a698}: com/android/build/gradle/internal/tasks/AndroidVariantTaskCustomizer> (0x000000008b58a698) 
thrown [s\src\hotspot\share\classfile\systemDictionary.cpp, line 256]
Event: 12.396 Thread 0x000002a0b75b23a0 Exception <a 'java/lang/ClassNotFoundException'{0x000000008b5a6ac8}: com/android/build/gradle/internal/tasks/NonIncrementalTaskCustomizer> (0x000000008b5a6ac8) 
thrown [s\src\hotspot\share\classfile\systemDictionary.cpp, line 256]
Event: 12.397 Thread 0x000002a0b75b23a0 Exception <a 'java/lang/ClassNotFoundException'{0x000000008b5c1ed8}: com/android/build/gradle/tasks/sync/AbstractVariantModelTaskCustomizer> (0x000000008b5c1ed8) 
thrown [s\src\hotspot\share\classfile\systemDictionary.cpp, line 256]
Event: 12.397 Thread 0x000002a0b75b23a0 Exception <a 'java/lang/ClassNotFoundException'{0x000000008b5dd958}: com/android/build/gradle/tasks/sync/ModuleVariantModelTaskCustomizer> (0x000000008b5dd958) 
thrown [s\src\hotspot\share\classfile\systemDictionary.cpp, line 256]
Event: 12.398 Thread 0x000002a0b75b23a0 Exception <a 'java/lang/ClassNotFoundException'{0x000000008b5f96c0}: com/android/build/gradle/tasks/sync/ApplicationVariantModelTaskCustomizer> (0x000000008b5f96c0) 
thrown [s\src\hotspot\share\classfile\systemDictionary.cpp, line 256]
Event: 12.399 Thread 0x000002a0b75b23a0 Exception <a 'java/lang/ClassNotFoundException'{0x000000008b4162e0}: com/android/build/gradle/tasks/sync/ApplicationVariantModelTask_DecoratedCustomizer> (0x000000008b4162e0) 
thrown [s\src\hotspot\share\classfile\systemDictionary.cpp, line 256]
Event: 12.425 Thread 0x000002a0b75b23a0 Exception <a 'java/lang/ClassNotFoundException'{0x000000008b4d3b28}: org/gradle/api/tasks/testing/AbstractTestTaskBeanInfo> (0x000000008b4d3b28) 
thrown [s\src\hotspot\share\classfile\systemDictionary.cpp, line 256]
Event: 12.425 Thread 0x000002a0b75b23a0 Exception <a 'java/lang/ClassNotFoundException'{0x000000008b4ddf28}: org/gradle/api/internal/ConventionTaskBeanInfo> (0x000000008b4ddf28) 
thrown [s\src\hotspot\share\classfile\systemDictionary.cpp, line 256]
Event: 12.426 Thread 0x000002a0b75b23a0 Exception <a 'java/lang/ClassNotFoundException'{0x000000008b4e8338}: org/gradle/api/internal/ConventionTaskCustomizer> (0x000000008b4e8338) 
thrown [s\src\hotspot\share\classfile\systemDictionary.cpp, line 256]
Event: 12.428 Thread 0x000002a0b75b23a0 Exception <a 'java/lang/ClassNotFoundException'{0x000000008b304228}: org/gradle/api/tasks/testing/AbstractTestTaskCustomizer> (0x000000008b304228) 
thrown [s\src\hotspot\share\classfile\systemDictionary.cpp, line 256]
Event: 12.434 Thread 0x000002a0b75b23a0 Exception <a 'java/lang/ClassNotFoundException'{0x000000008b36e5a0}: java/lang/ClassBeanInfo> (0x000000008b36e5a0) 
thrown [s\src\hotspot\share\classfile\systemDictionary.cpp, line 256]
Event: 12.435 Thread 0x000002a0b75b23a0 Exception <a 'java/lang/ClassNotFoundException'{0x000000008b374020}: java/lang/ClassCustomizer> (0x000000008b374020) 
thrown [s\src\hotspot\share\classfile\systemDictionary.cpp, line 256]

VM Operations (20 events):
Event: 11.242 Executing VM operation: HandshakeAllThreads
Event: 11.242 Executing VM operation: HandshakeAllThreads done
Event: 11.380 Executing VM operation: HandshakeAllThreads
Event: 11.380 Executing VM operation: HandshakeAllThreads done
Event: 11.558 Executing VM operation: ICBufferFull
Event: 11.559 Executing VM operation: ICBufferFull done
Event: 11.575 Executing VM operation: HandshakeAllThreads
Event: 11.575 Executing VM operation: HandshakeAllThreads done
Event: 11.644 Executing VM operation: HandshakeAllThreads
Event: 11.644 Executing VM operation: HandshakeAllThreads done
Event: 11.784 Executing VM operation: HandshakeAllThreads
Event: 11.784 Executing VM operation: HandshakeAllThreads done
Event: 11.827 Executing VM operation: ICBufferFull
Event: 11.827 Executing VM operation: ICBufferFull done
Event: 12.019 Executing VM operation: G1CollectForAllocation
Event: 12.081 Executing VM operation: G1CollectForAllocation done
Event: 12.144 Executing VM operation: HandshakeAllThreads
Event: 12.221 Executing VM operation: HandshakeAllThreads done
Event: 12.338 Executing VM operation: HandshakeAllThreads
Event: 12.338 Executing VM operation: HandshakeAllThreads done

Events (20 events):
Event: 11.627 loading class java/util/EnumMap$EntryIterator$Entry
Event: 11.627 loading class java/util/EnumMap$EntryIterator$Entry done
Event: 11.638 loading class jdk/internal/reflect/UnsafeBooleanFieldAccessorImpl
Event: 11.639 loading class jdk/internal/reflect/UnsafeBooleanFieldAccessorImpl done
Event: 12.102 loading class java/util/concurrent/LinkedBlockingDeque$Itr
Event: 12.103 loading class java/util/concurrent/LinkedBlockingDeque$AbstractItr
Event: 12.104 loading class java/util/concurrent/LinkedBlockingDeque$AbstractItr done
Event: 12.104 loading class java/util/concurrent/LinkedBlockingDeque$Itr done
Event: 12.245 loading class java/util/IdentityHashMap$KeyIterator
Event: 12.245 loading class java/util/IdentityHashMap$IdentityHashMapIterator
Event: 12.246 loading class java/util/IdentityHashMap$IdentityHashMapIterator done
Event: 12.246 loading class java/util/IdentityHashMap$KeyIterator done
Event: 12.434 loading class java/lang/ClassBeanInfo
Event: 12.434 loading class java/lang/ClassBeanInfo done
Event: 12.434 loading class java/lang/ClassBeanInfo
Event: 12.434 loading class java/lang/ClassBeanInfo done
Event: 12.434 loading class java/lang/ClassCustomizer
Event: 12.434 loading class java/lang/ClassCustomizer done
Event: 12.435 loading class java/lang/ClassCustomizer
Event: 12.435 loading class java/lang/ClassCustomizer done


Dynamic libraries:
0x00007ff782080000 - 0x00007ff78208a000 	C:\Program Files\Android\Android Studio\jbr\bin\java.exe
0x00007ffba5c00000 - 0x00007ffba5e09000 	C:\Windows\SYSTEM32\ntdll.dll
0x00007ffba4300000 - 0x00007ffba43be000 	C:\Windows\System32\KERNEL32.DLL
0x00007ffba3490000 - 0x00007ffba3814000 	C:\Windows\System32\KERNELBASE.dll
0x00007ffba3940000 - 0x00007ffba3a51000 	C:\Windows\System32\ucrtbase.dll
0x00007ffb8e0d0000 - 0x00007ffb8e0eb000 	C:\Program Files\Android\Android Studio\jbr\bin\VCRUNTIME140.dll
0x00007ffb8f0d0000 - 0x00007ffb8f0e7000 	C:\Program Files\Android\Android Studio\jbr\bin\jli.dll
0x00007ffba5280000 - 0x00007ffba542d000 	C:\Windows\System32\USER32.dll
0x00007ffba31d0000 - 0x00007ffba31f6000 	C:\Windows\System32\win32u.dll
0x00007ffba5b90000 - 0x00007ffba5bba000 	C:\Windows\System32\GDI32.dll
0x00007ffba3820000 - 0x00007ffba393f000 	C:\Windows\System32\gdi32full.dll
0x00007ffb885e0000 - 0x00007ffb88885000 	C:\Windows\WinSxS\amd64_microsoft.windows.common-controls_6595b64144ccf1df_6.0.22000.120_none_9d947278b86cc467\COMCTL32.dll
0x00007ffba3200000 - 0x00007ffba329d000 	C:\Windows\System32\msvcp_win.dll
0x00007ffba4080000 - 0x00007ffba4123000 	C:\Windows\System32\msvcrt.dll
0x00007ffba3d10000 - 0x00007ffba3d41000 	C:\Windows\System32\IMM32.DLL
0x00007ffb95990000 - 0x00007ffb9599c000 	C:\Program Files\Android\Android Studio\jbr\bin\vcruntime140_1.dll
0x00007ffb83760000 - 0x00007ffb837ed000 	C:\Program Files\Android\Android Studio\jbr\bin\msvcp140.dll
0x00007ffb5b3e0000 - 0x00007ffb5c04d000 	C:\Program Files\Android\Android Studio\jbr\bin\server\jvm.dll
0x00007ffba43c0000 - 0x00007ffba446f000 	C:\Windows\System32\ADVAPI32.dll
0x00007ffba5430000 - 0x00007ffba54ce000 	C:\Windows\System32\sechost.dll
0x00007ffba4970000 - 0x00007ffba4a91000 	C:\Windows\System32\RPCRT4.dll
0x00007ffb986d0000 - 0x00007ffb98703000 	C:\Windows\SYSTEM32\WINMM.dll
0x00007ffb9eb30000 - 0x00007ffb9eb39000 	C:\Windows\SYSTEM32\WSOCK32.dll
0x00007ffba5540000 - 0x00007ffba55af000 	C:\Windows\System32\WS2_32.dll
0x00007ffb9c5d0000 - 0x00007ffb9c5da000 	C:\Windows\SYSTEM32\VERSION.dll
0x00007ffba2200000 - 0x00007ffba2218000 	C:\Windows\SYSTEM32\kernel.appcore.dll
0x00007ffb99090000 - 0x00007ffb9909a000 	C:\Program Files\Android\Android Studio\jbr\bin\jimage.dll
0x00007ffba0a20000 - 0x00007ffba0c41000 	C:\Windows\SYSTEM32\DBGHELP.DLL
0x00007ffb880f0000 - 0x00007ffb88121000 	C:\Windows\SYSTEM32\dbgcore.DLL
0x00007ffba3410000 - 0x00007ffba348f000 	C:\Windows\System32\bcryptPrimitives.dll
0x00007ffb91ca0000 - 0x00007ffb91cc5000 	C:\Program Files\Android\Android Studio\jbr\bin\java.dll
0x00007ffb964c0000 - 0x00007ffb964d8000 	C:\Program Files\Android\Android Studio\jbr\bin\zip.dll
0x00007ffba4aa0000 - 0x00007ffba5265000 	C:\Windows\System32\SHELL32.dll
0x00007ffba1170000 - 0x00007ffba19d4000 	C:\Windows\SYSTEM32\windows.storage.dll
0x00007ffba4570000 - 0x00007ffba48e6000 	C:\Windows\System32\combase.dll
0x00007ffba1000000 - 0x00007ffba1167000 	C:\Windows\SYSTEM32\wintypes.dll
0x00007ffba3c20000 - 0x00007ffba3d0a000 	C:\Windows\System32\SHCORE.dll
0x00007ffba54d0000 - 0x00007ffba552d000 	C:\Windows\System32\shlwapi.dll
0x00007ffba2fd0000 - 0x00007ffba2ff1000 	C:\Windows\SYSTEM32\profapi.dll
0x00007ffb91c80000 - 0x00007ffb91c99000 	C:\Program Files\Android\Android Studio\jbr\bin\net.dll
0x00007ffb9b5b0000 - 0x00007ffb9b6c3000 	C:\Windows\SYSTEM32\WINHTTP.dll
0x00007ffba26b0000 - 0x00007ffba2717000 	C:\Windows\system32\mswsock.dll
0x00007ffb915b0000 - 0x00007ffb915c6000 	C:\Program Files\Android\Android Studio\jbr\bin\nio.dll
0x00007ffb95a80000 - 0x00007ffb95a90000 	C:\Program Files\Android\Android Studio\jbr\bin\verify.dll
0x00007ffb88d30000 - 0x00007ffb88d57000 	C:\Users\lenovo\.gradle\native\68d5fa5c4cc2d200863cafc0d521ce42e7d3e7ee720ec0a83991735586a16f82\windows-amd64\native-platform.dll
0x00007ffb5adc0000 - 0x00007ffb5af04000 	C:\Users\lenovo\.gradle\native\e376f236ea51e6404a007f0833ffe2c6e607c4080706a723a18a27aeea778392\windows-amd64\native-platform-file-events.dll
0x00007ffb95c30000 - 0x00007ffb95c39000 	C:\Program Files\Android\Android Studio\jbr\bin\management.dll
0x00007ffb95c10000 - 0x00007ffb95c1b000 	C:\Program Files\Android\Android Studio\jbr\bin\management_ext.dll
0x00007ffba5530000 - 0x00007ffba5538000 	C:\Windows\System32\PSAPI.DLL
0x00007ffba2900000 - 0x00007ffba2918000 	C:\Windows\SYSTEM32\CRYPTSP.dll
0x00007ffba2160000 - 0x00007ffba2195000 	C:\Windows\system32\rsaenh.dll
0x00007ffba27b0000 - 0x00007ffba27d9000 	C:\Windows\SYSTEM32\USERENV.dll
0x00007ffba2a80000 - 0x00007ffba2aa7000 	C:\Windows\SYSTEM32\bcrypt.dll
0x00007ffba2920000 - 0x00007ffba292c000 	C:\Windows\SYSTEM32\CRYPTBASE.dll
0x00007ffba1d20000 - 0x00007ffba1d4d000 	C:\Windows\SYSTEM32\IPHLPAPI.DLL
0x00007ffba4070000 - 0x00007ffba4079000 	C:\Windows\System32\NSI.dll
0x00007ffb99a30000 - 0x00007ffb99a49000 	C:\Windows\SYSTEM32\dhcpcsvc6.DLL
0x00007ffb9b0e0000 - 0x00007ffb9b0fe000 	C:\Windows\SYSTEM32\dhcpcsvc.DLL
0x00007ffba1d50000 - 0x00007ffba1e37000 	C:\Windows\SYSTEM32\DNSAPI.dll
0x00007ffb95980000 - 0x00007ffb95988000 	C:\Windows\system32\wshunix.dll

dbghelp: loaded successfully - version: 4.0.5 - missing functions: none
symbol engine: initialized successfully - sym options: 0x614 - pdb path: .;C:\Program Files\Android\Android Studio\jbr\bin;C:\Windows\SYSTEM32;C:\Windows\WinSxS\amd64_microsoft.windows.common-controls_6595b64144ccf1df_6.0.22000.120_none_9d947278b86cc467;C:\Program Files\Android\Android Studio\jbr\bin\server;C:\Users\lenovo\.gradle\native\68d5fa5c4cc2d200863cafc0d521ce42e7d3e7ee720ec0a83991735586a16f82\windows-amd64;C:\Users\lenovo\.gradle\native\e376f236ea51e6404a007f0833ffe2c6e607c4080706a723a18a27aeea778392\windows-amd64

VM Arguments:
jvm_args: --add-opens=java.base/java.util=ALL-UNNAMED --add-opens=java.base/java.lang=ALL-UNNAMED --add-opens=java.base/java.lang.invoke=ALL-UNNAMED --add-opens=java.prefs/java.util.prefs=ALL-UNNAMED --add-opens=java.base/java.nio.charset=ALL-UNNAMED --add-opens=java.base/java.net=ALL-UNNAMED --add-opens=java.base/java.util.concurrent.atomic=ALL-UNNAMED -Xmx2048m -Dfile.encoding=UTF-8 -Duser.country=FR -Duser.language=fr -Duser.variant 
java_command: org.gradle.launcher.daemon.bootstrap.GradleDaemon 8.0
java_class_path (initial): C:\Users\lenovo\.gradle\wrapper\dists\gradle-8.0-bin\ca5e32bp14vu59qr306oxotwh\gradle-8.0\lib\gradle-launcher-8.0.jar
Launcher Type: SUN_STANDARD

[Global flags]
     intx CICompilerCount                          = 3                                         {product} {ergonomic}
     uint ConcGCThreads                            = 1                                         {product} {ergonomic}
     uint G1ConcRefinementThreads                  = 4                                         {product} {ergonomic}
   size_t G1HeapRegionSize                         = 1048576                                   {product} {ergonomic}
    uintx GCDrainStackTargetSize                   = 64                                        {product} {ergonomic}
   size_t InitialHeapSize                          = 65011712                                  {product} {ergonomic}
   size_t MarkStackSize                            = 4194304                                   {product} {ergonomic}
   size_t MaxHeapSize                              = 2147483648                                {product} {command line}
   size_t MaxNewSize                               = 1287651328                                {product} {ergonomic}
   size_t MinHeapDeltaBytes                        = 1048576                                   {product} {ergonomic}
   size_t MinHeapSize                              = 8388608                                   {product} {ergonomic}
    uintx NonNMethodCodeHeapSize                   = 5832780                                {pd product} {ergonomic}
    uintx NonProfiledCodeHeapSize                  = 122912730                              {pd product} {ergonomic}
    uintx ProfiledCodeHeapSize                     = 122912730                              {pd product} {ergonomic}
    uintx ReservedCodeCacheSize                    = 251658240                              {pd product} {ergonomic}
     bool SegmentedCodeCache                       = true                                      {product} {ergonomic}
   size_t SoftMaxHeapSize                          = 2147483648                             {manageable} {ergonomic}
     bool UseCompressedClassPointers               = true                           {product lp64_product} {ergonomic}
     bool UseCompressedOops                        = true                           {product lp64_product} {ergonomic}
     bool UseG1GC                                  = true                                      {product} {ergonomic}
     bool UseLargePagesIndividualAllocation        = false                                  {pd product} {ergonomic}

Logging:
Log output configuration:
 #0: stdout all=warning uptime,level,tags
 #1: stderr all=off uptime,level,tags

Environment Variables:
PATH=C:\Program Files (x86)\Common Files\Oracle\Java\javapath;C:\Windows\system32;C:\Windows;C:\Windows\System32\Wbem;C:\Windows\System32\WindowsPowerShell\v1.0\;C:\Windows\System32\OpenSSH\;C:\Program Files\Git\cmd;C:\Users\lenovo\AppData\Local\Microsoft\WindowsApps;
USERNAME=lenovo
OS=Windows_NT
PROCESSOR_IDENTIFIER=Intel64 Family 6 Model 140 Stepping 1, GenuineIntel
TMP=C:\Users\lenovo\AppData\Local\Temp
TEMP=C:\Users\lenovo\AppData\Local\Temp



---------------  S Y S T E M  ---------------

OS:
 Windows 11 , 64 bit Build 22000 (10.0.22000.2003)
OS uptime: 9 days 2:12 hours

CPU: total 4 (initial active 4) (2 cores per cpu, 2 threads per core) family 6 model 140 stepping 1 microcode 0x9a, cx8, cmov, fxsr, ht, mmx, 3dnowpref, sse, sse2, sse3, ssse3, sse4.1, sse4.2, popcnt, lzcnt, tsc, tscinvbit, avx, avx2, aes, erms, clmul, bmi1, bmi2, adx, avx512f, avx512dq, avx512cd, avx512bw, avx512vl, sha, fma, vzeroupper, avx512_vpopcntdq, avx512_vpclmulqdq, avx512_vaes, avx512_vnni, clflush, clflushopt, clwb, avx512_vbmi2, avx512_vbmi

Memory: 4k page, system-wide physical 3895M (11M free)
TotalPageFile size 15671M (AvailPageFile size 5M)
current process WorkingSet (physical memory assigned to process): 229M, peak: 249M
current process commit charge ("private bytes"): 430M, peak: 432M

vm_info: OpenJDK 64-Bit Server VM (17.0.6+0-b2043.56-9586694) for windows-amd64 JRE (17.0.6+0-b2043.56-9586694), built on Feb  9 2023 20:06:20 by "androidbuild" with MS VC++ 16.10 / 16.11 (VS2019)

END.
